Thu May  8 10:09:26 2025: Running xcd server. This server was built by gradle.
Thu May  8 10:09:26 2025: Server was asked to start on port: '45951'
Thu May  8 10:09:26 2025: Server is using token UUID: '2bb6099b-ec8a-4719-8ac0-54a93beebd49'
Thu May  8 10:09:26 2025: SESSION_MGR: creating session with session uuid: '6d04a3e9-ade5-4ab9-8d63-1f78fcd2ec76' and name 'default'
Thu May  8 10:09:26 2025: Attempting to start server on port '45951'
Thu May  8 10:09:26 2025: XCD main fifo: created main fifo '/tmp/xcdmain2bb6099b-ec8a-4719-8ac0-54a93beebd49', fd read = 232
Thu May  8 10:09:26 2025: Running Dispatch Server
Thu May  8 10:09:26 2025: Version 2.2.0
Thu May  8 10:09:35 2025: Dispatch Server: Accepted socket connection from client
Thu May  8 10:09:35 2025: Starting Socket connection
Thu May  8 10:09:35 2025: EXCHANGE_TOKEN received, server token: 2bb6099b-ec8a-4719-8ac0-54a93beebd49, passed token: 2bb6099b-ec8a-4719-8ac0-54a93beebd49
Thu May  8 10:09:35 2025: SESSION_MGR: creating session with session uuid: '245e4ee2-114b-4e7a-ae4f-1c0bd1d5d908' and name 'vitis_hls'
Thu May  8 10:09:35 2025: KERNEL_SVC: creating session with uuid: '245e4ee2-114b-4e7a-ae4f-1c0bd1d5d908' and name 'vitis_hls'
Thu May  8 10:09:35 2025: GUIDANCE_SMGR: creating guidance session with uuid: '245e4ee2-114b-4e7a-ae4f-1c0bd1d5d908' and name 'vitis_hls'
Thu May  8 10:11:05 2025: STOP_SERVER received, server token: 2bb6099b-ec8a-4719-8ac0-54a93beebd49, passed token: 2bb6099b-ec8a-4719-8ac0-54a93beebd49
Thu May  8 10:11:05 2025: Socket received request to stop server.
Thu May  8 10:11:05 2025: Dispatch Server: do_await_stop
Thu May  8 10:11:05 2025: Dispatch Server: stopping mainFifo_
Thu May  8 10:11:05 2025: XCD main fifo: Stopping
Thu May  8 10:11:05 2025: XCD main fifo: do_read error code: Operation canceled
Thu May  8 10:11:05 2025: XCD main fifo: bytes_transferred: 0
Thu May  8 10:11:05 2025: SERVER: destructor for server bound to port 45951
Thu May  8 10:11:05 2025: XCD main fifo: Good unlink of /tmp/xcdmain2bb6099b-ec8a-4719-8ac0-54a93beebd49
Thu May  8 10:11:05 2025: Server exiting with status 0.
Thu May  8 10:11:05 2025: Closing log file.
