
*** Running vivado
    with args -log design_1_clk_wiz_1_0.vds -m64 -product Vivado -mode batch -messageDb vivado.pb -notrace -source design_1_clk_wiz_1_0.tcl


****** Vivado v2022.2 (64-bit)
  **** SW Build 3671981 on Fri Oct 14 04:59:54 MDT 2022
  **** IP Build 3669848 on Fri Oct 14 08:30:02 MDT 2022
    ** Copyright 1986-2022 Xilinx, Inc. All Rights Reserved.

source design_1_clk_wiz_1_0.tcl -notrace
INFO: [IP_Flow 19-234] Refreshing IP repositories
WARNING: [IP_Flow 19-2248] Failed to load user IP repository '/home/lsriw/SR/KocurPawel/git_ycbcr/ip_repo'; Can't find the specified path.
If this directory should no longer be in your list of user repositories, go to the IP Settings dialog and remove it.
INFO: [IP_Flow 19-1700] Loaded user IP repository '/home/lsriw/SR/KocurPawel/git_ycbcr/ip_repos'.
INFO: [IP_Flow 19-2313] Loaded Vivado IP repository '/tools/Xilinx/Vivado/2022.2/data/ip'.
WARNING: [IP_Flow 19-1663] Duplicate IP found for 'user.org:user:main:1.0'. The one found in IP location '/home/lsriw/SR/KocurPawel/git_ycbcr/ip_repos/rgb2ycbcr3' will take precedence over the same IP in locations: 
   /home/lsriw/SR/KocurPawel/git_ycbcr/ip_repos/rgb2ycbcr
   /home/lsriw/SR/KocurPawel/git_ycbcr/ip_repos/rgb2ycbcr2
INFO: [IP_Flow 19-6924] IPCACHE: Running cache check for IP inst: design_1_clk_wiz_1_0
Command: synth_design -top design_1_clk_wiz_1_0 -part xck26-sfvc784-2LV-c -incremental_mode off -mode out_of_context
Starting synth_design
Attempting to get a license for feature 'Synthesis' and/or device 'xck26'
INFO: [Common 17-349] Got license for feature 'Synthesis' and/or device 'xck26'
INFO: [Device 21-403] Loading part xck26-sfvc784-2LV-c
INFO: [Synth 8-7079] Multithreading enabled for synth_design using a maximum of 4 processes.
INFO: [Synth 8-7078] Launching helper process for spawning children vivado processes
INFO: [Synth 8-7075] Helper process launched with PID 25698
INFO: [Synth 8-11241] undeclared symbol 'REGCCE', assumed default net type 'wire' [/tools/Xilinx/Vivado/2022.2/data/verilog/src/unimacro/BRAM_SINGLE_MACRO.v:2170]
---------------------------------------------------------------------------------
Starting RTL Elaboration : Time (s): cpu = 00:00:05 ; elapsed = 00:00:06 . Memory (MB): peak = 3217.887 ; gain = 237.711 ; free physical = 11083 ; free virtual = 18308
Synthesis current peak Physical Memory [PSS] (MB): peak = 2406.025; parent = 2282.276; children = 123.749
Synthesis current peak Virtual Memory [VSS] (MB): peak = 4242.207; parent = 3220.859; children = 1021.348
---------------------------------------------------------------------------------
INFO: [Synth 8-6157] synthesizing module 'design_1_clk_wiz_1_0' [/home/lsriw/SR/KocurPawel/git_ycbcr/video_passthrough_kria_repo_1/video_passthrough_kria/video_passthrough_kria.gen/sources_1/bd/design_1/ip/design_1_clk_wiz_1_0/design_1_clk_wiz_1_0.v:68]
INFO: [Synth 8-6157] synthesizing module 'design_1_clk_wiz_1_0_clk_wiz' [/home/lsriw/SR/KocurPawel/git_ycbcr/video_passthrough_kria_repo_1/video_passthrough_kria/video_passthrough_kria.gen/sources_1/bd/design_1/ip/design_1_clk_wiz_1_0/design_1_clk_wiz_1_0_clk_wiz.v:68]
INFO: [Synth 8-6157] synthesizing module 'MMCME4_ADV' [/tools/Xilinx/Vivado/2022.2/scripts/rt/data/unisim_comp.v:80245]
	Parameter BANDWIDTH bound to: OPTIMIZED - type: string 
	Parameter CLKFBOUT_MULT_F bound to: 24.000000 - type: double 
	Parameter CLKFBOUT_PHASE bound to: 0.000000 - type: double 
	Parameter CLKFBOUT_USE_FINE_PS bound to: FALSE - type: string 
	Parameter CLKIN1_PERIOD bound to: 4.000000 - type: double 
	Parameter CLKOUT0_DIVIDE_F bound to: 6.000000 - type: double 
	Parameter CLKOUT0_DUTY_CYCLE bound to: 0.500000 - type: double 
	Parameter CLKOUT0_PHASE bound to: 0.000000 - type: double 
	Parameter CLKOUT0_USE_FINE_PS bound to: FALSE - type: string 
	Parameter CLKOUT4_CASCADE bound to: FALSE - type: string 
	Parameter COMPENSATION bound to: AUTO - type: string 
	Parameter DIVCLK_DIVIDE bound to: 5 - type: integer 
	Parameter STARTUP_WAIT bound to: FALSE - type: string 
INFO: [Synth 8-6155] done synthesizing module 'MMCME4_ADV' (0#1) [/tools/Xilinx/Vivado/2022.2/scripts/rt/data/unisim_comp.v:80245]
INFO: [Synth 8-6157] synthesizing module 'BUFG' [/tools/Xilinx/Vivado/2022.2/scripts/rt/data/unisim_comp.v:1082]
INFO: [Synth 8-6155] done synthesizing module 'BUFG' (0#1) [/tools/Xilinx/Vivado/2022.2/scripts/rt/data/unisim_comp.v:1082]
INFO: [Synth 8-6155] done synthesizing module 'design_1_clk_wiz_1_0_clk_wiz' (0#1) [/home/lsriw/SR/KocurPawel/git_ycbcr/video_passthrough_kria_repo_1/video_passthrough_kria/video_passthrough_kria.gen/sources_1/bd/design_1/ip/design_1_clk_wiz_1_0/design_1_clk_wiz_1_0_clk_wiz.v:68]
INFO: [Synth 8-6155] done synthesizing module 'design_1_clk_wiz_1_0' (0#1) [/home/lsriw/SR/KocurPawel/git_ycbcr/video_passthrough_kria_repo_1/video_passthrough_kria/video_passthrough_kria.gen/sources_1/bd/design_1/ip/design_1_clk_wiz_1_0/design_1_clk_wiz_1_0.v:68]
---------------------------------------------------------------------------------
Finished RTL Elaboration : Time (s): cpu = 00:00:07 ; elapsed = 00:00:08 . Memory (MB): peak = 3287.824 ; gain = 307.648 ; free physical = 8668 ; free virtual = 15880
Synthesis current peak Physical Memory [PSS] (MB): peak = 2406.025; parent = 2282.276; children = 123.749
Synthesis current peak Virtual Memory [VSS] (MB): peak = 4309.176; parent = 3287.828; children = 1021.348
---------------------------------------------------------------------------------
---------------------------------------------------------------------------------
Start Handling Custom Attributes
---------------------------------------------------------------------------------
---------------------------------------------------------------------------------
Finished Handling Custom Attributes : Time (s): cpu = 00:00:07 ; elapsed = 00:00:08 . Memory (MB): peak = 3305.637 ; gain = 325.461 ; free physical = 8381 ; free virtual = 15593
Synthesis current peak Physical Memory [PSS] (MB): peak = 2406.025; parent = 2282.276; children = 123.749
Synthesis current peak Virtual Memory [VSS] (MB): peak = 4326.988; parent = 3305.641; children = 1021.348
---------------------------------------------------------------------------------
---------------------------------------------------------------------------------
Finished RTL Optimization Phase 1 : Time (s): cpu = 00:00:07 ; elapsed = 00:00:09 . Memory (MB): peak = 3305.637 ; gain = 325.461 ; free physical = 8126 ; free virtual = 15338
Synthesis current peak Physical Memory [PSS] (MB): peak = 2406.025; parent = 2282.276; children = 123.749
Synthesis current peak Virtual Memory [VSS] (MB): peak = 4326.988; parent = 3305.641; children = 1021.348
---------------------------------------------------------------------------------
Netlist sorting complete. Time (s): cpu = 00:00:00 ; elapsed = 00:00:00 . Memory (MB): peak = 3311.574 ; gain = 0.000 ; free physical = 7678 ; free virtual = 14890
INFO: [Netlist 29-17] Analyzing 2 Unisim elements for replacement
INFO: [Netlist 29-28] Unisim Transformation completed in 0 CPU seconds
INFO: [Project 1-570] Preparing netlist for logic optimization

Processing XDC Constraints
Initializing timing engine
Parsing XDC File [/home/lsriw/SR/KocurPawel/git_ycbcr/video_passthrough_kria_repo_1/video_passthrough_kria/video_passthrough_kria.gen/sources_1/bd/design_1/ip/design_1_clk_wiz_1_0/design_1_clk_wiz_1_0_ooc.xdc] for cell 'inst'
Finished Parsing XDC File [/home/lsriw/SR/KocurPawel/git_ycbcr/video_passthrough_kria_repo_1/video_passthrough_kria/video_passthrough_kria.gen/sources_1/bd/design_1/ip/design_1_clk_wiz_1_0/design_1_clk_wiz_1_0_ooc.xdc] for cell 'inst'
Parsing XDC File [/home/lsriw/SR/KocurPawel/git_ycbcr/video_passthrough_kria_repo_1/video_passthrough_kria/video_passthrough_kria.gen/sources_1/bd/design_1/ip/design_1_clk_wiz_1_0/design_1_clk_wiz_1_0_board.xdc] for cell 'inst'
Finished Parsing XDC File [/home/lsriw/SR/KocurPawel/git_ycbcr/video_passthrough_kria_repo_1/video_passthrough_kria/video_passthrough_kria.gen/sources_1/bd/design_1/ip/design_1_clk_wiz_1_0/design_1_clk_wiz_1_0_board.xdc] for cell 'inst'
Parsing XDC File [/home/lsriw/SR/KocurPawel/git_ycbcr/video_passthrough_kria_repo_1/video_passthrough_kria/video_passthrough_kria.gen/sources_1/bd/design_1/ip/design_1_clk_wiz_1_0/design_1_clk_wiz_1_0.xdc] for cell 'inst'
Finished Parsing XDC File [/home/lsriw/SR/KocurPawel/git_ycbcr/video_passthrough_kria_repo_1/video_passthrough_kria/video_passthrough_kria.gen/sources_1/bd/design_1/ip/design_1_clk_wiz_1_0/design_1_clk_wiz_1_0.xdc] for cell 'inst'
Parsing XDC File [/home/lsriw/SR/KocurPawel/git_ycbcr/video_passthrough_kria_repo_1/video_passthrough_kria/video_passthrough_kria.runs/design_1_clk_wiz_1_0_synth_1/dont_touch.xdc]
Finished Parsing XDC File [/home/lsriw/SR/KocurPawel/git_ycbcr/video_passthrough_kria_repo_1/video_passthrough_kria/video_passthrough_kria.runs/design_1_clk_wiz_1_0_synth_1/dont_touch.xdc]
Parsing XDC File [/home/lsriw/SR/KocurPawel/git_ycbcr/video_passthrough_kria_repo_1/video_passthrough_kria/video_passthrough_kria.gen/sources_1/bd/design_1/ip/design_1_clk_wiz_1_0/design_1_clk_wiz_1_0_late.xdc] for cell 'inst'
Finished Parsing XDC File [/home/lsriw/SR/KocurPawel/git_ycbcr/video_passthrough_kria_repo_1/video_passthrough_kria/video_passthrough_kria.gen/sources_1/bd/design_1/ip/design_1_clk_wiz_1_0/design_1_clk_wiz_1_0_late.xdc] for cell 'inst'
Completed Processing XDC Constraints

Netlist sorting complete. Time (s): cpu = 00:00:00 ; elapsed = 00:00:00 . Memory (MB): peak = 3384.512 ; gain = 0.000 ; free physical = 3956 ; free virtual = 11176
INFO: [Project 1-111] Unisim Transformation Summary:
  A total of 1 instances were transformed.
  BUFG => BUFGCE: 1 instance 

INFO: [Timing 38-2] Deriving generated clocks
Constraint Validation Runtime : Time (s): cpu = 00:00:00.02 ; elapsed = 00:00:00.02 . Memory (MB): peak = 3384.512 ; gain = 0.000 ; free physical = 3948 ; free virtual = 11168
INFO: [Designutils 20-5008] Incremental synthesis strategy off
INFO: [Synth 8-11241] undeclared symbol 'REGCCE', assumed default net type 'wire' [/tools/Xilinx/Vivado/2022.2/data/verilog/src/unimacro/BRAM_SINGLE_MACRO.v:2170]
---------------------------------------------------------------------------------
Finished Constraint Validation : Time (s): cpu = 00:00:17 ; elapsed = 00:00:20 . Memory (MB): peak = 3384.512 ; gain = 404.336 ; free physical = 3900 ; free virtual = 11201
Synthesis current peak Physical Memory [PSS] (MB): peak = 2406.025; parent = 2282.276; children = 123.749
Synthesis current peak Virtual Memory [VSS] (MB): peak = 4373.848; parent = 3352.500; children = 1021.348
---------------------------------------------------------------------------------
---------------------------------------------------------------------------------
Start Loading Part and Timing Information
---------------------------------------------------------------------------------
Loading part: xck26-sfvc784-2LV-c
INFO: [Synth 8-6742] Reading net delay rules and data
---------------------------------------------------------------------------------
Finished Loading Part and Timing Information : Time (s): cpu = 00:00:17 ; elapsed = 00:00:20 . Memory (MB): peak = 3384.512 ; gain = 404.336 ; free physical = 3914 ; free virtual = 11216
Synthesis current peak Physical Memory [PSS] (MB): peak = 2406.025; parent = 2282.276; children = 123.749
Synthesis current peak Virtual Memory [VSS] (MB): peak = 4373.848; parent = 3352.500; children = 1021.348
---------------------------------------------------------------------------------
---------------------------------------------------------------------------------
Start Applying 'set_property' XDC Constraints
---------------------------------------------------------------------------------
Applied set_property KEEP_HIERARCHY = SOFT for inst. (constraint file  /home/lsriw/SR/KocurPawel/git_ycbcr/video_passthrough_kria_repo_1/video_passthrough_kria/video_passthrough_kria.runs/design_1_clk_wiz_1_0_synth_1/dont_touch.xdc, line 9).
---------------------------------------------------------------------------------
Finished applying 'set_property' XDC Constraints : Time (s): cpu = 00:00:17 ; elapsed = 00:00:20 . Memory (MB): peak = 3384.512 ; gain = 404.336 ; free physical = 3955 ; free virtual = 11258
Synthesis current peak Physical Memory [PSS] (MB): peak = 2406.025; parent = 2282.276; children = 123.749
Synthesis current peak Virtual Memory [VSS] (MB): peak = 4373.848; parent = 3352.500; children = 1021.348
---------------------------------------------------------------------------------
---------------------------------------------------------------------------------
Finished RTL Optimization Phase 2 : Time (s): cpu = 00:00:18 ; elapsed = 00:00:21 . Memory (MB): peak = 3384.512 ; gain = 404.336 ; free physical = 3905 ; free virtual = 11208
Synthesis current peak Physical Memory [PSS] (MB): peak = 2406.025; parent = 2282.276; children = 123.749
Synthesis current peak Virtual Memory [VSS] (MB): peak = 4373.848; parent = 3352.500; children = 1021.348
---------------------------------------------------------------------------------
---------------------------------------------------------------------------------
Start RTL Component Statistics 
---------------------------------------------------------------------------------
Detailed RTL Component Info : 
---------------------------------------------------------------------------------
Finished RTL Component Statistics 
---------------------------------------------------------------------------------
---------------------------------------------------------------------------------
Start Part Resource Summary
---------------------------------------------------------------------------------
Part Resources:
DSPs: 1248 (col length:96)
BRAMs: 288 (col length: RAMB18 96 RAMB36 48)
---------------------------------------------------------------------------------
Finished Part Resource Summary
---------------------------------------------------------------------------------
---------------------------------------------------------------------------------
Start Cross Boundary and Area Optimization
---------------------------------------------------------------------------------
WARNING: [Synth 8-7080] Parallel synthesis criteria is not met
---------------------------------------------------------------------------------
Finished Cross Boundary and Area Optimization : Time (s): cpu = 00:00:19 ; elapsed = 00:00:22 . Memory (MB): peak = 3384.512 ; gain = 404.336 ; free physical = 4541 ; free virtual = 11859
Synthesis current peak Physical Memory [PSS] (MB): peak = 2406.025; parent = 2282.276; children = 123.749
Synthesis current peak Virtual Memory [VSS] (MB): peak = 4373.848; parent = 3352.500; children = 1021.348
---------------------------------------------------------------------------------
---------------------------------------------------------------------------------
Start Applying XDC Timing Constraints
---------------------------------------------------------------------------------
---------------------------------------------------------------------------------
Finished Applying XDC Timing Constraints : Time (s): cpu = 00:00:31 ; elapsed = 00:00:37 . Memory (MB): peak = 3820.027 ; gain = 839.852 ; free physical = 927 ; free virtual = 8318
Synthesis current peak Physical Memory [PSS] (MB): peak = 2909.531; parent = 2789.129; children = 123.749
Synthesis current peak Virtual Memory [VSS] (MB): peak = 4841.379; parent = 3820.031; children = 1021.348
---------------------------------------------------------------------------------
---------------------------------------------------------------------------------
Start Timing Optimization
---------------------------------------------------------------------------------
---------------------------------------------------------------------------------
Finished Timing Optimization : Time (s): cpu = 00:00:31 ; elapsed = 00:00:37 . Memory (MB): peak = 3820.027 ; gain = 839.852 ; free physical = 1148 ; free virtual = 8538
Synthesis current peak Physical Memory [PSS] (MB): peak = 2909.602; parent = 2789.199; children = 123.749
Synthesis current peak Virtual Memory [VSS] (MB): peak = 4841.379; parent = 3820.031; children = 1021.348
---------------------------------------------------------------------------------
---------------------------------------------------------------------------------
Start Technology Mapping
---------------------------------------------------------------------------------
---------------------------------------------------------------------------------
Finished Technology Mapping : Time (s): cpu = 00:00:31 ; elapsed = 00:00:38 . Memory (MB): peak = 3839.059 ; gain = 858.883 ; free physical = 1064 ; free virtual = 8454
Synthesis current peak Physical Memory [PSS] (MB): peak = 2909.781; parent = 2789.379; children = 123.749
Synthesis current peak Virtual Memory [VSS] (MB): peak = 4860.410; parent = 3839.062; children = 1021.348
---------------------------------------------------------------------------------
---------------------------------------------------------------------------------
Start IO Insertion
---------------------------------------------------------------------------------
---------------------------------------------------------------------------------
Start Flattening Before IO Insertion
---------------------------------------------------------------------------------
---------------------------------------------------------------------------------
Finished Flattening Before IO Insertion
---------------------------------------------------------------------------------
---------------------------------------------------------------------------------
Start Final Netlist Cleanup
---------------------------------------------------------------------------------
---------------------------------------------------------------------------------
Finished Final Netlist Cleanup
---------------------------------------------------------------------------------
---------------------------------------------------------------------------------
Finished IO Insertion : Time (s): cpu = 00:00:35 ; elapsed = 00:00:42 . Memory (MB): peak = 3844.996 ; gain = 864.820 ; free physical = 418 ; free virtual = 7080
Synthesis current peak Physical Memory [PSS] (MB): peak = 2909.781; parent = 2789.379; children = 123.749
Synthesis current peak Virtual Memory [VSS] (MB): peak = 4866.348; parent = 3845.000; children = 1021.348
---------------------------------------------------------------------------------
---------------------------------------------------------------------------------
Start Renaming Generated Instances
---------------------------------------------------------------------------------
---------------------------------------------------------------------------------
Finished Renaming Generated Instances : Time (s): cpu = 00:00:35 ; elapsed = 00:00:42 . Memory (MB): peak = 3844.996 ; gain = 864.820 ; free physical = 460 ; free virtual = 7022
Synthesis current peak Physical Memory [PSS] (MB): peak = 2909.781; parent = 2789.379; children = 123.749
Synthesis current peak Virtual Memory [VSS] (MB): peak = 4866.348; parent = 3845.000; children = 1021.348
---------------------------------------------------------------------------------
---------------------------------------------------------------------------------
Start Rebuilding User Hierarchy
---------------------------------------------------------------------------------
---------------------------------------------------------------------------------
Finished Rebuilding User Hierarchy : Time (s): cpu = 00:00:35 ; elapsed = 00:00:42 . Memory (MB): peak = 3844.996 ; gain = 864.820 ; free physical = 487 ; free virtual = 7049
Synthesis current peak Physical Memory [PSS] (MB): peak = 2909.781; parent = 2789.379; children = 123.749
Synthesis current peak Virtual Memory [VSS] (MB): peak = 4866.348; parent = 3845.000; children = 1021.348
---------------------------------------------------------------------------------
---------------------------------------------------------------------------------
Start Renaming Generated Ports
---------------------------------------------------------------------------------
---------------------------------------------------------------------------------
Finished Renaming Generated Ports : Time (s): cpu = 00:00:35 ; elapsed = 00:00:42 . Memory (MB): peak = 3844.996 ; gain = 864.820 ; free physical = 418 ; free virtual = 6980
Synthesis current peak Physical Memory [PSS] (MB): peak = 2909.781; parent = 2789.379; children = 123.749
Synthesis current peak Virtual Memory [VSS] (MB): peak = 4866.348; parent = 3845.000; children = 1021.348
---------------------------------------------------------------------------------
---------------------------------------------------------------------------------
Start Handling Custom Attributes
---------------------------------------------------------------------------------
---------------------------------------------------------------------------------
Finished Handling Custom Attributes : Time (s): cpu = 00:00:35 ; elapsed = 00:00:42 . Memory (MB): peak = 3844.996 ; gain = 864.820 ; free physical = 513 ; free virtual = 7075
Synthesis current peak Physical Memory [PSS] (MB): peak = 2909.781; parent = 2789.379; children = 123.749
Synthesis current peak Virtual Memory [VSS] (MB): peak = 4866.348; parent = 3845.000; children = 1021.348
---------------------------------------------------------------------------------
---------------------------------------------------------------------------------
Start Renaming Generated Nets
---------------------------------------------------------------------------------
---------------------------------------------------------------------------------
Finished Renaming Generated Nets : Time (s): cpu = 00:00:35 ; elapsed = 00:00:42 . Memory (MB): peak = 3844.996 ; gain = 864.820 ; free physical = 577 ; free virtual = 7139
Synthesis current peak Physical Memory [PSS] (MB): peak = 2909.781; parent = 2789.379; children = 123.749
Synthesis current peak Virtual Memory [VSS] (MB): peak = 4866.348; parent = 3845.000; children = 1021.348
---------------------------------------------------------------------------------
---------------------------------------------------------------------------------
Start Writing Synthesis Report
---------------------------------------------------------------------------------

Report BlackBoxes: 
+-+--------------+----------+
| |BlackBox name |Instances |
+-+--------------+----------+
+-+--------------+----------+

Report Cell Usage: 
+------+-----------+------+
|      |Cell       |Count |
+------+-----------+------+
|1     |BUFG       |     1|
|2     |MMCME4_ADV |     1|
+------+-----------+------+
---------------------------------------------------------------------------------
Finished Writing Synthesis Report : Time (s): cpu = 00:00:35 ; elapsed = 00:00:42 . Memory (MB): peak = 3844.996 ; gain = 864.820 ; free physical = 547 ; free virtual = 7109
Synthesis current peak Physical Memory [PSS] (MB): peak = 2909.781; parent = 2789.379; children = 123.749
Synthesis current peak Virtual Memory [VSS] (MB): peak = 4866.348; parent = 3845.000; children = 1021.348
---------------------------------------------------------------------------------
Synthesis finished with 0 errors, 0 critical warnings and 1 warnings.
Synthesis Optimization Runtime : Time (s): cpu = 00:00:29 ; elapsed = 00:00:36 . Memory (MB): peak = 3844.996 ; gain = 785.945 ; free physical = 503 ; free virtual = 7065
Synthesis Optimization Complete : Time (s): cpu = 00:00:35 ; elapsed = 00:00:43 . Memory (MB): peak = 3845.004 ; gain = 864.820 ; free physical = 441 ; free virtual = 7003
INFO: [Project 1-571] Translating synthesized netlist
Netlist sorting complete. Time (s): cpu = 00:00:00 ; elapsed = 00:00:00 . Memory (MB): peak = 3845.004 ; gain = 0.000 ; free physical = 440 ; free virtual = 7002
INFO: [Netlist 29-17] Analyzing 2 Unisim elements for replacement
INFO: [Netlist 29-28] Unisim Transformation completed in 0 CPU seconds
INFO: [Project 1-570] Preparing netlist for logic optimization
INFO: [Opt 31-138] Pushed 0 inverter(s) to 0 load pin(s).
INFO: [Opt 31-326] The CLKFBOUT to CLKFBIN net for instance inst/mmcme4_adv_inst with COMPENSATION=INTERNAL is optimized away to aid design routability
Netlist sorting complete. Time (s): cpu = 00:00:00 ; elapsed = 00:00:00 . Memory (MB): peak = 3878.684 ; gain = 0.000 ; free physical = 428 ; free virtual = 6990
INFO: [Project 1-111] Unisim Transformation Summary:
  A total of 1 instances were transformed.
  BUFG => BUFGCE: 1 instance 

Synth Design complete, checksum: d1b8eacd
INFO: [Common 17-83] Releasing license: Synthesis
34 Infos, 3 Warnings, 0 Critical Warnings and 0 Errors encountered.
synth_design completed successfully
synth_design: Time (s): cpu = 00:00:43 ; elapsed = 00:00:49 . Memory (MB): peak = 3878.684 ; gain = 1805.715 ; free physical = 596 ; free virtual = 7159
INFO: [Common 17-1381] The checkpoint '/home/lsriw/SR/KocurPawel/git_ycbcr/video_passthrough_kria_repo_1/video_passthrough_kria/video_passthrough_kria.runs/design_1_clk_wiz_1_0_synth_1/design_1_clk_wiz_1_0.dcp' has been generated.
INFO: [Coretcl 2-1648] Added synthesis output to IP cache for IP design_1_clk_wiz_1_0, cache-ID = d06fada8848abc65
INFO: [Common 17-1381] The checkpoint '/home/lsriw/SR/KocurPawel/git_ycbcr/video_passthrough_kria_repo_1/video_passthrough_kria/video_passthrough_kria.runs/design_1_clk_wiz_1_0_synth_1/design_1_clk_wiz_1_0.dcp' has been generated.
INFO: [runtcl-4] Executing : report_utilization -file design_1_clk_wiz_1_0_utilization_synth.rpt -pb design_1_clk_wiz_1_0_utilization_synth.pb
INFO: [Common 17-206] Exiting Vivado at Thu May  8 10:10:05 2025...
