

================================================================
== Vitis HLS Report for 'AXIvideo2MultiPixStream_Pipeline_loop_width'
================================================================
* Date:           Thu May  8 10:10:24 2025

* Version:        2022.2 (Build 3670227 on Oct 13 2022)
* Project:        prj
* Solution:       sol (Vivado IP Flow Target)
* Product family: zynquplus
* Target device:  xck26-sfvc784-2LV-c


================================================================
== Performance Estimates
================================================================
+ Timing: 
    * Summary: 
    +--------+---------+----------+------------+
    |  Clock |  Target | Estimated| Uncertainty|
    +--------+---------+----------+------------+
    |ap_clk  |  4.00 ns|  1.460 ns|     1.08 ns|
    +--------+---------+----------+------------+

+ Latency: 
    * Summary: 
    +---------+---------+-----------+----------+-----+------+---------+
    |  Latency (cycles) |  Latency (absolute)  |  Interval  | Pipeline|
    |   min   |   max   |    min    |    max   | min |  max |   Type  |
    +---------+---------+-----------+----------+-----+------+---------+
    |        3|     1922|  12.000 ns|  7.688 us|    3|  1922|       no|
    +---------+---------+-----------+----------+-----+------+---------+

    + Detail: 
        * Instance: 
        N/A

        * Loop: 
        +--------------+---------+---------+----------+-----------+-----------+----------+----------+
        |              |  Latency (cycles) | Iteration|  Initiation Interval  |   Trip   |          |
        |   Loop Name  |   min   |   max   |  Latency |  achieved |   target  |   Count  | Pipelined|
        +--------------+---------+---------+----------+-----------+-----------+----------+----------+
        |- loop_width  |        1|     1920|         2|          1|          1|  1 ~ 1920|       yes|
        +--------------+---------+---------+----------+-----------+-----------+----------+----------+

============================================================
+ Verbose Summary: Synthesis Manager
============================================================
InlineROM: 1
ExposeGlobal: 0
============================================================
+ Verbose Summary: CDFG Model
============================================================
IsTopModel: 0
ResetActiveHigh: 1
IsCombinational: 0
IsDatapathOnly: 0
HasWiredReturn: 1
HasMFsm: 2
HasVarLatency: 1
IsPipeline: 0
IsRtlPipelined: 0
IsInstanceOverlapped: 0
IsDontTouch: 0
HasImplIP: 0
IsGatedGlobalClock: 0

+ Individual pipeline summary: 
  * Pipeline-0: initiation interval (II) = 1, depth = 2


============================================================
+ Verbose Summary: Schedule
============================================================
* Number of FSM states : 2
* Pipeline : 1
  Pipeline-0 : II = 1, D = 2, States = { 1 2 }
* Dataflow Pipeline: 0

* FSM state transitions: 
1 --> 2 
2 --> 

* FSM state operations: 

State 1 <SV = 0> <Delay = 1.37>
ST_1 : Operation 5 [1/1] (0.00ns)   --->   "%j = alloca i32 1"   --->   Operation 5 'alloca' 'j' <Predicate = true> <Delay = 0.00>
ST_1 : Operation 6 [1/1] (0.00ns)   --->   "%axi_data_V = alloca i32 1"   --->   Operation 6 'alloca' 'axi_data_V' <Predicate = true> <Delay = 0.00>
ST_1 : Operation 7 [1/1] (0.00ns)   --->   "%axi_last_V = alloca i32 1"   --->   Operation 7 'alloca' 'axi_last_V' <Predicate = true> <Delay = 0.00>
ST_1 : Operation 8 [1/1] (0.00ns)   --->   "%specaxissidechannel_ln0 = specaxissidechannel void @_ssdm_op_SpecAXISSideChannel, i32 %s_axis_video_V_data_V, i4 %s_axis_video_V_keep_V, i4 %s_axis_video_V_strb_V, i1 %s_axis_video_V_user_V, i1 %s_axis_video_V_last_V, i1 %s_axis_video_V_id_V, i1 %s_axis_video_V_dest_V, void @empty_13"   --->   Operation 8 'specaxissidechannel' 'specaxissidechannel_ln0' <Predicate = true> <Delay = 0.00>
ST_1 : Operation 9 [1/1] (0.00ns)   --->   "%specinterface_ln0 = specinterface void @_ssdm_op_SpecInterface, i32 %s_axis_video_V_data_V, void @empty_4, i32 0, i32 0, void @empty_3, i32 0, i32 0, void @empty_1, void @empty_1, void @empty_1, i32 0, i32 0, i32 0, i32 0, void @empty_1, void @empty_1, i32 4294967295, i32 0"   --->   Operation 9 'specinterface' 'specinterface_ln0' <Predicate = true> <Delay = 0.00>
ST_1 : Operation 10 [1/1] (0.00ns)   --->   "%specinterface_ln0 = specinterface void @_ssdm_op_SpecInterface, i4 %s_axis_video_V_keep_V, void @empty_4, i32 0, i32 0, void @empty_3, i32 0, i32 0, void @empty_1, void @empty_1, void @empty_1, i32 0, i32 0, i32 0, i32 0, void @empty_1, void @empty_1, i32 4294967295, i32 0"   --->   Operation 10 'specinterface' 'specinterface_ln0' <Predicate = true> <Delay = 0.00>
ST_1 : Operation 11 [1/1] (0.00ns)   --->   "%specinterface_ln0 = specinterface void @_ssdm_op_SpecInterface, i4 %s_axis_video_V_strb_V, void @empty_4, i32 0, i32 0, void @empty_3, i32 0, i32 0, void @empty_1, void @empty_1, void @empty_1, i32 0, i32 0, i32 0, i32 0, void @empty_1, void @empty_1, i32 4294967295, i32 0"   --->   Operation 11 'specinterface' 'specinterface_ln0' <Predicate = true> <Delay = 0.00>
ST_1 : Operation 12 [1/1] (0.00ns)   --->   "%specinterface_ln0 = specinterface void @_ssdm_op_SpecInterface, i1 %s_axis_video_V_user_V, void @empty_4, i32 0, i32 0, void @empty_3, i32 0, i32 0, void @empty_1, void @empty_1, void @empty_1, i32 0, i32 0, i32 0, i32 0, void @empty_1, void @empty_1, i32 4294967295, i32 0"   --->   Operation 12 'specinterface' 'specinterface_ln0' <Predicate = true> <Delay = 0.00>
ST_1 : Operation 13 [1/1] (0.00ns)   --->   "%specinterface_ln0 = specinterface void @_ssdm_op_SpecInterface, i1 %s_axis_video_V_last_V, void @empty_4, i32 0, i32 0, void @empty_3, i32 0, i32 0, void @empty_1, void @empty_1, void @empty_1, i32 0, i32 0, i32 0, i32 0, void @empty_1, void @empty_1, i32 4294967295, i32 0"   --->   Operation 13 'specinterface' 'specinterface_ln0' <Predicate = true> <Delay = 0.00>
ST_1 : Operation 14 [1/1] (0.00ns)   --->   "%specinterface_ln0 = specinterface void @_ssdm_op_SpecInterface, i1 %s_axis_video_V_id_V, void @empty_4, i32 0, i32 0, void @empty_3, i32 0, i32 0, void @empty_1, void @empty_1, void @empty_1, i32 0, i32 0, i32 0, i32 0, void @empty_1, void @empty_1, i32 4294967295, i32 0"   --->   Operation 14 'specinterface' 'specinterface_ln0' <Predicate = true> <Delay = 0.00>
ST_1 : Operation 15 [1/1] (0.00ns)   --->   "%specinterface_ln0 = specinterface void @_ssdm_op_SpecInterface, i1 %s_axis_video_V_dest_V, void @empty_4, i32 0, i32 0, void @empty_3, i32 0, i32 0, void @empty_1, void @empty_1, void @empty_1, i32 0, i32 0, i32 0, i32 0, void @empty_1, void @empty_1, i32 4294967295, i32 0"   --->   Operation 15 'specinterface' 'specinterface_ln0' <Predicate = true> <Delay = 0.00>
ST_1 : Operation 16 [1/1] (0.00ns)   --->   "%specinterface_ln0 = specinterface void @_ssdm_op_SpecInterface, i30 %imgRgb, void @empty_11, i32 0, i32 0, void @empty_1, i32 0, i32 0, void @empty_1, void @empty_1, void @empty_1, i32 0, i32 0, i32 0, i32 0, void @empty_1, void @empty_1, i32 4294967295, i32 0"   --->   Operation 16 'specinterface' 'specinterface_ln0' <Predicate = true> <Delay = 0.00>
ST_1 : Operation 17 [1/1] (0.00ns)   --->   "%cols_read = read i11 @_ssdm_op_Read.ap_auto.i11, i11 %cols"   --->   Operation 17 'read' 'cols_read' <Predicate = true> <Delay = 0.00>
ST_1 : Operation 18 [1/1] (0.00ns)   --->   "%axi_data_V_2_read = read i30 @_ssdm_op_Read.ap_auto.i30, i30 %axi_data_V_2"   --->   Operation 18 'read' 'axi_data_V_2_read' <Predicate = true> <Delay = 0.00>
ST_1 : Operation 19 [1/1] (0.00ns)   --->   "%axi_last_V_2_read = read i1 @_ssdm_op_Read.ap_auto.i1, i1 %axi_last_V_2"   --->   Operation 19 'read' 'axi_last_V_2_read' <Predicate = true> <Delay = 0.00>
ST_1 : Operation 20 [1/1] (0.00ns)   --->   "%sof_5_read = read i1 @_ssdm_op_Read.ap_auto.i1, i1 %sof_5"   --->   Operation 20 'read' 'sof_5_read' <Predicate = true> <Delay = 0.00>
ST_1 : Operation 21 [1/1] (0.42ns)   --->   "%store_ln0 = store i1 %axi_last_V_2_read, i1 %axi_last_V"   --->   Operation 21 'store' 'store_ln0' <Predicate = true> <Delay = 0.42>
ST_1 : Operation 22 [1/1] (0.42ns)   --->   "%store_ln0 = store i30 %axi_data_V_2_read, i30 %axi_data_V"   --->   Operation 22 'store' 'store_ln0' <Predicate = true> <Delay = 0.42>
ST_1 : Operation 23 [1/1] (0.42ns)   --->   "%store_ln0 = store i11 0, i11 %j"   --->   Operation 23 'store' 'store_ln0' <Predicate = true> <Delay = 0.42>
ST_1 : Operation 24 [1/1] (0.42ns)   --->   "%br_ln0 = br void %for.body10"   --->   Operation 24 'br' 'br_ln0' <Predicate = true> <Delay = 0.42>
ST_1 : Operation 25 [1/1] (0.00ns)   --->   "%eol = phi i1 %axi_last_V_4, void %if.end, i1 0, void %newFuncRoot"   --->   Operation 25 'phi' 'eol' <Predicate = true> <Delay = 0.00>
ST_1 : Operation 26 [1/1] (0.00ns)   --->   "%sof = phi i1 0, void %if.end, i1 %sof_5_read, void %newFuncRoot"   --->   Operation 26 'phi' 'sof' <Predicate = true> <Delay = 0.00>
ST_1 : Operation 27 [1/1] (0.00ns)   --->   "%j_1 = load i11 %j" [/home/lsriw/SR/KocurPawel/git_ycbcr/video_passthrough_kria_repo_1/video_passthrough_kria/video_passthrough_kria.runs/design_1_v_gamma_lut_0_0_synth_1/prj/sol/.autopilot/db/v_gamma_lut.cpp:146]   --->   Operation 27 'load' 'j_1' <Predicate = true> <Delay = 0.00>
ST_1 : Operation 28 [1/1] (0.94ns)   --->   "%icmp_ln146 = icmp_eq  i11 %j_1, i11 %cols_read" [/home/lsriw/SR/KocurPawel/git_ycbcr/video_passthrough_kria_repo_1/video_passthrough_kria/video_passthrough_kria.runs/design_1_v_gamma_lut_0_0_synth_1/prj/sol/.autopilot/db/v_gamma_lut.cpp:146]   --->   Operation 28 'icmp' 'icmp_ln146' <Predicate = true> <Delay = 0.94> <CoreInst = "Cmp">   --->   Core 9 'Cmp' <Latency = 0> <II = 1> <Delay = 0.94> <FuncUnit> <Opcode : 'icmp'> <InPorts = 2> <OutPorts = 1>
ST_1 : Operation 29 [1/1] (0.00ns)   --->   "%speclooptripcount_ln0 = speclooptripcount void @_ssdm_op_SpecLoopTripCount, i64 1, i64 1920, i64 0"   --->   Operation 29 'speclooptripcount' 'speclooptripcount_ln0' <Predicate = true> <Delay = 0.00>
ST_1 : Operation 30 [1/1] (0.79ns)   --->   "%j_2 = add i11 %j_1, i11 1" [/home/lsriw/SR/KocurPawel/git_ycbcr/video_passthrough_kria_repo_1/video_passthrough_kria/video_passthrough_kria.runs/design_1_v_gamma_lut_0_0_synth_1/prj/sol/.autopilot/db/v_gamma_lut.cpp:146]   --->   Operation 30 'add' 'j_2' <Predicate = true> <Delay = 0.79> <CoreInst = "Adder">   --->   Core 1 'Adder' <Latency = 0> <II = 1> <Delay = 0.79> <FuncUnit> <Opcode : 'add' 'sub'> <InPorts = 2> <OutPorts = 1>
ST_1 : Operation 31 [1/1] (0.00ns)   --->   "%br_ln146 = br i1 %icmp_ln146, void %for.body10.split, void %loop_wait_for_eol.loopexit.exitStub" [/home/lsriw/SR/KocurPawel/git_ycbcr/video_passthrough_kria_repo_1/video_passthrough_kria/video_passthrough_kria.runs/design_1_v_gamma_lut_0_0_synth_1/prj/sol/.autopilot/db/v_gamma_lut.cpp:146]   --->   Operation 31 'br' 'br_ln146' <Predicate = true> <Delay = 0.00>
ST_1 : Operation 32 [1/1] (0.00ns)   --->   "%specpipeline_ln149 = specpipeline void @_ssdm_op_SpecPipeline, i32 1, i32 0, i32 0, i32 0, void @empty_1" [/home/lsriw/SR/KocurPawel/git_ycbcr/video_passthrough_kria_repo_1/video_passthrough_kria/video_passthrough_kria.runs/design_1_v_gamma_lut_0_0_synth_1/prj/sol/.autopilot/db/v_gamma_lut.cpp:149]   --->   Operation 32 'specpipeline' 'specpipeline_ln149' <Predicate = (!icmp_ln146)> <Delay = 0.00>
ST_1 : Operation 33 [1/1] (0.00ns)   --->   "%specloopname_ln121 = specloopname void @_ssdm_op_SpecLoopName, void @empty_16" [/home/lsriw/SR/KocurPawel/git_ycbcr/video_passthrough_kria_repo_1/video_passthrough_kria/video_passthrough_kria.runs/design_1_v_gamma_lut_0_0_synth_1/prj/sol/.autopilot/db/v_gamma_lut.cpp:121]   --->   Operation 33 'specloopname' 'specloopname_ln121' <Predicate = (!icmp_ln146)> <Delay = 0.00>
ST_1 : Operation 34 [1/1] (0.28ns)   --->   "%or_ln150 = or i1 %sof, i1 %eol" [/home/lsriw/SR/KocurPawel/git_ycbcr/video_passthrough_kria_repo_1/video_passthrough_kria/video_passthrough_kria.runs/design_1_v_gamma_lut_0_0_synth_1/prj/sol/.autopilot/db/v_gamma_lut.cpp:150]   --->   Operation 34 'or' 'or_ln150' <Predicate = (!icmp_ln146)> <Delay = 0.28> <CoreInst = "LogicGate">   --->   Core 74 'LogicGate' <Latency = 0> <II = 1> <Delay = 0.28> <FuncUnit> <Opcode : 'and' 'or' 'xor'> <InPorts = 2> <OutPorts = 1>
ST_1 : Operation 35 [1/1] (0.00ns)   --->   "%br_ln150 = br i1 %or_ln150, void %if.else, void %if.end" [/home/lsriw/SR/KocurPawel/git_ycbcr/video_passthrough_kria_repo_1/video_passthrough_kria/video_passthrough_kria.runs/design_1_v_gamma_lut_0_0_synth_1/prj/sol/.autopilot/db/v_gamma_lut.cpp:150]   --->   Operation 35 'br' 'br_ln150' <Predicate = (!icmp_ln146)> <Delay = 0.00>
ST_1 : Operation 36 [1/1] (0.00ns)   --->   "%empty = read i44 @_ssdm_op_Read.axis.volatile.i32P0A.i4P0A.i4P0A.i1P0A.i1P0A.i1P0A.i1P0A, i32 %s_axis_video_V_data_V, i4 %s_axis_video_V_keep_V, i4 %s_axis_video_V_strb_V, i1 %s_axis_video_V_user_V, i1 %s_axis_video_V_last_V, i1 %s_axis_video_V_id_V, i1 %s_axis_video_V_dest_V"   --->   Operation 36 'read' 'empty' <Predicate = (!icmp_ln146 & !or_ln150)> <Delay = 0.00> <CoreInst = "axis">   --->   Core 123 'axis' <Latency = 0> <II = 1> <Delay = 1.00> <Adapter> <Opcode : >
ST_1 : Operation 37 [1/1] (0.00ns)   --->   "%p_cast9 = extractvalue i44 %empty"   --->   Operation 37 'extractvalue' 'p_cast9' <Predicate = (!icmp_ln146 & !or_ln150)> <Delay = 0.00>
ST_1 : Operation 38 [1/1] (0.00ns)   --->   "%tmp_last_V = extractvalue i44 %empty"   --->   Operation 38 'extractvalue' 'tmp_last_V' <Predicate = (!icmp_ln146 & !or_ln150)> <Delay = 0.00>
ST_1 : Operation 39 [1/1] (0.00ns)   --->   "%tmp_data_V = trunc i32 %p_cast9"   --->   Operation 39 'trunc' 'tmp_data_V' <Predicate = (!icmp_ln146 & !or_ln150)> <Delay = 0.00>
ST_1 : Operation 40 [1/1] (0.42ns)   --->   "%store_ln237 = store i1 %tmp_last_V, i1 %axi_last_V"   --->   Operation 40 'store' 'store_ln237' <Predicate = (!icmp_ln146 & !or_ln150)> <Delay = 0.42>
ST_1 : Operation 41 [1/1] (0.42ns)   --->   "%store_ln237 = store i30 %tmp_data_V, i30 %axi_data_V"   --->   Operation 41 'store' 'store_ln237' <Predicate = (!icmp_ln146 & !or_ln150)> <Delay = 0.42>
ST_1 : Operation 42 [1/1] (0.00ns)   --->   "%br_ln0 = br void %if.end"   --->   Operation 42 'br' 'br_ln0' <Predicate = (!icmp_ln146 & !or_ln150)> <Delay = 0.00>
ST_1 : Operation 43 [1/1] (0.42ns)   --->   "%store_ln146 = store i11 %j_2, i11 %j" [/home/lsriw/SR/KocurPawel/git_ycbcr/video_passthrough_kria_repo_1/video_passthrough_kria/video_passthrough_kria.runs/design_1_v_gamma_lut_0_0_synth_1/prj/sol/.autopilot/db/v_gamma_lut.cpp:146]   --->   Operation 43 'store' 'store_ln146' <Predicate = (!icmp_ln146)> <Delay = 0.42>
ST_1 : Operation 44 [1/1] (0.00ns)   --->   "%br_ln146 = br void %for.body10" [/home/lsriw/SR/KocurPawel/git_ycbcr/video_passthrough_kria_repo_1/video_passthrough_kria/video_passthrough_kria.runs/design_1_v_gamma_lut_0_0_synth_1/prj/sol/.autopilot/db/v_gamma_lut.cpp:146]   --->   Operation 44 'br' 'br_ln146' <Predicate = (!icmp_ln146)> <Delay = 0.00>
ST_1 : Operation 48 [1/1] (0.00ns)   --->   "%axi_data_V_load = load i30 %axi_data_V"   --->   Operation 48 'load' 'axi_data_V_load' <Predicate = (icmp_ln146)> <Delay = 0.00>
ST_1 : Operation 49 [1/1] (0.00ns)   --->   "%write_ln0 = write void @_ssdm_op_Write.ap_auto.i1P0A, i1 %eol_out, i1 %eol"   --->   Operation 49 'write' 'write_ln0' <Predicate = (icmp_ln146)> <Delay = 0.00>
ST_1 : Operation 50 [1/1] (0.00ns)   --->   "%write_ln0 = write void @_ssdm_op_Write.ap_auto.i30P0A, i30 %axi_data_V_3_out, i30 %axi_data_V_load"   --->   Operation 50 'write' 'write_ln0' <Predicate = (icmp_ln146)> <Delay = 0.00>
ST_1 : Operation 51 [1/1] (0.00ns)   --->   "%ret_ln0 = ret"   --->   Operation 51 'ret' 'ret_ln0' <Predicate = (icmp_ln146)> <Delay = 0.00>

State 2 <SV = 1> <Delay = 1.46>
ST_2 : Operation 45 [1/1] (0.00ns)   --->   "%axi_data_V_4 = load i30 %axi_data_V" [/home/lsriw/SR/KocurPawel/git_ycbcr/video_passthrough_kria_repo_1/video_passthrough_kria/video_passthrough_kria.runs/design_1_v_gamma_lut_0_0_synth_1/prj/sol/.autopilot/db/v_gamma_lut.cpp:168]   --->   Operation 45 'load' 'axi_data_V_4' <Predicate = (!icmp_ln146)> <Delay = 0.00>
ST_2 : Operation 46 [1/1] (0.00ns)   --->   "%axi_last_V_4 = load i1 %axi_last_V"   --->   Operation 46 'load' 'axi_last_V_4' <Predicate = (!icmp_ln146)> <Delay = 0.00>
ST_2 : Operation 47 [1/1] (1.46ns)   --->   "%write_ln168 = write void @_ssdm_op_Write.ap_fifo.volatile.i30P0A, i30 %imgRgb, i30 %axi_data_V_4" [/home/lsriw/SR/KocurPawel/git_ycbcr/video_passthrough_kria_repo_1/video_passthrough_kria/video_passthrough_kria.runs/design_1_v_gamma_lut_0_0_synth_1/prj/sol/.autopilot/db/v_gamma_lut.cpp:168]   --->   Operation 47 'write' 'write_ln168' <Predicate = (!icmp_ln146)> <Delay = 1.46> <CoreInst = "FIFO_SRL">   --->   Core 81 'FIFO_SRL' <Latency = 0> <II = 1> <Delay = 2.04> <Storage> <Opcode : 'read' 'write' 'nbread' 'nbwrite'> <Ports = 0> <Width = 30> <Depth = 16> <FIFO>


============================================================
+ Verbose Summary: Timing violations
============================================================
Target clock period: 4ns, clock uncertainty: 1.08ns.

 <State 1>: 1.37ns
The critical path consists of the following:
	'alloca' operation ('j') [15]  (0 ns)
	'load' operation ('j', /home/lsriw/SR/KocurPawel/git_ycbcr/video_passthrough_kria_repo_1/video_passthrough_kria/video_passthrough_kria.runs/design_1_v_gamma_lut_0_0_synth_1/prj/sol/.autopilot/db/v_gamma_lut.cpp:146) on local variable 'j' [38]  (0 ns)
	'add' operation ('j', /home/lsriw/SR/KocurPawel/git_ycbcr/video_passthrough_kria_repo_1/video_passthrough_kria/video_passthrough_kria.runs/design_1_v_gamma_lut_0_0_synth_1/prj/sol/.autopilot/db/v_gamma_lut.cpp:146) [41]  (0.798 ns)
	'store' operation ('store_ln146', /home/lsriw/SR/KocurPawel/git_ycbcr/video_passthrough_kria_repo_1/video_passthrough_kria/video_passthrough_kria.runs/design_1_v_gamma_lut_0_0_synth_1/prj/sol/.autopilot/db/v_gamma_lut.cpp:146) of variable 'j', /home/lsriw/SR/KocurPawel/git_ycbcr/video_passthrough_kria_repo_1/video_passthrough_kria/video_passthrough_kria.runs/design_1_v_gamma_lut_0_0_synth_1/prj/sol/.autopilot/db/v_gamma_lut.cpp:146 on local variable 'j' [60]  (0.427 ns)
	blocking operation 0.146 ns on control path)

 <State 2>: 1.46ns
The critical path consists of the following:
	'load' operation ('axi.data.V', /home/lsriw/SR/KocurPawel/git_ycbcr/video_passthrough_kria_repo_1/video_passthrough_kria/video_passthrough_kria.runs/design_1_v_gamma_lut_0_0_synth_1/prj/sol/.autopilot/db/v_gamma_lut.cpp:168) on local variable 'axi.data.V' [57]  (0 ns)
	fifo write operation ('write_ln168', /home/lsriw/SR/KocurPawel/git_ycbcr/video_passthrough_kria_repo_1/video_passthrough_kria/video_passthrough_kria.runs/design_1_v_gamma_lut_0_0_synth_1/prj/sol/.autopilot/db/v_gamma_lut.cpp:168) on port 'imgRgb' (/home/lsriw/SR/KocurPawel/git_ycbcr/video_passthrough_kria_repo_1/video_passthrough_kria/video_passthrough_kria.runs/design_1_v_gamma_lut_0_0_synth_1/prj/sol/.autopilot/db/v_gamma_lut.cpp:168) [59]  (1.46 ns)


============================================================
+ Verbose Summary: Binding
============================================================
N/A
* FSMD analyzer results:
  - Output states:
 - Input state : 
  - Chain level:
	State 1
	State 2


============================================================
+ Verbose Summary: Datapath Resource usage 
============================================================
N/A
