

================================================================
== Vitis HLS Report for 'AXIvideo2MultiPixStream'
================================================================
* Date:           Thu May  8 10:10:25 2025

* Version:        2022.2 (Build 3670227 on Oct 13 2022)
* Project:        prj
* Solution:       sol (Vivado IP Flow Target)
* Product family: zynquplus
* Target device:  xck26-sfvc784-2LV-c


================================================================
== Performance Estimates
================================================================
+ Timing: 
    * Summary: 
    +--------+---------+----------+------------+
    |  Clock |  Target | Estimated| Uncertainty|
    +--------+---------+----------+------------+
    |ap_clk  |  4.00 ns|  2.315 ns|     1.08 ns|
    +--------+---------+----------+------------+

+ Latency: 
    * Summary: 
    +---------+---------+-----------+----------+-----+---------+---------+
    |  Latency (cycles) |  Latency (absolute)  |    Interval   | Pipeline|
    |   min   |   max   |    min    |    max   | min |   max   |   Type  |
    +---------+---------+-----------+----------+-----+---------+---------+
    |        6|  2084406|  24.000 ns|  8.338 ms|    6|  2084406|       no|
    +---------+---------+-----------+----------+-----+---------+---------+

    + Detail: 
        * Instance: 
        +-----------------------------------------------------------------+------------------------------------------------------+---------+---------+-----------+----------+-----+------+---------+
        |                                                                 |                                                      |  Latency (cycles) |  Latency (absolute)  |  Interval  | Pipeline|
        |                             Instance                            |                        Module                        |   min   |   max   |    min    |    max   | min |  max |   Type  |
        +-----------------------------------------------------------------+------------------------------------------------------+---------+---------+-----------+----------+-----+------+---------+
        |grp_AXIvideo2MultiPixStream_Pipeline_loop_wait_for_start_fu_159  |AXIvideo2MultiPixStream_Pipeline_loop_wait_for_start  |        2|        2|   8.000 ns|  8.000 ns|    2|     2|       no|
        |grp_AXIvideo2MultiPixStream_Pipeline_loop_width_fu_179           |AXIvideo2MultiPixStream_Pipeline_loop_width           |        3|     1922|  12.000 ns|  7.688 us|    3|  1922|       no|
        |grp_AXIvideo2MultiPixStream_Pipeline_loop_wait_for_eol_fu_206    |AXIvideo2MultiPixStream_Pipeline_loop_wait_for_eol    |        2|        2|   8.000 ns|  8.000 ns|    2|     2|       no|
        |grp_reg_unsigned_short_s_fu_250                                  |reg_unsigned_short_s                                  |        1|        1|   4.000 ns|  4.000 ns|    1|     1|      yes|
        |grp_reg_unsigned_short_s_fu_255                                  |reg_unsigned_short_s                                  |        1|        1|   4.000 ns|  4.000 ns|    1|     1|      yes|
        +-----------------------------------------------------------------+------------------------------------------------------+---------+---------+-----------+----------+-----+------+---------+

        * Loop: 
        +---------------+---------+---------+----------+-----------+-----------+----------+----------+
        |               |  Latency (cycles) | Iteration|  Initiation Interval  |   Trip   |          |
        |   Loop Name   |   min   |   max   |  Latency |  achieved |   target  |   Count  | Pipelined|
        +---------------+---------+---------+----------+-----------+-----------+----------+----------+
        |- loop_height  |        0|  2084400|  7 ~ 1930|          -|          -|  0 ~ 1080|        no|
        +---------------+---------+---------+----------+-----------+-----------+----------+----------+



================================================================
== Utilization Estimates
================================================================
* Summary: 
+-----------------+---------+------+--------+--------+-----+
|       Name      | BRAM_18K|  DSP |   FF   |   LUT  | URAM|
+-----------------+---------+------+--------+--------+-----+
|DSP              |        -|     -|       -|       -|    -|
|Expression       |        -|     -|       0|      42|    -|
|FIFO             |        -|     -|       -|       -|    -|
|Instance         |        -|     -|     100|     265|    -|
|Memory           |        -|     -|       -|       -|    -|
|Multiplexer      |        -|     -|       -|     151|    -|
|Register         |        -|     -|     146|       -|    -|
+-----------------+---------+------+--------+--------+-----+
|Total            |        0|     0|     246|     458|    0|
+-----------------+---------+------+--------+--------+-----+
|Available        |      288|  1248|  234240|  117120|   64|
+-----------------+---------+------+--------+--------+-----+
|Utilization (%)  |        0|     0|      ~0|      ~0|    0|
+-----------------+---------+------+--------+--------+-----+

+ Detail: 
    * Instance: 
    +-----------------------------------------------------------------+------------------------------------------------------+---------+----+----+-----+-----+
    |                             Instance                            |                        Module                        | BRAM_18K| DSP| FF | LUT | URAM|
    +-----------------------------------------------------------------+------------------------------------------------------+---------+----+----+-----+-----+
    |grp_AXIvideo2MultiPixStream_Pipeline_loop_wait_for_eol_fu_206    |AXIvideo2MultiPixStream_Pipeline_loop_wait_for_eol    |        0|   0|   4|   52|    0|
    |grp_AXIvideo2MultiPixStream_Pipeline_loop_wait_for_start_fu_159  |AXIvideo2MultiPixStream_Pipeline_loop_wait_for_start  |        0|   0|   3|   34|    0|
    |grp_AXIvideo2MultiPixStream_Pipeline_loop_width_fu_179           |AXIvideo2MultiPixStream_Pipeline_loop_width           |        0|   0|  47|  151|    0|
    |grp_reg_unsigned_short_s_fu_250                                  |reg_unsigned_short_s                                  |        0|   0|  23|   14|    0|
    |grp_reg_unsigned_short_s_fu_255                                  |reg_unsigned_short_s                                  |        0|   0|  23|   14|    0|
    +-----------------------------------------------------------------+------------------------------------------------------+---------+----+----+-----+-----+
    |Total                                                            |                                                      |        0|   0| 100|  265|    0|
    +-----------------------------------------------------------------+------------------------------------------------------+---------+----+----+-----+-----+

    * DSP: 
    N/A

    * Memory: 
    N/A

    * FIFO: 
    N/A

    * Expression: 
    +----------------------+----------+----+---+----+------------+------------+
    |     Variable Name    | Operation| DSP| FF| LUT| Bitwidth P0| Bitwidth P1|
    +----------------------+----------+----+---+----+------------+------------+
    |i_3_fu_281_p2         |         +|   0|  0|  18|          11|           1|
    |cmp8210_fu_263_p2     |      icmp|   0|  0|  11|          11|           1|
    |icmp_ln143_fu_276_p2  |      icmp|   0|  0|  11|          11|          11|
    |ap_block_state1       |        or|   0|  0|   2|           1|           1|
    +----------------------+----------+----+---+----+------------+------------+
    |Total                 |          |   0|  0|  42|          34|          14|
    +----------------------+----------+----+---+----+------------+------------+

    * Multiplexer: 
    +----------------------------------+----+-----------+-----+-----------+
    |               Name               | LUT| Input Size| Bits| Total Bits|
    +----------------------------------+----+-----------+-----+-----------+
    |ap_NS_fsm                         |  59|         11|    1|         11|
    |ap_done                           |   9|          2|    1|          2|
    |axi_data_2_lcssa_reg_126          |   9|          2|   30|         60|
    |axi_data_V_2_fu_80                |   9|          2|   30|         60|
    |axi_last_2_lcssa_reg_136          |   9|          2|    1|          2|
    |axi_last_V_2_reg_116              |   9|          2|    1|          2|
    |eol_0_lcssa_reg_147               |   9|          2|    1|          2|
    |i_fu_76                           |   9|          2|   11|         22|
    |imgRgb_write                      |   9|          2|    1|          2|
    |s_axis_video_TREADY_int_regslice  |  20|          4|    1|          4|
    +----------------------------------+----+-----------+-----+-----------+
    |Total                             | 151|         31|   78|        167|
    +----------------------------------+----+-----------+-----+-----------+

    * Register: 
    +------------------------------------------------------------------------------+----+----+-----+-----------+
    |                                     Name                                     | FF | LUT| Bits| Const Bits|
    +------------------------------------------------------------------------------+----+----+-----+-----------+
    |ap_CS_fsm                                                                     |  10|   0|   10|          0|
    |ap_done_reg                                                                   |   1|   0|    1|          0|
    |axi_data_2_lcssa_reg_126                                                      |  30|   0|   30|          0|
    |axi_data_V_2_fu_80                                                            |  30|   0|   30|          0|
    |axi_last_2_lcssa_reg_136                                                      |   1|   0|    1|          0|
    |axi_last_V_2_reg_116                                                          |   1|   0|    1|          0|
    |axi_last_V_4_loc_fu_88                                                        |   1|   0|    1|          0|
    |cmp8210_reg_377                                                               |   1|   0|    1|          0|
    |cols_reg_369                                                                  |  11|   0|   11|          0|
    |eol_0_lcssa_reg_147                                                           |   1|   0|    1|          0|
    |grp_AXIvideo2MultiPixStream_Pipeline_loop_wait_for_eol_fu_206_ap_start_reg    |   1|   0|    1|          0|
    |grp_AXIvideo2MultiPixStream_Pipeline_loop_wait_for_start_fu_159_ap_start_reg  |   1|   0|    1|          0|
    |grp_AXIvideo2MultiPixStream_Pipeline_loop_width_fu_179_ap_start_reg           |   1|   0|    1|          0|
    |i_3_reg_387                                                                   |  11|   0|   11|          0|
    |i_fu_76                                                                       |  11|   0|   11|          0|
    |rows_reg_364                                                                  |  11|   0|   11|          0|
    |sof_fu_84                                                                     |   1|   0|    1|          0|
    |trunc_ln125_reg_354                                                           |  11|   0|   11|          0|
    |trunc_ln126_reg_359                                                           |  11|   0|   11|          0|
    +------------------------------------------------------------------------------+----+----+-----+-----------+
    |Total                                                                         | 146|   0|  146|          0|
    +------------------------------------------------------------------------------+----+----+-----+-----------+



================================================================
== Interface
================================================================
* Summary: 
+-----------------------+-----+-----+------------+-------------------------+--------------+
|       RTL Ports       | Dir | Bits|  Protocol  |      Source Object      |    C Type    |
+-----------------------+-----+-----+------------+-------------------------+--------------+
|ap_clk                 |   in|    1|  ap_ctrl_hs|  AXIvideo2MultiPixStream|  return value|
|ap_rst                 |   in|    1|  ap_ctrl_hs|  AXIvideo2MultiPixStream|  return value|
|ap_start               |   in|    1|  ap_ctrl_hs|  AXIvideo2MultiPixStream|  return value|
|ap_done                |  out|    1|  ap_ctrl_hs|  AXIvideo2MultiPixStream|  return value|
|ap_continue            |   in|    1|  ap_ctrl_hs|  AXIvideo2MultiPixStream|  return value|
|ap_idle                |  out|    1|  ap_ctrl_hs|  AXIvideo2MultiPixStream|  return value|
|ap_ready               |  out|    1|  ap_ctrl_hs|  AXIvideo2MultiPixStream|  return value|
|s_axis_video_TDATA     |   in|   32|        axis|    s_axis_video_V_data_V|       pointer|
|s_axis_video_TVALID    |   in|    1|        axis|    s_axis_video_V_dest_V|       pointer|
|s_axis_video_TREADY    |  out|    1|        axis|    s_axis_video_V_dest_V|       pointer|
|s_axis_video_TDEST     |   in|    1|        axis|    s_axis_video_V_dest_V|       pointer|
|s_axis_video_TKEEP     |   in|    4|        axis|    s_axis_video_V_keep_V|       pointer|
|s_axis_video_TSTRB     |   in|    4|        axis|    s_axis_video_V_strb_V|       pointer|
|s_axis_video_TUSER     |   in|    1|        axis|    s_axis_video_V_user_V|       pointer|
|s_axis_video_TLAST     |   in|    1|        axis|    s_axis_video_V_last_V|       pointer|
|s_axis_video_TID       |   in|    1|        axis|      s_axis_video_V_id_V|       pointer|
|imgRgb_din             |  out|   30|     ap_fifo|                   imgRgb|       pointer|
|imgRgb_num_data_valid  |   in|    5|     ap_fifo|                   imgRgb|       pointer|
|imgRgb_fifo_cap        |   in|    5|     ap_fifo|                   imgRgb|       pointer|
|imgRgb_full_n          |   in|    1|     ap_fifo|                   imgRgb|       pointer|
|imgRgb_write           |  out|    1|     ap_fifo|                   imgRgb|       pointer|
|height                 |   in|   16|     ap_none|                   height|       pointer|
|width                  |   in|   16|     ap_none|                    width|       pointer|
+-----------------------+-----+-----+------------+-------------------------+--------------+

============================================================
+ Verbose Summary: Synthesis Manager
============================================================
InlineROM: 1
ExposeGlobal: 0
============================================================
+ Verbose Summary: CDFG Model
============================================================
IsTopModel: 0
ResetActiveHigh: 1
IsCombinational: 2
IsDatapathOnly: 0
HasWiredReturn: 1
HasMFsm: 0
HasVarLatency: 1
IsPipeline: 0
IsRtlPipelined: 0
IsInstanceOverlapped: 0
IsDontTouch: 0
HasImplIP: 0
IsGatedGlobalClock: 0


============================================================
+ Verbose Summary: Schedule
============================================================
* Number of FSM states : 10
* Pipeline : 0
* Dataflow Pipeline: 0

* FSM state transitions: 
1 --> 2 
2 --> 3 
3 --> 4 
4 --> 5 
5 --> 6 7 
6 --> 7 
7 --> 8 
8 --> 9 
9 --> 10 
10 --> 5 

* FSM state operations: 

State 1 <SV = 0> <Delay = 0.42>
ST_1 : Operation 11 [1/1] (0.00ns)   --->   "%i = alloca i32 1"   --->   Operation 11 'alloca' 'i' <Predicate = true> <Delay = 0.00>
ST_1 : Operation 12 [1/1] (0.00ns)   --->   "%axi_data_V_2 = alloca i32 1"   --->   Operation 12 'alloca' 'axi_data_V_2' <Predicate = true> <Delay = 0.00>
ST_1 : Operation 13 [1/1] (0.00ns)   --->   "%sof = alloca i32 1"   --->   Operation 13 'alloca' 'sof' <Predicate = true> <Delay = 0.00>
ST_1 : Operation 14 [1/1] (0.00ns)   --->   "%axi_last_V_4_loc = alloca i64 1"   --->   Operation 14 'alloca' 'axi_last_V_4_loc' <Predicate = true> <Delay = 0.00>
ST_1 : Operation 15 [1/1] (0.00ns)   --->   "%axi_data_V_3_loc = alloca i64 1"   --->   Operation 15 'alloca' 'axi_data_V_3_loc' <Predicate = true> <Delay = 0.00>
ST_1 : Operation 16 [1/1] (0.00ns)   --->   "%eol_loc = alloca i64 1"   --->   Operation 16 'alloca' 'eol_loc' <Predicate = true> <Delay = 0.00>
ST_1 : Operation 17 [1/1] (0.00ns)   --->   "%axi_last_V_loc = alloca i64 1"   --->   Operation 17 'alloca' 'axi_last_V_loc' <Predicate = true> <Delay = 0.00>
ST_1 : Operation 18 [1/1] (0.00ns)   --->   "%height_read = read i16 @_ssdm_op_Read.ap_auto.i16P0A, i16 %height" [/home/lsriw/SR/KocurPawel/git_ycbcr/video_passthrough_kria_repo_1/video_passthrough_kria/video_passthrough_kria.runs/design_1_v_gamma_lut_0_0_synth_1/prj/sol/.autopilot/db/v_gamma_lut.cpp:125]   --->   Operation 18 'read' 'height_read' <Predicate = true> <Delay = 0.00>
ST_1 : Operation 19 [1/1] (0.00ns)   --->   "%trunc_ln125 = trunc i16 %height_read" [/home/lsriw/SR/KocurPawel/git_ycbcr/video_passthrough_kria_repo_1/video_passthrough_kria/video_passthrough_kria.runs/design_1_v_gamma_lut_0_0_synth_1/prj/sol/.autopilot/db/v_gamma_lut.cpp:125]   --->   Operation 19 'trunc' 'trunc_ln125' <Predicate = true> <Delay = 0.00>
ST_1 : Operation 20 [1/1] (0.00ns)   --->   "%width_read = read i16 @_ssdm_op_Read.ap_auto.i16P0A, i16 %width" [/home/lsriw/SR/KocurPawel/git_ycbcr/video_passthrough_kria_repo_1/video_passthrough_kria/video_passthrough_kria.runs/design_1_v_gamma_lut_0_0_synth_1/prj/sol/.autopilot/db/v_gamma_lut.cpp:126]   --->   Operation 20 'read' 'width_read' <Predicate = true> <Delay = 0.00>
ST_1 : Operation 21 [1/1] (0.00ns)   --->   "%trunc_ln126 = trunc i16 %width_read" [/home/lsriw/SR/KocurPawel/git_ycbcr/video_passthrough_kria_repo_1/video_passthrough_kria/video_passthrough_kria.runs/design_1_v_gamma_lut_0_0_synth_1/prj/sol/.autopilot/db/v_gamma_lut.cpp:126]   --->   Operation 21 'trunc' 'trunc_ln126' <Predicate = true> <Delay = 0.00>
ST_1 : Operation 22 [1/1] (0.42ns)   --->   "%store_ln143 = store i1 1, i1 %sof" [/home/lsriw/SR/KocurPawel/git_ycbcr/video_passthrough_kria_repo_1/video_passthrough_kria/video_passthrough_kria.runs/design_1_v_gamma_lut_0_0_synth_1/prj/sol/.autopilot/db/v_gamma_lut.cpp:143]   --->   Operation 22 'store' 'store_ln143' <Predicate = true> <Delay = 0.42>
ST_1 : Operation 23 [1/1] (0.42ns)   --->   "%store_ln143 = store i11 0, i11 %i" [/home/lsriw/SR/KocurPawel/git_ycbcr/video_passthrough_kria_repo_1/video_passthrough_kria/video_passthrough_kria.runs/design_1_v_gamma_lut_0_0_synth_1/prj/sol/.autopilot/db/v_gamma_lut.cpp:143]   --->   Operation 23 'store' 'store_ln143' <Predicate = true> <Delay = 0.42>

State 2 <SV = 1> <Delay = 0.42>
ST_2 : Operation 24 [1/1] (0.00ns)   --->   "%empty = wait i32 @_ssdm_op_Wait"   --->   Operation 24 'wait' 'empty' <Predicate = true> <Delay = 0.00>
ST_2 : Operation 25 [2/2] (0.42ns)   --->   "%call_ln0 = call void @AXIvideo2MultiPixStream_Pipeline_loop_wait_for_start, i32 %s_axis_video_V_data_V, i4 %s_axis_video_V_keep_V, i4 %s_axis_video_V_strb_V, i1 %s_axis_video_V_user_V, i1 %s_axis_video_V_last_V, i1 %s_axis_video_V_id_V, i1 %s_axis_video_V_dest_V, i30 %axi_data_V_2, i1 %axi_last_V_loc"   --->   Operation 25 'call' 'call_ln0' <Predicate = true> <Delay = 0.42> <CoreType = "Generic">   --->   Core 0 '' <Latency = 0> <II = 1> <Delay = 1.00> <Generic> <Opcode : >

State 3 <SV = 2> <Delay = 0.00>
ST_3 : Operation 26 [2/2] (0.00ns)   --->   "%rows = call i11 @reg<unsigned short>, i11 %trunc_ln125" [/home/lsriw/SR/KocurPawel/git_ycbcr/video_passthrough_kria_repo_1/video_passthrough_kria/video_passthrough_kria.runs/design_1_v_gamma_lut_0_0_synth_1/prj/sol/.autopilot/db/v_gamma_lut.cpp:125]   --->   Operation 26 'call' 'rows' <Predicate = true> <Delay = 0.00> <CoreType = "Generic">   --->   Core 0 '' <Latency = 0> <II = 1> <Delay = 1.00> <Generic> <Opcode : >
ST_3 : Operation 27 [2/2] (0.00ns)   --->   "%cols = call i11 @reg<unsigned short>, i11 %trunc_ln126" [/home/lsriw/SR/KocurPawel/git_ycbcr/video_passthrough_kria_repo_1/video_passthrough_kria/video_passthrough_kria.runs/design_1_v_gamma_lut_0_0_synth_1/prj/sol/.autopilot/db/v_gamma_lut.cpp:126]   --->   Operation 27 'call' 'cols' <Predicate = true> <Delay = 0.00> <CoreType = "Generic">   --->   Core 0 '' <Latency = 0> <II = 1> <Delay = 1.00> <Generic> <Opcode : >
ST_3 : Operation 28 [1/2] (0.00ns)   --->   "%call_ln0 = call void @AXIvideo2MultiPixStream_Pipeline_loop_wait_for_start, i32 %s_axis_video_V_data_V, i4 %s_axis_video_V_keep_V, i4 %s_axis_video_V_strb_V, i1 %s_axis_video_V_user_V, i1 %s_axis_video_V_last_V, i1 %s_axis_video_V_id_V, i1 %s_axis_video_V_dest_V, i30 %axi_data_V_2, i1 %axi_last_V_loc"   --->   Operation 28 'call' 'call_ln0' <Predicate = true> <Delay = 0.00> <CoreType = "Generic">   --->   Core 0 '' <Latency = 0> <II = 1> <Delay = 1.00> <Generic> <Opcode : >

State 4 <SV = 3> <Delay = 0.94>
ST_4 : Operation 29 [1/1] (0.00ns)   --->   "%specaxissidechannel_ln0 = specaxissidechannel void @_ssdm_op_SpecAXISSideChannel, i32 %s_axis_video_V_data_V, i4 %s_axis_video_V_keep_V, i4 %s_axis_video_V_strb_V, i1 %s_axis_video_V_user_V, i1 %s_axis_video_V_last_V, i1 %s_axis_video_V_id_V, i1 %s_axis_video_V_dest_V, void @empty_13"   --->   Operation 29 'specaxissidechannel' 'specaxissidechannel_ln0' <Predicate = true> <Delay = 0.00>
ST_4 : Operation 30 [1/1] (0.00ns)   --->   "%specstablecontent_ln0 = specstablecontent void @_ssdm_op_SpecStableContent, i16 %height, void "   --->   Operation 30 'specstablecontent' 'specstablecontent_ln0' <Predicate = true> <Delay = 0.00>
ST_4 : Operation 31 [1/1] (0.00ns)   --->   "%specstablecontent_ln0 = specstablecontent void @_ssdm_op_SpecStableContent, i16 %width, void "   --->   Operation 31 'specstablecontent' 'specstablecontent_ln0' <Predicate = true> <Delay = 0.00>
ST_4 : Operation 32 [1/1] (0.00ns)   --->   "%specinterface_ln0 = specinterface void @_ssdm_op_SpecInterface, i30 %imgRgb, void @empty_11, i32 0, i32 0, void @empty_1, i32 0, i32 0, void @empty_1, void @empty_1, void @empty_1, i32 0, i32 0, i32 0, i32 0, void @empty_1, void @empty_1, i32 4294967295, i32 0"   --->   Operation 32 'specinterface' 'specinterface_ln0' <Predicate = true> <Delay = 0.00>
ST_4 : Operation 33 [1/1] (0.00ns)   --->   "%specinterface_ln0 = specinterface void @_ssdm_op_SpecInterface, i1 %s_axis_video_V_dest_V, i1 %s_axis_video_V_id_V, i1 %s_axis_video_V_last_V, i1 %s_axis_video_V_user_V, i4 %s_axis_video_V_strb_V, i4 %s_axis_video_V_keep_V, i32 %s_axis_video_V_data_V, void @empty_4, i32 1, i32 1, void @empty_3, i32 0, i32 0, void @empty_1, void @empty_1, void @empty_1, i32 0, i32 0, i32 0, i32 0, void @empty_1, void @empty_1, i32 4294967295, i32 0"   --->   Operation 33 'specinterface' 'specinterface_ln0' <Predicate = true> <Delay = 0.00>
ST_4 : Operation 34 [1/2] (0.00ns)   --->   "%rows = call i11 @reg<unsigned short>, i11 %trunc_ln125" [/home/lsriw/SR/KocurPawel/git_ycbcr/video_passthrough_kria_repo_1/video_passthrough_kria/video_passthrough_kria.runs/design_1_v_gamma_lut_0_0_synth_1/prj/sol/.autopilot/db/v_gamma_lut.cpp:125]   --->   Operation 34 'call' 'rows' <Predicate = true> <Delay = 0.00> <CoreType = "Generic">   --->   Core 0 '' <Latency = 0> <II = 1> <Delay = 1.00> <Generic> <Opcode : >
ST_4 : Operation 35 [1/2] (0.00ns)   --->   "%cols = call i11 @reg<unsigned short>, i11 %trunc_ln126" [/home/lsriw/SR/KocurPawel/git_ycbcr/video_passthrough_kria_repo_1/video_passthrough_kria/video_passthrough_kria.runs/design_1_v_gamma_lut_0_0_synth_1/prj/sol/.autopilot/db/v_gamma_lut.cpp:126]   --->   Operation 35 'call' 'cols' <Predicate = true> <Delay = 0.00> <CoreType = "Generic">   --->   Core 0 '' <Latency = 0> <II = 1> <Delay = 1.00> <Generic> <Opcode : >
ST_4 : Operation 36 [1/1] (0.00ns)   --->   "%axi_last_V_loc_load = load i1 %axi_last_V_loc"   --->   Operation 36 'load' 'axi_last_V_loc_load' <Predicate = true> <Delay = 0.00>
ST_4 : Operation 37 [1/1] (0.00ns)   --->   "%empty_50 = wait i32 @_ssdm_op_Wait"   --->   Operation 37 'wait' 'empty_50' <Predicate = true> <Delay = 0.00>
ST_4 : Operation 38 [1/1] (0.94ns)   --->   "%cmp8210 = icmp_eq  i11 %cols, i11 0" [/home/lsriw/SR/KocurPawel/git_ycbcr/video_passthrough_kria_repo_1/video_passthrough_kria/video_passthrough_kria.runs/design_1_v_gamma_lut_0_0_synth_1/prj/sol/.autopilot/db/v_gamma_lut.cpp:126]   --->   Operation 38 'icmp' 'cmp8210' <Predicate = true> <Delay = 0.94> <CoreInst = "Cmp">   --->   Core 9 'Cmp' <Latency = 0> <II = 1> <Delay = 0.94> <FuncUnit> <Opcode : 'icmp'> <InPorts = 2> <OutPorts = 1>
ST_4 : Operation 39 [1/1] (0.42ns)   --->   "%br_ln143 = br void %loop_width" [/home/lsriw/SR/KocurPawel/git_ycbcr/video_passthrough_kria_repo_1/video_passthrough_kria/video_passthrough_kria.runs/design_1_v_gamma_lut_0_0_synth_1/prj/sol/.autopilot/db/v_gamma_lut.cpp:143]   --->   Operation 39 'br' 'br_ln143' <Predicate = true> <Delay = 0.42>

State 5 <SV = 4> <Delay = 2.31>
ST_5 : Operation 40 [1/1] (0.00ns)   --->   "%axi_last_V_2 = phi i1 %axi_last_V_loc_load, void %entry, i1 %axi_last_V_4_loc_load, void %loop_wait_for_eol"   --->   Operation 40 'phi' 'axi_last_V_2' <Predicate = true> <Delay = 0.00>
ST_5 : Operation 41 [1/1] (0.00ns)   --->   "%i_2 = load i11 %i" [/home/lsriw/SR/KocurPawel/git_ycbcr/video_passthrough_kria_repo_1/video_passthrough_kria/video_passthrough_kria.runs/design_1_v_gamma_lut_0_0_synth_1/prj/sol/.autopilot/db/v_gamma_lut.cpp:143]   --->   Operation 41 'load' 'i_2' <Predicate = true> <Delay = 0.00>
ST_5 : Operation 42 [1/1] (0.00ns)   --->   "%axi_data_V = load i30 %axi_data_V_2"   --->   Operation 42 'load' 'axi_data_V' <Predicate = true> <Delay = 0.00>
ST_5 : Operation 43 [1/1] (0.94ns)   --->   "%icmp_ln143 = icmp_eq  i11 %i_2, i11 %rows" [/home/lsriw/SR/KocurPawel/git_ycbcr/video_passthrough_kria_repo_1/video_passthrough_kria/video_passthrough_kria.runs/design_1_v_gamma_lut_0_0_synth_1/prj/sol/.autopilot/db/v_gamma_lut.cpp:143]   --->   Operation 43 'icmp' 'icmp_ln143' <Predicate = true> <Delay = 0.94> <CoreInst = "Cmp">   --->   Core 9 'Cmp' <Latency = 0> <II = 1> <Delay = 0.94> <FuncUnit> <Opcode : 'icmp'> <InPorts = 2> <OutPorts = 1>
ST_5 : Operation 44 [1/1] (0.00ns)   --->   "%speclooptripcount_ln0 = speclooptripcount void @_ssdm_op_SpecLoopTripCount, i64 0, i64 1080, i64 0"   --->   Operation 44 'speclooptripcount' 'speclooptripcount_ln0' <Predicate = true> <Delay = 0.00>
ST_5 : Operation 45 [1/1] (0.79ns)   --->   "%i_3 = add i11 %i_2, i11 1" [/home/lsriw/SR/KocurPawel/git_ycbcr/video_passthrough_kria_repo_1/video_passthrough_kria/video_passthrough_kria.runs/design_1_v_gamma_lut_0_0_synth_1/prj/sol/.autopilot/db/v_gamma_lut.cpp:143]   --->   Operation 45 'add' 'i_3' <Predicate = true> <Delay = 0.79> <CoreInst = "Adder">   --->   Core 1 'Adder' <Latency = 0> <II = 1> <Delay = 0.79> <FuncUnit> <Opcode : 'add' 'sub'> <InPorts = 2> <OutPorts = 1>
ST_5 : Operation 46 [1/1] (0.00ns)   --->   "%br_ln143 = br i1 %icmp_ln143, void %loop_width.split, void %for.end47.loopexit" [/home/lsriw/SR/KocurPawel/git_ycbcr/video_passthrough_kria_repo_1/video_passthrough_kria/video_passthrough_kria.runs/design_1_v_gamma_lut_0_0_synth_1/prj/sol/.autopilot/db/v_gamma_lut.cpp:143]   --->   Operation 46 'br' 'br_ln143' <Predicate = true> <Delay = 0.00>
ST_5 : Operation 47 [1/1] (0.00ns)   --->   "%specloopname_ln121 = specloopname void @_ssdm_op_SpecLoopName, void @empty_19" [/home/lsriw/SR/KocurPawel/git_ycbcr/video_passthrough_kria_repo_1/video_passthrough_kria/video_passthrough_kria.runs/design_1_v_gamma_lut_0_0_synth_1/prj/sol/.autopilot/db/v_gamma_lut.cpp:121]   --->   Operation 47 'specloopname' 'specloopname_ln121' <Predicate = (!icmp_ln143)> <Delay = 0.00>
ST_5 : Operation 48 [1/1] (0.42ns)   --->   "%br_ln146 = br i1 %cmp8210, void %for.body10.preheader, void %loop_wait_for_eol" [/home/lsriw/SR/KocurPawel/git_ycbcr/video_passthrough_kria_repo_1/video_passthrough_kria/video_passthrough_kria.runs/design_1_v_gamma_lut_0_0_synth_1/prj/sol/.autopilot/db/v_gamma_lut.cpp:146]   --->   Operation 48 'br' 'br_ln146' <Predicate = (!icmp_ln143)> <Delay = 0.42>
ST_5 : Operation 49 [1/1] (0.00ns)   --->   "%sof_load = load i1 %sof"   --->   Operation 49 'load' 'sof_load' <Predicate = (!icmp_ln143 & !cmp8210)> <Delay = 0.00>
ST_5 : Operation 50 [1/1] (0.00ns)   --->   "%empty_51 = wait i32 @_ssdm_op_Wait"   --->   Operation 50 'wait' 'empty_51' <Predicate = (!icmp_ln143 & !cmp8210)> <Delay = 0.00>
ST_5 : Operation 51 [2/2] (1.37ns)   --->   "%call_ln126 = call void @AXIvideo2MultiPixStream_Pipeline_loop_width, i1 %sof_load, i1 %axi_last_V_2, i30 %axi_data_V, i11 %cols, i30 %imgRgb, i32 %s_axis_video_V_data_V, i4 %s_axis_video_V_keep_V, i4 %s_axis_video_V_strb_V, i1 %s_axis_video_V_user_V, i1 %s_axis_video_V_last_V, i1 %s_axis_video_V_id_V, i1 %s_axis_video_V_dest_V, i1 %eol_loc, i30 %axi_data_V_3_loc" [/home/lsriw/SR/KocurPawel/git_ycbcr/video_passthrough_kria_repo_1/video_passthrough_kria/video_passthrough_kria.runs/design_1_v_gamma_lut_0_0_synth_1/prj/sol/.autopilot/db/v_gamma_lut.cpp:126]   --->   Operation 51 'call' 'call_ln126' <Predicate = (!icmp_ln143 & !cmp8210)> <Delay = 1.37> <CoreType = "Generic">   --->   Core 0 '' <Latency = 0> <II = 1> <Delay = 1.00> <Generic> <Opcode : >
ST_5 : Operation 52 [1/1] (0.00ns)   --->   "%ret_ln0 = ret"   --->   Operation 52 'ret' 'ret_ln0' <Predicate = (icmp_ln143)> <Delay = 0.00>

State 6 <SV = 5> <Delay = 1.37>
ST_6 : Operation 53 [1/2] (1.37ns)   --->   "%call_ln126 = call void @AXIvideo2MultiPixStream_Pipeline_loop_width, i1 %sof_load, i1 %axi_last_V_2, i30 %axi_data_V, i11 %cols, i30 %imgRgb, i32 %s_axis_video_V_data_V, i4 %s_axis_video_V_keep_V, i4 %s_axis_video_V_strb_V, i1 %s_axis_video_V_user_V, i1 %s_axis_video_V_last_V, i1 %s_axis_video_V_id_V, i1 %s_axis_video_V_dest_V, i1 %eol_loc, i30 %axi_data_V_3_loc" [/home/lsriw/SR/KocurPawel/git_ycbcr/video_passthrough_kria_repo_1/video_passthrough_kria/video_passthrough_kria.runs/design_1_v_gamma_lut_0_0_synth_1/prj/sol/.autopilot/db/v_gamma_lut.cpp:126]   --->   Operation 53 'call' 'call_ln126' <Predicate = true> <Delay = 1.37> <CoreType = "Generic">   --->   Core 0 '' <Latency = 0> <II = 1> <Delay = 1.00> <Generic> <Opcode : >

State 7 <SV = 6> <Delay = 0.42>
ST_7 : Operation 54 [1/1] (0.00ns)   --->   "%eol_loc_load = load i1 %eol_loc"   --->   Operation 54 'load' 'eol_loc_load' <Predicate = (!cmp8210)> <Delay = 0.00>
ST_7 : Operation 55 [1/1] (0.00ns)   --->   "%axi_data_V_3_loc_load = load i30 %axi_data_V_3_loc"   --->   Operation 55 'load' 'axi_data_V_3_loc_load' <Predicate = (!cmp8210)> <Delay = 0.00>
ST_7 : Operation 56 [1/1] (0.00ns)   --->   "%empty_52 = wait i32 @_ssdm_op_Wait"   --->   Operation 56 'wait' 'empty_52' <Predicate = (!cmp8210)> <Delay = 0.00>
ST_7 : Operation 57 [1/1] (0.42ns)   --->   "%store_ln0 = store i1 0, i1 %sof"   --->   Operation 57 'store' 'store_ln0' <Predicate = (!cmp8210)> <Delay = 0.42>
ST_7 : Operation 58 [1/1] (0.42ns)   --->   "%br_ln0 = br void %loop_wait_for_eol"   --->   Operation 58 'br' 'br_ln0' <Predicate = (!cmp8210)> <Delay = 0.42>
ST_7 : Operation 59 [1/1] (0.42ns)   --->   "%store_ln143 = store i11 %i_3, i11 %i" [/home/lsriw/SR/KocurPawel/git_ycbcr/video_passthrough_kria_repo_1/video_passthrough_kria/video_passthrough_kria.runs/design_1_v_gamma_lut_0_0_synth_1/prj/sol/.autopilot/db/v_gamma_lut.cpp:143]   --->   Operation 59 'store' 'store_ln143' <Predicate = true> <Delay = 0.42>

State 8 <SV = 7> <Delay = 0.85>
ST_8 : Operation 60 [1/1] (0.00ns)   --->   "%axi_data_2_lcssa = phi i30 %axi_data_V_3_loc_load, void %for.body10.preheader, i30 %axi_data_V, void %loop_width.split"   --->   Operation 60 'phi' 'axi_data_2_lcssa' <Predicate = true> <Delay = 0.00>
ST_8 : Operation 61 [1/1] (0.00ns)   --->   "%axi_last_2_lcssa = phi i1 %eol_loc_load, void %for.body10.preheader, i1 %axi_last_V_2, void %loop_width.split"   --->   Operation 61 'phi' 'axi_last_2_lcssa' <Predicate = true> <Delay = 0.00>
ST_8 : Operation 62 [1/1] (0.00ns)   --->   "%eol_0_lcssa = phi i1 %eol_loc_load, void %for.body10.preheader, i1 0, void %loop_width.split"   --->   Operation 62 'phi' 'eol_0_lcssa' <Predicate = true> <Delay = 0.00>
ST_8 : Operation 63 [1/1] (0.00ns)   --->   "%empty_53 = wait i32 @_ssdm_op_Wait"   --->   Operation 63 'wait' 'empty_53' <Predicate = true> <Delay = 0.00>
ST_8 : Operation 64 [2/2] (0.85ns)   --->   "%call_ln0 = call void @AXIvideo2MultiPixStream_Pipeline_loop_wait_for_eol, i30 %axi_data_2_lcssa, i1 %axi_last_2_lcssa, i1 %eol_0_lcssa, i32 %s_axis_video_V_data_V, i4 %s_axis_video_V_keep_V, i4 %s_axis_video_V_strb_V, i1 %s_axis_video_V_user_V, i1 %s_axis_video_V_last_V, i1 %s_axis_video_V_id_V, i1 %s_axis_video_V_dest_V, i30 %axi_data_V_2, i1 %axi_last_V_4_loc"   --->   Operation 64 'call' 'call_ln0' <Predicate = true> <Delay = 0.85> <CoreType = "Generic">   --->   Core 0 '' <Latency = 0> <II = 1> <Delay = 1.00> <Generic> <Opcode : >

State 9 <SV = 8> <Delay = 0.42>
ST_9 : Operation 65 [1/2] (0.42ns)   --->   "%call_ln0 = call void @AXIvideo2MultiPixStream_Pipeline_loop_wait_for_eol, i30 %axi_data_2_lcssa, i1 %axi_last_2_lcssa, i1 %eol_0_lcssa, i32 %s_axis_video_V_data_V, i4 %s_axis_video_V_keep_V, i4 %s_axis_video_V_strb_V, i1 %s_axis_video_V_user_V, i1 %s_axis_video_V_last_V, i1 %s_axis_video_V_id_V, i1 %s_axis_video_V_dest_V, i30 %axi_data_V_2, i1 %axi_last_V_4_loc"   --->   Operation 65 'call' 'call_ln0' <Predicate = true> <Delay = 0.42> <CoreType = "Generic">   --->   Core 0 '' <Latency = 0> <II = 1> <Delay = 1.00> <Generic> <Opcode : >

State 10 <SV = 9> <Delay = 0.00>
ST_10 : Operation 66 [1/1] (0.00ns)   --->   "%axi_last_V_4_loc_load = load i1 %axi_last_V_4_loc"   --->   Operation 66 'load' 'axi_last_V_4_loc_load' <Predicate = true> <Delay = 0.00>
ST_10 : Operation 67 [1/1] (0.00ns)   --->   "%br_ln143 = br void %loop_width" [/home/lsriw/SR/KocurPawel/git_ycbcr/video_passthrough_kria_repo_1/video_passthrough_kria/video_passthrough_kria.runs/design_1_v_gamma_lut_0_0_synth_1/prj/sol/.autopilot/db/v_gamma_lut.cpp:143]   --->   Operation 67 'br' 'br_ln143' <Predicate = true> <Delay = 0.00>


============================================================
+ Verbose Summary: Binding
============================================================
STG Binding: 
---------------- STG Properties BEGIN ----------------
- Is combinational: 0
- Is one-state seq: 0
- Is datapath-only: 0
- Is pipelined: 0
- Is top level: 0
Port [ Return ] is wired: 1; IO mode=ap_ctrl_hs:ce=0
Port [ s_axis_video_V_data_V]:  wired=1; compound=1; hidden=0; nouse=0; global=0; static=0; extern=0; dir=0; type=0; pingpong=0; private_global=0; IO mode=axis:ce=0
Port [ s_axis_video_V_keep_V]:  wired=1; compound=1; hidden=0; nouse=0; global=0; static=0; extern=0; dir=0; type=0; pingpong=0; private_global=0; IO mode=axis:ce=0
Port [ s_axis_video_V_strb_V]:  wired=1; compound=1; hidden=0; nouse=0; global=0; static=0; extern=0; dir=0; type=0; pingpong=0; private_global=0; IO mode=axis:ce=0
Port [ s_axis_video_V_user_V]:  wired=1; compound=1; hidden=0; nouse=0; global=0; static=0; extern=0; dir=0; type=0; pingpong=0; private_global=0; IO mode=axis:ce=0
Port [ s_axis_video_V_last_V]:  wired=1; compound=1; hidden=0; nouse=0; global=0; static=0; extern=0; dir=0; type=0; pingpong=0; private_global=0; IO mode=axis:ce=0
Port [ s_axis_video_V_id_V]:  wired=1; compound=1; hidden=0; nouse=0; global=0; static=0; extern=0; dir=0; type=0; pingpong=0; private_global=0; IO mode=axis:ce=0
Port [ s_axis_video_V_dest_V]:  wired=1; compound=1; hidden=0; nouse=0; global=0; static=0; extern=0; dir=0; type=0; pingpong=0; private_global=0; IO mode=axis:ce=0
Port [ imgRgb]:  wired=1; compound=1; hidden=0; nouse=0; global=0; static=0; extern=0; dir=1; type=3; pingpong=0; private_global=0; IO mode=ap_fifo:ce=0
Port [ height]:  wired=1; compound=0; hidden=0; nouse=0; global=0; static=0; extern=0; dir=0; type=0; pingpong=0; private_global=0; IO mode=ap_none:ce=0
Port [ width]:  wired=1; compound=0; hidden=0; nouse=0; global=0; static=0; extern=0; dir=0; type=0; pingpong=0; private_global=0; IO mode=ap_none:ce=0
---------------- STG Properties END ------------------

---------------- Datapath Model BEGIN ----------------

<LifeTime>
<method=bitvector/>
i                       (alloca             ) [ 01111111111]
axi_data_V_2            (alloca             ) [ 00111111111]
sof                     (alloca             ) [ 01111111111]
axi_last_V_4_loc        (alloca             ) [ 00111111111]
axi_data_V_3_loc        (alloca             ) [ 00111111111]
eol_loc                 (alloca             ) [ 00111111111]
axi_last_V_loc          (alloca             ) [ 00111000000]
height_read             (read               ) [ 00000000000]
trunc_ln125             (trunc              ) [ 00110000000]
width_read              (read               ) [ 00000000000]
trunc_ln126             (trunc              ) [ 00110000000]
store_ln143             (store              ) [ 00000000000]
store_ln143             (store              ) [ 00000000000]
empty                   (wait               ) [ 00000000000]
call_ln0                (call               ) [ 00000000000]
specaxissidechannel_ln0 (specaxissidechannel) [ 00000000000]
specstablecontent_ln0   (specstablecontent  ) [ 00000000000]
specstablecontent_ln0   (specstablecontent  ) [ 00000000000]
specinterface_ln0       (specinterface      ) [ 00000000000]
specinterface_ln0       (specinterface      ) [ 00000000000]
rows                    (call               ) [ 00000111111]
cols                    (call               ) [ 00000111111]
axi_last_V_loc_load     (load               ) [ 00001111111]
empty_50                (wait               ) [ 00000000000]
cmp8210                 (icmp               ) [ 00000111111]
br_ln143                (br                 ) [ 00001111111]
axi_last_V_2            (phi                ) [ 00000111100]
i_2                     (load               ) [ 00000000000]
axi_data_V              (load               ) [ 00000111111]
icmp_ln143              (icmp               ) [ 00000111111]
speclooptripcount_ln0   (speclooptripcount  ) [ 00000000000]
i_3                     (add                ) [ 00000011000]
br_ln143                (br                 ) [ 00000000000]
specloopname_ln121      (specloopname       ) [ 00000000000]
br_ln146                (br                 ) [ 00000111111]
sof_load                (load               ) [ 00000010000]
empty_51                (wait               ) [ 00000000000]
ret_ln0                 (ret                ) [ 00000000000]
call_ln126              (call               ) [ 00000000000]
eol_loc_load            (load               ) [ 00000111111]
axi_data_V_3_loc_load   (load               ) [ 00000111111]
empty_52                (wait               ) [ 00000000000]
store_ln0               (store              ) [ 00000000000]
br_ln0                  (br                 ) [ 00000111111]
store_ln143             (store              ) [ 00000000000]
axi_data_2_lcssa        (phi                ) [ 00000000110]
axi_last_2_lcssa        (phi                ) [ 00000000110]
eol_0_lcssa             (phi                ) [ 00000000110]
empty_53                (wait               ) [ 00000000000]
call_ln0                (call               ) [ 00000000000]
axi_last_V_4_loc_load   (load               ) [ 00001111111]
br_ln143                (br                 ) [ 00001111111]
</LifeTime>

<model>

<comp_list>
<comp id="0" class="1000" name="s_axis_video_V_data_V">
<pin_list>
<pin id="1" dir="1" index="0" bw="1" slack="0"/>
</pin_list>
<bind>
<StgValue><ssdm name="s_axis_video_V_data_V"/></StgValue>
</bind>
</comp>

<comp id="2" class="1000" name="s_axis_video_V_keep_V">
<pin_list>
<pin id="3" dir="1" index="0" bw="1" slack="0"/>
</pin_list>
<bind>
<StgValue><ssdm name="s_axis_video_V_keep_V"/></StgValue>
</bind>
</comp>

<comp id="4" class="1000" name="s_axis_video_V_strb_V">
<pin_list>
<pin id="5" dir="1" index="0" bw="1" slack="0"/>
</pin_list>
<bind>
<StgValue><ssdm name="s_axis_video_V_strb_V"/></StgValue>
</bind>
</comp>

<comp id="6" class="1000" name="s_axis_video_V_user_V">
<pin_list>
<pin id="7" dir="1" index="0" bw="1" slack="0"/>
</pin_list>
<bind>
<StgValue><ssdm name="s_axis_video_V_user_V"/></StgValue>
</bind>
</comp>

<comp id="8" class="1000" name="s_axis_video_V_last_V">
<pin_list>
<pin id="9" dir="1" index="0" bw="1" slack="0"/>
</pin_list>
<bind>
<StgValue><ssdm name="s_axis_video_V_last_V"/></StgValue>
</bind>
</comp>

<comp id="10" class="1000" name="s_axis_video_V_id_V">
<pin_list>
<pin id="11" dir="1" index="0" bw="1" slack="0"/>
</pin_list>
<bind>
<StgValue><ssdm name="s_axis_video_V_id_V"/></StgValue>
</bind>
</comp>

<comp id="12" class="1000" name="s_axis_video_V_dest_V">
<pin_list>
<pin id="13" dir="1" index="0" bw="1" slack="0"/>
</pin_list>
<bind>
<StgValue><ssdm name="s_axis_video_V_dest_V"/></StgValue>
</bind>
</comp>

<comp id="14" class="1000" name="imgRgb">
<pin_list>
<pin id="15" dir="1" index="0" bw="1" slack="0"/>
</pin_list>
<bind>
<StgValue><ssdm name="imgRgb"/></StgValue>
</bind>
</comp>

<comp id="16" class="1000" name="height">
<pin_list>
<pin id="17" dir="1" index="0" bw="1" slack="0"/>
</pin_list>
<bind>
<StgValue><ssdm name="height"/></StgValue>
</bind>
</comp>

<comp id="18" class="1000" name="width">
<pin_list>
<pin id="19" dir="1" index="0" bw="1" slack="0"/>
</pin_list>
<bind>
<StgValue><ssdm name="width"/></StgValue>
</bind>
</comp>

<comp id="20" class="1001" name="const_20">
<pin_list>
<pin id="21" dir="1" index="0" bw="1" slack="0"/>
</pin_list>
<bind>
<StgValue><ssdm name=""/></StgValue>
</bind>
</comp>

<comp id="22" class="1001" name="const_22">
<pin_list>
<pin id="23" dir="1" index="0" bw="1" slack="0"/>
</pin_list>
<bind>
<StgValue><ssdm name=""/></StgValue>
</bind>
</comp>

<comp id="24" class="1001" name="const_24">
<pin_list>
<pin id="25" dir="1" index="0" bw="1" slack="0"/>
</pin_list>
<bind>
<StgValue><ssdm name="_ssdm_op_Read.ap_auto.i16P0A"/></StgValue>
</bind>
</comp>

<comp id="26" class="1001" name="const_26">
<pin_list>
<pin id="27" dir="1" index="0" bw="1" slack="0"/>
</pin_list>
<bind>
<StgValue><ssdm name=""/></StgValue>
</bind>
</comp>

<comp id="28" class="1001" name="const_28">
<pin_list>
<pin id="29" dir="1" index="0" bw="1" slack="0"/>
</pin_list>
<bind>
<StgValue><ssdm name=""/></StgValue>
</bind>
</comp>

<comp id="30" class="1001" name="const_30">
<pin_list>
<pin id="31" dir="1" index="0" bw="1" slack="2147483647"/>
</pin_list>
<bind>
<StgValue><ssdm name="_ssdm_op_Wait"/></StgValue>
</bind>
</comp>

<comp id="32" class="1001" name="const_32">
<pin_list>
<pin id="33" dir="1" index="0" bw="1" slack="0"/>
</pin_list>
<bind>
<StgValue><ssdm name="AXIvideo2MultiPixStream_Pipeline_loop_wait_for_start"/></StgValue>
</bind>
</comp>

<comp id="34" class="1001" name="const_34">
<pin_list>
<pin id="35" dir="1" index="0" bw="1" slack="0"/>
</pin_list>
<bind>
<StgValue><ssdm name="reg<unsigned short>"/></StgValue>
</bind>
</comp>

<comp id="36" class="1001" name="const_36">
<pin_list>
<pin id="37" dir="1" index="0" bw="1" slack="2147483647"/>
</pin_list>
<bind>
<StgValue><ssdm name="_ssdm_op_SpecAXISSideChannel"/></StgValue>
</bind>
</comp>

<comp id="38" class="1001" name="const_38">
<pin_list>
<pin id="39" dir="1" index="0" bw="1" slack="2147483647"/>
</pin_list>
<bind>
<StgValue><ssdm name="empty_13"/></StgValue>
</bind>
</comp>

<comp id="40" class="1001" name="const_40">
<pin_list>
<pin id="41" dir="1" index="0" bw="1" slack="2147483647"/>
</pin_list>
<bind>
<StgValue><ssdm name="_ssdm_op_SpecStableContent"/></StgValue>
</bind>
</comp>

<comp id="42" class="1001" name="const_42">
<pin_list>
<pin id="43" dir="1" index="0" bw="1" slack="2147483647"/>
</pin_list>
<bind>
<StgValue><ssdm name=""/></StgValue>
</bind>
</comp>

<comp id="44" class="1001" name="const_44">
<pin_list>
<pin id="45" dir="1" index="0" bw="1" slack="2147483647"/>
</pin_list>
<bind>
<StgValue><ssdm name="_ssdm_op_SpecInterface"/></StgValue>
</bind>
</comp>

<comp id="46" class="1001" name="const_46">
<pin_list>
<pin id="47" dir="1" index="0" bw="1" slack="2147483647"/>
</pin_list>
<bind>
<StgValue><ssdm name="empty_11"/></StgValue>
</bind>
</comp>

<comp id="48" class="1001" name="const_48">
<pin_list>
<pin id="49" dir="1" index="0" bw="1" slack="2147483647"/>
</pin_list>
<bind>
<StgValue><ssdm name=""/></StgValue>
</bind>
</comp>

<comp id="50" class="1001" name="const_50">
<pin_list>
<pin id="51" dir="1" index="0" bw="1" slack="2147483647"/>
</pin_list>
<bind>
<StgValue><ssdm name="empty_1"/></StgValue>
</bind>
</comp>

<comp id="52" class="1001" name="const_52">
<pin_list>
<pin id="53" dir="1" index="0" bw="1" slack="2147483647"/>
</pin_list>
<bind>
<StgValue><ssdm name=""/></StgValue>
</bind>
</comp>

<comp id="54" class="1001" name="const_54">
<pin_list>
<pin id="55" dir="1" index="0" bw="1" slack="2147483647"/>
</pin_list>
<bind>
<StgValue><ssdm name="empty_4"/></StgValue>
</bind>
</comp>

<comp id="56" class="1001" name="const_56">
<pin_list>
<pin id="57" dir="1" index="0" bw="1" slack="2147483647"/>
</pin_list>
<bind>
<StgValue><ssdm name="empty_3"/></StgValue>
</bind>
</comp>

<comp id="58" class="1001" name="const_58">
<pin_list>
<pin id="59" dir="1" index="0" bw="1" slack="2147483647"/>
</pin_list>
<bind>
<StgValue><ssdm name="_ssdm_op_SpecLoopTripCount"/></StgValue>
</bind>
</comp>

<comp id="60" class="1001" name="const_60">
<pin_list>
<pin id="61" dir="1" index="0" bw="1" slack="2147483647"/>
</pin_list>
<bind>
<StgValue><ssdm name=""/></StgValue>
</bind>
</comp>

<comp id="62" class="1001" name="const_62">
<pin_list>
<pin id="63" dir="1" index="0" bw="1" slack="2147483647"/>
</pin_list>
<bind>
<StgValue><ssdm name=""/></StgValue>
</bind>
</comp>

<comp id="64" class="1001" name="const_64">
<pin_list>
<pin id="65" dir="1" index="0" bw="1" slack="0"/>
</pin_list>
<bind>
<StgValue><ssdm name=""/></StgValue>
</bind>
</comp>

<comp id="66" class="1001" name="const_66">
<pin_list>
<pin id="67" dir="1" index="0" bw="1" slack="2147483647"/>
</pin_list>
<bind>
<StgValue><ssdm name="_ssdm_op_SpecLoopName"/></StgValue>
</bind>
</comp>

<comp id="68" class="1001" name="const_68">
<pin_list>
<pin id="69" dir="1" index="0" bw="1" slack="2147483647"/>
</pin_list>
<bind>
<StgValue><ssdm name="empty_19"/></StgValue>
</bind>
</comp>

<comp id="70" class="1001" name="const_70">
<pin_list>
<pin id="71" dir="1" index="0" bw="1" slack="0"/>
</pin_list>
<bind>
<StgValue><ssdm name="AXIvideo2MultiPixStream_Pipeline_loop_width"/></StgValue>
</bind>
</comp>

<comp id="72" class="1001" name="const_72">
<pin_list>
<pin id="73" dir="1" index="0" bw="1" slack="0"/>
</pin_list>
<bind>
<StgValue><ssdm name=""/></StgValue>
</bind>
</comp>

<comp id="74" class="1001" name="const_74">
<pin_list>
<pin id="75" dir="1" index="0" bw="1" slack="0"/>
</pin_list>
<bind>
<StgValue><ssdm name="AXIvideo2MultiPixStream_Pipeline_loop_wait_for_eol"/></StgValue>
</bind>
</comp>

<comp id="76" class="1004" name="i_fu_76">
<pin_list>
<pin id="77" dir="0" index="0" bw="1" slack="0"/>
<pin id="78" dir="1" index="1" bw="11" slack="0"/>
</pin_list>
<bind>
<opcode="alloca(26) " fcode="alloca"/>
<opset="i/1 "/>
</bind>
</comp>

<comp id="80" class="1004" name="axi_data_V_2_fu_80">
<pin_list>
<pin id="81" dir="0" index="0" bw="1" slack="0"/>
<pin id="82" dir="1" index="1" bw="30" slack="1"/>
</pin_list>
<bind>
<opcode="alloca(26) " fcode="alloca"/>
<opset="axi_data_V_2/1 "/>
</bind>
</comp>

<comp id="84" class="1004" name="sof_fu_84">
<pin_list>
<pin id="85" dir="0" index="0" bw="1" slack="0"/>
<pin id="86" dir="1" index="1" bw="1" slack="0"/>
</pin_list>
<bind>
<opcode="alloca(26) " fcode="alloca"/>
<opset="sof/1 "/>
</bind>
</comp>

<comp id="88" class="1004" name="axi_last_V_4_loc_fu_88">
<pin_list>
<pin id="89" dir="0" index="0" bw="1" slack="0"/>
<pin id="90" dir="1" index="1" bw="1" slack="7"/>
</pin_list>
<bind>
<opcode="alloca(26) " fcode="alloca"/>
<opset="axi_last_V_4_loc/1 "/>
</bind>
</comp>

<comp id="92" class="1004" name="axi_data_V_3_loc_fu_92">
<pin_list>
<pin id="93" dir="0" index="0" bw="1" slack="0"/>
<pin id="94" dir="1" index="1" bw="30" slack="4"/>
</pin_list>
<bind>
<opcode="alloca(26) " fcode="alloca"/>
<opset="axi_data_V_3_loc/1 "/>
</bind>
</comp>

<comp id="96" class="1004" name="eol_loc_fu_96">
<pin_list>
<pin id="97" dir="0" index="0" bw="1" slack="0"/>
<pin id="98" dir="1" index="1" bw="1" slack="4"/>
</pin_list>
<bind>
<opcode="alloca(26) " fcode="alloca"/>
<opset="eol_loc/1 "/>
</bind>
</comp>

<comp id="100" class="1004" name="axi_last_V_loc_fu_100">
<pin_list>
<pin id="101" dir="0" index="0" bw="1" slack="0"/>
<pin id="102" dir="1" index="1" bw="1" slack="1"/>
</pin_list>
<bind>
<opcode="alloca(26) " fcode="alloca"/>
<opset="axi_last_V_loc/1 "/>
</bind>
</comp>

<comp id="104" class="1004" name="height_read_read_fu_104">
<pin_list>
<pin id="105" dir="0" index="0" bw="16" slack="0"/>
<pin id="106" dir="0" index="1" bw="16" slack="0"/>
<pin id="107" dir="1" index="2" bw="16" slack="0"/>
</pin_list>
<bind>
<opcode="read(1150) " fcode="read"/>
<opset="height_read/1 "/>
</bind>
</comp>

<comp id="110" class="1004" name="width_read_read_fu_110">
<pin_list>
<pin id="111" dir="0" index="0" bw="16" slack="0"/>
<pin id="112" dir="0" index="1" bw="16" slack="0"/>
<pin id="113" dir="1" index="2" bw="16" slack="0"/>
</pin_list>
<bind>
<opcode="read(1150) " fcode="read"/>
<opset="width_read/1 "/>
</bind>
</comp>

<comp id="116" class="1005" name="axi_last_V_2_reg_116">
<pin_list>
<pin id="117" dir="0" index="0" bw="1" slack="1"/>
<pin id="118" dir="1" index="1" bw="1" slack="3"/>
</pin_list>
<bind>
<opset="axi_last_V_2 (phireg) "/>
</bind>
</comp>

<comp id="119" class="1004" name="axi_last_V_2_phi_fu_119">
<pin_list>
<pin id="120" dir="0" index="0" bw="1" slack="2147483647"/>
<pin id="121" dir="0" index="1" bw="0" slack="2147483647"/>
<pin id="122" dir="0" index="2" bw="1" slack="2147483647"/>
<pin id="123" dir="0" index="3" bw="0" slack="2147483647"/>
<pin id="124" dir="1" index="4" bw="1" slack="0"/>
</pin_list>
<bind>
<opcode="phi(47) " fcode="phi"/>
<opset="axi_last_V_2/5 "/>
</bind>
</comp>

<comp id="126" class="1005" name="axi_data_2_lcssa_reg_126">
<pin_list>
<pin id="127" dir="0" index="0" bw="30" slack="1"/>
<pin id="128" dir="1" index="1" bw="30" slack="2147483647"/>
</pin_list>
<bind>
<opset="axi_data_2_lcssa (phireg) "/>
</bind>
</comp>

<comp id="129" class="1004" name="axi_data_2_lcssa_phi_fu_129">
<pin_list>
<pin id="130" dir="0" index="0" bw="30" slack="2147483647"/>
<pin id="131" dir="0" index="1" bw="0" slack="2147483647"/>
<pin id="132" dir="0" index="2" bw="30" slack="2147483647"/>
<pin id="133" dir="0" index="3" bw="0" slack="2147483647"/>
<pin id="134" dir="1" index="4" bw="30" slack="0"/>
</pin_list>
<bind>
<opcode="phi(47) " fcode="phi"/>
<opset="axi_data_2_lcssa/8 "/>
</bind>
</comp>

<comp id="136" class="1005" name="axi_last_2_lcssa_reg_136">
<pin_list>
<pin id="137" dir="0" index="0" bw="1" slack="1"/>
<pin id="138" dir="1" index="1" bw="1" slack="2147483647"/>
</pin_list>
<bind>
<opset="axi_last_2_lcssa (phireg) "/>
</bind>
</comp>

<comp id="139" class="1004" name="axi_last_2_lcssa_phi_fu_139">
<pin_list>
<pin id="140" dir="0" index="0" bw="1" slack="2147483647"/>
<pin id="141" dir="0" index="1" bw="0" slack="2147483647"/>
<pin id="142" dir="0" index="2" bw="1" slack="3"/>
<pin id="143" dir="0" index="3" bw="0" slack="2147483647"/>
<pin id="144" dir="1" index="4" bw="1" slack="0"/>
</pin_list>
<bind>
<opcode="phi(47) " fcode="phi"/>
<opset="axi_last_2_lcssa/8 "/>
</bind>
</comp>

<comp id="147" class="1005" name="eol_0_lcssa_reg_147">
<pin_list>
<pin id="148" dir="0" index="0" bw="1" slack="1"/>
<pin id="149" dir="1" index="1" bw="1" slack="3"/>
</pin_list>
<bind>
<opset="eol_0_lcssa (phireg) "/>
</bind>
</comp>

<comp id="151" class="1004" name="eol_0_lcssa_phi_fu_151">
<pin_list>
<pin id="152" dir="0" index="0" bw="1" slack="2147483647"/>
<pin id="153" dir="0" index="1" bw="0" slack="2147483647"/>
<pin id="154" dir="0" index="2" bw="1" slack="3"/>
<pin id="155" dir="0" index="3" bw="0" slack="2147483647"/>
<pin id="156" dir="1" index="4" bw="1" slack="0"/>
</pin_list>
<bind>
<opcode="phi(47) " fcode="phi"/>
<opset="eol_0_lcssa/8 "/>
</bind>
</comp>

<comp id="159" class="1004" name="grp_AXIvideo2MultiPixStream_Pipeline_loop_wait_for_start_fu_159">
<pin_list>
<pin id="160" dir="0" index="0" bw="0" slack="0"/>
<pin id="161" dir="0" index="1" bw="32" slack="0"/>
<pin id="162" dir="0" index="2" bw="4" slack="0"/>
<pin id="163" dir="0" index="3" bw="4" slack="0"/>
<pin id="164" dir="0" index="4" bw="1" slack="0"/>
<pin id="165" dir="0" index="5" bw="1" slack="0"/>
<pin id="166" dir="0" index="6" bw="1" slack="0"/>
<pin id="167" dir="0" index="7" bw="1" slack="0"/>
<pin id="168" dir="0" index="8" bw="30" slack="1"/>
<pin id="169" dir="0" index="9" bw="1" slack="1"/>
<pin id="170" dir="1" index="10" bw="0" slack="2147483647"/>
</pin_list>
<bind>
<opcode="call(48) " fcode="call"/>
<opset="call_ln0/2 "/>
</bind>
</comp>

<comp id="179" class="1004" name="grp_AXIvideo2MultiPixStream_Pipeline_loop_width_fu_179">
<pin_list>
<pin id="180" dir="0" index="0" bw="0" slack="0"/>
<pin id="181" dir="0" index="1" bw="1" slack="0"/>
<pin id="182" dir="0" index="2" bw="1" slack="0"/>
<pin id="183" dir="0" index="3" bw="30" slack="0"/>
<pin id="184" dir="0" index="4" bw="11" slack="1"/>
<pin id="185" dir="0" index="5" bw="30" slack="0"/>
<pin id="186" dir="0" index="6" bw="32" slack="0"/>
<pin id="187" dir="0" index="7" bw="4" slack="0"/>
<pin id="188" dir="0" index="8" bw="4" slack="0"/>
<pin id="189" dir="0" index="9" bw="1" slack="0"/>
<pin id="190" dir="0" index="10" bw="1" slack="0"/>
<pin id="191" dir="0" index="11" bw="1" slack="0"/>
<pin id="192" dir="0" index="12" bw="1" slack="0"/>
<pin id="193" dir="0" index="13" bw="1" slack="4"/>
<pin id="194" dir="0" index="14" bw="30" slack="4"/>
<pin id="195" dir="1" index="15" bw="0" slack="2147483647"/>
</pin_list>
<bind>
<opcode="call(48) " fcode="call"/>
<opset="call_ln126/5 "/>
</bind>
</comp>

<comp id="206" class="1004" name="grp_AXIvideo2MultiPixStream_Pipeline_loop_wait_for_eol_fu_206">
<pin_list>
<pin id="207" dir="0" index="0" bw="0" slack="0"/>
<pin id="208" dir="0" index="1" bw="30" slack="0"/>
<pin id="209" dir="0" index="2" bw="1" slack="0"/>
<pin id="210" dir="0" index="3" bw="1" slack="0"/>
<pin id="211" dir="0" index="4" bw="32" slack="0"/>
<pin id="212" dir="0" index="5" bw="4" slack="0"/>
<pin id="213" dir="0" index="6" bw="4" slack="0"/>
<pin id="214" dir="0" index="7" bw="1" slack="0"/>
<pin id="215" dir="0" index="8" bw="1" slack="0"/>
<pin id="216" dir="0" index="9" bw="1" slack="0"/>
<pin id="217" dir="0" index="10" bw="1" slack="0"/>
<pin id="218" dir="0" index="11" bw="30" slack="7"/>
<pin id="219" dir="0" index="12" bw="1" slack="7"/>
<pin id="220" dir="1" index="13" bw="0" slack="2147483647"/>
</pin_list>
<bind>
<opcode="call(48) " fcode="call"/>
<opset="call_ln0/8 "/>
</bind>
</comp>

<comp id="232" class="1004" name="trunc_ln125_fu_232">
<pin_list>
<pin id="233" dir="0" index="0" bw="16" slack="0"/>
<pin id="234" dir="1" index="1" bw="11" slack="2"/>
</pin_list>
<bind>
<opcode="trunc(33) " fcode="trunc"/>
<opset="trunc_ln125/1 "/>
</bind>
</comp>

<comp id="236" class="1004" name="trunc_ln126_fu_236">
<pin_list>
<pin id="237" dir="0" index="0" bw="16" slack="0"/>
<pin id="238" dir="1" index="1" bw="11" slack="2"/>
</pin_list>
<bind>
<opcode="trunc(33) " fcode="trunc"/>
<opset="trunc_ln126/1 "/>
</bind>
</comp>

<comp id="240" class="1004" name="store_ln143_store_fu_240">
<pin_list>
<pin id="241" dir="0" index="0" bw="1" slack="0"/>
<pin id="242" dir="0" index="1" bw="1" slack="0"/>
<pin id="243" dir="1" index="2" bw="0" slack="2147483647"/>
</pin_list>
<bind>
<opcode="store(28) " fcode="store"/>
<opset="store_ln143/1 "/>
</bind>
</comp>

<comp id="245" class="1004" name="store_ln143_store_fu_245">
<pin_list>
<pin id="246" dir="0" index="0" bw="1" slack="0"/>
<pin id="247" dir="0" index="1" bw="11" slack="0"/>
<pin id="248" dir="1" index="2" bw="0" slack="2147483647"/>
</pin_list>
<bind>
<opcode="store(28) " fcode="store"/>
<opset="store_ln143/1 "/>
</bind>
</comp>

<comp id="250" class="1004" name="grp_reg_unsigned_short_s_fu_250">
<pin_list>
<pin id="251" dir="0" index="0" bw="11" slack="0"/>
<pin id="252" dir="0" index="1" bw="11" slack="2"/>
<pin id="253" dir="1" index="2" bw="11" slack="1"/>
</pin_list>
<bind>
<opcode="call(48) " fcode="call"/>
<opset="rows/3 "/>
</bind>
</comp>

<comp id="255" class="1004" name="grp_reg_unsigned_short_s_fu_255">
<pin_list>
<pin id="256" dir="0" index="0" bw="11" slack="0"/>
<pin id="257" dir="0" index="1" bw="11" slack="2"/>
<pin id="258" dir="1" index="2" bw="11" slack="0"/>
</pin_list>
<bind>
<opcode="call(48) " fcode="call"/>
<opset="cols/3 "/>
</bind>
</comp>

<comp id="260" class="1004" name="axi_last_V_loc_load_load_fu_260">
<pin_list>
<pin id="261" dir="0" index="0" bw="1" slack="3"/>
<pin id="262" dir="1" index="1" bw="1" slack="2147483647"/>
</pin_list>
<bind>
<opcode="load(27) " fcode="load"/>
<opset="axi_last_V_loc_load/4 "/>
</bind>
</comp>

<comp id="263" class="1004" name="cmp8210_fu_263">
<pin_list>
<pin id="264" dir="0" index="0" bw="11" slack="0"/>
<pin id="265" dir="0" index="1" bw="11" slack="0"/>
<pin id="266" dir="1" index="2" bw="1" slack="1"/>
</pin_list>
<bind>
<opcode="icmp(45) " fcode="icmp"/>
<opset="cmp8210/4 "/>
</bind>
</comp>

<comp id="269" class="1004" name="i_2_load_fu_269">
<pin_list>
<pin id="270" dir="0" index="0" bw="11" slack="4"/>
<pin id="271" dir="1" index="1" bw="11" slack="0"/>
</pin_list>
<bind>
<opcode="load(27) " fcode="load"/>
<opset="i_2/5 "/>
</bind>
</comp>

<comp id="272" class="1004" name="axi_data_V_load_fu_272">
<pin_list>
<pin id="273" dir="0" index="0" bw="30" slack="4"/>
<pin id="274" dir="1" index="1" bw="30" slack="0"/>
</pin_list>
<bind>
<opcode="load(27) " fcode="load"/>
<opset="axi_data_V/5 "/>
</bind>
</comp>

<comp id="276" class="1004" name="icmp_ln143_fu_276">
<pin_list>
<pin id="277" dir="0" index="0" bw="11" slack="0"/>
<pin id="278" dir="0" index="1" bw="11" slack="1"/>
<pin id="279" dir="1" index="2" bw="1" slack="2147483647"/>
</pin_list>
<bind>
<opcode="icmp(45) " fcode="icmp"/>
<opset="icmp_ln143/5 "/>
</bind>
</comp>

<comp id="281" class="1004" name="i_3_fu_281">
<pin_list>
<pin id="282" dir="0" index="0" bw="11" slack="0"/>
<pin id="283" dir="0" index="1" bw="1" slack="0"/>
<pin id="284" dir="1" index="2" bw="11" slack="2"/>
</pin_list>
<bind>
<opcode="add(8) " fcode="add"/>
<opset="i_3/5 "/>
</bind>
</comp>

<comp id="287" class="1004" name="sof_load_load_fu_287">
<pin_list>
<pin id="288" dir="0" index="0" bw="1" slack="4"/>
<pin id="289" dir="1" index="1" bw="1" slack="0"/>
</pin_list>
<bind>
<opcode="load(27) " fcode="load"/>
<opset="sof_load/5 "/>
</bind>
</comp>

<comp id="291" class="1004" name="eol_loc_load_load_fu_291">
<pin_list>
<pin id="292" dir="0" index="0" bw="1" slack="6"/>
<pin id="293" dir="1" index="1" bw="1" slack="2147483647"/>
</pin_list>
<bind>
<opcode="load(27) " fcode="load"/>
<opset="eol_loc_load/7 "/>
</bind>
</comp>

<comp id="294" class="1004" name="axi_data_V_3_loc_load_load_fu_294">
<pin_list>
<pin id="295" dir="0" index="0" bw="30" slack="6"/>
<pin id="296" dir="1" index="1" bw="30" slack="2147483647"/>
</pin_list>
<bind>
<opcode="load(27) " fcode="load"/>
<opset="axi_data_V_3_loc_load/7 "/>
</bind>
</comp>

<comp id="297" class="1004" name="store_ln0_store_fu_297">
<pin_list>
<pin id="298" dir="0" index="0" bw="1" slack="0"/>
<pin id="299" dir="0" index="1" bw="1" slack="6"/>
<pin id="300" dir="1" index="2" bw="0" slack="2147483647"/>
</pin_list>
<bind>
<opcode="store(28) " fcode="store"/>
<opset="store_ln0/7 "/>
</bind>
</comp>

<comp id="302" class="1004" name="store_ln143_store_fu_302">
<pin_list>
<pin id="303" dir="0" index="0" bw="11" slack="2"/>
<pin id="304" dir="0" index="1" bw="11" slack="6"/>
<pin id="305" dir="1" index="2" bw="0" slack="2147483647"/>
</pin_list>
<bind>
<opcode="store(28) " fcode="store"/>
<opset="store_ln143/7 "/>
</bind>
</comp>

<comp id="306" class="1004" name="axi_last_V_4_loc_load_load_fu_306">
<pin_list>
<pin id="307" dir="0" index="0" bw="1" slack="9"/>
<pin id="308" dir="1" index="1" bw="1" slack="2147483647"/>
</pin_list>
<bind>
<opcode="load(27) " fcode="load"/>
<opset="axi_last_V_4_loc_load/10 "/>
</bind>
</comp>

<comp id="309" class="1005" name="i_reg_309">
<pin_list>
<pin id="310" dir="0" index="0" bw="11" slack="0"/>
<pin id="311" dir="1" index="1" bw="11" slack="0"/>
</pin_list>
<bind>
<opset="i "/>
</bind>
</comp>

<comp id="316" class="1005" name="axi_data_V_2_reg_316">
<pin_list>
<pin id="317" dir="0" index="0" bw="30" slack="1"/>
<pin id="318" dir="1" index="1" bw="30" slack="1"/>
</pin_list>
<bind>
<opset="axi_data_V_2 "/>
</bind>
</comp>

<comp id="323" class="1005" name="sof_reg_323">
<pin_list>
<pin id="324" dir="0" index="0" bw="1" slack="0"/>
<pin id="325" dir="1" index="1" bw="1" slack="0"/>
</pin_list>
<bind>
<opset="sof "/>
</bind>
</comp>

<comp id="330" class="1005" name="axi_last_V_4_loc_reg_330">
<pin_list>
<pin id="331" dir="0" index="0" bw="1" slack="7"/>
<pin id="332" dir="1" index="1" bw="1" slack="7"/>
</pin_list>
<bind>
<opset="axi_last_V_4_loc "/>
</bind>
</comp>

<comp id="336" class="1005" name="axi_data_V_3_loc_reg_336">
<pin_list>
<pin id="337" dir="0" index="0" bw="30" slack="4"/>
<pin id="338" dir="1" index="1" bw="30" slack="4"/>
</pin_list>
<bind>
<opset="axi_data_V_3_loc "/>
</bind>
</comp>

<comp id="342" class="1005" name="eol_loc_reg_342">
<pin_list>
<pin id="343" dir="0" index="0" bw="1" slack="4"/>
<pin id="344" dir="1" index="1" bw="1" slack="4"/>
</pin_list>
<bind>
<opset="eol_loc "/>
</bind>
</comp>

<comp id="348" class="1005" name="axi_last_V_loc_reg_348">
<pin_list>
<pin id="349" dir="0" index="0" bw="1" slack="1"/>
<pin id="350" dir="1" index="1" bw="1" slack="1"/>
</pin_list>
<bind>
<opset="axi_last_V_loc "/>
</bind>
</comp>

<comp id="354" class="1005" name="trunc_ln125_reg_354">
<pin_list>
<pin id="355" dir="0" index="0" bw="11" slack="2"/>
<pin id="356" dir="1" index="1" bw="11" slack="2"/>
</pin_list>
<bind>
<opset="trunc_ln125 "/>
</bind>
</comp>

<comp id="359" class="1005" name="trunc_ln126_reg_359">
<pin_list>
<pin id="360" dir="0" index="0" bw="11" slack="2"/>
<pin id="361" dir="1" index="1" bw="11" slack="2"/>
</pin_list>
<bind>
<opset="trunc_ln126 "/>
</bind>
</comp>

<comp id="364" class="1005" name="rows_reg_364">
<pin_list>
<pin id="365" dir="0" index="0" bw="11" slack="1"/>
<pin id="366" dir="1" index="1" bw="11" slack="1"/>
</pin_list>
<bind>
<opset="rows "/>
</bind>
</comp>

<comp id="369" class="1005" name="cols_reg_369">
<pin_list>
<pin id="370" dir="0" index="0" bw="11" slack="1"/>
<pin id="371" dir="1" index="1" bw="11" slack="1"/>
</pin_list>
<bind>
<opset="cols "/>
</bind>
</comp>

<comp id="377" class="1005" name="cmp8210_reg_377">
<pin_list>
<pin id="378" dir="0" index="0" bw="1" slack="1"/>
<pin id="379" dir="1" index="1" bw="1" slack="2147483647"/>
</pin_list>
<bind>
<opset="cmp8210 "/>
</bind>
</comp>

<comp id="387" class="1005" name="i_3_reg_387">
<pin_list>
<pin id="388" dir="0" index="0" bw="11" slack="2"/>
<pin id="389" dir="1" index="1" bw="11" slack="2"/>
</pin_list>
<bind>
<opset="i_3 "/>
</bind>
</comp>

</comp_list>

<net_list>
<net id="79"><net_src comp="20" pin="0"/><net_sink comp="76" pin=0"/></net>

<net id="83"><net_src comp="20" pin="0"/><net_sink comp="80" pin=0"/></net>

<net id="87"><net_src comp="20" pin="0"/><net_sink comp="84" pin=0"/></net>

<net id="91"><net_src comp="22" pin="0"/><net_sink comp="88" pin=0"/></net>

<net id="95"><net_src comp="22" pin="0"/><net_sink comp="92" pin=0"/></net>

<net id="99"><net_src comp="22" pin="0"/><net_sink comp="96" pin=0"/></net>

<net id="103"><net_src comp="22" pin="0"/><net_sink comp="100" pin=0"/></net>

<net id="108"><net_src comp="24" pin="0"/><net_sink comp="104" pin=0"/></net>

<net id="109"><net_src comp="16" pin="0"/><net_sink comp="104" pin=1"/></net>

<net id="114"><net_src comp="24" pin="0"/><net_sink comp="110" pin=0"/></net>

<net id="115"><net_src comp="18" pin="0"/><net_sink comp="110" pin=1"/></net>

<net id="125"><net_src comp="119" pin="4"/><net_sink comp="116" pin=0"/></net>

<net id="135"><net_src comp="129" pin="4"/><net_sink comp="126" pin=0"/></net>

<net id="145"><net_src comp="116" pin="1"/><net_sink comp="139" pin=2"/></net>

<net id="146"><net_src comp="139" pin="4"/><net_sink comp="136" pin=0"/></net>

<net id="150"><net_src comp="72" pin="0"/><net_sink comp="147" pin=0"/></net>

<net id="157"><net_src comp="147" pin="1"/><net_sink comp="151" pin=2"/></net>

<net id="158"><net_src comp="151" pin="4"/><net_sink comp="147" pin=0"/></net>

<net id="171"><net_src comp="32" pin="0"/><net_sink comp="159" pin=0"/></net>

<net id="172"><net_src comp="0" pin="0"/><net_sink comp="159" pin=1"/></net>

<net id="173"><net_src comp="2" pin="0"/><net_sink comp="159" pin=2"/></net>

<net id="174"><net_src comp="4" pin="0"/><net_sink comp="159" pin=3"/></net>

<net id="175"><net_src comp="6" pin="0"/><net_sink comp="159" pin=4"/></net>

<net id="176"><net_src comp="8" pin="0"/><net_sink comp="159" pin=5"/></net>

<net id="177"><net_src comp="10" pin="0"/><net_sink comp="159" pin=6"/></net>

<net id="178"><net_src comp="12" pin="0"/><net_sink comp="159" pin=7"/></net>

<net id="196"><net_src comp="70" pin="0"/><net_sink comp="179" pin=0"/></net>

<net id="197"><net_src comp="119" pin="4"/><net_sink comp="179" pin=2"/></net>

<net id="198"><net_src comp="14" pin="0"/><net_sink comp="179" pin=5"/></net>

<net id="199"><net_src comp="0" pin="0"/><net_sink comp="179" pin=6"/></net>

<net id="200"><net_src comp="2" pin="0"/><net_sink comp="179" pin=7"/></net>

<net id="201"><net_src comp="4" pin="0"/><net_sink comp="179" pin=8"/></net>

<net id="202"><net_src comp="6" pin="0"/><net_sink comp="179" pin=9"/></net>

<net id="203"><net_src comp="8" pin="0"/><net_sink comp="179" pin=10"/></net>

<net id="204"><net_src comp="10" pin="0"/><net_sink comp="179" pin=11"/></net>

<net id="205"><net_src comp="12" pin="0"/><net_sink comp="179" pin=12"/></net>

<net id="221"><net_src comp="74" pin="0"/><net_sink comp="206" pin=0"/></net>

<net id="222"><net_src comp="129" pin="4"/><net_sink comp="206" pin=1"/></net>

<net id="223"><net_src comp="139" pin="4"/><net_sink comp="206" pin=2"/></net>

<net id="224"><net_src comp="151" pin="4"/><net_sink comp="206" pin=3"/></net>

<net id="225"><net_src comp="0" pin="0"/><net_sink comp="206" pin=4"/></net>

<net id="226"><net_src comp="2" pin="0"/><net_sink comp="206" pin=5"/></net>

<net id="227"><net_src comp="4" pin="0"/><net_sink comp="206" pin=6"/></net>

<net id="228"><net_src comp="6" pin="0"/><net_sink comp="206" pin=7"/></net>

<net id="229"><net_src comp="8" pin="0"/><net_sink comp="206" pin=8"/></net>

<net id="230"><net_src comp="10" pin="0"/><net_sink comp="206" pin=9"/></net>

<net id="231"><net_src comp="12" pin="0"/><net_sink comp="206" pin=10"/></net>

<net id="235"><net_src comp="104" pin="2"/><net_sink comp="232" pin=0"/></net>

<net id="239"><net_src comp="110" pin="2"/><net_sink comp="236" pin=0"/></net>

<net id="244"><net_src comp="26" pin="0"/><net_sink comp="240" pin=0"/></net>

<net id="249"><net_src comp="28" pin="0"/><net_sink comp="245" pin=0"/></net>

<net id="254"><net_src comp="34" pin="0"/><net_sink comp="250" pin=0"/></net>

<net id="259"><net_src comp="34" pin="0"/><net_sink comp="255" pin=0"/></net>

<net id="267"><net_src comp="255" pin="2"/><net_sink comp="263" pin=0"/></net>

<net id="268"><net_src comp="28" pin="0"/><net_sink comp="263" pin=1"/></net>

<net id="275"><net_src comp="272" pin="1"/><net_sink comp="179" pin=3"/></net>

<net id="280"><net_src comp="269" pin="1"/><net_sink comp="276" pin=0"/></net>

<net id="285"><net_src comp="269" pin="1"/><net_sink comp="281" pin=0"/></net>

<net id="286"><net_src comp="64" pin="0"/><net_sink comp="281" pin=1"/></net>

<net id="290"><net_src comp="287" pin="1"/><net_sink comp="179" pin=1"/></net>

<net id="301"><net_src comp="72" pin="0"/><net_sink comp="297" pin=0"/></net>

<net id="312"><net_src comp="76" pin="1"/><net_sink comp="309" pin=0"/></net>

<net id="313"><net_src comp="309" pin="1"/><net_sink comp="245" pin=1"/></net>

<net id="314"><net_src comp="309" pin="1"/><net_sink comp="269" pin=0"/></net>

<net id="315"><net_src comp="309" pin="1"/><net_sink comp="302" pin=1"/></net>

<net id="319"><net_src comp="80" pin="1"/><net_sink comp="316" pin=0"/></net>

<net id="320"><net_src comp="316" pin="1"/><net_sink comp="159" pin=8"/></net>

<net id="321"><net_src comp="316" pin="1"/><net_sink comp="272" pin=0"/></net>

<net id="322"><net_src comp="316" pin="1"/><net_sink comp="206" pin=11"/></net>

<net id="326"><net_src comp="84" pin="1"/><net_sink comp="323" pin=0"/></net>

<net id="327"><net_src comp="323" pin="1"/><net_sink comp="240" pin=1"/></net>

<net id="328"><net_src comp="323" pin="1"/><net_sink comp="287" pin=0"/></net>

<net id="329"><net_src comp="323" pin="1"/><net_sink comp="297" pin=1"/></net>

<net id="333"><net_src comp="88" pin="1"/><net_sink comp="330" pin=0"/></net>

<net id="334"><net_src comp="330" pin="1"/><net_sink comp="206" pin=12"/></net>

<net id="335"><net_src comp="330" pin="1"/><net_sink comp="306" pin=0"/></net>

<net id="339"><net_src comp="92" pin="1"/><net_sink comp="336" pin=0"/></net>

<net id="340"><net_src comp="336" pin="1"/><net_sink comp="179" pin=14"/></net>

<net id="341"><net_src comp="336" pin="1"/><net_sink comp="294" pin=0"/></net>

<net id="345"><net_src comp="96" pin="1"/><net_sink comp="342" pin=0"/></net>

<net id="346"><net_src comp="342" pin="1"/><net_sink comp="179" pin=13"/></net>

<net id="347"><net_src comp="342" pin="1"/><net_sink comp="291" pin=0"/></net>

<net id="351"><net_src comp="100" pin="1"/><net_sink comp="348" pin=0"/></net>

<net id="352"><net_src comp="348" pin="1"/><net_sink comp="159" pin=9"/></net>

<net id="353"><net_src comp="348" pin="1"/><net_sink comp="260" pin=0"/></net>

<net id="357"><net_src comp="232" pin="1"/><net_sink comp="354" pin=0"/></net>

<net id="358"><net_src comp="354" pin="1"/><net_sink comp="250" pin=1"/></net>

<net id="362"><net_src comp="236" pin="1"/><net_sink comp="359" pin=0"/></net>

<net id="363"><net_src comp="359" pin="1"/><net_sink comp="255" pin=1"/></net>

<net id="367"><net_src comp="250" pin="2"/><net_sink comp="364" pin=0"/></net>

<net id="368"><net_src comp="364" pin="1"/><net_sink comp="276" pin=1"/></net>

<net id="372"><net_src comp="255" pin="2"/><net_sink comp="369" pin=0"/></net>

<net id="373"><net_src comp="369" pin="1"/><net_sink comp="179" pin=4"/></net>

<net id="380"><net_src comp="263" pin="2"/><net_sink comp="377" pin=0"/></net>

<net id="390"><net_src comp="281" pin="2"/><net_sink comp="387" pin=0"/></net>

<net id="391"><net_src comp="387" pin="1"/><net_sink comp="302" pin=0"/></net>

</net_list>

</model> 
---------------- Datapath Model END ------------------

* FSMD analyzer results:
  - Output states:
	Port: s_axis_video_V_data_V | {}
	Port: s_axis_video_V_keep_V | {}
	Port: s_axis_video_V_strb_V | {}
	Port: s_axis_video_V_user_V | {}
	Port: s_axis_video_V_last_V | {}
	Port: s_axis_video_V_id_V | {}
	Port: s_axis_video_V_dest_V | {}
	Port: imgRgb | {5 6 }
	Port: height | {}
	Port: width | {}
 - Input state : 
	Port: AXIvideo2MultiPixStream : s_axis_video_V_data_V | {2 3 5 6 8 9 }
	Port: AXIvideo2MultiPixStream : s_axis_video_V_keep_V | {2 3 5 6 8 9 }
	Port: AXIvideo2MultiPixStream : s_axis_video_V_strb_V | {2 3 5 6 8 9 }
	Port: AXIvideo2MultiPixStream : s_axis_video_V_user_V | {2 3 5 6 8 9 }
	Port: AXIvideo2MultiPixStream : s_axis_video_V_last_V | {2 3 5 6 8 9 }
	Port: AXIvideo2MultiPixStream : s_axis_video_V_id_V | {2 3 5 6 8 9 }
	Port: AXIvideo2MultiPixStream : s_axis_video_V_dest_V | {2 3 5 6 8 9 }
	Port: AXIvideo2MultiPixStream : height | {1 }
	Port: AXIvideo2MultiPixStream : width | {1 }
  - Chain level:
	State 1
		store_ln143 : 1
		store_ln143 : 1
	State 2
	State 3
	State 4
		cmp8210 : 1
	State 5
		icmp_ln143 : 1
		i_3 : 1
		br_ln143 : 2
		call_ln126 : 1
	State 6
	State 7
	State 8
		call_ln0 : 1
	State 9
	State 10


============================================================
+ Verbose Summary: Datapath Resource usage 
============================================================

* Functional unit list:
|----------|-----------------------------------------------------------------|---------|---------|
| Operation|                         Functional Unit                         |    FF   |   LUT   |
|----------|-----------------------------------------------------------------|---------|---------|
|          | grp_AXIvideo2MultiPixStream_Pipeline_loop_wait_for_start_fu_159 |    1    |    0    |
|          |      grp_AXIvideo2MultiPixStream_Pipeline_loop_width_fu_179     |    46   |    31   |
|   call   |  grp_AXIvideo2MultiPixStream_Pipeline_loop_wait_for_eol_fu_206  |    3    |    0    |
|          |                 grp_reg_unsigned_short_s_fu_250                 |    11   |    0    |
|          |                 grp_reg_unsigned_short_s_fu_255                 |    11   |    0    |
|----------|-----------------------------------------------------------------|---------|---------|
|   icmp   |                          cmp8210_fu_263                         |    0    |    11   |
|          |                        icmp_ln143_fu_276                        |    0    |    11   |
|----------|-----------------------------------------------------------------|---------|---------|
|    add   |                            i_3_fu_281                           |    0    |    18   |
|----------|-----------------------------------------------------------------|---------|---------|
|   read   |                     height_read_read_fu_104                     |    0    |    0    |
|          |                      width_read_read_fu_110                     |    0    |    0    |
|----------|-----------------------------------------------------------------|---------|---------|
|   trunc  |                        trunc_ln125_fu_232                       |    0    |    0    |
|          |                        trunc_ln126_fu_236                       |    0    |    0    |
|----------|-----------------------------------------------------------------|---------|---------|
|   Total  |                                                                 |    72   |    71   |
|----------|-----------------------------------------------------------------|---------|---------|

Memories:
N/A

* Register list:
+------------------------+--------+
|                        |   FF   |
+------------------------+--------+
|axi_data_2_lcssa_reg_126|   30   |
|  axi_data_V_2_reg_316  |   30   |
|axi_data_V_3_loc_reg_336|   30   |
|axi_last_2_lcssa_reg_136|    1   |
|  axi_last_V_2_reg_116  |    1   |
|axi_last_V_4_loc_reg_330|    1   |
| axi_last_V_loc_reg_348 |    1   |
|     cmp8210_reg_377    |    1   |
|      cols_reg_369      |   11   |
|   eol_0_lcssa_reg_147  |    1   |
|     eol_loc_reg_342    |    1   |
|       i_3_reg_387      |   11   |
|        i_reg_309       |   11   |
|      rows_reg_364      |   11   |
|       sof_reg_323      |    1   |
|   trunc_ln125_reg_354  |   11   |
|   trunc_ln126_reg_359  |   11   |
+------------------------+--------+
|          Total         |   164  |
+------------------------+--------+

* Multiplexer (MUX) list: 
|---------------------|------|------|------|--------||---------||---------|
|         Comp        |  Pin | Size |  BW  | S x BW ||  Delay  ||   LUT   |
|---------------------|------|------|------|--------||---------||---------|
| eol_0_lcssa_reg_147 |  p0  |   2  |   1  |    2   ||    9    |
|---------------------|------|------|------|--------||---------||---------|
|        Total        |      |      |      |    2   ||  0.427  ||    9    |
|---------------------|------|------|------|--------||---------||---------|



* Summary:
+-----------+--------+--------+--------+
|           |  Delay |   FF   |   LUT  |
+-----------+--------+--------+--------+
|  Function |    -   |   72   |   71   |
|   Memory  |    -   |    -   |    -   |
|Multiplexer|    0   |    -   |    9   |
|  Register |    -   |   164  |    -   |
+-----------+--------+--------+--------+
|   Total   |    0   |   236  |   80   |
+-----------+--------+--------+--------+
