

================================================================
== Vitis HLS Report for 'AXIvideo2MultiPixStream_Pipeline_loop_width'
================================================================
* Date:           Thu May  8 10:10:24 2025

* Version:        2022.2 (Build 3670227 on Oct 13 2022)
* Project:        prj
* Solution:       sol (Vivado IP Flow Target)
* Product family: zynquplus
* Target device:  xck26-sfvc784-2LV-c


================================================================
== Performance Estimates
================================================================
+ Timing: 
    * Summary: 
    +--------+---------+----------+------------+
    |  Clock |  Target | Estimated| Uncertainty|
    +--------+---------+----------+------------+
    |ap_clk  |  4.00 ns|  1.460 ns|     1.08 ns|
    +--------+---------+----------+------------+

+ Latency: 
    * Summary: 
    +---------+---------+-----------+----------+-----+------+---------+
    |  Latency (cycles) |  Latency (absolute)  |  Interval  | Pipeline|
    |   min   |   max   |    min    |    max   | min |  max |   Type  |
    +---------+---------+-----------+----------+-----+------+---------+
    |        3|     1922|  12.000 ns|  7.688 us|    3|  1922|       no|
    +---------+---------+-----------+----------+-----+------+---------+

    + Detail: 
        * Instance: 
        N/A

        * Loop: 
        +--------------+---------+---------+----------+-----------+-----------+----------+----------+
        |              |  Latency (cycles) | Iteration|  Initiation Interval  |   Trip   |          |
        |   Loop Name  |   min   |   max   |  Latency |  achieved |   target  |   Count  | Pipelined|
        +--------------+---------+---------+----------+-----------+-----------+----------+----------+
        |- loop_width  |        1|     1920|         2|          1|          1|  1 ~ 1920|       yes|
        +--------------+---------+---------+----------+-----------+-----------+----------+----------+

============================================================
+ Verbose Summary: Synthesis Manager
============================================================
InlineROM: 1
ExposeGlobal: 0
============================================================
+ Verbose Summary: CDFG Model
============================================================
IsTopModel: 0
ResetActiveHigh: 1
IsCombinational: 0
IsDatapathOnly: 0
HasWiredReturn: 1
HasMFsm: 2
HasVarLatency: 1
IsPipeline: 0
IsRtlPipelined: 0
IsInstanceOverlapped: 0
IsDontTouch: 0
HasImplIP: 0
IsGatedGlobalClock: 0

+ Individual pipeline summary: 
  * Pipeline-0: initiation interval (II) = 1, depth = 2


============================================================
+ Verbose Summary: Schedule
============================================================
* Number of FSM states : 2
* Pipeline : 1
  Pipeline-0 : II = 1, D = 2, States = { 1 2 }
* Dataflow Pipeline: 0

* FSM state transitions: 
1 --> 2 
2 --> 

* FSM state operations: 

State 1 <SV = 0> <Delay = 1.37>
ST_1 : Operation 5 [1/1] (0.00ns)   --->   "%j = alloca i32 1"   --->   Operation 5 'alloca' 'j' <Predicate = true> <Delay = 0.00>
ST_1 : Operation 6 [1/1] (0.00ns)   --->   "%axi_data_V = alloca i32 1"   --->   Operation 6 'alloca' 'axi_data_V' <Predicate = true> <Delay = 0.00>
ST_1 : Operation 7 [1/1] (0.00ns)   --->   "%axi_last_V = alloca i32 1"   --->   Operation 7 'alloca' 'axi_last_V' <Predicate = true> <Delay = 0.00>
ST_1 : Operation 8 [1/1] (0.00ns)   --->   "%specaxissidechannel_ln0 = specaxissidechannel void @_ssdm_op_SpecAXISSideChannel, i32 %s_axis_video_V_data_V, i4 %s_axis_video_V_keep_V, i4 %s_axis_video_V_strb_V, i1 %s_axis_video_V_user_V, i1 %s_axis_video_V_last_V, i1 %s_axis_video_V_id_V, i1 %s_axis_video_V_dest_V, void @empty_13"   --->   Operation 8 'specaxissidechannel' 'specaxissidechannel_ln0' <Predicate = true> <Delay = 0.00>
ST_1 : Operation 9 [1/1] (0.00ns)   --->   "%specinterface_ln0 = specinterface void @_ssdm_op_SpecInterface, i32 %s_axis_video_V_data_V, void @empty_4, i32 0, i32 0, void @empty_3, i32 0, i32 0, void @empty_1, void @empty_1, void @empty_1, i32 0, i32 0, i32 0, i32 0, void @empty_1, void @empty_1, i32 4294967295, i32 0"   --->   Operation 9 'specinterface' 'specinterface_ln0' <Predicate = true> <Delay = 0.00>
ST_1 : Operation 10 [1/1] (0.00ns)   --->   "%specinterface_ln0 = specinterface void @_ssdm_op_SpecInterface, i4 %s_axis_video_V_keep_V, void @empty_4, i32 0, i32 0, void @empty_3, i32 0, i32 0, void @empty_1, void @empty_1, void @empty_1, i32 0, i32 0, i32 0, i32 0, void @empty_1, void @empty_1, i32 4294967295, i32 0"   --->   Operation 10 'specinterface' 'specinterface_ln0' <Predicate = true> <Delay = 0.00>
ST_1 : Operation 11 [1/1] (0.00ns)   --->   "%specinterface_ln0 = specinterface void @_ssdm_op_SpecInterface, i4 %s_axis_video_V_strb_V, void @empty_4, i32 0, i32 0, void @empty_3, i32 0, i32 0, void @empty_1, void @empty_1, void @empty_1, i32 0, i32 0, i32 0, i32 0, void @empty_1, void @empty_1, i32 4294967295, i32 0"   --->   Operation 11 'specinterface' 'specinterface_ln0' <Predicate = true> <Delay = 0.00>
ST_1 : Operation 12 [1/1] (0.00ns)   --->   "%specinterface_ln0 = specinterface void @_ssdm_op_SpecInterface, i1 %s_axis_video_V_user_V, void @empty_4, i32 0, i32 0, void @empty_3, i32 0, i32 0, void @empty_1, void @empty_1, void @empty_1, i32 0, i32 0, i32 0, i32 0, void @empty_1, void @empty_1, i32 4294967295, i32 0"   --->   Operation 12 'specinterface' 'specinterface_ln0' <Predicate = true> <Delay = 0.00>
ST_1 : Operation 13 [1/1] (0.00ns)   --->   "%specinterface_ln0 = specinterface void @_ssdm_op_SpecInterface, i1 %s_axis_video_V_last_V, void @empty_4, i32 0, i32 0, void @empty_3, i32 0, i32 0, void @empty_1, void @empty_1, void @empty_1, i32 0, i32 0, i32 0, i32 0, void @empty_1, void @empty_1, i32 4294967295, i32 0"   --->   Operation 13 'specinterface' 'specinterface_ln0' <Predicate = true> <Delay = 0.00>
ST_1 : Operation 14 [1/1] (0.00ns)   --->   "%specinterface_ln0 = specinterface void @_ssdm_op_SpecInterface, i1 %s_axis_video_V_id_V, void @empty_4, i32 0, i32 0, void @empty_3, i32 0, i32 0, void @empty_1, void @empty_1, void @empty_1, i32 0, i32 0, i32 0, i32 0, void @empty_1, void @empty_1, i32 4294967295, i32 0"   --->   Operation 14 'specinterface' 'specinterface_ln0' <Predicate = true> <Delay = 0.00>
ST_1 : Operation 15 [1/1] (0.00ns)   --->   "%specinterface_ln0 = specinterface void @_ssdm_op_SpecInterface, i1 %s_axis_video_V_dest_V, void @empty_4, i32 0, i32 0, void @empty_3, i32 0, i32 0, void @empty_1, void @empty_1, void @empty_1, i32 0, i32 0, i32 0, i32 0, void @empty_1, void @empty_1, i32 4294967295, i32 0"   --->   Operation 15 'specinterface' 'specinterface_ln0' <Predicate = true> <Delay = 0.00>
ST_1 : Operation 16 [1/1] (0.00ns)   --->   "%specinterface_ln0 = specinterface void @_ssdm_op_SpecInterface, i30 %imgRgb, void @empty_11, i32 0, i32 0, void @empty_1, i32 0, i32 0, void @empty_1, void @empty_1, void @empty_1, i32 0, i32 0, i32 0, i32 0, void @empty_1, void @empty_1, i32 4294967295, i32 0"   --->   Operation 16 'specinterface' 'specinterface_ln0' <Predicate = true> <Delay = 0.00>
ST_1 : Operation 17 [1/1] (0.00ns)   --->   "%cols_read = read i11 @_ssdm_op_Read.ap_auto.i11, i11 %cols"   --->   Operation 17 'read' 'cols_read' <Predicate = true> <Delay = 0.00>
ST_1 : Operation 18 [1/1] (0.00ns)   --->   "%axi_data_V_2_read = read i30 @_ssdm_op_Read.ap_auto.i30, i30 %axi_data_V_2"   --->   Operation 18 'read' 'axi_data_V_2_read' <Predicate = true> <Delay = 0.00>
ST_1 : Operation 19 [1/1] (0.00ns)   --->   "%axi_last_V_2_read = read i1 @_ssdm_op_Read.ap_auto.i1, i1 %axi_last_V_2"   --->   Operation 19 'read' 'axi_last_V_2_read' <Predicate = true> <Delay = 0.00>
ST_1 : Operation 20 [1/1] (0.00ns)   --->   "%sof_5_read = read i1 @_ssdm_op_Read.ap_auto.i1, i1 %sof_5"   --->   Operation 20 'read' 'sof_5_read' <Predicate = true> <Delay = 0.00>
ST_1 : Operation 21 [1/1] (0.42ns)   --->   "%store_ln0 = store i1 %axi_last_V_2_read, i1 %axi_last_V"   --->   Operation 21 'store' 'store_ln0' <Predicate = true> <Delay = 0.42>
ST_1 : Operation 22 [1/1] (0.42ns)   --->   "%store_ln0 = store i30 %axi_data_V_2_read, i30 %axi_data_V"   --->   Operation 22 'store' 'store_ln0' <Predicate = true> <Delay = 0.42>
ST_1 : Operation 23 [1/1] (0.42ns)   --->   "%store_ln0 = store i11 0, i11 %j"   --->   Operation 23 'store' 'store_ln0' <Predicate = true> <Delay = 0.42>
ST_1 : Operation 24 [1/1] (0.42ns)   --->   "%br_ln0 = br void %for.body10"   --->   Operation 24 'br' 'br_ln0' <Predicate = true> <Delay = 0.42>
ST_1 : Operation 25 [1/1] (0.00ns)   --->   "%eol = phi i1 %axi_last_V_4, void %if.end, i1 0, void %newFuncRoot"   --->   Operation 25 'phi' 'eol' <Predicate = true> <Delay = 0.00>
ST_1 : Operation 26 [1/1] (0.00ns)   --->   "%sof = phi i1 0, void %if.end, i1 %sof_5_read, void %newFuncRoot"   --->   Operation 26 'phi' 'sof' <Predicate = true> <Delay = 0.00>
ST_1 : Operation 27 [1/1] (0.00ns)   --->   "%j_1 = load i11 %j" [/home/lsriw/SR/KocurPawel/git_ycbcr/video_passthrough_kria_repo_1/video_passthrough_kria/video_passthrough_kria.runs/design_1_v_gamma_lut_0_0_synth_1/prj/sol/.autopilot/db/v_gamma_lut.cpp:146]   --->   Operation 27 'load' 'j_1' <Predicate = true> <Delay = 0.00>
ST_1 : Operation 28 [1/1] (0.94ns)   --->   "%icmp_ln146 = icmp_eq  i11 %j_1, i11 %cols_read" [/home/lsriw/SR/KocurPawel/git_ycbcr/video_passthrough_kria_repo_1/video_passthrough_kria/video_passthrough_kria.runs/design_1_v_gamma_lut_0_0_synth_1/prj/sol/.autopilot/db/v_gamma_lut.cpp:146]   --->   Operation 28 'icmp' 'icmp_ln146' <Predicate = true> <Delay = 0.94> <CoreInst = "Cmp">   --->   Core 9 'Cmp' <Latency = 0> <II = 1> <Delay = 0.94> <FuncUnit> <Opcode : 'icmp'> <InPorts = 2> <OutPorts = 1>
ST_1 : Operation 29 [1/1] (0.00ns)   --->   "%speclooptripcount_ln0 = speclooptripcount void @_ssdm_op_SpecLoopTripCount, i64 1, i64 1920, i64 0"   --->   Operation 29 'speclooptripcount' 'speclooptripcount_ln0' <Predicate = true> <Delay = 0.00>
ST_1 : Operation 30 [1/1] (0.79ns)   --->   "%j_2 = add i11 %j_1, i11 1" [/home/lsriw/SR/KocurPawel/git_ycbcr/video_passthrough_kria_repo_1/video_passthrough_kria/video_passthrough_kria.runs/design_1_v_gamma_lut_0_0_synth_1/prj/sol/.autopilot/db/v_gamma_lut.cpp:146]   --->   Operation 30 'add' 'j_2' <Predicate = true> <Delay = 0.79> <CoreInst = "Adder">   --->   Core 1 'Adder' <Latency = 0> <II = 1> <Delay = 0.79> <FuncUnit> <Opcode : 'add' 'sub'> <InPorts = 2> <OutPorts = 1>
ST_1 : Operation 31 [1/1] (0.00ns)   --->   "%br_ln146 = br i1 %icmp_ln146, void %for.body10.split, void %loop_wait_for_eol.loopexit.exitStub" [/home/lsriw/SR/KocurPawel/git_ycbcr/video_passthrough_kria_repo_1/video_passthrough_kria/video_passthrough_kria.runs/design_1_v_gamma_lut_0_0_synth_1/prj/sol/.autopilot/db/v_gamma_lut.cpp:146]   --->   Operation 31 'br' 'br_ln146' <Predicate = true> <Delay = 0.00>
ST_1 : Operation 32 [1/1] (0.00ns)   --->   "%specpipeline_ln149 = specpipeline void @_ssdm_op_SpecPipeline, i32 1, i32 0, i32 0, i32 0, void @empty_1" [/home/lsriw/SR/KocurPawel/git_ycbcr/video_passthrough_kria_repo_1/video_passthrough_kria/video_passthrough_kria.runs/design_1_v_gamma_lut_0_0_synth_1/prj/sol/.autopilot/db/v_gamma_lut.cpp:149]   --->   Operation 32 'specpipeline' 'specpipeline_ln149' <Predicate = (!icmp_ln146)> <Delay = 0.00>
ST_1 : Operation 33 [1/1] (0.00ns)   --->   "%specloopname_ln121 = specloopname void @_ssdm_op_SpecLoopName, void @empty_16" [/home/lsriw/SR/KocurPawel/git_ycbcr/video_passthrough_kria_repo_1/video_passthrough_kria/video_passthrough_kria.runs/design_1_v_gamma_lut_0_0_synth_1/prj/sol/.autopilot/db/v_gamma_lut.cpp:121]   --->   Operation 33 'specloopname' 'specloopname_ln121' <Predicate = (!icmp_ln146)> <Delay = 0.00>
ST_1 : Operation 34 [1/1] (0.28ns)   --->   "%or_ln150 = or i1 %sof, i1 %eol" [/home/lsriw/SR/KocurPawel/git_ycbcr/video_passthrough_kria_repo_1/video_passthrough_kria/video_passthrough_kria.runs/design_1_v_gamma_lut_0_0_synth_1/prj/sol/.autopilot/db/v_gamma_lut.cpp:150]   --->   Operation 34 'or' 'or_ln150' <Predicate = (!icmp_ln146)> <Delay = 0.28> <CoreInst = "LogicGate">   --->   Core 74 'LogicGate' <Latency = 0> <II = 1> <Delay = 0.28> <FuncUnit> <Opcode : 'and' 'or' 'xor'> <InPorts = 2> <OutPorts = 1>
ST_1 : Operation 35 [1/1] (0.00ns)   --->   "%br_ln150 = br i1 %or_ln150, void %if.else, void %if.end" [/home/lsriw/SR/KocurPawel/git_ycbcr/video_passthrough_kria_repo_1/video_passthrough_kria/video_passthrough_kria.runs/design_1_v_gamma_lut_0_0_synth_1/prj/sol/.autopilot/db/v_gamma_lut.cpp:150]   --->   Operation 35 'br' 'br_ln150' <Predicate = (!icmp_ln146)> <Delay = 0.00>
ST_1 : Operation 36 [1/1] (0.00ns)   --->   "%empty = read i44 @_ssdm_op_Read.axis.volatile.i32P0A.i4P0A.i4P0A.i1P0A.i1P0A.i1P0A.i1P0A, i32 %s_axis_video_V_data_V, i4 %s_axis_video_V_keep_V, i4 %s_axis_video_V_strb_V, i1 %s_axis_video_V_user_V, i1 %s_axis_video_V_last_V, i1 %s_axis_video_V_id_V, i1 %s_axis_video_V_dest_V"   --->   Operation 36 'read' 'empty' <Predicate = (!icmp_ln146 & !or_ln150)> <Delay = 0.00> <CoreInst = "axis">   --->   Core 123 'axis' <Latency = 0> <II = 1> <Delay = 1.00> <Adapter> <Opcode : >
ST_1 : Operation 37 [1/1] (0.00ns)   --->   "%p_cast9 = extractvalue i44 %empty"   --->   Operation 37 'extractvalue' 'p_cast9' <Predicate = (!icmp_ln146 & !or_ln150)> <Delay = 0.00>
ST_1 : Operation 38 [1/1] (0.00ns)   --->   "%tmp_last_V = extractvalue i44 %empty"   --->   Operation 38 'extractvalue' 'tmp_last_V' <Predicate = (!icmp_ln146 & !or_ln150)> <Delay = 0.00>
ST_1 : Operation 39 [1/1] (0.00ns)   --->   "%tmp_data_V = trunc i32 %p_cast9"   --->   Operation 39 'trunc' 'tmp_data_V' <Predicate = (!icmp_ln146 & !or_ln150)> <Delay = 0.00>
ST_1 : Operation 40 [1/1] (0.42ns)   --->   "%store_ln237 = store i1 %tmp_last_V, i1 %axi_last_V"   --->   Operation 40 'store' 'store_ln237' <Predicate = (!icmp_ln146 & !or_ln150)> <Delay = 0.42>
ST_1 : Operation 41 [1/1] (0.42ns)   --->   "%store_ln237 = store i30 %tmp_data_V, i30 %axi_data_V"   --->   Operation 41 'store' 'store_ln237' <Predicate = (!icmp_ln146 & !or_ln150)> <Delay = 0.42>
ST_1 : Operation 42 [1/1] (0.00ns)   --->   "%br_ln0 = br void %if.end"   --->   Operation 42 'br' 'br_ln0' <Predicate = (!icmp_ln146 & !or_ln150)> <Delay = 0.00>
ST_1 : Operation 43 [1/1] (0.42ns)   --->   "%store_ln146 = store i11 %j_2, i11 %j" [/home/lsriw/SR/KocurPawel/git_ycbcr/video_passthrough_kria_repo_1/video_passthrough_kria/video_passthrough_kria.runs/design_1_v_gamma_lut_0_0_synth_1/prj/sol/.autopilot/db/v_gamma_lut.cpp:146]   --->   Operation 43 'store' 'store_ln146' <Predicate = (!icmp_ln146)> <Delay = 0.42>
ST_1 : Operation 44 [1/1] (0.00ns)   --->   "%br_ln146 = br void %for.body10" [/home/lsriw/SR/KocurPawel/git_ycbcr/video_passthrough_kria_repo_1/video_passthrough_kria/video_passthrough_kria.runs/design_1_v_gamma_lut_0_0_synth_1/prj/sol/.autopilot/db/v_gamma_lut.cpp:146]   --->   Operation 44 'br' 'br_ln146' <Predicate = (!icmp_ln146)> <Delay = 0.00>
ST_1 : Operation 48 [1/1] (0.00ns)   --->   "%axi_data_V_load = load i30 %axi_data_V"   --->   Operation 48 'load' 'axi_data_V_load' <Predicate = (icmp_ln146)> <Delay = 0.00>
ST_1 : Operation 49 [1/1] (0.00ns)   --->   "%write_ln0 = write void @_ssdm_op_Write.ap_auto.i1P0A, i1 %eol_out, i1 %eol"   --->   Operation 49 'write' 'write_ln0' <Predicate = (icmp_ln146)> <Delay = 0.00>
ST_1 : Operation 50 [1/1] (0.00ns)   --->   "%write_ln0 = write void @_ssdm_op_Write.ap_auto.i30P0A, i30 %axi_data_V_3_out, i30 %axi_data_V_load"   --->   Operation 50 'write' 'write_ln0' <Predicate = (icmp_ln146)> <Delay = 0.00>
ST_1 : Operation 51 [1/1] (0.00ns)   --->   "%ret_ln0 = ret"   --->   Operation 51 'ret' 'ret_ln0' <Predicate = (icmp_ln146)> <Delay = 0.00>

State 2 <SV = 1> <Delay = 1.46>
ST_2 : Operation 45 [1/1] (0.00ns)   --->   "%axi_data_V_4 = load i30 %axi_data_V" [/home/lsriw/SR/KocurPawel/git_ycbcr/video_passthrough_kria_repo_1/video_passthrough_kria/video_passthrough_kria.runs/design_1_v_gamma_lut_0_0_synth_1/prj/sol/.autopilot/db/v_gamma_lut.cpp:168]   --->   Operation 45 'load' 'axi_data_V_4' <Predicate = (!icmp_ln146)> <Delay = 0.00>
ST_2 : Operation 46 [1/1] (0.00ns)   --->   "%axi_last_V_4 = load i1 %axi_last_V"   --->   Operation 46 'load' 'axi_last_V_4' <Predicate = (!icmp_ln146)> <Delay = 0.00>
ST_2 : Operation 47 [1/1] (1.46ns)   --->   "%write_ln168 = write void @_ssdm_op_Write.ap_fifo.volatile.i30P0A, i30 %imgRgb, i30 %axi_data_V_4" [/home/lsriw/SR/KocurPawel/git_ycbcr/video_passthrough_kria_repo_1/video_passthrough_kria/video_passthrough_kria.runs/design_1_v_gamma_lut_0_0_synth_1/prj/sol/.autopilot/db/v_gamma_lut.cpp:168]   --->   Operation 47 'write' 'write_ln168' <Predicate = (!icmp_ln146)> <Delay = 1.46> <CoreInst = "FIFO_SRL">   --->   Core 81 'FIFO_SRL' <Latency = 0> <II = 1> <Delay = 2.04> <Storage> <Opcode : 'read' 'write' 'nbread' 'nbwrite'> <Ports = 0> <Width = 30> <Depth = 16> <FIFO>


============================================================
+ Verbose Summary: Binding
============================================================
STG Binding: 
---------------- STG Properties BEGIN ----------------
- Is combinational: 0
- Is one-state seq: 0
- Is datapath-only: 0
- Is pipelined: 0
- Is top level: 0
Port [ Return ] is wired: 1; IO mode=ap_ctrl_hs:ce=0
Port [ sof_5]:  wired=1; compound=0; hidden=0; nouse=0; global=0; static=0; extern=0; dir=0; type=0; pingpong=0; private_global=0; IO mode=ap_none:ce=0
Port [ axi_last_V_2]:  wired=1; compound=0; hidden=0; nouse=0; global=0; static=0; extern=0; dir=0; type=0; pingpong=0; private_global=0; IO mode=ap_none:ce=0
Port [ axi_data_V_2]:  wired=1; compound=0; hidden=0; nouse=0; global=0; static=0; extern=0; dir=0; type=0; pingpong=0; private_global=0; IO mode=ap_none:ce=0
Port [ cols]:  wired=1; compound=0; hidden=0; nouse=0; global=0; static=0; extern=0; dir=0; type=0; pingpong=0; private_global=0; IO mode=ap_none:ce=0
Port [ imgRgb]:  wired=1; compound=1; hidden=0; nouse=0; global=0; static=0; extern=0; dir=1; type=3; pingpong=0; private_global=0; IO mode=ap_fifo:ce=0
Port [ s_axis_video_V_data_V]:  wired=1; compound=1; hidden=0; nouse=0; global=0; static=0; extern=0; dir=0; type=0; pingpong=0; private_global=0; IO mode=axis:ce=0
Port [ s_axis_video_V_keep_V]:  wired=1; compound=1; hidden=0; nouse=0; global=0; static=0; extern=0; dir=0; type=0; pingpong=0; private_global=0; IO mode=axis:ce=0
Port [ s_axis_video_V_strb_V]:  wired=1; compound=1; hidden=0; nouse=0; global=0; static=0; extern=0; dir=0; type=0; pingpong=0; private_global=0; IO mode=axis:ce=0
Port [ s_axis_video_V_user_V]:  wired=1; compound=1; hidden=0; nouse=0; global=0; static=0; extern=0; dir=0; type=0; pingpong=0; private_global=0; IO mode=axis:ce=0
Port [ s_axis_video_V_last_V]:  wired=1; compound=1; hidden=0; nouse=0; global=0; static=0; extern=0; dir=0; type=0; pingpong=0; private_global=0; IO mode=axis:ce=0
Port [ s_axis_video_V_id_V]:  wired=1; compound=1; hidden=0; nouse=0; global=0; static=0; extern=0; dir=0; type=0; pingpong=0; private_global=0; IO mode=axis:ce=0
Port [ s_axis_video_V_dest_V]:  wired=1; compound=1; hidden=0; nouse=0; global=0; static=0; extern=0; dir=0; type=0; pingpong=0; private_global=0; IO mode=axis:ce=0
Port [ eol_out]:  wired=1; compound=0; hidden=0; nouse=0; global=0; static=0; extern=0; dir=1; type=0; pingpong=0; private_global=0; IO mode=ap_vld:ce=0
Port [ axi_data_V_3_out]:  wired=1; compound=0; hidden=0; nouse=0; global=0; static=0; extern=0; dir=1; type=0; pingpong=0; private_global=0; IO mode=ap_vld:ce=0
---------------- STG Properties END ------------------

---------------- Datapath Model BEGIN ----------------

<LifeTime>
<method=bitvector/>
j                       (alloca             ) [ 010]
axi_data_V              (alloca             ) [ 011]
axi_last_V              (alloca             ) [ 011]
specaxissidechannel_ln0 (specaxissidechannel) [ 000]
specinterface_ln0       (specinterface      ) [ 000]
specinterface_ln0       (specinterface      ) [ 000]
specinterface_ln0       (specinterface      ) [ 000]
specinterface_ln0       (specinterface      ) [ 000]
specinterface_ln0       (specinterface      ) [ 000]
specinterface_ln0       (specinterface      ) [ 000]
specinterface_ln0       (specinterface      ) [ 000]
specinterface_ln0       (specinterface      ) [ 000]
cols_read               (read               ) [ 000]
axi_data_V_2_read       (read               ) [ 000]
axi_last_V_2_read       (read               ) [ 000]
sof_5_read              (read               ) [ 000]
store_ln0               (store              ) [ 000]
store_ln0               (store              ) [ 000]
store_ln0               (store              ) [ 000]
br_ln0                  (br                 ) [ 000]
eol                     (phi                ) [ 010]
sof                     (phi                ) [ 010]
j_1                     (load               ) [ 000]
icmp_ln146              (icmp               ) [ 011]
speclooptripcount_ln0   (speclooptripcount  ) [ 000]
j_2                     (add                ) [ 000]
br_ln146                (br                 ) [ 000]
specpipeline_ln149      (specpipeline       ) [ 000]
specloopname_ln121      (specloopname       ) [ 000]
or_ln150                (or                 ) [ 010]
br_ln150                (br                 ) [ 000]
empty                   (read               ) [ 000]
p_cast9                 (extractvalue       ) [ 000]
tmp_last_V              (extractvalue       ) [ 000]
tmp_data_V              (trunc              ) [ 000]
store_ln237             (store              ) [ 000]
store_ln237             (store              ) [ 000]
br_ln0                  (br                 ) [ 000]
store_ln146             (store              ) [ 000]
br_ln146                (br                 ) [ 010]
axi_data_V_4            (load               ) [ 000]
axi_last_V_4            (load               ) [ 010]
write_ln168             (write              ) [ 000]
axi_data_V_load         (load               ) [ 000]
write_ln0               (write              ) [ 000]
write_ln0               (write              ) [ 000]
ret_ln0                 (ret                ) [ 000]
</LifeTime>

<model>

<comp_list>
<comp id="0" class="1000" name="sof_5">
<pin_list>
<pin id="1" dir="1" index="0" bw="1" slack="0"/>
</pin_list>
<bind>
<StgValue><ssdm name="sof_5"/></StgValue>
</bind>
</comp>

<comp id="2" class="1000" name="axi_last_V_2">
<pin_list>
<pin id="3" dir="1" index="0" bw="1" slack="0"/>
</pin_list>
<bind>
<StgValue><ssdm name="axi_last_V_2"/></StgValue>
</bind>
</comp>

<comp id="4" class="1000" name="axi_data_V_2">
<pin_list>
<pin id="5" dir="1" index="0" bw="1" slack="0"/>
</pin_list>
<bind>
<StgValue><ssdm name="axi_data_V_2"/></StgValue>
</bind>
</comp>

<comp id="6" class="1000" name="cols">
<pin_list>
<pin id="7" dir="1" index="0" bw="1" slack="0"/>
</pin_list>
<bind>
<StgValue><ssdm name="cols"/></StgValue>
</bind>
</comp>

<comp id="8" class="1000" name="imgRgb">
<pin_list>
<pin id="9" dir="1" index="0" bw="1" slack="0"/>
</pin_list>
<bind>
<StgValue><ssdm name="imgRgb"/></StgValue>
</bind>
</comp>

<comp id="10" class="1000" name="s_axis_video_V_data_V">
<pin_list>
<pin id="11" dir="1" index="0" bw="1" slack="0"/>
</pin_list>
<bind>
<StgValue><ssdm name="s_axis_video_V_data_V"/></StgValue>
</bind>
</comp>

<comp id="12" class="1000" name="s_axis_video_V_keep_V">
<pin_list>
<pin id="13" dir="1" index="0" bw="1" slack="0"/>
</pin_list>
<bind>
<StgValue><ssdm name="s_axis_video_V_keep_V"/></StgValue>
</bind>
</comp>

<comp id="14" class="1000" name="s_axis_video_V_strb_V">
<pin_list>
<pin id="15" dir="1" index="0" bw="1" slack="0"/>
</pin_list>
<bind>
<StgValue><ssdm name="s_axis_video_V_strb_V"/></StgValue>
</bind>
</comp>

<comp id="16" class="1000" name="s_axis_video_V_user_V">
<pin_list>
<pin id="17" dir="1" index="0" bw="1" slack="0"/>
</pin_list>
<bind>
<StgValue><ssdm name="s_axis_video_V_user_V"/></StgValue>
</bind>
</comp>

<comp id="18" class="1000" name="s_axis_video_V_last_V">
<pin_list>
<pin id="19" dir="1" index="0" bw="1" slack="0"/>
</pin_list>
<bind>
<StgValue><ssdm name="s_axis_video_V_last_V"/></StgValue>
</bind>
</comp>

<comp id="20" class="1000" name="s_axis_video_V_id_V">
<pin_list>
<pin id="21" dir="1" index="0" bw="1" slack="0"/>
</pin_list>
<bind>
<StgValue><ssdm name="s_axis_video_V_id_V"/></StgValue>
</bind>
</comp>

<comp id="22" class="1000" name="s_axis_video_V_dest_V">
<pin_list>
<pin id="23" dir="1" index="0" bw="1" slack="0"/>
</pin_list>
<bind>
<StgValue><ssdm name="s_axis_video_V_dest_V"/></StgValue>
</bind>
</comp>

<comp id="24" class="1000" name="eol_out">
<pin_list>
<pin id="25" dir="1" index="0" bw="1" slack="0"/>
</pin_list>
<bind>
<StgValue><ssdm name="eol_out"/></StgValue>
</bind>
</comp>

<comp id="26" class="1000" name="axi_data_V_3_out">
<pin_list>
<pin id="27" dir="1" index="0" bw="1" slack="0"/>
</pin_list>
<bind>
<StgValue><ssdm name="axi_data_V_3_out"/></StgValue>
</bind>
</comp>

<comp id="28" class="1001" name="const_28">
<pin_list>
<pin id="29" dir="1" index="0" bw="1" slack="0"/>
</pin_list>
<bind>
<StgValue><ssdm name=""/></StgValue>
</bind>
</comp>

<comp id="30" class="1001" name="const_30">
<pin_list>
<pin id="31" dir="1" index="0" bw="1" slack="2147483647"/>
</pin_list>
<bind>
<StgValue><ssdm name="_ssdm_op_SpecAXISSideChannel"/></StgValue>
</bind>
</comp>

<comp id="32" class="1001" name="const_32">
<pin_list>
<pin id="33" dir="1" index="0" bw="1" slack="2147483647"/>
</pin_list>
<bind>
<StgValue><ssdm name="empty_13"/></StgValue>
</bind>
</comp>

<comp id="34" class="1001" name="const_34">
<pin_list>
<pin id="35" dir="1" index="0" bw="1" slack="2147483647"/>
</pin_list>
<bind>
<StgValue><ssdm name="_ssdm_op_SpecInterface"/></StgValue>
</bind>
</comp>

<comp id="36" class="1001" name="const_36">
<pin_list>
<pin id="37" dir="1" index="0" bw="1" slack="2147483647"/>
</pin_list>
<bind>
<StgValue><ssdm name="empty_4"/></StgValue>
</bind>
</comp>

<comp id="38" class="1001" name="const_38">
<pin_list>
<pin id="39" dir="1" index="0" bw="1" slack="2147483647"/>
</pin_list>
<bind>
<StgValue><ssdm name=""/></StgValue>
</bind>
</comp>

<comp id="40" class="1001" name="const_40">
<pin_list>
<pin id="41" dir="1" index="0" bw="1" slack="2147483647"/>
</pin_list>
<bind>
<StgValue><ssdm name="empty_3"/></StgValue>
</bind>
</comp>

<comp id="42" class="1001" name="const_42">
<pin_list>
<pin id="43" dir="1" index="0" bw="1" slack="2147483647"/>
</pin_list>
<bind>
<StgValue><ssdm name="empty_1"/></StgValue>
</bind>
</comp>

<comp id="44" class="1001" name="const_44">
<pin_list>
<pin id="45" dir="1" index="0" bw="1" slack="2147483647"/>
</pin_list>
<bind>
<StgValue><ssdm name=""/></StgValue>
</bind>
</comp>

<comp id="46" class="1001" name="const_46">
<pin_list>
<pin id="47" dir="1" index="0" bw="1" slack="2147483647"/>
</pin_list>
<bind>
<StgValue><ssdm name="empty_11"/></StgValue>
</bind>
</comp>

<comp id="48" class="1001" name="const_48">
<pin_list>
<pin id="49" dir="1" index="0" bw="1" slack="0"/>
</pin_list>
<bind>
<StgValue><ssdm name="_ssdm_op_Read.ap_auto.i11"/></StgValue>
</bind>
</comp>

<comp id="50" class="1001" name="const_50">
<pin_list>
<pin id="51" dir="1" index="0" bw="1" slack="0"/>
</pin_list>
<bind>
<StgValue><ssdm name="_ssdm_op_Read.ap_auto.i30"/></StgValue>
</bind>
</comp>

<comp id="52" class="1001" name="const_52">
<pin_list>
<pin id="53" dir="1" index="0" bw="1" slack="0"/>
</pin_list>
<bind>
<StgValue><ssdm name="_ssdm_op_Read.ap_auto.i1"/></StgValue>
</bind>
</comp>

<comp id="54" class="1001" name="const_54">
<pin_list>
<pin id="55" dir="1" index="0" bw="1" slack="0"/>
</pin_list>
<bind>
<StgValue><ssdm name=""/></StgValue>
</bind>
</comp>

<comp id="56" class="1001" name="const_56">
<pin_list>
<pin id="57" dir="1" index="0" bw="1" slack="0"/>
</pin_list>
<bind>
<StgValue><ssdm name=""/></StgValue>
</bind>
</comp>

<comp id="58" class="1001" name="const_58">
<pin_list>
<pin id="59" dir="1" index="0" bw="1" slack="2147483647"/>
</pin_list>
<bind>
<StgValue><ssdm name="_ssdm_op_SpecLoopTripCount"/></StgValue>
</bind>
</comp>

<comp id="60" class="1001" name="const_60">
<pin_list>
<pin id="61" dir="1" index="0" bw="1" slack="2147483647"/>
</pin_list>
<bind>
<StgValue><ssdm name=""/></StgValue>
</bind>
</comp>

<comp id="62" class="1001" name="const_62">
<pin_list>
<pin id="63" dir="1" index="0" bw="1" slack="2147483647"/>
</pin_list>
<bind>
<StgValue><ssdm name=""/></StgValue>
</bind>
</comp>

<comp id="64" class="1001" name="const_64">
<pin_list>
<pin id="65" dir="1" index="0" bw="1" slack="2147483647"/>
</pin_list>
<bind>
<StgValue><ssdm name=""/></StgValue>
</bind>
</comp>

<comp id="66" class="1001" name="const_66">
<pin_list>
<pin id="67" dir="1" index="0" bw="1" slack="0"/>
</pin_list>
<bind>
<StgValue><ssdm name=""/></StgValue>
</bind>
</comp>

<comp id="68" class="1001" name="const_68">
<pin_list>
<pin id="69" dir="1" index="0" bw="1" slack="2147483647"/>
</pin_list>
<bind>
<StgValue><ssdm name="_ssdm_op_SpecPipeline"/></StgValue>
</bind>
</comp>

<comp id="70" class="1001" name="const_70">
<pin_list>
<pin id="71" dir="1" index="0" bw="1" slack="2147483647"/>
</pin_list>
<bind>
<StgValue><ssdm name="_ssdm_op_SpecLoopName"/></StgValue>
</bind>
</comp>

<comp id="72" class="1001" name="const_72">
<pin_list>
<pin id="73" dir="1" index="0" bw="1" slack="2147483647"/>
</pin_list>
<bind>
<StgValue><ssdm name="empty_16"/></StgValue>
</bind>
</comp>

<comp id="74" class="1001" name="const_74">
<pin_list>
<pin id="75" dir="1" index="0" bw="1" slack="0"/>
</pin_list>
<bind>
<StgValue><ssdm name="_ssdm_op_Read.axis.volatile.i32P0A.i4P0A.i4P0A.i1P0A.i1P0A.i1P0A.i1P0A"/></StgValue>
</bind>
</comp>

<comp id="76" class="1001" name="const_76">
<pin_list>
<pin id="77" dir="1" index="0" bw="1" slack="0"/>
</pin_list>
<bind>
<StgValue><ssdm name="_ssdm_op_Write.ap_fifo.volatile.i30P0A"/></StgValue>
</bind>
</comp>

<comp id="78" class="1001" name="const_78">
<pin_list>
<pin id="79" dir="1" index="0" bw="1" slack="0"/>
</pin_list>
<bind>
<StgValue><ssdm name="_ssdm_op_Write.ap_auto.i1P0A"/></StgValue>
</bind>
</comp>

<comp id="80" class="1001" name="const_80">
<pin_list>
<pin id="81" dir="1" index="0" bw="1" slack="0"/>
</pin_list>
<bind>
<StgValue><ssdm name="_ssdm_op_Write.ap_auto.i30P0A"/></StgValue>
</bind>
</comp>

<comp id="82" class="1004" name="j_fu_82">
<pin_list>
<pin id="83" dir="0" index="0" bw="1" slack="0"/>
<pin id="84" dir="1" index="1" bw="11" slack="0"/>
</pin_list>
<bind>
<opcode="alloca(26) " fcode="alloca"/>
<opset="j/1 "/>
</bind>
</comp>

<comp id="86" class="1004" name="axi_data_V_fu_86">
<pin_list>
<pin id="87" dir="0" index="0" bw="1" slack="0"/>
<pin id="88" dir="1" index="1" bw="30" slack="0"/>
</pin_list>
<bind>
<opcode="alloca(26) " fcode="alloca"/>
<opset="axi_data_V/1 "/>
</bind>
</comp>

<comp id="90" class="1004" name="axi_last_V_fu_90">
<pin_list>
<pin id="91" dir="0" index="0" bw="1" slack="0"/>
<pin id="92" dir="1" index="1" bw="1" slack="0"/>
</pin_list>
<bind>
<opcode="alloca(26) " fcode="alloca"/>
<opset="axi_last_V/1 "/>
</bind>
</comp>

<comp id="94" class="1004" name="cols_read_read_fu_94">
<pin_list>
<pin id="95" dir="0" index="0" bw="11" slack="0"/>
<pin id="96" dir="0" index="1" bw="11" slack="0"/>
<pin id="97" dir="1" index="2" bw="11" slack="0"/>
</pin_list>
<bind>
<opcode="read(1150) " fcode="read"/>
<opset="cols_read/1 "/>
</bind>
</comp>

<comp id="100" class="1004" name="axi_data_V_2_read_read_fu_100">
<pin_list>
<pin id="101" dir="0" index="0" bw="30" slack="0"/>
<pin id="102" dir="0" index="1" bw="30" slack="0"/>
<pin id="103" dir="1" index="2" bw="30" slack="0"/>
</pin_list>
<bind>
<opcode="read(1150) " fcode="read"/>
<opset="axi_data_V_2_read/1 "/>
</bind>
</comp>

<comp id="106" class="1004" name="axi_last_V_2_read_read_fu_106">
<pin_list>
<pin id="107" dir="0" index="0" bw="1" slack="0"/>
<pin id="108" dir="0" index="1" bw="1" slack="0"/>
<pin id="109" dir="1" index="2" bw="1" slack="0"/>
</pin_list>
<bind>
<opcode="read(1150) " fcode="read"/>
<opset="axi_last_V_2_read/1 "/>
</bind>
</comp>

<comp id="112" class="1004" name="sof_5_read_read_fu_112">
<pin_list>
<pin id="113" dir="0" index="0" bw="1" slack="0"/>
<pin id="114" dir="0" index="1" bw="1" slack="0"/>
<pin id="115" dir="1" index="2" bw="1" slack="0"/>
</pin_list>
<bind>
<opcode="read(1150) " fcode="read"/>
<opset="sof_5_read/1 "/>
</bind>
</comp>

<comp id="118" class="1004" name="empty_read_fu_118">
<pin_list>
<pin id="119" dir="0" index="0" bw="44" slack="0"/>
<pin id="120" dir="0" index="1" bw="32" slack="0"/>
<pin id="121" dir="0" index="2" bw="4" slack="0"/>
<pin id="122" dir="0" index="3" bw="4" slack="0"/>
<pin id="123" dir="0" index="4" bw="1" slack="0"/>
<pin id="124" dir="0" index="5" bw="1" slack="0"/>
<pin id="125" dir="0" index="6" bw="1" slack="0"/>
<pin id="126" dir="0" index="7" bw="1" slack="0"/>
<pin id="127" dir="1" index="8" bw="44" slack="0"/>
</pin_list>
<bind>
<opcode="read(1150) " fcode="read"/>
<opset="empty/1 "/>
</bind>
</comp>

<comp id="136" class="1004" name="write_ln168_write_fu_136">
<pin_list>
<pin id="137" dir="0" index="0" bw="0" slack="0"/>
<pin id="138" dir="0" index="1" bw="30" slack="0"/>
<pin id="139" dir="0" index="2" bw="30" slack="0"/>
<pin id="140" dir="1" index="3" bw="0" slack="2147483647"/>
</pin_list>
<bind>
<opcode="write(1151) " fcode="write"/>
<opset="write_ln168/2 "/>
</bind>
</comp>

<comp id="143" class="1004" name="write_ln0_write_fu_143">
<pin_list>
<pin id="144" dir="0" index="0" bw="0" slack="0"/>
<pin id="145" dir="0" index="1" bw="1" slack="0"/>
<pin id="146" dir="0" index="2" bw="1" slack="0"/>
<pin id="147" dir="1" index="3" bw="0" slack="2147483647"/>
</pin_list>
<bind>
<opcode="write(1151) " fcode="write"/>
<opset="write_ln0/1 "/>
</bind>
</comp>

<comp id="150" class="1004" name="write_ln0_write_fu_150">
<pin_list>
<pin id="151" dir="0" index="0" bw="0" slack="0"/>
<pin id="152" dir="0" index="1" bw="30" slack="0"/>
<pin id="153" dir="0" index="2" bw="30" slack="0"/>
<pin id="154" dir="1" index="3" bw="0" slack="2147483647"/>
</pin_list>
<bind>
<opcode="write(1151) " fcode="write"/>
<opset="write_ln0/1 "/>
</bind>
</comp>

<comp id="157" class="1005" name="eol_reg_157">
<pin_list>
<pin id="158" dir="0" index="0" bw="1" slack="2147483647"/>
<pin id="159" dir="1" index="1" bw="1" slack="2147483647"/>
</pin_list>
<bind>
<opset="eol (phireg) "/>
</bind>
</comp>

<comp id="160" class="1004" name="eol_phi_fu_160">
<pin_list>
<pin id="161" dir="0" index="0" bw="1" slack="1"/>
<pin id="162" dir="0" index="1" bw="0" slack="2147483647"/>
<pin id="163" dir="0" index="2" bw="1" slack="0"/>
<pin id="164" dir="0" index="3" bw="0" slack="2147483647"/>
<pin id="165" dir="1" index="4" bw="1" slack="0"/>
</pin_list>
<bind>
<opcode="phi(47) " fcode="phi"/>
<opset="eol/1 "/>
</bind>
</comp>

<comp id="168" class="1005" name="sof_reg_168">
<pin_list>
<pin id="169" dir="0" index="0" bw="1" slack="2147483647"/>
<pin id="170" dir="1" index="1" bw="1" slack="2147483647"/>
</pin_list>
<bind>
<opset="sof (phireg) "/>
</bind>
</comp>

<comp id="171" class="1004" name="sof_phi_fu_171">
<pin_list>
<pin id="172" dir="0" index="0" bw="1" slack="0"/>
<pin id="173" dir="0" index="1" bw="0" slack="2147483647"/>
<pin id="174" dir="0" index="2" bw="1" slack="0"/>
<pin id="175" dir="0" index="3" bw="0" slack="2147483647"/>
<pin id="176" dir="1" index="4" bw="1" slack="0"/>
</pin_list>
<bind>
<opcode="phi(47) " fcode="phi"/>
<opset="sof/1 "/>
</bind>
</comp>

<comp id="179" class="1004" name="store_ln0_store_fu_179">
<pin_list>
<pin id="180" dir="0" index="0" bw="1" slack="0"/>
<pin id="181" dir="0" index="1" bw="1" slack="0"/>
<pin id="182" dir="1" index="2" bw="0" slack="2147483647"/>
</pin_list>
<bind>
<opcode="store(28) " fcode="store"/>
<opset="store_ln0/1 "/>
</bind>
</comp>

<comp id="184" class="1004" name="store_ln0_store_fu_184">
<pin_list>
<pin id="185" dir="0" index="0" bw="30" slack="0"/>
<pin id="186" dir="0" index="1" bw="30" slack="0"/>
<pin id="187" dir="1" index="2" bw="0" slack="2147483647"/>
</pin_list>
<bind>
<opcode="store(28) " fcode="store"/>
<opset="store_ln0/1 "/>
</bind>
</comp>

<comp id="189" class="1004" name="store_ln0_store_fu_189">
<pin_list>
<pin id="190" dir="0" index="0" bw="1" slack="0"/>
<pin id="191" dir="0" index="1" bw="11" slack="0"/>
<pin id="192" dir="1" index="2" bw="0" slack="2147483647"/>
</pin_list>
<bind>
<opcode="store(28) " fcode="store"/>
<opset="store_ln0/1 "/>
</bind>
</comp>

<comp id="194" class="1004" name="j_1_load_fu_194">
<pin_list>
<pin id="195" dir="0" index="0" bw="11" slack="0"/>
<pin id="196" dir="1" index="1" bw="11" slack="0"/>
</pin_list>
<bind>
<opcode="load(27) " fcode="load"/>
<opset="j_1/1 "/>
</bind>
</comp>

<comp id="197" class="1004" name="icmp_ln146_fu_197">
<pin_list>
<pin id="198" dir="0" index="0" bw="11" slack="0"/>
<pin id="199" dir="0" index="1" bw="11" slack="0"/>
<pin id="200" dir="1" index="2" bw="1" slack="1"/>
</pin_list>
<bind>
<opcode="icmp(45) " fcode="icmp"/>
<opset="icmp_ln146/1 "/>
</bind>
</comp>

<comp id="203" class="1004" name="j_2_fu_203">
<pin_list>
<pin id="204" dir="0" index="0" bw="11" slack="0"/>
<pin id="205" dir="0" index="1" bw="1" slack="0"/>
<pin id="206" dir="1" index="2" bw="11" slack="0"/>
</pin_list>
<bind>
<opcode="add(8) " fcode="add"/>
<opset="j_2/1 "/>
</bind>
</comp>

<comp id="209" class="1004" name="or_ln150_fu_209">
<pin_list>
<pin id="210" dir="0" index="0" bw="1" slack="0"/>
<pin id="211" dir="0" index="1" bw="1" slack="0"/>
<pin id="212" dir="1" index="2" bw="1" slack="2147483647"/>
</pin_list>
<bind>
<opcode="or(24) " fcode="or"/>
<opset="or_ln150/1 "/>
</bind>
</comp>

<comp id="215" class="1004" name="p_cast9_fu_215">
<pin_list>
<pin id="216" dir="0" index="0" bw="44" slack="0"/>
<pin id="217" dir="1" index="1" bw="32" slack="0"/>
</pin_list>
<bind>
<opcode="extractvalue(56) " fcode="extractvalue"/>
<opset="p_cast9/1 "/>
</bind>
</comp>

<comp id="219" class="1004" name="tmp_last_V_fu_219">
<pin_list>
<pin id="220" dir="0" index="0" bw="44" slack="0"/>
<pin id="221" dir="1" index="1" bw="1" slack="0"/>
</pin_list>
<bind>
<opcode="extractvalue(56) " fcode="extractvalue"/>
<opset="tmp_last_V/1 "/>
</bind>
</comp>

<comp id="223" class="1004" name="tmp_data_V_fu_223">
<pin_list>
<pin id="224" dir="0" index="0" bw="32" slack="0"/>
<pin id="225" dir="1" index="1" bw="30" slack="0"/>
</pin_list>
<bind>
<opcode="trunc(33) " fcode="trunc"/>
<opset="tmp_data_V/1 "/>
</bind>
</comp>

<comp id="227" class="1004" name="store_ln237_store_fu_227">
<pin_list>
<pin id="228" dir="0" index="0" bw="1" slack="0"/>
<pin id="229" dir="0" index="1" bw="1" slack="0"/>
<pin id="230" dir="1" index="2" bw="0" slack="2147483647"/>
</pin_list>
<bind>
<opcode="store(28) " fcode="store"/>
<opset="store_ln237/1 "/>
</bind>
</comp>

<comp id="232" class="1004" name="store_ln237_store_fu_232">
<pin_list>
<pin id="233" dir="0" index="0" bw="30" slack="0"/>
<pin id="234" dir="0" index="1" bw="30" slack="0"/>
<pin id="235" dir="1" index="2" bw="0" slack="2147483647"/>
</pin_list>
<bind>
<opcode="store(28) " fcode="store"/>
<opset="store_ln237/1 "/>
</bind>
</comp>

<comp id="237" class="1004" name="store_ln146_store_fu_237">
<pin_list>
<pin id="238" dir="0" index="0" bw="11" slack="0"/>
<pin id="239" dir="0" index="1" bw="11" slack="0"/>
<pin id="240" dir="1" index="2" bw="0" slack="2147483647"/>
</pin_list>
<bind>
<opcode="store(28) " fcode="store"/>
<opset="store_ln146/1 "/>
</bind>
</comp>

<comp id="242" class="1004" name="axi_data_V_4_load_fu_242">
<pin_list>
<pin id="243" dir="0" index="0" bw="30" slack="1"/>
<pin id="244" dir="1" index="1" bw="30" slack="0"/>
</pin_list>
<bind>
<opcode="load(27) " fcode="load"/>
<opset="axi_data_V_4/2 "/>
</bind>
</comp>

<comp id="246" class="1004" name="axi_last_V_4_load_fu_246">
<pin_list>
<pin id="247" dir="0" index="0" bw="1" slack="1"/>
<pin id="248" dir="1" index="1" bw="1" slack="1"/>
</pin_list>
<bind>
<opcode="load(27) " fcode="load"/>
<opset="axi_last_V_4/2 "/>
</bind>
</comp>

<comp id="249" class="1004" name="axi_data_V_load_load_fu_249">
<pin_list>
<pin id="250" dir="0" index="0" bw="30" slack="0"/>
<pin id="251" dir="1" index="1" bw="30" slack="0"/>
</pin_list>
<bind>
<opcode="load(27) " fcode="load"/>
<opset="axi_data_V_load/1 "/>
</bind>
</comp>

<comp id="253" class="1005" name="j_reg_253">
<pin_list>
<pin id="254" dir="0" index="0" bw="11" slack="0"/>
<pin id="255" dir="1" index="1" bw="11" slack="0"/>
</pin_list>
<bind>
<opset="j "/>
</bind>
</comp>

<comp id="260" class="1005" name="axi_data_V_reg_260">
<pin_list>
<pin id="261" dir="0" index="0" bw="30" slack="0"/>
<pin id="262" dir="1" index="1" bw="30" slack="0"/>
</pin_list>
<bind>
<opset="axi_data_V "/>
</bind>
</comp>

<comp id="268" class="1005" name="axi_last_V_reg_268">
<pin_list>
<pin id="269" dir="0" index="0" bw="1" slack="0"/>
<pin id="270" dir="1" index="1" bw="1" slack="0"/>
</pin_list>
<bind>
<opset="axi_last_V "/>
</bind>
</comp>

<comp id="275" class="1005" name="icmp_ln146_reg_275">
<pin_list>
<pin id="276" dir="0" index="0" bw="1" slack="1"/>
<pin id="277" dir="1" index="1" bw="1" slack="2147483647"/>
</pin_list>
<bind>
<opset="icmp_ln146 "/>
</bind>
</comp>

<comp id="282" class="1005" name="axi_last_V_4_reg_282">
<pin_list>
<pin id="283" dir="0" index="0" bw="1" slack="1"/>
<pin id="284" dir="1" index="1" bw="1" slack="1"/>
</pin_list>
<bind>
<opset="axi_last_V_4 "/>
</bind>
</comp>

</comp_list>

<net_list>
<net id="85"><net_src comp="28" pin="0"/><net_sink comp="82" pin=0"/></net>

<net id="89"><net_src comp="28" pin="0"/><net_sink comp="86" pin=0"/></net>

<net id="93"><net_src comp="28" pin="0"/><net_sink comp="90" pin=0"/></net>

<net id="98"><net_src comp="48" pin="0"/><net_sink comp="94" pin=0"/></net>

<net id="99"><net_src comp="6" pin="0"/><net_sink comp="94" pin=1"/></net>

<net id="104"><net_src comp="50" pin="0"/><net_sink comp="100" pin=0"/></net>

<net id="105"><net_src comp="4" pin="0"/><net_sink comp="100" pin=1"/></net>

<net id="110"><net_src comp="52" pin="0"/><net_sink comp="106" pin=0"/></net>

<net id="111"><net_src comp="2" pin="0"/><net_sink comp="106" pin=1"/></net>

<net id="116"><net_src comp="52" pin="0"/><net_sink comp="112" pin=0"/></net>

<net id="117"><net_src comp="0" pin="0"/><net_sink comp="112" pin=1"/></net>

<net id="128"><net_src comp="74" pin="0"/><net_sink comp="118" pin=0"/></net>

<net id="129"><net_src comp="10" pin="0"/><net_sink comp="118" pin=1"/></net>

<net id="130"><net_src comp="12" pin="0"/><net_sink comp="118" pin=2"/></net>

<net id="131"><net_src comp="14" pin="0"/><net_sink comp="118" pin=3"/></net>

<net id="132"><net_src comp="16" pin="0"/><net_sink comp="118" pin=4"/></net>

<net id="133"><net_src comp="18" pin="0"/><net_sink comp="118" pin=5"/></net>

<net id="134"><net_src comp="20" pin="0"/><net_sink comp="118" pin=6"/></net>

<net id="135"><net_src comp="22" pin="0"/><net_sink comp="118" pin=7"/></net>

<net id="141"><net_src comp="76" pin="0"/><net_sink comp="136" pin=0"/></net>

<net id="142"><net_src comp="8" pin="0"/><net_sink comp="136" pin=1"/></net>

<net id="148"><net_src comp="78" pin="0"/><net_sink comp="143" pin=0"/></net>

<net id="149"><net_src comp="24" pin="0"/><net_sink comp="143" pin=1"/></net>

<net id="155"><net_src comp="80" pin="0"/><net_sink comp="150" pin=0"/></net>

<net id="156"><net_src comp="26" pin="0"/><net_sink comp="150" pin=1"/></net>

<net id="166"><net_src comp="56" pin="0"/><net_sink comp="160" pin=2"/></net>

<net id="167"><net_src comp="160" pin="4"/><net_sink comp="143" pin=2"/></net>

<net id="177"><net_src comp="56" pin="0"/><net_sink comp="171" pin=0"/></net>

<net id="178"><net_src comp="112" pin="2"/><net_sink comp="171" pin=2"/></net>

<net id="183"><net_src comp="106" pin="2"/><net_sink comp="179" pin=0"/></net>

<net id="188"><net_src comp="100" pin="2"/><net_sink comp="184" pin=0"/></net>

<net id="193"><net_src comp="54" pin="0"/><net_sink comp="189" pin=0"/></net>

<net id="201"><net_src comp="194" pin="1"/><net_sink comp="197" pin=0"/></net>

<net id="202"><net_src comp="94" pin="2"/><net_sink comp="197" pin=1"/></net>

<net id="207"><net_src comp="194" pin="1"/><net_sink comp="203" pin=0"/></net>

<net id="208"><net_src comp="66" pin="0"/><net_sink comp="203" pin=1"/></net>

<net id="213"><net_src comp="171" pin="4"/><net_sink comp="209" pin=0"/></net>

<net id="214"><net_src comp="160" pin="4"/><net_sink comp="209" pin=1"/></net>

<net id="218"><net_src comp="118" pin="8"/><net_sink comp="215" pin=0"/></net>

<net id="222"><net_src comp="118" pin="8"/><net_sink comp="219" pin=0"/></net>

<net id="226"><net_src comp="215" pin="1"/><net_sink comp="223" pin=0"/></net>

<net id="231"><net_src comp="219" pin="1"/><net_sink comp="227" pin=0"/></net>

<net id="236"><net_src comp="223" pin="1"/><net_sink comp="232" pin=0"/></net>

<net id="241"><net_src comp="203" pin="2"/><net_sink comp="237" pin=0"/></net>

<net id="245"><net_src comp="242" pin="1"/><net_sink comp="136" pin=2"/></net>

<net id="252"><net_src comp="249" pin="1"/><net_sink comp="150" pin=2"/></net>

<net id="256"><net_src comp="82" pin="1"/><net_sink comp="253" pin=0"/></net>

<net id="257"><net_src comp="253" pin="1"/><net_sink comp="189" pin=1"/></net>

<net id="258"><net_src comp="253" pin="1"/><net_sink comp="194" pin=0"/></net>

<net id="259"><net_src comp="253" pin="1"/><net_sink comp="237" pin=1"/></net>

<net id="263"><net_src comp="86" pin="1"/><net_sink comp="260" pin=0"/></net>

<net id="264"><net_src comp="260" pin="1"/><net_sink comp="184" pin=1"/></net>

<net id="265"><net_src comp="260" pin="1"/><net_sink comp="232" pin=1"/></net>

<net id="266"><net_src comp="260" pin="1"/><net_sink comp="242" pin=0"/></net>

<net id="267"><net_src comp="260" pin="1"/><net_sink comp="249" pin=0"/></net>

<net id="271"><net_src comp="90" pin="1"/><net_sink comp="268" pin=0"/></net>

<net id="272"><net_src comp="268" pin="1"/><net_sink comp="179" pin=1"/></net>

<net id="273"><net_src comp="268" pin="1"/><net_sink comp="227" pin=1"/></net>

<net id="274"><net_src comp="268" pin="1"/><net_sink comp="246" pin=0"/></net>

<net id="278"><net_src comp="197" pin="2"/><net_sink comp="275" pin=0"/></net>

<net id="285"><net_src comp="246" pin="1"/><net_sink comp="282" pin=0"/></net>

<net id="286"><net_src comp="282" pin="1"/><net_sink comp="160" pin=0"/></net>

</net_list>

</model> 
---------------- Datapath Model END ------------------

* FSMD analyzer results:
  - Output states:
	Port: imgRgb | {2 }
	Port: eol_out | {1 }
	Port: axi_data_V_3_out | {1 }
 - Input state : 
	Port: AXIvideo2MultiPixStream_Pipeline_loop_width : sof_5 | {1 }
	Port: AXIvideo2MultiPixStream_Pipeline_loop_width : axi_last_V_2 | {1 }
	Port: AXIvideo2MultiPixStream_Pipeline_loop_width : axi_data_V_2 | {1 }
	Port: AXIvideo2MultiPixStream_Pipeline_loop_width : cols | {1 }
	Port: AXIvideo2MultiPixStream_Pipeline_loop_width : s_axis_video_V_data_V | {1 }
	Port: AXIvideo2MultiPixStream_Pipeline_loop_width : s_axis_video_V_keep_V | {1 }
	Port: AXIvideo2MultiPixStream_Pipeline_loop_width : s_axis_video_V_strb_V | {1 }
	Port: AXIvideo2MultiPixStream_Pipeline_loop_width : s_axis_video_V_user_V | {1 }
	Port: AXIvideo2MultiPixStream_Pipeline_loop_width : s_axis_video_V_last_V | {1 }
	Port: AXIvideo2MultiPixStream_Pipeline_loop_width : s_axis_video_V_id_V | {1 }
	Port: AXIvideo2MultiPixStream_Pipeline_loop_width : s_axis_video_V_dest_V | {1 }
  - Chain level:
	State 1
		store_ln0 : 1
		eol : 1
		sof : 1
		j_1 : 1
		icmp_ln146 : 2
		j_2 : 2
		br_ln146 : 3
		or_ln150 : 2
		br_ln150 : 2
		tmp_data_V : 1
		store_ln237 : 1
		store_ln237 : 2
		store_ln146 : 3
		axi_data_V_load : 1
		write_ln0 : 2
		write_ln0 : 2
	State 2
		write_ln168 : 1


============================================================
+ Verbose Summary: Datapath Resource usage 
============================================================

* Functional unit list:
|----------|-------------------------------|---------|---------|
| Operation|        Functional Unit        |    FF   |   LUT   |
|----------|-------------------------------|---------|---------|
|    add   |           j_2_fu_203          |    0    |    18   |
|----------|-------------------------------|---------|---------|
|   icmp   |       icmp_ln146_fu_197       |    0    |    11   |
|----------|-------------------------------|---------|---------|
|    or    |        or_ln150_fu_209        |    0    |    2    |
|----------|-------------------------------|---------|---------|
|          |      cols_read_read_fu_94     |    0    |    0    |
|          | axi_data_V_2_read_read_fu_100 |    0    |    0    |
|   read   | axi_last_V_2_read_read_fu_106 |    0    |    0    |
|          |     sof_5_read_read_fu_112    |    0    |    0    |
|          |       empty_read_fu_118       |    0    |    0    |
|----------|-------------------------------|---------|---------|
|          |    write_ln168_write_fu_136   |    0    |    0    |
|   write  |     write_ln0_write_fu_143    |    0    |    0    |
|          |     write_ln0_write_fu_150    |    0    |    0    |
|----------|-------------------------------|---------|---------|
|extractvalue|         p_cast9_fu_215        |    0    |    0    |
|          |       tmp_last_V_fu_219       |    0    |    0    |
|----------|-------------------------------|---------|---------|
|   trunc  |       tmp_data_V_fu_223       |    0    |    0    |
|----------|-------------------------------|---------|---------|
|   Total  |                               |    0    |    31   |
|----------|-------------------------------|---------|---------|

Memories:
N/A

* Register list:
+--------------------+--------+
|                    |   FF   |
+--------------------+--------+
| axi_data_V_reg_260 |   30   |
|axi_last_V_4_reg_282|    1   |
| axi_last_V_reg_268 |    1   |
|     eol_reg_157    |    1   |
| icmp_ln146_reg_275 |    1   |
|      j_reg_253     |   11   |
|     sof_reg_168    |    1   |
+--------------------+--------+
|        Total       |   46   |
+--------------------+--------+

* Multiplexer (MUX) list: 
|--------|------|------|------|--------|
|  Comp  |  Pin | Size |  BW  | S x BW |
|--------|------|------|------|--------|
|  Total |      |      |      |    0   |
|--------|------|------|------|--------|



* Summary:
+-----------+--------+--------+
|           |   FF   |   LUT  |
+-----------+--------+--------+
|  Function |    0   |   31   |
|   Memory  |    -   |    -   |
|Multiplexer|    -   |    -   |
|  Register |   46   |    -   |
+-----------+--------+--------+
|   Total   |   46   |   31   |
+-----------+--------+--------+
