

================================================================
== Vitis HLS Report for 'MultiPixStream2AXIvideo_Pipeline_VITIS_LOOP_213_2'
================================================================
* Date:           Thu May  8 10:10:25 2025

* Version:        2022.2 (Build 3670227 on Oct 13 2022)
* Project:        prj
* Solution:       sol (Vivado IP Flow Target)
* Product family: zynquplus
* Target device:  xck26-sfvc784-2LV-c


================================================================
== Performance Estimates
================================================================
+ Timing: 
    * Summary: 
    +--------+---------+----------+------------+
    |  Clock |  Target | Estimated| Uncertainty|
    +--------+---------+----------+------------+
    |ap_clk  |  4.00 ns|  1.529 ns|     1.08 ns|
    +--------+---------+----------+------------+

+ Latency: 
    * Summary: 
    +---------+---------+-----------+----------+-----+-------+---------+
    |  Latency (cycles) |  Latency (absolute)  |   Interval  | Pipeline|
    |   min   |   max   |    min    |    max   | min |  max  |   Type  |
    +---------+---------+-----------+----------+-----+-------+---------+
    |        3|    65538|  12.000 ns|  0.262 ms|    3|  65538|       no|
    +---------+---------+-----------+----------+-----+-------+---------+

    + Detail: 
        * Instance: 
        N/A

        * Loop: 
        +--------------------+---------+---------+----------+-----------+-----------+-----------+----------+
        |                    |  Latency (cycles) | Iteration|  Initiation Interval  |    Trip   |          |
        |      Loop Name     |   min   |   max   |  Latency |  achieved |   target  |   Count   | Pipelined|
        +--------------------+---------+---------+----------+-----------+-----------+-----------+----------+
        |- VITIS_LOOP_213_2  |        1|    65536|         2|          1|          1|  0 ~ 65535|       yes|
        +--------------------+---------+---------+----------+-----------+-----------+-----------+----------+

============================================================
+ Verbose Summary: Synthesis Manager
============================================================
InlineROM: 1
ExposeGlobal: 0
============================================================
+ Verbose Summary: CDFG Model
============================================================
IsTopModel: 0
ResetActiveHigh: 1
IsCombinational: 0
IsDatapathOnly: 0
HasWiredReturn: 1
HasMFsm: 2
HasVarLatency: 1
IsPipeline: 0
IsRtlPipelined: 0
IsInstanceOverlapped: 0
IsDontTouch: 0
HasImplIP: 0
IsGatedGlobalClock: 0

+ Individual pipeline summary: 
  * Pipeline-0: initiation interval (II) = 1, depth = 2


============================================================
+ Verbose Summary: Schedule
============================================================
* Number of FSM states : 2
* Pipeline : 1
  Pipeline-0 : II = 1, D = 2, States = { 1 2 }
* Dataflow Pipeline: 0

* FSM state transitions: 
1 --> 2 
2 --> 

* FSM state operations: 

State 1 <SV = 0> <Delay = 1.52>
ST_1 : Operation 5 [1/1] (0.00ns)   --->   "%j_V = alloca i32 1"   --->   Operation 5 'alloca' 'j_V' <Predicate = true> <Delay = 0.00>
ST_1 : Operation 6 [1/1] (0.00ns)   --->   "%specaxissidechannel_ln0 = specaxissidechannel void @_ssdm_op_SpecAXISSideChannel, i32 %m_axis_video_V_data_V, i4 %m_axis_video_V_keep_V, i4 %m_axis_video_V_strb_V, i1 %m_axis_video_V_user_V, i1 %m_axis_video_V_last_V, i1 %m_axis_video_V_id_V, i1 %m_axis_video_V_dest_V, void @empty_12"   --->   Operation 6 'specaxissidechannel' 'specaxissidechannel_ln0' <Predicate = true> <Delay = 0.00>
ST_1 : Operation 7 [1/1] (0.00ns)   --->   "%specinterface_ln0 = specinterface void @_ssdm_op_SpecInterface, i32 %m_axis_video_V_data_V, i4 %m_axis_video_V_keep_V, i4 %m_axis_video_V_strb_V, i1 %m_axis_video_V_user_V, i1 %m_axis_video_V_last_V, i1 %m_axis_video_V_id_V, i1 %m_axis_video_V_dest_V, void @empty_4, i32 0, i32 0, void @empty_3, i32 0, i32 0, void @empty_1, void @empty_1, void @empty_1, i32 0, i32 0, i32 0, i32 0, void @empty_1, void @empty_1, i32 4294967295, i32 0"   --->   Operation 7 'specinterface' 'specinterface_ln0' <Predicate = true> <Delay = 0.00>
ST_1 : Operation 8 [1/1] (0.00ns)   --->   "%specinterface_ln0 = specinterface void @_ssdm_op_SpecInterface, i30 %imgGamma, void @empty_11, i32 0, i32 0, void @empty_1, i32 0, i32 0, void @empty_1, void @empty_1, void @empty_1, i32 0, i32 0, i32 0, i32 0, void @empty_1, void @empty_1, i32 4294967295, i32 0"   --->   Operation 8 'specinterface' 'specinterface_ln0' <Predicate = true> <Delay = 0.00>
ST_1 : Operation 9 [1/1] (0.00ns)   --->   "%sub_i_i_read = read i17 @_ssdm_op_Read.ap_auto.i17, i17 %sub_i_i"   --->   Operation 9 'read' 'sub_i_i_read' <Predicate = true> <Delay = 0.00>
ST_1 : Operation 10 [1/1] (0.00ns)   --->   "%cols_read = read i16 @_ssdm_op_Read.ap_auto.i16, i16 %cols"   --->   Operation 10 'read' 'cols_read' <Predicate = true> <Delay = 0.00>
ST_1 : Operation 11 [1/1] (0.00ns)   --->   "%sof_read = read i1 @_ssdm_op_Read.ap_auto.i1, i1 %sof"   --->   Operation 11 'read' 'sof_read' <Predicate = true> <Delay = 0.00>
ST_1 : Operation 12 [1/1] (0.42ns)   --->   "%store_ln0 = store i16 0, i16 %j_V"   --->   Operation 12 'store' 'store_ln0' <Predicate = true> <Delay = 0.42>
ST_1 : Operation 13 [1/1] (0.42ns)   --->   "%br_ln0 = br void %for.body4"   --->   Operation 13 'br' 'br_ln0' <Predicate = true> <Delay = 0.42>
ST_1 : Operation 14 [1/1] (0.00ns)   --->   "%j_V_1 = load i16 %j_V"   --->   Operation 14 'load' 'j_V_1' <Predicate = true> <Delay = 0.00>
ST_1 : Operation 15 [1/1] (1.10ns)   --->   "%icmp_ln1027 = icmp_eq  i16 %j_V_1, i16 %cols_read"   --->   Operation 15 'icmp' 'icmp_ln1027' <Predicate = true> <Delay = 1.10> <CoreInst = "Cmp">   --->   Core 9 'Cmp' <Latency = 0> <II = 1> <Delay = 1.10> <FuncUnit> <Opcode : 'icmp'> <InPorts = 2> <OutPorts = 1>
ST_1 : Operation 16 [1/1] (0.85ns)   --->   "%j_V_2 = add i16 %j_V_1, i16 1"   --->   Operation 16 'add' 'j_V_2' <Predicate = true> <Delay = 0.85> <CoreInst = "Adder">   --->   Core 1 'Adder' <Latency = 0> <II = 1> <Delay = 0.85> <FuncUnit> <Opcode : 'add' 'sub'> <InPorts = 2> <OutPorts = 1>
ST_1 : Operation 17 [1/1] (0.00ns)   --->   "%br_ln213 = br i1 %icmp_ln1027, void %for.body4.split, void %for.inc39.loopexit.exitStub" [/home/lsriw/SR/KocurPawel/git_ycbcr/video_passthrough_kria_repo_1/video_passthrough_kria/video_passthrough_kria.runs/design_1_v_gamma_lut_0_0_synth_1/prj/sol/.autopilot/db/v_gamma_lut.cpp:213]   --->   Operation 17 'br' 'br_ln213' <Predicate = true> <Delay = 0.00>
ST_1 : Operation 18 [1/1] (0.00ns)   --->   "%zext_ln1019 = zext i16 %j_V_1"   --->   Operation 18 'zext' 'zext_ln1019' <Predicate = (!icmp_ln1027)> <Delay = 0.00>
ST_1 : Operation 19 [1/1] (1.09ns)   --->   "%axi_last_V = icmp_eq  i17 %sub_i_i_read, i17 %zext_ln1019"   --->   Operation 19 'icmp' 'axi_last_V' <Predicate = (!icmp_ln1027)> <Delay = 1.09> <CoreInst = "Cmp">   --->   Core 9 'Cmp' <Latency = 0> <II = 1> <Delay = 1.09> <FuncUnit> <Opcode : 'icmp'> <InPorts = 2> <OutPorts = 1>
ST_1 : Operation 20 [1/1] (0.42ns)   --->   "%store_ln213 = store i16 %j_V_2, i16 %j_V" [/home/lsriw/SR/KocurPawel/git_ycbcr/video_passthrough_kria_repo_1/video_passthrough_kria/video_passthrough_kria.runs/design_1_v_gamma_lut_0_0_synth_1/prj/sol/.autopilot/db/v_gamma_lut.cpp:213]   --->   Operation 20 'store' 'store_ln213' <Predicate = (!icmp_ln1027)> <Delay = 0.42>
ST_1 : Operation 21 [1/1] (0.00ns)   --->   "%br_ln213 = br void %for.body4" [/home/lsriw/SR/KocurPawel/git_ycbcr/video_passthrough_kria_repo_1/video_passthrough_kria/video_passthrough_kria.runs/design_1_v_gamma_lut_0_0_synth_1/prj/sol/.autopilot/db/v_gamma_lut.cpp:213]   --->   Operation 21 'br' 'br_ln213' <Predicate = (!icmp_ln1027)> <Delay = 0.00>

State 2 <SV = 1> <Delay = 1.46>
ST_2 : Operation 22 [1/1] (0.00ns)   --->   "%sof_2 = phi i1 0, void %for.body4.split, i1 %sof_read, void %newFuncRoot"   --->   Operation 22 'phi' 'sof_2' <Predicate = true> <Delay = 0.00>
ST_2 : Operation 23 [1/1] (0.00ns)   --->   "%speclooptripcount_ln0 = speclooptripcount void @_ssdm_op_SpecLoopTripCount, i64 0, i64 65535, i64 0"   --->   Operation 23 'speclooptripcount' 'speclooptripcount_ln0' <Predicate = true> <Delay = 0.00>
ST_2 : Operation 24 [1/1] (0.00ns)   --->   "%specpipeline_ln216 = specpipeline void @_ssdm_op_SpecPipeline, i32 1, i32 0, i32 0, i32 0, void @empty_1" [/home/lsriw/SR/KocurPawel/git_ycbcr/video_passthrough_kria_repo_1/video_passthrough_kria/video_passthrough_kria.runs/design_1_v_gamma_lut_0_0_synth_1/prj/sol/.autopilot/db/v_gamma_lut.cpp:216]   --->   Operation 24 'specpipeline' 'specpipeline_ln216' <Predicate = (!icmp_ln1027)> <Delay = 0.00>
ST_2 : Operation 25 [1/1] (0.00ns)   --->   "%specloopname_ln213 = specloopname void @_ssdm_op_SpecLoopName, void @empty_24" [/home/lsriw/SR/KocurPawel/git_ycbcr/video_passthrough_kria_repo_1/video_passthrough_kria/video_passthrough_kria.runs/design_1_v_gamma_lut_0_0_synth_1/prj/sol/.autopilot/db/v_gamma_lut.cpp:213]   --->   Operation 25 'specloopname' 'specloopname_ln213' <Predicate = (!icmp_ln1027)> <Delay = 0.00>
ST_2 : Operation 26 [1/1] (1.46ns)   --->   "%p_Result_s = read i30 @_ssdm_op_Read.ap_fifo.volatile.i30P0A, i30 %imgGamma" [/home/lsriw/SR/KocurPawel/git_ycbcr/video_passthrough_kria_repo_1/video_passthrough_kria/video_passthrough_kria.runs/design_1_v_gamma_lut_0_0_synth_1/prj/sol/.autopilot/db/v_gamma_lut.cpp:228]   --->   Operation 26 'read' 'p_Result_s' <Predicate = (!icmp_ln1027)> <Delay = 1.46> <CoreInst = "FIFO_SRL">   --->   Core 81 'FIFO_SRL' <Latency = 0> <II = 1> <Delay = 2.04> <Storage> <Opcode : 'read' 'write' 'nbread' 'nbwrite'> <Ports = 0> <Width = 30> <Depth = 16> <FIFO>
ST_2 : Operation 27 [1/1] (0.00ns)   --->   "%zext_ln258 = zext i30 %p_Result_s"   --->   Operation 27 'zext' 'zext_ln258' <Predicate = (!icmp_ln1027)> <Delay = 0.00>
ST_2 : Operation 28 [1/1] (0.00ns)   --->   "%write_ln258 = write void @_ssdm_op_Write.axis.volatile.i32P0A.i4P0A.i4P0A.i1P0A.i1P0A.i1P0A.i1P0A, i32 %m_axis_video_V_data_V, i4 %m_axis_video_V_keep_V, i4 %m_axis_video_V_strb_V, i1 %m_axis_video_V_user_V, i1 %m_axis_video_V_last_V, i1 %m_axis_video_V_id_V, i1 %m_axis_video_V_dest_V, i32 %zext_ln258, i4 15, i4 0, i1 %sof_2, i1 %axi_last_V, i1 0, i1 0"   --->   Operation 28 'write' 'write_ln258' <Predicate = (!icmp_ln1027)> <Delay = 0.00> <CoreInst = "axis">   --->   Core 123 'axis' <Latency = 0> <II = 1> <Delay = 1.00> <Adapter> <Opcode : >
ST_2 : Operation 29 [1/1] (0.00ns)   --->   "%ret_ln0 = ret"   --->   Operation 29 'ret' 'ret_ln0' <Predicate = (icmp_ln1027)> <Delay = 0.00>


============================================================
+ Verbose Summary: Timing violations
============================================================
Target clock period: 4ns, clock uncertainty: 1.08ns.

 <State 1>: 1.53ns
The critical path consists of the following:
	'alloca' operation ('j.V') [12]  (0 ns)
	'load' operation ('j.V') on local variable 'j.V' [23]  (0 ns)
	'add' operation ('j.V') [26]  (0.853 ns)
	'store' operation ('store_ln213', /home/lsriw/SR/KocurPawel/git_ycbcr/video_passthrough_kria_repo_1/video_passthrough_kria/video_passthrough_kria.runs/design_1_v_gamma_lut_0_0_synth_1/prj/sol/.autopilot/db/v_gamma_lut.cpp:213) of variable 'j.V' on local variable 'j.V' [36]  (0.427 ns)
	blocking operation 0.249 ns on control path)

 <State 2>: 1.46ns
The critical path consists of the following:
	fifo read operation ('__Result__', /home/lsriw/SR/KocurPawel/git_ycbcr/video_passthrough_kria_repo_1/video_passthrough_kria/video_passthrough_kria.runs/design_1_v_gamma_lut_0_0_synth_1/prj/sol/.autopilot/db/v_gamma_lut.cpp:228) on port 'imgGamma' (/home/lsriw/SR/KocurPawel/git_ycbcr/video_passthrough_kria_repo_1/video_passthrough_kria/video_passthrough_kria.runs/design_1_v_gamma_lut_0_0_synth_1/prj/sol/.autopilot/db/v_gamma_lut.cpp:228) [33]  (1.46 ns)


============================================================
+ Verbose Summary: Binding
============================================================
N/A
* FSMD analyzer results:
  - Output states:
 - Input state : 
  - Chain level:
	State 1
	State 2


============================================================
+ Verbose Summary: Datapath Resource usage 
============================================================
N/A
