Thu May  8 10:09:26 2025: Running xcd server. This server was built by gradle.
Thu May  8 10:09:26 2025: Server was asked to start on port: '42835'
Thu May  8 10:09:26 2025: Server is using token UUID: 'd1a04633-97cb-4b86-af9b-f5ec388007db'
Thu May  8 10:09:26 2025: SESSION_MGR: creating session with session uuid: '6d04a3e9-ade5-4ab9-8d63-1f78fcd2ec76' and name 'default'
Thu May  8 10:09:27 2025: Attempting to start server on port '42835'
Thu May  8 10:09:27 2025: XCD main fifo: created main fifo '/tmp/xcdmaind1a04633-97cb-4b86-af9b-f5ec388007db', fd read = 232
Thu May  8 10:09:27 2025: Running Dispatch Server
Thu May  8 10:09:27 2025: Version 2.2.0
Thu May  8 10:09:35 2025: Dispatch Server: Accepted socket connection from client
Thu May  8 10:09:35 2025: Starting Socket connection
Thu May  8 10:09:35 2025: EXCHANGE_TOKEN received, server token: d1a04633-97cb-4b86-af9b-f5ec388007db, passed token: d1a04633-97cb-4b86-af9b-f5ec388007db
Thu May  8 10:09:35 2025: SESSION_MGR: creating session with session uuid: '0e6fb920-bc35-4954-9c74-2c5aaee3e7a0' and name 'vitis_hls'
Thu May  8 10:09:35 2025: KERNEL_SVC: creating session with uuid: '0e6fb920-bc35-4954-9c74-2c5aaee3e7a0' and name 'vitis_hls'
Thu May  8 10:09:35 2025: GUIDANCE_SMGR: creating guidance session with uuid: '0e6fb920-bc35-4954-9c74-2c5aaee3e7a0' and name 'vitis_hls'
Thu May  8 10:10:43 2025: STOP_SERVER received, server token: d1a04633-97cb-4b86-af9b-f5ec388007db, passed token: d1a04633-97cb-4b86-af9b-f5ec388007db
Thu May  8 10:10:43 2025: Socket received request to stop server.
Thu May  8 10:10:43 2025: Dispatch Server: do_await_stop
Thu May  8 10:10:43 2025: Dispatch Server: stopping mainFifo_
Thu May  8 10:10:43 2025: XCD main fifo: Stopping
Thu May  8 10:10:43 2025: XCD main fifo: do_read error code: Operation canceled
Thu May  8 10:10:43 2025: XCD main fifo: bytes_transferred: 0
Thu May  8 10:10:43 2025: SERVER: destructor for server bound to port 42835
Thu May  8 10:10:43 2025: XCD main fifo: Good unlink of /tmp/xcdmaind1a04633-97cb-4b86-af9b-f5ec388007db
Thu May  8 10:10:43 2025: Server exiting with status 0.
Thu May  8 10:10:43 2025: Closing log file.
