

================================================================
== Vitis HLS Report for 'Debayer'
================================================================
* Date:           Thu May  8 10:10:44 2025

* Version:        2022.2 (Build 3670227 on Oct 13 2022)
* Project:        prj
* Solution:       sol (Vivado IP Flow Target)
* Product family: zynquplus
* Target device:  xck26-sfvc784-2LV-c


================================================================
== Performance Estimates
================================================================
+ Timing: 
    * Summary: 
    +--------+---------+----------+------------+
    |  Clock |  Target | Estimated| Uncertainty|
    +--------+---------+----------+------------+
    |ap_clk  |  4.00 ns|  2.920 ns|     1.08 ns|
    +--------+---------+----------+------------+

+ Latency: 
    * Summary: 
    +---------+---------+----------+----------+-----+------------+----------+
    |  Latency (cycles) |  Latency (absolute) |     Interval     | Pipeline |
    |   min   |   max   |    min   |    max   | min |     max    |   Type   |
    +---------+---------+----------+----------+-----+------------+----------+
    |    65594|  2152989|  0.262 ms|  8.612 ms|   50|  4296540185|  dataflow|
    +---------+---------+----------+----------+-----+------------+----------+

    + Detail: 
        * Instance: 
        +----------------------+-------------------+---------+------------+-----------+------------+-----+------------+---------+
        |                      |                   |   Latency (cycles)   |   Latency (absolute)   |     Interval     | Pipeline|
        |       Instance       |       Module      |   min   |     max    |    min    |     max    | min |     max    |   Type  |
        +----------------------+-------------------+---------+------------+-----------+------------+-----+------------+---------+
        |DebayerG_U0           |DebayerG           |       49|  4296540184|   0.196 us|  17.186 sec|   49|  4296540184|       no|
        |DebayerRatBorBatR_U0  |DebayerRatBorBatR  |       12|     2087412|  48.000 ns|    8.350 ms|   12|     2087412|       no|
        |DebayerRandBatG_U0    |DebayerRandBatG    |       11|     2086331|  44.000 ns|    8.345 ms|   11|     2086331|       no|
        +----------------------+-------------------+---------+------------+-----------+------------+-----+------------+---------+

        * Loop: 
        N/A



================================================================
== Utilization Estimates
================================================================
* Summary: 
+-----------------+---------+------+--------+--------+-----+
|       Name      | BRAM_18K|  DSP |   FF   |   LUT  | URAM|
+-----------------+---------+------+--------+--------+-----+
|DSP              |        -|     -|       -|       -|    -|
|Expression       |        -|     -|       0|       2|    -|
|FIFO             |        -|     -|     396|     268|    -|
|Instance         |       30|     8|    8647|    9489|    0|
|Memory           |        -|     -|       -|       -|    -|
|Multiplexer      |        -|     -|       -|       9|    -|
|Register         |        -|     -|       1|       -|    -|
+-----------------+---------+------+--------+--------+-----+
|Total            |       30|     8|    9044|    9768|    0|
+-----------------+---------+------+--------+--------+-----+
|Available        |      288|  1248|  234240|  117120|   64|
+-----------------+---------+------+--------+--------+-----+
|Utilization (%)  |       10|    ~0|       3|       8|    0|
+-----------------+---------+------+--------+--------+-----+

+ Detail: 
    * Instance: 
    +----------------------+-------------------+---------+----+------+------+-----+
    |       Instance       |       Module      | BRAM_18K| DSP|  FF  |  LUT | URAM|
    +----------------------+-------------------+---------+----+------+------+-----+
    |DebayerG_U0           |DebayerG           |       14|   8|  4258|  5023|    0|
    |DebayerRandBatG_U0    |DebayerRandBatG    |        8|   0|  1691|  2038|    0|
    |DebayerRatBorBatR_U0  |DebayerRatBorBatR  |        8|   0|  2698|  2428|    0|
    +----------------------+-------------------+---------+----+------+------+-----+
    |Total                 |                   |       30|   8|  8647|  9489|    0|
    +----------------------+-------------------+---------+----+------+------+-----+

    * DSP: 
    N/A

    * Memory: 
    N/A

    * FIFO: 
    +-----------------+---------+----+----+-----+------+-----+---------+
    |       Name      | BRAM_18K| FF | LUT| URAM| Depth| Bits| Size:D*B|
    +-----------------+---------+----+----+-----+------+-----+---------+
    |bayerPhase_c9_U  |        0|  99|   0|    -|     2|   16|       32|
    |bayerPhase_c_U   |        0|  99|   0|    -|     2|   16|       32|
    |imgG_U           |        0|  99|   0|    -|     2|   30|       60|
    |imgRB_U          |        0|  99|   0|    -|     2|   30|       60|
    +-----------------+---------+----+----+-----+------+-----+---------+
    |Total            |        0| 396|   0|    0|     8|   92|      184|
    +-----------------+---------+----+----+-----+------+-----+---------+

    * Expression: 
    +--------------+----------+----+---+----+------------+------------+
    | Variable Name| Operation| DSP| FF| LUT| Bitwidth P0| Bitwidth P1|
    +--------------+----------+----+---+----+------------+------------+
    |ap_idle       |       and|   0|  0|   2|           1|           1|
    +--------------+----------+----+---+----+------------+------------+
    |Total         |          |   0|  0|   2|           1|           1|
    +--------------+----------+----+---+----+------------+------------+

    * Multiplexer: 
    +------------+----+-----------+-----+-----------+
    |    Name    | LUT| Input Size| Bits| Total Bits|
    +------------+----+-----------+-----+-----------+
    |real_start  |   9|          2|    1|          2|
    +------------+----+-----------+-----+-----------+
    |Total       |   9|          2|    1|          2|
    +------------+----+-----------+-----+-----------+

    * Register: 
    +----------------+---+----+-----+-----------+
    |      Name      | FF| LUT| Bits| Const Bits|
    +----------------+---+----+-----+-----------+
    |start_once_reg  |  1|   0|    1|          0|
    +----------------+---+----+-----+-----------+
    |Total           |  1|   0|    1|          0|
    +----------------+---+----+-----+-----------+



================================================================
== Interface
================================================================
* Summary: 
+-------------------------+-----+-----+------------+--------------+--------------+
|        RTL Ports        | Dir | Bits|  Protocol  | Source Object|    C Type    |
+-------------------------+-----+-----+------------+--------------+--------------+
|ap_start                 |   in|    1|  ap_ctrl_hs|       Debayer|  return value|
|start_full_n             |   in|    1|  ap_ctrl_hs|       Debayer|  return value|
|start_out                |  out|    1|  ap_ctrl_hs|       Debayer|  return value|
|start_write              |  out|    1|  ap_ctrl_hs|       Debayer|  return value|
|ap_clk                   |   in|    1|  ap_ctrl_hs|       Debayer|  return value|
|ap_rst                   |   in|    1|  ap_ctrl_hs|       Debayer|  return value|
|imgBayer_num_data_valid  |   in|    3|  ap_ctrl_hs|       Debayer|  return value|
|imgBayer_fifo_cap        |   in|    3|  ap_ctrl_hs|       Debayer|  return value|
|ap_done                  |  out|    1|  ap_ctrl_hs|       Debayer|  return value|
|ap_ready                 |  out|    1|  ap_ctrl_hs|       Debayer|  return value|
|ap_idle                  |  out|    1|  ap_ctrl_hs|       Debayer|  return value|
|ap_continue              |   in|    1|  ap_ctrl_hs|       Debayer|  return value|
|imgBayer_dout            |   in|   10|     ap_fifo|      imgBayer|       pointer|
|imgBayer_empty_n         |   in|    1|     ap_fifo|      imgBayer|       pointer|
|imgBayer_read            |  out|    1|     ap_fifo|      imgBayer|       pointer|
|imgRgb_din               |  out|   30|     ap_fifo|        imgRgb|       pointer|
|imgRgb_full_n            |   in|    1|     ap_fifo|        imgRgb|       pointer|
|imgRgb_write             |  out|    1|     ap_fifo|        imgRgb|       pointer|
|height                   |   in|   16|   ap_stable|        height|        scalar|
|height_ap_vld            |   in|    1|   ap_stable|        height|        scalar|
|width                    |   in|   16|   ap_stable|         width|        scalar|
|width_ap_vld             |   in|    1|   ap_stable|         width|        scalar|
|p_read                   |   in|   16|     ap_none|        p_read|        scalar|
|p_read_ap_vld            |   in|    1|     ap_none|        p_read|        scalar|
+-------------------------+-----+-----+------------+--------------+--------------+

