

================================================================
== Vitis HLS Report for 'DebayerRatBorBatR_Pipeline_VITIS_LOOP_588_2'
================================================================
* Date:           Thu May  8 10:10:41 2025

* Version:        2022.2 (Build 3670227 on Oct 13 2022)
* Project:        prj
* Solution:       sol (Vivado IP Flow Target)
* Product family: zynquplus
* Target device:  xck26-sfvc784-2LV-c


================================================================
== Performance Estimates
================================================================
+ Timing: 
    * Summary: 
    +--------+---------+----------+------------+
    |  Clock |  Target | Estimated| Uncertainty|
    +--------+---------+----------+------------+
    |ap_clk  |  4.00 ns|  2.873 ns|     1.08 ns|
    +--------+---------+----------+------------+

+ Latency: 
    * Summary: 
    +---------+---------+-----------+----------+-----+------+---------+
    |  Latency (cycles) |  Latency (absolute)  |  Interval  | Pipeline|
    |   min   |   max   |    min    |    max   | min |  max |   Type  |
    +---------+---------+-----------+----------+-----+------+---------+
    |        8|     1928|  32.000 ns|  7.712 us|    8|  1928|       no|
    +---------+---------+-----------+----------+-----+------+---------+

    + Detail: 
        * Instance: 
        N/A

        * Loop: 
        +--------------------+---------+---------+----------+-----------+-----------+----------+----------+
        |                    |  Latency (cycles) | Iteration|  Initiation Interval  |   Trip   |          |
        |      Loop Name     |   min   |   max   |  Latency |  achieved |   target  |   Count  | Pipelined|
        +--------------------+---------+---------+----------+-----------+-----------+----------+----------+
        |- VITIS_LOOP_588_2  |        6|     1926|         7|          1|          1|  1 ~ 1921|       yes|
        +--------------------+---------+---------+----------+-----------+-----------+----------+----------+



================================================================
== Utilization Estimates
================================================================
* Summary: 
+-----------------+---------+------+--------+--------+-----+
|       Name      | BRAM_18K|  DSP |   FF   |   LUT  | URAM|
+-----------------+---------+------+--------+--------+-----+
|DSP              |        -|     -|       -|       -|    -|
|Expression       |        -|     -|       0|     897|    -|
|FIFO             |        -|     -|       -|       -|    -|
|Instance         |        -|     -|       0|      70|    -|
|Memory           |        -|     -|       -|       -|    -|
|Multiplexer      |        -|     -|       -|     589|    -|
|Register         |        -|     -|    2298|     640|    -|
+-----------------+---------+------+--------+--------+-----+
|Total            |        0|     0|    2298|    2196|    0|
+-----------------+---------+------+--------+--------+-----+
|Available        |      288|  1248|  234240|  117120|   64|
+-----------------+---------+------+--------+--------+-----+
|Utilization (%)  |        0|     0|      ~0|       1|    0|
+-----------------+---------+------+--------+--------+-----+

+ Detail: 
    * Instance: 
    +--------------------+---------------+---------+----+---+----+-----+
    |      Instance      |     Module    | BRAM_18K| DSP| FF| LUT| URAM|
    +--------------------+---------------+---------+----+---+----+-----+
    |mux_32_10_1_1_U131  |mux_32_10_1_1  |        0|   0|  0|  14|    0|
    |mux_32_10_1_1_U132  |mux_32_10_1_1  |        0|   0|  0|  14|    0|
    |mux_32_10_1_1_U133  |mux_32_10_1_1  |        0|   0|  0|  14|    0|
    |mux_32_10_1_1_U134  |mux_32_10_1_1  |        0|   0|  0|  14|    0|
    |mux_32_10_1_1_U135  |mux_32_10_1_1  |        0|   0|  0|  14|    0|
    +--------------------+---------------+---------+----+---+----+-----+
    |Total               |               |        0|   0|  0|  70|    0|
    +--------------------+---------------+---------+----+---+----+-----+

    * DSP: 
    N/A

    * Memory: 
    N/A

    * FIFO: 
    N/A

    * Expression: 
    +-----------------------------------+----------+----+---+----+------------+------------+
    |           Variable Name           | Operation| DSP| FF| LUT| Bitwidth P0| Bitwidth P1|
    +-----------------------------------+----------+----+---+----+------------+------------+
    |add_ln1495_fu_1742_p2              |         +|   0|  0|  19|          12|          12|
    |lhs_V_3_fu_1698_p2                 |         +|   0|  0|  19|          12|          12|
    |out_x_fu_907_p2                    |         +|   0|  0|  19|          12|           2|
    |ret_V_20_fu_1752_p2                |         +|   0|  0|  20|          13|          13|
    |x_5_fu_891_p2                      |         +|   0|  0|  18|          11|           1|
    |CV_fu_1830_p2                      |         -|   0|  0|  19|          12|          12|
    |ret_V_10_fu_1350_p2                |         -|   0|  0|  18|          11|          11|
    |ret_V_11_fu_1386_p2                |         -|   0|  0|  18|          11|          11|
    |ret_V_21_fu_1599_p2                |         -|   0|  0|  18|          11|          11|
    |ret_V_22_fu_1619_p2                |         -|   0|  0|  18|          11|          11|
    |ret_V_23_fu_1639_p2                |         -|   0|  0|  18|          11|          11|
    |ret_V_25_fu_1659_p2                |         -|   0|  0|  18|          11|          11|
    |ret_V_9_fu_1314_p2                 |         -|   0|  0|  18|          11|          11|
    |ret_V_fu_1278_p2                   |         -|   0|  0|  18|          11|          11|
    |sub_ln1513_1_fu_1804_p2            |         -|   0|  0|  19|           1|          12|
    |sub_ln1513_fu_1758_p2              |         -|   0|  0|  20|           1|          13|
    |sub_ln61_1_fu_1324_p2              |         -|   0|  0|  17|           1|          10|
    |sub_ln61_2_fu_1360_p2              |         -|   0|  0|  17|           1|          10|
    |sub_ln61_3_fu_1396_p2              |         -|   0|  0|  17|           1|          10|
    |sub_ln61_fu_1288_p2                |         -|   0|  0|  17|           1|          10|
    |ap_block_pp0                       |       and|   0|  0|   2|           1|           1|
    |ap_block_state2_pp0_stage0_iter1   |       and|   0|  0|   2|           1|           1|
    |ap_block_state7_pp0_stage0_iter6   |       and|   0|  0|   2|           1|           1|
    |ap_condition_1622                  |       and|   0|  0|   2|           1|           1|
    |ap_condition_1633                  |       and|   0|  0|   2|           1|           1|
    |ap_condition_365                   |       and|   0|  0|   2|           1|           1|
    |ap_condition_547                   |       and|   0|  0|   2|           1|           1|
    |ap_condition_61                    |       and|   0|  0|   2|           1|           1|
    |ap_enable_state1_pp0_iter0_stage0  |       and|   0|  0|   2|           1|           1|
    |ap_enable_state2_pp0_iter1_stage0  |       and|   0|  0|   2|           1|           1|
    |ap_enable_state3_pp0_iter2_stage0  |       and|   0|  0|   2|           1|           1|
    |ap_predicate_op150_store_state3    |       and|   0|  0|   2|           1|           1|
    |ap_predicate_op81_load_state1      |       and|   0|  0|   2|           1|           1|
    |ap_predicate_op94_load_state2      |       and|   0|  0|   2|           1|           1|
    |ret_V_13_fu_1672_p2                |       and|   0|  0|  11|          11|          11|
    |ret_V_15_fu_1689_p2                |       and|   0|  0|  11|          11|          11|
    |ret_V_24_fu_1712_p2                |       and|   0|  0|  11|          11|          11|
    |ret_V_26_fu_1733_p2                |       and|   0|  0|  11|          11|          11|
    |cmp160_i_fu_919_p2                 |      icmp|   0|  0|  11|          11|           1|
    |enable_V_fu_1448_p2                |      icmp|   0|  0|  11|          10|          10|
    |icmp_ln1027_2_fu_1480_p2           |      icmp|   0|  0|  11|          10|          10|
    |icmp_ln1027_3_fu_1504_p2           |      icmp|   0|  0|  11|          10|          10|
    |icmp_ln1027_4_fu_1528_p2           |      icmp|   0|  0|  11|          10|          10|
    |icmp_ln1027_5_fu_1552_p2           |      icmp|   0|  0|  11|          10|          10|
    |icmp_ln1027_fu_1456_p2             |      icmp|   0|  0|  11|          10|          10|
    |icmp_ln588_fu_885_p2               |      icmp|   0|  0|  11|          11|          11|
    |icmp_ln598_fu_913_p2               |      icmp|   0|  0|  11|          11|          11|
    |icmp_ln727_fu_941_p2               |      icmp|   0|  0|  12|          15|          15|
    |icmp_ln782_fu_1868_p2              |      icmp|   0|  0|   8|           2|           1|
    |icmp_ln784_fu_1924_p2              |      icmp|   0|  0|   8|           2|           1|
    |ap_block_pp0_stage0_01001          |        or|   0|  0|   2|           1|           1|
    |or_ln214_1_fu_1948_p2              |        or|   0|  0|   2|           1|           1|
    |or_ln214_fu_1892_p2                |        or|   0|  0|   2|           1|           1|
    |or_ln788_fu_947_p2                 |        or|   0|  0|  12|          12|          12|
    |PixBufVal_val_V_10_fu_1211_p3      |    select|   0|  0|  10|           1|          10|
    |PixBufVal_val_V_11_fu_1205_p3      |    select|   0|  0|  10|           1|          10|
    |PixBufVal_val_V_9_fu_1217_p3       |    select|   0|  0|  10|           1|          10|
    |agdiff_V_1_fu_1338_p3              |    select|   0|  0|  10|           1|          10|
    |agdiff_V_2_fu_1374_p3              |    select|   0|  0|  10|           1|          10|
    |agdiff_V_3_fu_1410_p3              |    select|   0|  0|  10|           1|          10|
    |agdiff_V_fu_1302_p3                |    select|   0|  0|  10|           1|          10|
    |b_fu_1843_p3                       |    select|   0|  0|  11|           1|          12|
    |enable_V_1_fu_1468_p3              |    select|   0|  0|   2|           1|           2|
    |enable_V_3_fu_1492_p3              |    select|   0|  0|   3|           1|           3|
    |enable_V_4_fu_1516_p3              |    select|   0|  0|   4|           1|           4|
    |enable_V_6_fu_1540_p3              |    select|   0|  0|   5|           1|           5|
    |enable_V_7_fu_1564_p3              |    select|   0|  0|   6|           1|           6|
    |r_fu_1836_p3                       |    select|   0|  0|  11|           1|          12|
    |select_ln1494_1_fu_1681_p3         |    select|   0|  0|   2|           1|           2|
    |select_ln1494_2_fu_1704_p3         |    select|   0|  0|   2|           1|           2|
    |select_ln1494_3_fu_1725_p3         |    select|   0|  0|   2|           1|           2|
    |select_ln1494_fu_1664_p3           |    select|   0|  0|   2|           1|           2|
    |select_ln1513_fu_1818_p3           |    select|   0|  0|  11|           1|          12|
    |select_ln214_1_fu_1898_p3          |    select|   0|  0|  10|           1|          10|
    |select_ln214_2_fu_1940_p3          |    select|   0|  0|   2|           1|           2|
    |select_ln214_3_fu_1954_p3          |    select|   0|  0|  10|           1|          10|
    |select_ln214_fu_1884_p3            |    select|   0|  0|   2|           1|           2|
    |select_ln665_10_fu_1167_p3         |    select|   0|  0|  10|           1|          10|
    |select_ln665_11_fu_1175_p3         |    select|   0|  0|  10|           1|          10|
    |select_ln665_12_fu_1182_p3         |    select|   0|  0|  10|           1|          10|
    |select_ln665_13_fu_1190_p3         |    select|   0|  0|  10|           1|          10|
    |select_ln665_14_fu_1197_p3         |    select|   0|  0|  10|           1|          10|
    |select_ln665_1_fu_1108_p3          |    select|   0|  0|  10|           1|          10|
    |select_ln665_2_fu_1115_p3          |    select|   0|  0|  10|           1|          10|
    |select_ln665_3_fu_1121_p3          |    select|   0|  0|  10|           1|          10|
    |select_ln665_4_fu_1127_p3          |    select|   0|  0|  10|           1|          10|
    |select_ln665_5_fu_1134_p3          |    select|   0|  0|  10|           1|          10|
    |select_ln665_6_fu_1140_p3          |    select|   0|  0|  10|           1|          10|
    |select_ln665_7_fu_1147_p3          |    select|   0|  0|  10|           1|          10|
    |select_ln665_8_fu_1153_p3          |    select|   0|  0|  10|           1|          10|
    |select_ln665_9_fu_1160_p3          |    select|   0|  0|  10|           1|          10|
    |select_ln665_fu_1102_p3            |    select|   0|  0|  10|           1|          10|
    |ap_enable_pp0                      |       xor|   0|  0|   2|           1|           2|
    |xor_ln214_1_fu_1934_p2             |       xor|   0|  0|   2|           1|           2|
    |xor_ln214_fu_1878_p2               |       xor|   0|  0|   2|           1|           2|
    |xor_ln727_1_fu_931_p2              |       xor|   0|  0|   2|           1|           2|
    |xor_ln727_fu_925_p2                |       xor|   0|  0|   2|           1|           1|
    +-----------------------------------+----------+----+---+----+------------+------------+
    |Total                              |          |   0|  0| 897|         394|         695|
    +-----------------------------------+----------+----+---+----+------------+------------+

    * Multiplexer: 
    +-----------------------------------------------------+----+-----------+-----+-----------+
    |                         Name                        | LUT| Input Size| Bits| Total Bits|
    +-----------------------------------------------------+----+-----------+-----+-----------+
    |PixBufVal_val_V_1_fu_260                             |   9|          2|   10|         20|
    |PixBufVal_val_V_2_fu_264                             |   9|          2|   10|         20|
    |PixBufVal_val_V_fu_256                               |   9|          2|   10|         20|
    |ap_done_int                                          |   9|          2|    1|          2|
    |ap_enable_reg_pp0_iter3                              |   9|          2|    1|          2|
    |ap_phi_mux_downleft_val_V_1_phi_fu_533_p4            |  14|          3|   10|         30|
    |ap_phi_mux_en_rgd_V_1_phi_fu_729_p14                 |   9|          2|    1|          2|
    |ap_phi_mux_en_rgd_V_2_phi_fu_701_p14                 |   9|          2|    1|          2|
    |ap_phi_mux_en_rgd_V_3_phi_fu_673_p14                 |   9|          2|    1|          2|
    |ap_phi_mux_en_rgd_V_phi_fu_757_p14                   |   9|          2|    1|          2|
    |ap_phi_mux_p_0_0_01073_22295_ph_i_phi_fu_505_p4      |  14|          3|   10|         30|
    |ap_phi_mux_p_0_0_0_0_010752214_i_phi_fu_606_p4       |  14|          3|   10|         30|
    |ap_phi_mux_p_0_0_0_0_01075_22244_i_phi_fu_560_p4     |  14|          3|   10|         30|
    |ap_phi_mux_p_0_1_0_0_010762217_i_phi_fu_597_p4       |  14|          3|   10|         30|
    |ap_phi_mux_p_0_1_0_0_01076_22247_i_phi_fu_551_p4     |  14|          3|   10|         30|
    |ap_phi_mux_p_0_2_0_0_010772220_i_phi_fu_588_p4       |  14|          3|   10|         30|
    |ap_phi_mux_p_0_2_0_0_01077_22250_i_phi_fu_542_p4     |  14|          3|   10|         30|
    |ap_phi_mux_pix_val_V_3_phi_fu_569_p4                 |  14|          3|   10|         30|
    |ap_phi_mux_upleft_val_V_1_phi_fu_579_p4              |  14|          3|   10|         30|
    |ap_phi_reg_pp0_iter2_p_0_0_01072_22297_ph_i_reg_512  |  14|          3|   10|         30|
    |ap_phi_reg_pp0_iter2_p_0_0_01074_22293_ph_i_reg_521  |  14|          3|   10|         30|
    |ap_phi_reg_pp0_iter3_downleft_val_V_2_reg_612        |  14|          3|   10|         30|
    |ap_phi_reg_pp0_iter3_downleft_val_V_reg_621          |  14|          3|   10|         30|
    |ap_phi_reg_pp0_iter3_pix_val_V_4_reg_630             |  14|          3|   10|         30|
    |ap_phi_reg_pp0_iter3_pix_val_V_reg_640               |  14|          3|   10|         30|
    |ap_phi_reg_pp0_iter3_upleft_val_V_2_reg_650          |  14|          3|   10|         30|
    |ap_phi_reg_pp0_iter3_upleft_val_V_reg_659            |  14|          3|   10|         30|
    |ap_phi_reg_pp0_iter4_en_rgd_V_1_reg_724              |  14|          3|    1|          3|
    |ap_phi_reg_pp0_iter4_en_rgd_V_2_reg_696              |  14|          3|    1|          3|
    |ap_phi_reg_pp0_iter4_en_rgd_V_3_reg_668              |  14|          3|    1|          3|
    |ap_phi_reg_pp0_iter4_en_rgd_V_reg_752                |  14|          3|    1|          3|
    |ap_phi_reg_pp0_iter6_b_1_reg_789                     |  14|          3|   12|         36|
    |ap_phi_reg_pp0_iter6_r_1_reg_780                     |  14|          3|   12|         36|
    |ap_sig_allocacmp_z                                   |   9|          2|   11|         22|
    |downright_val_V_1_fu_272                             |   9|          2|   10|         20|
    |downright_val_V_2_fu_276                             |   9|          2|   10|         20|
    |downright_val_V_3_fu_292                             |   9|          2|   10|         20|
    |downright_val_V_4_fu_296                             |   9|          2|   10|         20|
    |downright_val_V_5_fu_300                             |   9|          2|   10|         20|
    |downright_val_V_fu_268                               |   9|          2|   10|         20|
    |imgG_blk_n                                           |   9|          2|    1|          2|
    |imgRB_blk_n                                          |   9|          2|    1|          2|
    |p_0_0_01073_22295_ph_i_reg_502                       |  14|          3|   10|         30|
    |pix_val_V_3_reg_566                                  |  14|          3|   10|         30|
    |upright_val_V_1_fu_248                               |   9|          2|   10|         20|
    |upright_val_V_2_fu_252                               |   9|          2|   10|         20|
    |upright_val_V_3_fu_280                               |   9|          2|   10|         20|
    |upright_val_V_4_fu_284                               |   9|          2|   10|         20|
    |upright_val_V_5_fu_288                               |   9|          2|   10|         20|
    |upright_val_V_fu_244                                 |   9|          2|   10|         20|
    |x_fu_240                                             |   9|          2|   11|         22|
    +-----------------------------------------------------+----+-----------+-----+-----------+
    |Total                                                | 589|        128|  408|       1044|
    +-----------------------------------------------------+----+-----------+-----+-----------+

    * Register: 
    +-----------------------------------------------------+----+----+-----+-----------+
    |                         Name                        | FF | LUT| Bits| Const Bits|
    +-----------------------------------------------------+----+----+-----+-----------+
    |PixBufVal_val_V_1_fu_260                             |  10|   0|   10|          0|
    |PixBufVal_val_V_1_load_reg_2326                      |  10|   0|   10|          0|
    |PixBufVal_val_V_2_fu_264                             |  10|   0|   10|          0|
    |PixBufVal_val_V_2_load_reg_2331                      |  10|   0|   10|          0|
    |PixBufVal_val_V_3_reg_2280                           |  10|   0|   10|          0|
    |PixBufVal_val_V_4_reg_2287                           |  10|   0|   10|          0|
    |PixBufVal_val_V_5_reg_2293                           |  10|   0|   10|          0|
    |PixBufVal_val_V_6_reg_2257                           |  10|   0|   10|          0|
    |PixBufVal_val_V_7_reg_2265                           |  10|   0|   10|          0|
    |PixBufVal_val_V_8_reg_2272                           |  10|   0|   10|          0|
    |PixBufVal_val_V_fu_256                               |  10|   0|   10|          0|
    |PixBufVal_val_V_load_reg_2320                        |  10|   0|   10|          0|
    |agdiff_V_1_reg_2428                                  |  10|   0|   10|          0|
    |agdiff_V_2_reg_2440                                  |  10|   0|   10|          0|
    |agdiff_V_3_reg_2452                                  |  10|   0|   10|          0|
    |agdiff_V_reg_2416                                    |  10|   0|   10|          0|
    |ap_CS_fsm                                            |   1|   0|    1|          0|
    |ap_done_reg                                          |   1|   0|    1|          0|
    |ap_enable_reg_pp0_iter1                              |   1|   0|    1|          0|
    |ap_enable_reg_pp0_iter2                              |   1|   0|    1|          0|
    |ap_enable_reg_pp0_iter3                              |   1|   0|    1|          0|
    |ap_enable_reg_pp0_iter4                              |   1|   0|    1|          0|
    |ap_enable_reg_pp0_iter5                              |   1|   0|    1|          0|
    |ap_enable_reg_pp0_iter6                              |   1|   0|    1|          0|
    |ap_loop_exit_ready_pp0_iter1_reg                     |   1|   0|    1|          0|
    |ap_loop_exit_ready_pp0_iter2_reg                     |   1|   0|    1|          0|
    |ap_loop_exit_ready_pp0_iter3_reg                     |   1|   0|    1|          0|
    |ap_loop_exit_ready_pp0_iter4_reg                     |   1|   0|    1|          0|
    |ap_loop_exit_ready_pp0_iter5_reg                     |   1|   0|    1|          0|
    |ap_phi_reg_pp0_iter1_b_1_reg_789                     |  12|   0|   12|          0|
    |ap_phi_reg_pp0_iter1_downleft_val_V_2_reg_612        |  10|   0|   10|          0|
    |ap_phi_reg_pp0_iter1_downleft_val_V_reg_621          |  10|   0|   10|          0|
    |ap_phi_reg_pp0_iter1_en_rgd_V_1_reg_724              |   1|   0|    1|          0|
    |ap_phi_reg_pp0_iter1_en_rgd_V_2_reg_696              |   1|   0|    1|          0|
    |ap_phi_reg_pp0_iter1_en_rgd_V_3_reg_668              |   1|   0|    1|          0|
    |ap_phi_reg_pp0_iter1_en_rgd_V_reg_752                |   1|   0|    1|          0|
    |ap_phi_reg_pp0_iter1_p_0_0_01072_22297_ph_i_reg_512  |  10|   0|   10|          0|
    |ap_phi_reg_pp0_iter1_p_0_0_01074_22293_ph_i_reg_521  |  10|   0|   10|          0|
    |ap_phi_reg_pp0_iter1_pix_val_V_4_reg_630             |  10|   0|   10|          0|
    |ap_phi_reg_pp0_iter1_pix_val_V_reg_640               |  10|   0|   10|          0|
    |ap_phi_reg_pp0_iter1_r_1_reg_780                     |  12|   0|   12|          0|
    |ap_phi_reg_pp0_iter1_upleft_val_V_2_reg_650          |  10|   0|   10|          0|
    |ap_phi_reg_pp0_iter1_upleft_val_V_reg_659            |  10|   0|   10|          0|
    |ap_phi_reg_pp0_iter2_b_1_reg_789                     |  12|   0|   12|          0|
    |ap_phi_reg_pp0_iter2_downleft_val_V_2_reg_612        |  10|   0|   10|          0|
    |ap_phi_reg_pp0_iter2_downleft_val_V_reg_621          |  10|   0|   10|          0|
    |ap_phi_reg_pp0_iter2_en_rgd_V_1_reg_724              |   1|   0|    1|          0|
    |ap_phi_reg_pp0_iter2_en_rgd_V_2_reg_696              |   1|   0|    1|          0|
    |ap_phi_reg_pp0_iter2_en_rgd_V_3_reg_668              |   1|   0|    1|          0|
    |ap_phi_reg_pp0_iter2_en_rgd_V_reg_752                |   1|   0|    1|          0|
    |ap_phi_reg_pp0_iter2_p_0_0_01072_22297_ph_i_reg_512  |  10|   0|   10|          0|
    |ap_phi_reg_pp0_iter2_p_0_0_01074_22293_ph_i_reg_521  |  10|   0|   10|          0|
    |ap_phi_reg_pp0_iter2_pix_val_V_4_reg_630             |  10|   0|   10|          0|
    |ap_phi_reg_pp0_iter2_pix_val_V_reg_640               |  10|   0|   10|          0|
    |ap_phi_reg_pp0_iter2_r_1_reg_780                     |  12|   0|   12|          0|
    |ap_phi_reg_pp0_iter2_upleft_val_V_2_reg_650          |  10|   0|   10|          0|
    |ap_phi_reg_pp0_iter2_upleft_val_V_reg_659            |  10|   0|   10|          0|
    |ap_phi_reg_pp0_iter3_b_1_reg_789                     |  12|   0|   12|          0|
    |ap_phi_reg_pp0_iter3_downleft_val_V_2_reg_612        |  10|   0|   10|          0|
    |ap_phi_reg_pp0_iter3_downleft_val_V_reg_621          |  10|   0|   10|          0|
    |ap_phi_reg_pp0_iter3_en_rgd_V_1_reg_724              |   1|   0|    1|          0|
    |ap_phi_reg_pp0_iter3_en_rgd_V_2_reg_696              |   1|   0|    1|          0|
    |ap_phi_reg_pp0_iter3_en_rgd_V_3_reg_668              |   1|   0|    1|          0|
    |ap_phi_reg_pp0_iter3_en_rgd_V_reg_752                |   1|   0|    1|          0|
    |ap_phi_reg_pp0_iter3_pix_val_V_4_reg_630             |  10|   0|   10|          0|
    |ap_phi_reg_pp0_iter3_pix_val_V_reg_640               |  10|   0|   10|          0|
    |ap_phi_reg_pp0_iter3_r_1_reg_780                     |  12|   0|   12|          0|
    |ap_phi_reg_pp0_iter3_upleft_val_V_2_reg_650          |  10|   0|   10|          0|
    |ap_phi_reg_pp0_iter3_upleft_val_V_reg_659            |  10|   0|   10|          0|
    |ap_phi_reg_pp0_iter4_b_1_reg_789                     |  12|   0|   12|          0|
    |ap_phi_reg_pp0_iter4_en_rgd_V_1_reg_724              |   1|   0|    1|          0|
    |ap_phi_reg_pp0_iter4_en_rgd_V_2_reg_696              |   1|   0|    1|          0|
    |ap_phi_reg_pp0_iter4_en_rgd_V_3_reg_668              |   1|   0|    1|          0|
    |ap_phi_reg_pp0_iter4_en_rgd_V_reg_752                |   1|   0|    1|          0|
    |ap_phi_reg_pp0_iter4_r_1_reg_780                     |  12|   0|   12|          0|
    |ap_phi_reg_pp0_iter5_b_1_reg_789                     |  12|   0|   12|          0|
    |ap_phi_reg_pp0_iter5_r_1_reg_780                     |  12|   0|   12|          0|
    |ap_phi_reg_pp0_iter6_b_1_reg_789                     |  12|   0|   12|          0|
    |ap_phi_reg_pp0_iter6_r_1_reg_780                     |  12|   0|   12|          0|
    |cmp160_i_reg_2216                                    |   1|   0|    1|          0|
    |cmp160_i_reg_2216_pp0_iter1_reg                      |   1|   0|    1|          0|
    |downright_val_V_1_fu_272                             |  10|   0|   10|          0|
    |downright_val_V_1_load_reg_2250                      |  10|   0|   10|          0|
    |downright_val_V_2_fu_276                             |  10|   0|   10|          0|
    |downright_val_V_2_load_reg_2342                      |  10|   0|   10|          0|
    |downright_val_V_3_fu_292                             |  10|   0|   10|          0|
    |downright_val_V_3_load_reg_2364                      |  10|   0|   10|          0|
    |downright_val_V_4_fu_296                             |  10|   0|   10|          0|
    |downright_val_V_4_load_reg_2370                      |  10|   0|   10|          0|
    |downright_val_V_5_fu_300                             |  10|   0|   10|          0|
    |downright_val_V_5_load_reg_2375                      |  10|   0|   10|          0|
    |downright_val_V_fu_268                               |  10|   0|   10|          0|
    |downright_val_V_load_reg_2337                        |  10|   0|   10|          0|
    |enable_V_7_reg_2459                                  |   6|   0|    6|          0|
    |icmp_ln588_reg_2196                                  |   1|   0|    1|          0|
    |icmp_ln598_reg_2200                                  |   1|   0|    1|          0|
    |icmp_ln727_reg_2235                                  |   1|   0|    1|          0|
    |lineBuffer_val_V_1_i_addr_reg_2204                   |  11|   0|   11|          0|
    |lineBuffer_val_V_1_i_addr_reg_2204_pp0_iter1_reg     |  11|   0|   11|          0|
    |lineBuffer_val_V_i_addr_reg_2210                     |  11|   0|   11|          0|
    |p_0_0_01073_22295_ph_i_reg_502                       |  10|   0|   10|          0|
    |pix_val_V_3_reg_566                                  |  10|   0|   10|          0|
    |pix_val_V_4_reg_630                                  |  10|   0|   10|          0|
    |pix_val_V_4_reg_630_pp0_iter4_reg                    |  10|   0|   10|          0|
    |pix_val_V_reg_640                                    |  10|   0|   10|          0|
    |pix_val_V_reg_640_pp0_iter4_reg                      |  10|   0|   10|          0|
    |ret_V_20_reg_2483                                    |  13|   0|   13|          0|
    |ret_V_21_reg_2463                                    |  11|   0|   11|          0|
    |ret_V_22_reg_2468                                    |  11|   0|   11|          0|
    |ret_V_23_reg_2473                                    |  11|   0|   11|          0|
    |ret_V_25_reg_2478                                    |  11|   0|   11|          0|
    |tmp_11_reg_2239                                      |   1|   0|    1|          0|
    |trunc_ln1513_1_i_reg_2489                            |  12|   0|   12|          0|
    |upright_val_V_1_fu_248                               |  10|   0|   10|          0|
    |upright_val_V_1_load_reg_2243                        |  10|   0|   10|          0|
    |upright_val_V_2_fu_252                               |  10|   0|   10|          0|
    |upright_val_V_2_load_reg_2315                        |  10|   0|   10|          0|
    |upright_val_V_3_fu_280                               |  10|   0|   10|          0|
    |upright_val_V_3_load_reg_2347                        |  10|   0|   10|          0|
    |upright_val_V_4_fu_284                               |  10|   0|   10|          0|
    |upright_val_V_4_load_reg_2353                        |  10|   0|   10|          0|
    |upright_val_V_5_fu_288                               |  10|   0|   10|          0|
    |upright_val_V_5_load_reg_2358                        |  10|   0|   10|          0|
    |upright_val_V_fu_244                                 |  10|   0|   10|          0|
    |upright_val_V_load_reg_2310                          |  10|   0|   10|          0|
    |x_fu_240                                             |  11|   0|   11|          0|
    |zext_ln1496_1_reg_2411                               |  10|   0|   11|          1|
    |zext_ln1496_2_reg_2423                               |  10|   0|   11|          1|
    |zext_ln1496_3_reg_2435                               |  10|   0|   11|          1|
    |zext_ln1496_4_reg_2447                               |  10|   0|   11|          1|
    |PixBufVal_val_V_1_load_reg_2326                      |  64|  32|   10|          0|
    |PixBufVal_val_V_2_load_reg_2331                      |  64|  32|   10|          0|
    |PixBufVal_val_V_load_reg_2320                        |  64|  32|   10|          0|
    |downright_val_V_1_load_reg_2250                      |  64|  32|   10|          0|
    |downright_val_V_2_load_reg_2342                      |  64|  32|   10|          0|
    |downright_val_V_3_load_reg_2364                      |  64|  32|   10|          0|
    |downright_val_V_4_load_reg_2370                      |  64|  32|   10|          0|
    |downright_val_V_5_load_reg_2375                      |  64|  32|   10|          0|
    |downright_val_V_load_reg_2337                        |  64|  32|   10|          0|
    |icmp_ln588_reg_2196                                  |  64|  32|    1|          0|
    |icmp_ln598_reg_2200                                  |  64|  32|    1|          0|
    |icmp_ln727_reg_2235                                  |  64|  32|    1|          0|
    |pix_val_V_3_reg_566                                  |  64|  32|   10|          0|
    |tmp_11_reg_2239                                      |  64|  32|    1|          0|
    |upright_val_V_1_load_reg_2243                        |  64|  32|   10|          0|
    |upright_val_V_2_load_reg_2315                        |  64|  32|   10|          0|
    |upright_val_V_3_load_reg_2347                        |  64|  32|   10|          0|
    |upright_val_V_4_load_reg_2353                        |  64|  32|   10|          0|
    |upright_val_V_5_load_reg_2358                        |  64|  32|   10|          0|
    |upright_val_V_load_reg_2310                          |  64|  32|   10|          0|
    +-----------------------------------------------------+----+----+-----+-----------+
    |Total                                                |2298| 640| 1186|          4|
    +-----------------------------------------------------+----+----+-----+-----------+



================================================================
== Interface
================================================================
* Summary: 
+------------------------------------+-----+-----+------------+---------------------------------------------+--------------+
|              RTL Ports             | Dir | Bits|  Protocol  |                Source Object                |    C Type    |
+------------------------------------+-----+-----+------------+---------------------------------------------+--------------+
|ap_clk                              |   in|    1|  ap_ctrl_hs|  DebayerRatBorBatR_Pipeline_VITIS_LOOP_588_2|  return value|
|ap_rst                              |   in|    1|  ap_ctrl_hs|  DebayerRatBorBatR_Pipeline_VITIS_LOOP_588_2|  return value|
|ap_start                            |   in|    1|  ap_ctrl_hs|  DebayerRatBorBatR_Pipeline_VITIS_LOOP_588_2|  return value|
|ap_done                             |  out|    1|  ap_ctrl_hs|  DebayerRatBorBatR_Pipeline_VITIS_LOOP_588_2|  return value|
|ap_idle                             |  out|    1|  ap_ctrl_hs|  DebayerRatBorBatR_Pipeline_VITIS_LOOP_588_2|  return value|
|ap_ready                            |  out|    1|  ap_ctrl_hs|  DebayerRatBorBatR_Pipeline_VITIS_LOOP_588_2|  return value|
|imgG_dout                           |   in|   30|     ap_fifo|                                         imgG|       pointer|
|imgG_num_data_valid                 |   in|    2|     ap_fifo|                                         imgG|       pointer|
|imgG_fifo_cap                       |   in|    2|     ap_fifo|                                         imgG|       pointer|
|imgG_empty_n                        |   in|    1|     ap_fifo|                                         imgG|       pointer|
|imgG_read                           |  out|    1|     ap_fifo|                                         imgG|       pointer|
|imgRB_din                           |  out|   30|     ap_fifo|                                        imgRB|       pointer|
|imgRB_num_data_valid                |   in|    2|     ap_fifo|                                        imgRB|       pointer|
|imgRB_fifo_cap                      |   in|    2|     ap_fifo|                                        imgRB|       pointer|
|imgRB_full_n                        |   in|    1|     ap_fifo|                                        imgRB|       pointer|
|imgRB_write                         |  out|    1|     ap_fifo|                                        imgRB|       pointer|
|p_0_0_01072_222972316_lcssa2353_i   |   in|   10|     ap_none|            p_0_0_01072_222972316_lcssa2353_i|        scalar|
|p_0_0_01073_222952314_lcssa2351_i   |   in|   10|     ap_none|            p_0_0_01073_222952314_lcssa2351_i|        scalar|
|p_0_0_01074_222932312_lcssa2349_i   |   in|   10|     ap_none|            p_0_0_01074_222932312_lcssa2349_i|        scalar|
|p_lcssa23112347_i                   |   in|   10|     ap_none|                            p_lcssa23112347_i|        scalar|
|p_lcssa23102345_i                   |   in|   10|     ap_none|                            p_lcssa23102345_i|        scalar|
|p_lcssa23092343_i                   |   in|   10|     ap_none|                            p_lcssa23092343_i|        scalar|
|p_0_2_0_0_010402307_lcssa2341_i     |   in|   10|     ap_none|              p_0_2_0_0_010402307_lcssa2341_i|        scalar|
|p_0_1_0_0_010392305_lcssa2339_i     |   in|   10|     ap_none|              p_0_1_0_0_010392305_lcssa2339_i|        scalar|
|p_0_0_0_0_010382303_lcssa2337_i     |   in|   10|     ap_none|              p_0_0_0_0_010382303_lcssa2337_i|        scalar|
|p_0_2_0_0_01077_22250_lcssa2282_i   |   in|   10|     ap_none|            p_0_2_0_0_01077_22250_lcssa2282_i|        scalar|
|p_0_1_0_0_01076_22247_lcssa2280_i   |   in|   10|     ap_none|            p_0_1_0_0_01076_22247_lcssa2280_i|        scalar|
|p_0_0_0_0_01075_22244_lcssa2278_i   |   in|   10|     ap_none|            p_0_0_0_0_01075_22244_lcssa2278_i|        scalar|
|p_0_2_0_0_010772220_lcssa2270_i     |   in|   10|     ap_none|              p_0_2_0_0_010772220_lcssa2270_i|        scalar|
|p_0_1_0_0_010762217_lcssa2268_i     |   in|   10|     ap_none|              p_0_1_0_0_010762217_lcssa2268_i|        scalar|
|p_0_0_0_0_010752214_lcssa2266_i     |   in|   10|     ap_none|              p_0_0_0_0_010752214_lcssa2266_i|        scalar|
|add_ln585_i                         |   in|   11|   ap_stable|                                  add_ln585_i|        scalar|
|out_y_i                             |   in|   12|     ap_none|                                      out_y_i|        scalar|
|x_phase_i                           |   in|    1|     ap_none|                                    x_phase_i|        scalar|
|xor_i                               |   in|   15|     ap_none|                                        xor_i|        scalar|
|lineBuffer_val_V_1_i_address0       |  out|   11|   ap_memory|                         lineBuffer_val_V_1_i|         array|
|lineBuffer_val_V_1_i_ce0            |  out|    1|   ap_memory|                         lineBuffer_val_V_1_i|         array|
|lineBuffer_val_V_1_i_we0            |  out|    1|   ap_memory|                         lineBuffer_val_V_1_i|         array|
|lineBuffer_val_V_1_i_d0             |  out|   30|   ap_memory|                         lineBuffer_val_V_1_i|         array|
|lineBuffer_val_V_1_i_address1       |  out|   11|   ap_memory|                         lineBuffer_val_V_1_i|         array|
|lineBuffer_val_V_1_i_ce1            |  out|    1|   ap_memory|                         lineBuffer_val_V_1_i|         array|
|lineBuffer_val_V_1_i_q1             |   in|   30|   ap_memory|                         lineBuffer_val_V_1_i|         array|
|lineBuffer_val_V_i_address0         |  out|   11|   ap_memory|                           lineBuffer_val_V_i|         array|
|lineBuffer_val_V_i_ce0              |  out|    1|   ap_memory|                           lineBuffer_val_V_i|         array|
|lineBuffer_val_V_i_we0              |  out|    1|   ap_memory|                           lineBuffer_val_V_i|         array|
|lineBuffer_val_V_i_d0               |  out|   30|   ap_memory|                           lineBuffer_val_V_i|         array|
|lineBuffer_val_V_i_address1         |  out|   11|   ap_memory|                           lineBuffer_val_V_i|         array|
|lineBuffer_val_V_i_ce1              |  out|    1|   ap_memory|                           lineBuffer_val_V_i|         array|
|lineBuffer_val_V_i_q1               |   in|   30|   ap_memory|                           lineBuffer_val_V_i|         array|
|trunc_ln                            |   in|   11|   ap_stable|                                     trunc_ln|        scalar|
|cmp202_i                            |   in|    1|     ap_none|                                     cmp202_i|        scalar|
|cmp58_i                             |   in|    1|     ap_none|                                      cmp58_i|        scalar|
|empty_49                            |   in|    2|     ap_none|                                     empty_49|        scalar|
|red_i                               |   in|    1|     ap_none|                                        red_i|        scalar|
|empty                               |   in|    2|     ap_none|                                        empty|        scalar|
|p_0_0_01072_222972317_i_out         |  out|   10|      ap_vld|                  p_0_0_01072_222972317_i_out|       pointer|
|p_0_0_01072_222972317_i_out_ap_vld  |  out|    1|      ap_vld|                  p_0_0_01072_222972317_i_out|       pointer|
|p_0_0_01073_222952315_i_out         |  out|   10|      ap_vld|                  p_0_0_01073_222952315_i_out|       pointer|
|p_0_0_01073_222952315_i_out_ap_vld  |  out|    1|      ap_vld|                  p_0_0_01073_222952315_i_out|       pointer|
|p_0_0_01074_222932313_i_out         |  out|   10|      ap_vld|                  p_0_0_01074_222932313_i_out|       pointer|
|p_0_0_01074_222932313_i_out_ap_vld  |  out|    1|      ap_vld|                  p_0_0_01074_222932313_i_out|       pointer|
|p_out                               |  out|   10|      ap_vld|                                        p_out|       pointer|
|p_out_ap_vld                        |  out|    1|      ap_vld|                                        p_out|       pointer|
|p_out1                              |  out|   10|      ap_vld|                                       p_out1|       pointer|
|p_out1_ap_vld                       |  out|    1|      ap_vld|                                       p_out1|       pointer|
|p_out2                              |  out|   10|      ap_vld|                                       p_out2|       pointer|
|p_out2_ap_vld                       |  out|    1|      ap_vld|                                       p_out2|       pointer|
|p_0_2_0_0_010402308_i_out           |  out|   10|      ap_vld|                    p_0_2_0_0_010402308_i_out|       pointer|
|p_0_2_0_0_010402308_i_out_ap_vld    |  out|    1|      ap_vld|                    p_0_2_0_0_010402308_i_out|       pointer|
|p_0_1_0_0_010392306_i_out           |  out|   10|      ap_vld|                    p_0_1_0_0_010392306_i_out|       pointer|
|p_0_1_0_0_010392306_i_out_ap_vld    |  out|    1|      ap_vld|                    p_0_1_0_0_010392306_i_out|       pointer|
|p_0_0_0_0_010382304_i_out           |  out|   10|      ap_vld|                    p_0_0_0_0_010382304_i_out|       pointer|
|p_0_0_0_0_010382304_i_out_ap_vld    |  out|    1|      ap_vld|                    p_0_0_0_0_010382304_i_out|       pointer|
|p_0_2_0_0_01077_22249_i_out         |  out|   10|      ap_vld|                  p_0_2_0_0_01077_22249_i_out|       pointer|
|p_0_2_0_0_01077_22249_i_out_ap_vld  |  out|    1|      ap_vld|                  p_0_2_0_0_01077_22249_i_out|       pointer|
|p_0_1_0_0_01076_22246_i_out         |  out|   10|      ap_vld|                  p_0_1_0_0_01076_22246_i_out|       pointer|
|p_0_1_0_0_01076_22246_i_out_ap_vld  |  out|    1|      ap_vld|                  p_0_1_0_0_01076_22246_i_out|       pointer|
|p_0_0_0_0_01075_22243_i_out         |  out|   10|      ap_vld|                  p_0_0_0_0_01075_22243_i_out|       pointer|
|p_0_0_0_0_01075_22243_i_out_ap_vld  |  out|    1|      ap_vld|                  p_0_0_0_0_01075_22243_i_out|       pointer|
|p_0_2_0_0_010772219_i_out           |  out|   10|      ap_vld|                    p_0_2_0_0_010772219_i_out|       pointer|
|p_0_2_0_0_010772219_i_out_ap_vld    |  out|    1|      ap_vld|                    p_0_2_0_0_010772219_i_out|       pointer|
|p_0_1_0_0_010762216_i_out           |  out|   10|      ap_vld|                    p_0_1_0_0_010762216_i_out|       pointer|
|p_0_1_0_0_010762216_i_out_ap_vld    |  out|    1|      ap_vld|                    p_0_1_0_0_010762216_i_out|       pointer|
|p_0_0_0_0_010752213_i_out           |  out|   10|      ap_vld|                    p_0_0_0_0_010752213_i_out|       pointer|
|p_0_0_0_0_010752213_i_out_ap_vld    |  out|    1|      ap_vld|                    p_0_0_0_0_010752213_i_out|       pointer|
+------------------------------------+-----+-----+------------+---------------------------------------------+--------------+

