

================================================================
== Vitis HLS Report for 'MultiPixStream2AXIvideo'
================================================================
* Date:           Thu May  8 10:10:45 2025

* Version:        2022.2 (Build 3670227 on Oct 13 2022)
* Project:        prj
* Solution:       sol (Vivado IP Flow Target)
* Product family: zynquplus
* Target device:  xck26-sfvc784-2LV-c


================================================================
== Performance Estimates
================================================================
+ Timing: 
    * Summary: 
    +--------+---------+----------+------------+
    |  Clock |  Target | Estimated| Uncertainty|
    +--------+---------+----------+------------+
    |ap_clk  |  4.00 ns|  2.631 ns|     1.08 ns|
    +--------+---------+----------+------------+

+ Latency: 
    * Summary: 
    +---------+------------+----------+------------+-----+------------+---------+
    |   Latency (cycles)   |   Latency (absolute)  |     Interval     | Pipeline|
    |   min   |     max    |    min   |     max    | min |     max    |   Type  |
    +---------+------------+----------+------------+-----+------------+---------+
    |        2|  4295163902|  8.000 ns|  17.181 sec|    2|  4295163902|       no|
    +---------+------------+----------+------------+-----+------------+---------+

    + Detail: 
        * Instance: 
        +-------------------------------------------------------------+---------------------------------------------------+---------+---------+-----------+----------+-----+-------+---------+
        |                                                             |                                                   |  Latency (cycles) |  Latency (absolute)  |   Interval  | Pipeline|
        |                           Instance                          |                       Module                      |   min   |   max   |    min    |    max   | min |  max  |   Type  |
        +-------------------------------------------------------------+---------------------------------------------------+---------+---------+-----------+----------+-----+-------+---------+
        |grp_MultiPixStream2AXIvideo_Pipeline_VITIS_LOOP_185_2_fu_94  |MultiPixStream2AXIvideo_Pipeline_VITIS_LOOP_185_2  |        3|    65538|  12.000 ns|  0.262 ms|    3|  65538|       no|
        +-------------------------------------------------------------+---------------------------------------------------+---------+---------+-----------+----------+-----+-------+---------+

        * Loop: 
        +--------------------+---------+------------+-----------+-----------+-----------+-----------+----------+
        |                    |   Latency (cycles)   | Iteration |  Initiation Interval  |    Trip   |          |
        |      Loop Name     |   min   |     max    |  Latency  |  achieved |   target  |   Count   | Pipelined|
        +--------------------+---------+------------+-----------+-----------+-----------+-----------+----------+
        |- VITIS_LOOP_183_1  |        0|  4295163900|  2 ~ 65540|          -|          -|  0 ~ 65535|        no|
        +--------------------+---------+------------+-----------+-----------+-----------+-----------+----------+



================================================================
== Utilization Estimates
================================================================
* Summary: 
+-----------------+---------+------+--------+--------+-----+
|       Name      | BRAM_18K|  DSP |   FF   |   LUT  | URAM|
+-----------------+---------+------+--------+--------+-----+
|DSP              |        -|     -|       -|       -|    -|
|Expression       |        -|     -|       0|      79|    -|
|FIFO             |        -|     -|       -|       -|    -|
|Instance         |        -|     -|      23|     124|    -|
|Memory           |        -|     -|       -|       -|    -|
|Multiplexer      |        -|     -|       -|      53|    -|
|Register         |        -|     -|      57|       -|    -|
+-----------------+---------+------+--------+--------+-----+
|Total            |        0|     0|      80|     256|    0|
+-----------------+---------+------+--------+--------+-----+
|Available        |      288|  1248|  234240|  117120|   64|
+-----------------+---------+------+--------+--------+-----+
|Utilization (%)  |        0|     0|      ~0|      ~0|    0|
+-----------------+---------+------+--------+--------+-----+

+ Detail: 
    * Instance: 
    +-------------------------------------------------------------+---------------------------------------------------+---------+----+----+-----+-----+
    |                           Instance                          |                       Module                      | BRAM_18K| DSP| FF | LUT | URAM|
    +-------------------------------------------------------------+---------------------------------------------------+---------+----+----+-----+-----+
    |grp_MultiPixStream2AXIvideo_Pipeline_VITIS_LOOP_185_2_fu_94  |MultiPixStream2AXIvideo_Pipeline_VITIS_LOOP_185_2  |        0|   0|  23|  124|    0|
    +-------------------------------------------------------------+---------------------------------------------------+---------+----+----+-----+-----+
    |Total                                                        |                                                   |        0|   0|  23|  124|    0|
    +-------------------------------------------------------------+---------------------------------------------------+---------+----+----+-----+-----+

    * DSP: 
    N/A

    * Memory: 
    N/A

    * FIFO: 
    N/A

    * Expression: 
    +---------------------------------------------------------------------------------+----------+----+---+----+------------+------------+
    |                                  Variable Name                                  | Operation| DSP| FF| LUT| Bitwidth P0| Bitwidth P1|
    +---------------------------------------------------------------------------------+----------+----+---+----+------------+------------+
    |i_V_2_fu_151_p2                                                                  |         +|   0|  0|  23|          16|           1|
    |sub_i_i_fu_121_p2                                                                |         +|   0|  0|  24|          17|           2|
    |ap_block_state3_on_subcall_done                                                  |       and|   0|  0|   2|           1|           1|
    |grp_MultiPixStream2AXIvideo_Pipeline_VITIS_LOOP_185_2_fu_94_m_axis_video_TREADY  |       and|   0|  0|   2|           1|           1|
    |cmp_i44237_fu_127_p2                                                             |      icmp|   0|  0|  13|          16|           1|
    |icmp_ln1027_fu_146_p2                                                            |      icmp|   0|  0|  13|          16|          16|
    |ap_block_state1                                                                  |        or|   0|  0|   2|           1|           1|
    +---------------------------------------------------------------------------------+----------+----+---+----+------------+------------+
    |Total                                                                            |          |   0|  0|  79|          68|          23|
    +---------------------------------------------------------------------------------+----------+----+---+----+------------+------------+

    * Multiplexer: 
    +---------------+----+-----------+-----+-----------+
    |      Name     | LUT| Input Size| Bits| Total Bits|
    +---------------+----+-----------+-----+-----------+
    |ap_NS_fsm      |  26|          5|    1|          5|
    |ap_done        |   9|          2|    1|          2|
    |i_V_fu_74      |   9|          2|   16|         32|
    |imgUnzip_read  |   9|          2|    1|          2|
    +---------------+----+-----------+-----+-----------+
    |Total          |  53|         11|   19|         41|
    +---------------+----+-----------+-----+-----------+

    * Register: 
    +--------------------------------------------------------------------------+----+----+-----+-----------+
    |                                   Name                                   | FF | LUT| Bits| Const Bits|
    +--------------------------------------------------------------------------+----+----+-----+-----------+
    |ap_CS_fsm                                                                 |   4|   0|    4|          0|
    |ap_done_reg                                                               |   1|   0|    1|          0|
    |cmp_i44237_reg_199                                                        |   1|   0|    1|          0|
    |grp_MultiPixStream2AXIvideo_Pipeline_VITIS_LOOP_185_2_fu_94_ap_start_reg  |   1|   0|    1|          0|
    |i_V_2_reg_206                                                             |  16|   0|   16|          0|
    |i_V_fu_74                                                                 |  16|   0|   16|          0|
    |sof_fu_78                                                                 |   1|   0|    1|          0|
    |sub_i_i_reg_194                                                           |  17|   0|   17|          0|
    +--------------------------------------------------------------------------+----+----+-----+-----------+
    |Total                                                                     |  57|   0|   57|          0|
    +--------------------------------------------------------------------------+----+----+-----+-----------+



================================================================
== Interface
================================================================
* Summary: 
+-------------------------+-----+-----+------------+-------------------------+--------------+
|        RTL Ports        | Dir | Bits|  Protocol  |      Source Object      |    C Type    |
+-------------------------+-----+-----+------------+-------------------------+--------------+
|ap_clk                   |   in|    1|  ap_ctrl_hs|  MultiPixStream2AXIvideo|  return value|
|ap_rst                   |   in|    1|  ap_ctrl_hs|  MultiPixStream2AXIvideo|  return value|
|ap_start                 |   in|    1|  ap_ctrl_hs|  MultiPixStream2AXIvideo|  return value|
|ap_done                  |  out|    1|  ap_ctrl_hs|  MultiPixStream2AXIvideo|  return value|
|ap_continue              |   in|    1|  ap_ctrl_hs|  MultiPixStream2AXIvideo|  return value|
|ap_idle                  |  out|    1|  ap_ctrl_hs|  MultiPixStream2AXIvideo|  return value|
|ap_ready                 |  out|    1|  ap_ctrl_hs|  MultiPixStream2AXIvideo|  return value|
|imgUnzip_dout            |   in|   30|     ap_fifo|                 imgUnzip|       pointer|
|imgUnzip_num_data_valid  |   in|    2|     ap_fifo|                 imgUnzip|       pointer|
|imgUnzip_fifo_cap        |   in|    2|     ap_fifo|                 imgUnzip|       pointer|
|imgUnzip_empty_n         |   in|    1|     ap_fifo|                 imgUnzip|       pointer|
|imgUnzip_read            |  out|    1|     ap_fifo|                 imgUnzip|       pointer|
|m_axis_video_TDATA       |  out|   32|        axis|    m_axis_video_V_data_V|       pointer|
|m_axis_video_TVALID      |  out|    1|        axis|    m_axis_video_V_dest_V|       pointer|
|m_axis_video_TREADY      |   in|    1|        axis|    m_axis_video_V_dest_V|       pointer|
|m_axis_video_TDEST       |  out|    1|        axis|    m_axis_video_V_dest_V|       pointer|
|m_axis_video_TKEEP       |  out|    4|        axis|    m_axis_video_V_keep_V|       pointer|
|m_axis_video_TSTRB       |  out|    4|        axis|    m_axis_video_V_strb_V|       pointer|
|m_axis_video_TUSER       |  out|    1|        axis|    m_axis_video_V_user_V|       pointer|
|m_axis_video_TLAST       |  out|    1|        axis|    m_axis_video_V_last_V|       pointer|
|m_axis_video_TID         |  out|    1|        axis|      m_axis_video_V_id_V|       pointer|
|Height                   |   in|   16|   ap_stable|                   Height|        scalar|
|WidthOut                 |   in|   16|   ap_stable|                 WidthOut|        scalar|
+-------------------------+-----+-----+------------+-------------------------+--------------+

