

================================================================
== Vitis HLS Report for 'MultiPixStream2AXIvideo_Pipeline_VITIS_LOOP_185_2'
================================================================
* Date:           Thu May  8 10:10:45 2025

* Version:        2022.2 (Build 3670227 on Oct 13 2022)
* Project:        prj
* Solution:       sol (Vivado IP Flow Target)
* Product family: zynquplus
* Target device:  xck26-sfvc784-2LV-c


================================================================
== Performance Estimates
================================================================
+ Timing: 
    * Summary: 
    +--------+---------+----------+------------+
    |  Clock |  Target | Estimated| Uncertainty|
    +--------+---------+----------+------------+
    |ap_clk  |  4.00 ns|  1.529 ns|     1.08 ns|
    +--------+---------+----------+------------+

+ Latency: 
    * Summary: 
    +---------+---------+-----------+----------+-----+-------+---------+
    |  Latency (cycles) |  Latency (absolute)  |   Interval  | Pipeline|
    |   min   |   max   |    min    |    max   | min |  max  |   Type  |
    +---------+---------+-----------+----------+-----+-------+---------+
    |        3|    65538|  12.000 ns|  0.262 ms|    3|  65538|       no|
    +---------+---------+-----------+----------+-----+-------+---------+

    + Detail: 
        * Instance: 
        N/A

        * Loop: 
        +--------------------+---------+---------+----------+-----------+-----------+-----------+----------+
        |                    |  Latency (cycles) | Iteration|  Initiation Interval  |    Trip   |          |
        |      Loop Name     |   min   |   max   |  Latency |  achieved |   target  |   Count   | Pipelined|
        +--------------------+---------+---------+----------+-----------+-----------+-----------+----------+
        |- VITIS_LOOP_185_2  |        1|    65536|         2|          1|          1|  0 ~ 65535|       yes|
        +--------------------+---------+---------+----------+-----------+-----------+-----------+----------+



================================================================
== Utilization Estimates
================================================================
* Summary: 
+-----------------+---------+------+--------+--------+-----+
|       Name      | BRAM_18K|  DSP |   FF   |   LUT  | URAM|
+-----------------+---------+------+--------+--------+-----+
|DSP              |        -|     -|       -|       -|    -|
|Expression       |        -|     -|       0|      61|    -|
|FIFO             |        -|     -|       -|       -|    -|
|Instance         |        -|     -|       -|       -|    -|
|Memory           |        -|     -|       -|       -|    -|
|Multiplexer      |        -|     -|       -|      63|    -|
|Register         |        -|     -|      23|       -|    -|
+-----------------+---------+------+--------+--------+-----+
|Total            |        0|     0|      23|     124|    0|
+-----------------+---------+------+--------+--------+-----+
|Available        |      288|  1248|  234240|  117120|   64|
+-----------------+---------+------+--------+--------+-----+
|Utilization (%)  |        0|     0|      ~0|      ~0|    0|
+-----------------+---------+------+--------+--------+-----+

+ Detail: 
    * Instance: 
    N/A

    * DSP: 
    N/A

    * Memory: 
    N/A

    * FIFO: 
    N/A

    * Expression: 
    +----------------------------------+----------+----+---+----+------------+------------+
    |           Variable Name          | Operation| DSP| FF| LUT| Bitwidth P0| Bitwidth P1|
    +----------------------------------+----------+----+---+----+------------+------------+
    |j_V_2_fu_159_p2                   |         +|   0|  0|  23|          16|           1|
    |ap_block_pp0_stage0_01001         |       and|   0|  0|   2|           1|           1|
    |ap_block_pp0_stage0_11001         |       and|   0|  0|   2|           1|           1|
    |ap_block_state2_io                |       and|   0|  0|   2|           1|           1|
    |ap_condition_183                  |       and|   0|  0|   2|           1|           1|
    |axi_last_V_fu_169_p2              |      icmp|   0|  0|  13|          17|          17|
    |icmp_ln1027_fu_153_p2             |      icmp|   0|  0|  13|          16|          16|
    |ap_block_state2_pp0_stage0_iter1  |        or|   0|  0|   2|           1|           1|
    |ap_enable_pp0                     |       xor|   0|  0|   2|           1|           2|
    +----------------------------------+----------+----+---+----+------------+------------+
    |Total                             |          |   0|  0|  61|          55|          41|
    +----------------------------------+----------+----+---+----+------------+------------+

    * Multiplexer: 
    +----------------------------------+----+-----------+-----+-----------+
    |               Name               | LUT| Input Size| Bits| Total Bits|
    +----------------------------------+----+-----------+-----+-----------+
    |ap_done_int                       |   9|          2|    1|          2|
    |ap_loop_exit_ready_pp0_iter1_reg  |   9|          2|    1|          2|
    |ap_sig_allocacmp_j_V_1            |   9|          2|   16|         32|
    |imgUnzip_blk_n                    |   9|          2|    1|          2|
    |j_V_fu_76                         |   9|          2|   16|         32|
    |m_axis_video_TDATA_blk_n          |   9|          2|    1|          2|
    |sof_2_reg_133                     |   9|          2|    1|          2|
    +----------------------------------+----+-----------+-----+-----------+
    |Total                             |  63|         14|   37|         74|
    +----------------------------------+----+-----------+-----+-----------+

    * Register: 
    +----------------------------------+----+----+-----+-----------+
    |               Name               | FF | LUT| Bits| Const Bits|
    +----------------------------------+----+----+-----+-----------+
    |ap_CS_fsm                         |   1|   0|    1|          0|
    |ap_done_reg                       |   1|   0|    1|          0|
    |ap_enable_reg_pp0_iter1           |   1|   0|    1|          0|
    |ap_loop_exit_ready_pp0_iter1_reg  |   1|   0|    1|          0|
    |axi_last_V_reg_201                |   1|   0|    1|          0|
    |icmp_ln1027_reg_197               |   1|   0|    1|          0|
    |j_V_fu_76                         |  16|   0|   16|          0|
    |sof_2_reg_133                     |   1|   0|    1|          0|
    +----------------------------------+----+----+-----+-----------+
    |Total                             |  23|   0|   23|          0|
    +----------------------------------+----+----+-----+-----------+



================================================================
== Interface
================================================================
* Summary: 
+-------------------------+-----+-----+------------+---------------------------------------------------+--------------+
|        RTL Ports        | Dir | Bits|  Protocol  |                   Source Object                   |    C Type    |
+-------------------------+-----+-----+------------+---------------------------------------------------+--------------+
|ap_clk                   |   in|    1|  ap_ctrl_hs|  MultiPixStream2AXIvideo_Pipeline_VITIS_LOOP_185_2|  return value|
|ap_rst                   |   in|    1|  ap_ctrl_hs|  MultiPixStream2AXIvideo_Pipeline_VITIS_LOOP_185_2|  return value|
|ap_start                 |   in|    1|  ap_ctrl_hs|  MultiPixStream2AXIvideo_Pipeline_VITIS_LOOP_185_2|  return value|
|ap_done                  |  out|    1|  ap_ctrl_hs|  MultiPixStream2AXIvideo_Pipeline_VITIS_LOOP_185_2|  return value|
|ap_idle                  |  out|    1|  ap_ctrl_hs|  MultiPixStream2AXIvideo_Pipeline_VITIS_LOOP_185_2|  return value|
|ap_ready                 |  out|    1|  ap_ctrl_hs|  MultiPixStream2AXIvideo_Pipeline_VITIS_LOOP_185_2|  return value|
|imgUnzip_dout            |   in|   30|     ap_fifo|                                           imgUnzip|       pointer|
|imgUnzip_num_data_valid  |   in|    2|     ap_fifo|                                           imgUnzip|       pointer|
|imgUnzip_fifo_cap        |   in|    2|     ap_fifo|                                           imgUnzip|       pointer|
|imgUnzip_empty_n         |   in|    1|     ap_fifo|                                           imgUnzip|       pointer|
|imgUnzip_read            |  out|    1|     ap_fifo|                                           imgUnzip|       pointer|
|m_axis_video_TREADY      |   in|    1|        axis|                              m_axis_video_V_data_V|       pointer|
|m_axis_video_TDATA       |  out|   32|        axis|                              m_axis_video_V_data_V|       pointer|
|sof                      |   in|    1|     ap_none|                                                sof|        scalar|
|WidthOut                 |   in|   16|   ap_stable|                                           WidthOut|        scalar|
|sub_i_i                  |   in|   17|   ap_stable|                                            sub_i_i|        scalar|
|m_axis_video_TVALID      |  out|    1|        axis|                              m_axis_video_V_dest_V|       pointer|
|m_axis_video_TDEST       |  out|    1|        axis|                              m_axis_video_V_dest_V|       pointer|
|m_axis_video_TKEEP       |  out|    4|        axis|                              m_axis_video_V_keep_V|       pointer|
|m_axis_video_TSTRB       |  out|    4|        axis|                              m_axis_video_V_strb_V|       pointer|
|m_axis_video_TUSER       |  out|    1|        axis|                              m_axis_video_V_user_V|       pointer|
|m_axis_video_TLAST       |  out|    1|        axis|                              m_axis_video_V_last_V|       pointer|
|m_axis_video_TID         |  out|    1|        axis|                                m_axis_video_V_id_V|       pointer|
+-------------------------+-----+-----+------------+---------------------------------------------------+--------------+

