

================================================================
== Vitis HLS Report for 'v_demosaic'
================================================================
* Date:           Thu May  8 10:10:46 2025

* Version:        2022.2 (Build 3670227 on Oct 13 2022)
* Project:        prj
* Solution:       sol (Vivado IP Flow Target)
* Product family: zynquplus
* Target device:  xck26-sfvc784-2LV-c


================================================================
== Performance Estimates
================================================================
+ Timing: 
    * Summary: 
    +--------+---------+----------+------------+
    |  Clock |  Target | Estimated| Uncertainty|
    +--------+---------+----------+------------+
    |ap_clk  |  4.00 ns|  2.920 ns|     1.08 ns|
    +--------+---------+----------+------------+

+ Latency: 
    * Summary: 
    +---------+---------+----------+----------+-----+-----+----------+
    |  Latency (cycles) |  Latency (absolute) |  Interval | Pipeline |
    |   min   |   max   |    min   |    max   | min | max |   Type   |
    +---------+---------+----------+----------+-----+-----+----------+
    |        ?|        ?|         ?|         ?|    ?|    ?|  dataflow|
    +---------+---------+----------+----------+-----+-----+----------+

    + Detail: 
        * Instance: 
        +----------------------------+-------------------------+---------+------------+----------+------------+-----+------------+----------+
        |                            |                         |   Latency (cycles)   |   Latency (absolute)  |     Interval     | Pipeline |
        |          Instance          |          Module         |   min   |     max    |    min   |     max    | min |     max    |   Type   |
        +----------------------------+-------------------------+---------+------------+----------+------------+-----+------------+----------+
        |AXIvideo2MultiBayer_U0      |AXIvideo2MultiBayer      |        ?|           ?|         ?|           ?|    ?|           ?|        no|
        |Block_entry1_proc_U0        |Block_entry1_proc        |        0|           0|      0 ns|        0 ns|    0|           0|        no|
        |Debayer_U0                  |Debayer                  |    65594|     2152989|  0.262 ms|    8.612 ms|   50|  4296540185|  dataflow|
        |ZipperRemoval_U0            |ZipperRemoval            |        1|  4295360506|  4.000 ns|  17.181 sec|    1|  4295360506|        no|
        |MultiPixStream2AXIvideo_U0  |MultiPixStream2AXIvideo  |        2|  4295163902|  8.000 ns|  17.181 sec|    2|  4295163902|        no|
        +----------------------------+-------------------------+---------+------------+----------+------------+-----+------------+----------+

        * Loop: 
        N/A



================================================================
== Utilization Estimates
================================================================
* Summary: 
+-----------------+---------+------+--------+--------+-----+
|       Name      | BRAM_18K|  DSP |   FF   |   LUT  | URAM|
+-----------------+---------+------+--------+--------+-----+
|DSP              |        -|     -|       -|       -|    -|
|Expression       |        -|     -|       0|      12|    -|
|FIFO             |        -|     -|     396|     268|    -|
|Instance         |       30|     8|    9816|   11287|    0|
|Memory           |        -|     -|       -|       -|    -|
|Multiplexer      |        -|     -|       -|      18|    -|
|Register         |        -|     -|       2|       -|    -|
+-----------------+---------+------+--------+--------+-----+
|Total            |       30|     8|   10214|   11585|    0|
+-----------------+---------+------+--------+--------+-----+
|Available        |      288|  1248|  234240|  117120|   64|
+-----------------+---------+------+--------+--------+-----+
|Utilization (%)  |       10|    ~0|       4|       9|    0|
+-----------------+---------+------+--------+--------+-----+

+ Detail: 
    * Instance: 
    +----------------------------+-------------------------+---------+----+------+------+-----+
    |          Instance          |          Module         | BRAM_18K| DSP|  FF  |  LUT | URAM|
    +----------------------------+-------------------------+---------+----+------+------+-----+
    |AXIvideo2MultiBayer_U0      |AXIvideo2MultiBayer      |        0|   0|   186|   458|    0|
    |Block_entry1_proc_U0        |Block_entry1_proc        |        0|   0|    18|    20|    0|
    |CTRL_s_axi_U                |CTRL_s_axi               |        0|   0|   102|   136|    0|
    |Debayer_U0                  |Debayer                  |       30|   8|  9044|  9768|    0|
    |MultiPixStream2AXIvideo_U0  |MultiPixStream2AXIvideo  |        0|   0|    80|   256|    0|
    |ZipperRemoval_U0            |ZipperRemoval            |        0|   0|   386|   649|    0|
    +----------------------------+-------------------------+---------+----+------+------+-----+
    |Total                       |                         |       30|   8|  9816| 11287|    0|
    +----------------------------+-------------------------+---------+----+------+------+-----+

    * DSP: 
    N/A

    * Memory: 
    N/A

    * FIFO: 
    +------------------------------+---------+----+----+-----+------+-----+---------+
    |             Name             | BRAM_18K| FF | LUT| URAM| Depth| Bits| Size:D*B|
    +------------------------------+---------+----+----+-----+------+-----+---------+
    |bayer_phase_assign_channel_U  |        0|  99|   0|    -|     2|   16|       32|
    |imgBayer_U                    |        0|  99|   0|    -|     3|   10|       30|
    |imgRgb_U                      |        0|  99|   0|    -|     2|   30|       60|
    |imgUnzip_U                    |        0|  99|   0|    -|     2|   30|       60|
    +------------------------------+---------+----+----+-----+------+-----+---------+
    |Total                         |        0| 396|   0|    0|     9|   86|      182|
    +------------------------------+---------+----+----+-----+------+-----+---------+

    * Expression: 
    +-----------------------------------------+----------+----+---+----+------------+------------+
    |              Variable Name              | Operation| DSP| FF| LUT| Bitwidth P0| Bitwidth P1|
    +-----------------------------------------+----------+----+---+----+------------+------------+
    |AXIvideo2MultiBayer_U0_ap_start          |       and|   0|  0|   2|           1|           1|
    |Block_entry1_proc_U0_ap_start            |       and|   0|  0|   2|           1|           1|
    |ap_idle                                  |       and|   0|  0|   2|           1|           1|
    |ap_sync_ready                            |       and|   0|  0|   2|           1|           1|
    |ap_sync_AXIvideo2MultiBayer_U0_ap_ready  |        or|   0|  0|   2|           1|           1|
    |ap_sync_Block_entry1_proc_U0_ap_ready    |        or|   0|  0|   2|           1|           1|
    +-----------------------------------------+----------+----+---+----+------------+------------+
    |Total                                    |          |   0|  0|  12|           6|           6|
    +-----------------------------------------+----------+----+---+----+------------+------------+

    * Multiplexer: 
    +---------------------------------------------+----+-----------+-----+-----------+
    |                     Name                    | LUT| Input Size| Bits| Total Bits|
    +---------------------------------------------+----+-----------+-----+-----------+
    |ap_sync_reg_AXIvideo2MultiBayer_U0_ap_ready  |   9|          2|    1|          2|
    |ap_sync_reg_Block_entry1_proc_U0_ap_ready    |   9|          2|    1|          2|
    +---------------------------------------------+----+-----------+-----+-----------+
    |Total                                        |  18|          4|    2|          4|
    +---------------------------------------------+----+-----------+-----+-----------+

    * Register: 
    +---------------------------------------------+---+----+-----+-----------+
    |                     Name                    | FF| LUT| Bits| Const Bits|
    +---------------------------------------------+---+----+-----+-----------+
    |ap_sync_reg_AXIvideo2MultiBayer_U0_ap_ready  |  1|   0|    1|          0|
    |ap_sync_reg_Block_entry1_proc_U0_ap_ready    |  1|   0|    1|          0|
    +---------------------------------------------+---+----+-----+-----------+
    |Total                                        |  2|   0|    2|          0|
    +---------------------------------------------+---+----+-----+-----------+



================================================================
== Interface
================================================================
* Summary: 
+---------------------+-----+-----+------------+-----------------------+--------------+
|      RTL Ports      | Dir | Bits|  Protocol  |     Source Object     |    C Type    |
+---------------------+-----+-----+------------+-----------------------+--------------+
|s_axi_CTRL_AWVALID   |   in|    1|       s_axi|                   CTRL|        scalar|
|s_axi_CTRL_AWREADY   |  out|    1|       s_axi|                   CTRL|        scalar|
|s_axi_CTRL_AWADDR    |   in|    6|       s_axi|                   CTRL|        scalar|
|s_axi_CTRL_WVALID    |   in|    1|       s_axi|                   CTRL|        scalar|
|s_axi_CTRL_WREADY    |  out|    1|       s_axi|                   CTRL|        scalar|
|s_axi_CTRL_WDATA     |   in|   32|       s_axi|                   CTRL|        scalar|
|s_axi_CTRL_WSTRB     |   in|    4|       s_axi|                   CTRL|        scalar|
|s_axi_CTRL_ARVALID   |   in|    1|       s_axi|                   CTRL|        scalar|
|s_axi_CTRL_ARREADY   |  out|    1|       s_axi|                   CTRL|        scalar|
|s_axi_CTRL_ARADDR    |   in|    6|       s_axi|                   CTRL|        scalar|
|s_axi_CTRL_RVALID    |  out|    1|       s_axi|                   CTRL|        scalar|
|s_axi_CTRL_RREADY    |   in|    1|       s_axi|                   CTRL|        scalar|
|s_axi_CTRL_RDATA     |  out|   32|       s_axi|                   CTRL|        scalar|
|s_axi_CTRL_RRESP     |  out|    2|       s_axi|                   CTRL|        scalar|
|s_axi_CTRL_BVALID    |  out|    1|       s_axi|                   CTRL|        scalar|
|s_axi_CTRL_BREADY    |   in|    1|       s_axi|                   CTRL|        scalar|
|s_axi_CTRL_BRESP     |  out|    2|       s_axi|                   CTRL|        scalar|
|ap_clk               |   in|    1|  ap_ctrl_hs|             v_demosaic|  return value|
|ap_rst_n             |   in|    1|  ap_ctrl_hs|             v_demosaic|  return value|
|interrupt            |  out|    1|  ap_ctrl_hs|             v_demosaic|  return value|
|s_axis_video_TDATA   |   in|   16|        axis|  s_axis_video_V_data_V|       pointer|
|s_axis_video_TKEEP   |   in|    2|        axis|  s_axis_video_V_keep_V|       pointer|
|s_axis_video_TSTRB   |   in|    2|        axis|  s_axis_video_V_strb_V|       pointer|
|s_axis_video_TUSER   |   in|    1|        axis|  s_axis_video_V_user_V|       pointer|
|s_axis_video_TLAST   |   in|    1|        axis|  s_axis_video_V_last_V|       pointer|
|s_axis_video_TID     |   in|    1|        axis|    s_axis_video_V_id_V|       pointer|
|s_axis_video_TDEST   |   in|    1|        axis|  s_axis_video_V_dest_V|       pointer|
|s_axis_video_TVALID  |   in|    1|        axis|  s_axis_video_V_dest_V|       pointer|
|s_axis_video_TREADY  |  out|    1|        axis|  s_axis_video_V_dest_V|       pointer|
|m_axis_video_TDATA   |  out|   32|        axis|  m_axis_video_V_data_V|       pointer|
|m_axis_video_TKEEP   |  out|    4|        axis|  m_axis_video_V_keep_V|       pointer|
|m_axis_video_TSTRB   |  out|    4|        axis|  m_axis_video_V_strb_V|       pointer|
|m_axis_video_TUSER   |  out|    1|        axis|  m_axis_video_V_user_V|       pointer|
|m_axis_video_TLAST   |  out|    1|        axis|  m_axis_video_V_last_V|       pointer|
|m_axis_video_TID     |  out|    1|        axis|    m_axis_video_V_id_V|       pointer|
|m_axis_video_TDEST   |  out|    1|        axis|  m_axis_video_V_dest_V|       pointer|
|m_axis_video_TVALID  |  out|    1|        axis|  m_axis_video_V_dest_V|       pointer|
|m_axis_video_TREADY  |   in|    1|        axis|  m_axis_video_V_dest_V|       pointer|
+---------------------+-----+-----+------------+-----------------------+--------------+

