

================================================================
== Vitis HLS Report for 'v_gamma_lut'
================================================================
* Date:           Thu May  8 10:10:26 2025

* Version:        2022.2 (Build 3670227 on Oct 13 2022)
* Project:        prj
* Solution:       sol (Vivado IP Flow Target)
* Product family: zynquplus
* Target device:  xck26-sfvc784-2LV-c


================================================================
== Performance Estimates
================================================================
+ Timing: 
    * Summary: 
    +--------+---------+----------+------------+
    |  Clock |  Target | Estimated| Uncertainty|
    +--------+---------+----------+------------+
    |ap_clk  |  4.00 ns|  2.697 ns|     1.08 ns|
    +--------+---------+----------+------------+

+ Latency: 
    * Summary: 
    +---------+---------+----------+----------+------+------------+----------+
    |  Latency (cycles) |  Latency (absolute) |      Interval     | Pipeline |
    |   min   |   max   |    min   |    max   |  min |     max    |   Type   |
    +---------+---------+----------+----------+------+------------+----------+
    |     1031|  2084406|  4.124 us|  8.338 ms|  1029|  4295163903|  dataflow|
    +---------+---------+----------+----------+------+------------+----------+

    + Detail: 
        * Instance: 
        +----------------------------+-------------------------+---------+------------+-----------+------------+------+------------+---------+
        |                            |                         |   Latency (cycles)   |   Latency (absolute)   |      Interval     | Pipeline|
        |          Instance          |          Module         |   min   |     max    |    min    |     max    |  min |     max    |   Type  |
        +----------------------------+-------------------------+---------+------------+-----------+------------+------+------------+---------+
        |AXIvideo2MultiPixStream_U0  |AXIvideo2MultiPixStream  |        6|     2084406|  24.000 ns|    8.338 ms|     6|     2084406|       no|
        |Gamma_U0                    |Gamma                    |     1028|     2080028|   4.112 us|    8.320 ms|  1028|     2080028|       no|
        |MultiPixStream2AXIvideo_U0  |MultiPixStream2AXIvideo  |        2|  4295163902|   8.000 ns|  17.181 sec|     2|  4295163902|       no|
        +----------------------------+-------------------------+---------+------------+-----------+------------+------+------------+---------+

        * Loop: 
        N/A



================================================================
== Utilization Estimates
================================================================
* Summary: 
+-----------------+---------+------+--------+--------+-----+
|       Name      | BRAM_18K|  DSP |   FF   |   LUT  | URAM|
+-----------------+---------+------+--------+--------+-----+
|DSP              |        -|     -|       -|       -|    -|
|Expression       |        -|     -|       0|      12|    -|
|FIFO             |        -|     -|     198|     134|    -|
|Instance         |        6|     -|     750|    1428|    0|
|Memory           |        -|     -|       -|       -|    -|
|Multiplexer      |        -|     -|       -|      18|    -|
|Register         |        -|     -|       2|       -|    -|
+-----------------+---------+------+--------+--------+-----+
|Total            |        6|     0|     950|    1592|    0|
+-----------------+---------+------+--------+--------+-----+
|Available        |      288|  1248|  234240|  117120|   64|
+-----------------+---------+------+--------+--------+-----+
|Utilization (%)  |        2|     0|      ~0|       1|    0|
+-----------------+---------+------+--------+--------+-----+

+ Detail: 
    * Instance: 
    +----------------------------+-------------------------+---------+----+-----+-----+-----+
    |          Instance          |          Module         | BRAM_18K| DSP|  FF | LUT | URAM|
    +----------------------------+-------------------------+---------+----+-----+-----+-----+
    |AXIvideo2MultiPixStream_U0  |AXIvideo2MultiPixStream  |        0|   0|  246|  458|    0|
    |CTRL_s_axi_U                |CTRL_s_axi               |        3|   0|  342|  346|    0|
    |Gamma_U0                    |Gamma                    |        3|   0|   82|  368|    0|
    |MultiPixStream2AXIvideo_U0  |MultiPixStream2AXIvideo  |        0|   0|   80|  256|    0|
    +----------------------------+-------------------------+---------+----+-----+-----+-----+
    |Total                       |                         |        6|   0|  750| 1428|    0|
    +----------------------------+-------------------------+---------+----+-----+-----+-----+

    * DSP: 
    N/A

    * Memory: 
    N/A

    * FIFO: 
    +------------+---------+----+----+-----+------+-----+---------+
    |    Name    | BRAM_18K| FF | LUT| URAM| Depth| Bits| Size:D*B|
    +------------+---------+----+----+-----+------+-----+---------+
    |imgGamma_U  |        0|  99|   0|    -|    16|   30|      480|
    |imgRgb_U    |        0|  99|   0|    -|    16|   30|      480|
    +------------+---------+----+----+-----+------+-----+---------+
    |Total       |        0| 198|   0|    0|    32|   60|      960|
    +------------+---------+----+----+-----+------+-----+---------+

    * Expression: 
    +---------------------------------------------+----------+----+---+----+------------+------------+
    |                Variable Name                | Operation| DSP| FF| LUT| Bitwidth P0| Bitwidth P1|
    +---------------------------------------------+----------+----+---+----+------------+------------+
    |AXIvideo2MultiPixStream_U0_ap_start          |       and|   0|  0|   2|           1|           1|
    |Gamma_U0_ap_start                            |       and|   0|  0|   2|           1|           1|
    |ap_idle                                      |       and|   0|  0|   2|           1|           1|
    |ap_sync_ready                                |       and|   0|  0|   2|           1|           1|
    |ap_sync_AXIvideo2MultiPixStream_U0_ap_ready  |        or|   0|  0|   2|           1|           1|
    |ap_sync_Gamma_U0_ap_ready                    |        or|   0|  0|   2|           1|           1|
    +---------------------------------------------+----------+----+---+----+------------+------------+
    |Total                                        |          |   0|  0|  12|           6|           6|
    +---------------------------------------------+----------+----+---+----+------------+------------+

    * Multiplexer: 
    +-------------------------------------------------+----+-----------+-----+-----------+
    |                       Name                      | LUT| Input Size| Bits| Total Bits|
    +-------------------------------------------------+----+-----------+-----+-----------+
    |ap_sync_reg_AXIvideo2MultiPixStream_U0_ap_ready  |   9|          2|    1|          2|
    |ap_sync_reg_Gamma_U0_ap_ready                    |   9|          2|    1|          2|
    +-------------------------------------------------+----+-----------+-----+-----------+
    |Total                                            |  18|          4|    2|          4|
    +-------------------------------------------------+----+-----------+-----+-----------+

    * Register: 
    +-------------------------------------------------+---+----+-----+-----------+
    |                       Name                      | FF| LUT| Bits| Const Bits|
    +-------------------------------------------------+---+----+-----+-----------+
    |ap_sync_reg_AXIvideo2MultiPixStream_U0_ap_ready  |  1|   0|    1|          0|
    |ap_sync_reg_Gamma_U0_ap_ready                    |  1|   0|    1|          0|
    +-------------------------------------------------+---+----+-----+-----------+
    |Total                                            |  2|   0|    2|          0|
    +-------------------------------------------------+---+----+-----+-----------+



================================================================
== Interface
================================================================
* Summary: 
+---------------------+-----+-----+------------+-----------------------+--------------+
|      RTL Ports      | Dir | Bits|  Protocol  |     Source Object     |    C Type    |
+---------------------+-----+-----+------------+-----------------------+--------------+
|s_axi_CTRL_AWVALID   |   in|    1|       s_axi|                   CTRL|         array|
|s_axi_CTRL_AWREADY   |  out|    1|       s_axi|                   CTRL|         array|
|s_axi_CTRL_AWADDR    |   in|   13|       s_axi|                   CTRL|         array|
|s_axi_CTRL_WVALID    |   in|    1|       s_axi|                   CTRL|         array|
|s_axi_CTRL_WREADY    |  out|    1|       s_axi|                   CTRL|         array|
|s_axi_CTRL_WDATA     |   in|   32|       s_axi|                   CTRL|         array|
|s_axi_CTRL_WSTRB     |   in|    4|       s_axi|                   CTRL|         array|
|s_axi_CTRL_ARVALID   |   in|    1|       s_axi|                   CTRL|         array|
|s_axi_CTRL_ARREADY   |  out|    1|       s_axi|                   CTRL|         array|
|s_axi_CTRL_ARADDR    |   in|   13|       s_axi|                   CTRL|         array|
|s_axi_CTRL_RVALID    |  out|    1|       s_axi|                   CTRL|         array|
|s_axi_CTRL_RREADY    |   in|    1|       s_axi|                   CTRL|         array|
|s_axi_CTRL_RDATA     |  out|   32|       s_axi|                   CTRL|         array|
|s_axi_CTRL_RRESP     |  out|    2|       s_axi|                   CTRL|         array|
|s_axi_CTRL_BVALID    |  out|    1|       s_axi|                   CTRL|         array|
|s_axi_CTRL_BREADY    |   in|    1|       s_axi|                   CTRL|         array|
|s_axi_CTRL_BRESP     |  out|    2|       s_axi|                   CTRL|         array|
|ap_clk               |   in|    1|  ap_ctrl_hs|            v_gamma_lut|  return value|
|ap_rst_n             |   in|    1|  ap_ctrl_hs|            v_gamma_lut|  return value|
|interrupt            |  out|    1|  ap_ctrl_hs|            v_gamma_lut|  return value|
|s_axis_video_TDATA   |   in|   32|        axis|  s_axis_video_V_data_V|       pointer|
|s_axis_video_TKEEP   |   in|    4|        axis|  s_axis_video_V_keep_V|       pointer|
|s_axis_video_TSTRB   |   in|    4|        axis|  s_axis_video_V_strb_V|       pointer|
|s_axis_video_TUSER   |   in|    1|        axis|  s_axis_video_V_user_V|       pointer|
|s_axis_video_TLAST   |   in|    1|        axis|  s_axis_video_V_last_V|       pointer|
|s_axis_video_TID     |   in|    1|        axis|    s_axis_video_V_id_V|       pointer|
|s_axis_video_TDEST   |   in|    1|        axis|  s_axis_video_V_dest_V|       pointer|
|s_axis_video_TVALID  |   in|    1|        axis|  s_axis_video_V_dest_V|       pointer|
|s_axis_video_TREADY  |  out|    1|        axis|  s_axis_video_V_dest_V|       pointer|
|m_axis_video_TDATA   |  out|   32|        axis|  m_axis_video_V_data_V|       pointer|
|m_axis_video_TKEEP   |  out|    4|        axis|  m_axis_video_V_keep_V|       pointer|
|m_axis_video_TSTRB   |  out|    4|        axis|  m_axis_video_V_strb_V|       pointer|
|m_axis_video_TUSER   |  out|    1|        axis|  m_axis_video_V_user_V|       pointer|
|m_axis_video_TLAST   |  out|    1|        axis|  m_axis_video_V_last_V|       pointer|
|m_axis_video_TID     |  out|    1|        axis|    m_axis_video_V_id_V|       pointer|
|m_axis_video_TDEST   |  out|    1|        axis|  m_axis_video_V_dest_V|       pointer|
|m_axis_video_TVALID  |  out|    1|        axis|  m_axis_video_V_dest_V|       pointer|
|m_axis_video_TREADY  |   in|    1|        axis|  m_axis_video_V_dest_V|       pointer|
+---------------------+-----+-----+------------+-----------------------+--------------+

