
*** Running vivado
    with args -log design_1_v_tc_0_0.vds -m64 -product Vivado -mode batch -messageDb vivado.pb -notrace -source design_1_v_tc_0_0.tcl


****** Vivado v2022.2 (64-bit)
  **** SW Build 3671981 on Fri Oct 14 04:59:54 MDT 2022
  **** IP Build 3669848 on Fri Oct 14 08:30:02 MDT 2022
    ** Copyright 1986-2022 Xilinx, Inc. All Rights Reserved.

source design_1_v_tc_0_0.tcl -notrace
create_project: Time (s): cpu = 00:00:07 ; elapsed = 00:00:08 . Memory (MB): peak = 2003.738 ; gain = 86.961 ; free physical = 29928 ; free virtual = 37067
INFO: [IP_Flow 19-234] Refreshing IP repositories
WARNING: [IP_Flow 19-2248] Failed to load user IP repository '/home/lsriw/SR/KocurPawel/git_ycbcr/ip_repo'; Can't find the specified path.
If this directory should no longer be in your list of user repositories, go to the IP Settings dialog and remove it.
INFO: [IP_Flow 19-1700] Loaded user IP repository '/home/lsriw/SR/KocurPawel/git_ycbcr/ip_repos'.
INFO: [IP_Flow 19-2313] Loaded Vivado IP repository '/tools/Xilinx/Vivado/2022.2/data/ip'.
WARNING: [IP_Flow 19-1663] Duplicate IP found for 'user.org:user:main:1.0'. The one found in IP location '/home/lsriw/SR/KocurPawel/git_ycbcr/ip_repos/rgb2ycbcr3' will take precedence over the same IP in locations: 
   /home/lsriw/SR/KocurPawel/git_ycbcr/ip_repos/rgb2ycbcr
   /home/lsriw/SR/KocurPawel/git_ycbcr/ip_repos/rgb2ycbcr2
INFO: [IP_Flow 19-6924] IPCACHE: Running cache check for IP inst: design_1_v_tc_0_0
Command: synth_design -top design_1_v_tc_0_0 -part xck26-sfvc784-2LV-c -incremental_mode off -mode out_of_context
Starting synth_design
Attempting to get a license for feature 'Synthesis' and/or device 'xck26'
INFO: [Common 17-349] Got license for feature 'Synthesis' and/or device 'xck26'
INFO: [Device 21-403] Loading part xck26-sfvc784-2LV-c
INFO: [Synth 8-7079] Multithreading enabled for synth_design using a maximum of 4 processes.
INFO: [Synth 8-7078] Launching helper process for spawning children vivado processes
INFO: [Synth 8-7075] Helper process launched with PID 25981
INFO: [Synth 8-11241] undeclared symbol 'REGCCE', assumed default net type 'wire' [/tools/Xilinx/Vivado/2022.2/data/verilog/src/unimacro/BRAM_SINGLE_MACRO.v:2170]
---------------------------------------------------------------------------------
Starting RTL Elaboration : Time (s): cpu = 00:00:05 ; elapsed = 00:00:06 . Memory (MB): peak = 3215.953 ; gain = 236.711 ; free physical = 5625 ; free virtual = 12850
Synthesis current peak Physical Memory [PSS] (MB): peak = 2397.261; parent = 2276.920; children = 120.341
Synthesis current peak Virtual Memory [VSS] (MB): peak = 4181.793; parent = 3219.926; children = 961.867
---------------------------------------------------------------------------------
INFO: [Synth 8-638] synthesizing module 'design_1_v_tc_0_0' [/home/lsriw/SR/KocurPawel/git_ycbcr/video_passthrough_kria_repo_1/video_passthrough_kria/video_passthrough_kria.gen/sources_1/bd/design_1/ip/design_1_v_tc_0_0/synth/design_1_v_tc_0_0.vhd:97]
	Parameter C_HAS_AXI4_LITE bound to: 1 - type: integer 
	Parameter C_HAS_INTC_IF bound to: 0 - type: integer 
	Parameter C_ARBITRARY_RES_EN bound to: 0 - type: integer 
	Parameter C_VID_PPC bound to: 4 - type: integer 
	Parameter C_GEN_INTERLACED bound to: 0 - type: integer 
	Parameter C_GEN_HACTIVE_SIZE bound to: 1920 - type: integer 
	Parameter C_GEN_VACTIVE_SIZE bound to: 1080 - type: integer 
	Parameter C_GEN_CPARITY bound to: 0 - type: integer 
	Parameter C_GEN_FIELDID_POLARITY bound to: 1 - type: integer 
	Parameter C_GEN_VBLANK_POLARITY bound to: 1 - type: integer 
	Parameter C_GEN_HBLANK_POLARITY bound to: 1 - type: integer 
	Parameter C_GEN_VSYNC_POLARITY bound to: 1 - type: integer 
	Parameter C_GEN_HSYNC_POLARITY bound to: 1 - type: integer 
	Parameter C_GEN_AVIDEO_POLARITY bound to: 1 - type: integer 
	Parameter C_GEN_ACHROMA_POLARITY bound to: 1 - type: integer 
	Parameter C_GEN_VIDEO_FORMAT bound to: 2 - type: integer 
	Parameter C_GEN_HFRAME_SIZE bound to: 2200 - type: integer 
	Parameter C_GEN_F0_VFRAME_SIZE bound to: 1125 - type: integer 
	Parameter C_GEN_F1_VFRAME_SIZE bound to: 1125 - type: integer 
	Parameter C_GEN_HSYNC_START bound to: 2008 - type: integer 
	Parameter C_GEN_HSYNC_END bound to: 2052 - type: integer 
	Parameter C_GEN_F0_VBLANK_HSTART bound to: 2008 - type: integer 
	Parameter C_GEN_F0_VBLANK_HEND bound to: 2008 - type: integer 
	Parameter C_GEN_F0_VSYNC_VSTART bound to: 1083 - type: integer 
	Parameter C_GEN_F0_VSYNC_VEND bound to: 1088 - type: integer 
	Parameter C_GEN_F0_VSYNC_HSTART bound to: 2008 - type: integer 
	Parameter C_GEN_F0_VSYNC_HEND bound to: 2008 - type: integer 
	Parameter C_GEN_F1_VBLANK_HSTART bound to: 2008 - type: integer 
	Parameter C_GEN_F1_VBLANK_HEND bound to: 2008 - type: integer 
	Parameter C_GEN_F1_VSYNC_VSTART bound to: 1083 - type: integer 
	Parameter C_GEN_F1_VSYNC_VEND bound to: 1088 - type: integer 
	Parameter C_GEN_F1_VSYNC_HSTART bound to: 2008 - type: integer 
	Parameter C_GEN_F1_VSYNC_HEND bound to: 2008 - type: integer 
	Parameter C_FSYNC_HSTART0 bound to: 0 - type: integer 
	Parameter C_FSYNC_VSTART0 bound to: 0 - type: integer 
	Parameter C_FSYNC_HSTART1 bound to: 0 - type: integer 
	Parameter C_FSYNC_VSTART1 bound to: 0 - type: integer 
	Parameter C_FSYNC_HSTART2 bound to: 0 - type: integer 
	Parameter C_FSYNC_VSTART2 bound to: 0 - type: integer 
	Parameter C_FSYNC_HSTART3 bound to: 0 - type: integer 
	Parameter C_FSYNC_VSTART3 bound to: 0 - type: integer 
	Parameter C_FSYNC_HSTART4 bound to: 0 - type: integer 
	Parameter C_FSYNC_VSTART4 bound to: 0 - type: integer 
	Parameter C_FSYNC_HSTART5 bound to: 0 - type: integer 
	Parameter C_FSYNC_VSTART5 bound to: 0 - type: integer 
	Parameter C_FSYNC_HSTART6 bound to: 0 - type: integer 
	Parameter C_FSYNC_VSTART6 bound to: 0 - type: integer 
	Parameter C_FSYNC_HSTART7 bound to: 0 - type: integer 
	Parameter C_FSYNC_VSTART7 bound to: 0 - type: integer 
	Parameter C_FSYNC_HSTART8 bound to: 0 - type: integer 
	Parameter C_FSYNC_VSTART8 bound to: 0 - type: integer 
	Parameter C_FSYNC_HSTART9 bound to: 0 - type: integer 
	Parameter C_FSYNC_VSTART9 bound to: 0 - type: integer 
	Parameter C_FSYNC_HSTART10 bound to: 0 - type: integer 
	Parameter C_FSYNC_VSTART10 bound to: 0 - type: integer 
	Parameter C_FSYNC_HSTART11 bound to: 0 - type: integer 
	Parameter C_FSYNC_VSTART11 bound to: 0 - type: integer 
	Parameter C_FSYNC_HSTART12 bound to: 0 - type: integer 
	Parameter C_FSYNC_VSTART12 bound to: 0 - type: integer 
	Parameter C_FSYNC_HSTART13 bound to: 0 - type: integer 
	Parameter C_FSYNC_VSTART13 bound to: 0 - type: integer 
	Parameter C_FSYNC_HSTART14 bound to: 0 - type: integer 
	Parameter C_FSYNC_VSTART14 bound to: 0 - type: integer 
	Parameter C_FSYNC_HSTART15 bound to: 0 - type: integer 
	Parameter C_FSYNC_VSTART15 bound to: 0 - type: integer 
	Parameter C_MAX_PIXELS bound to: 4096 - type: integer 
	Parameter C_MAX_LINES bound to: 4096 - type: integer 
	Parameter C_NUM_FSYNCS bound to: 1 - type: integer 
	Parameter C_INTERLACE_EN bound to: 0 - type: integer 
	Parameter C_GEN_AUTO_SWITCH bound to: 0 - type: integer 
	Parameter C_DETECT_EN bound to: 0 - type: integer 
	Parameter C_SYNC_EN bound to: 0 - type: integer 
	Parameter C_GENERATE_EN bound to: 1 - type: integer 
	Parameter C_DET_HSYNC_EN bound to: 1 - type: integer 
	Parameter C_DET_VSYNC_EN bound to: 1 - type: integer 
	Parameter C_DET_HBLANK_EN bound to: 1 - type: integer 
	Parameter C_DET_VBLANK_EN bound to: 1 - type: integer 
	Parameter C_DET_AVIDEO_EN bound to: 1 - type: integer 
	Parameter C_DET_ACHROMA_EN bound to: 0 - type: integer 
	Parameter C_GEN_HSYNC_EN bound to: 1 - type: integer 
	Parameter C_GEN_VSYNC_EN bound to: 1 - type: integer 
	Parameter C_GEN_HBLANK_EN bound to: 1 - type: integer 
	Parameter C_GEN_VBLANK_EN bound to: 1 - type: integer 
	Parameter C_GEN_AVIDEO_EN bound to: 1 - type: integer 
	Parameter C_GEN_ACHROMA_EN bound to: 0 - type: integer 
	Parameter C_GEN_FIELDID_EN bound to: 0 - type: integer 
	Parameter C_DET_FIELDID_EN bound to: 0 - type: integer 
INFO: [Synth 8-3491] module 'v_tc' declared at '/home/lsriw/SR/KocurPawel/git_ycbcr/video_passthrough_kria_repo_1/video_passthrough_kria/video_passthrough_kria.gen/sources_1/bd/design_1/ipshared/399a/hdl/v_tc_v6_2_vh_rfs.vhd:9698' bound to instance 'U0' of component 'v_tc' [/home/lsriw/SR/KocurPawel/git_ycbcr/video_passthrough_kria_repo_1/video_passthrough_kria/video_passthrough_kria.gen/sources_1/bd/design_1/ip/design_1_v_tc_0_0/synth/design_1_v_tc_0_0.vhd:293]
INFO: [Synth 8-6157] synthesizing module 'xpm_cdc_single' [/tools/Xilinx/Vivado/2022.2/data/ip/xpm/xpm_cdc/hdl/xpm_cdc.sv:152]
INFO: [Synth 8-6155] done synthesizing module 'xpm_cdc_single' (0#1) [/tools/Xilinx/Vivado/2022.2/data/ip/xpm/xpm_cdc/hdl/xpm_cdc.sv:152]
INFO: [Synth 8-638] synthesizing module 'axi_lite_ipif' [/home/lsriw/SR/KocurPawel/git_ycbcr/video_passthrough_kria_repo_1/video_passthrough_kria/video_passthrough_kria.gen/sources_1/bd/design_1/ipshared/66ea/hdl/axi_lite_ipif_v3_0_vh_rfs.vhd:2948]
INFO: [Synth 8-638] synthesizing module 'slave_attachment' [/home/lsriw/SR/KocurPawel/git_ycbcr/video_passthrough_kria_repo_1/video_passthrough_kria/video_passthrough_kria.gen/sources_1/bd/design_1/ipshared/66ea/hdl/axi_lite_ipif_v3_0_vh_rfs.vhd:2341]
INFO: [Synth 8-638] synthesizing module 'address_decoder' [/home/lsriw/SR/KocurPawel/git_ycbcr/video_passthrough_kria_repo_1/video_passthrough_kria/video_passthrough_kria.gen/sources_1/bd/design_1/ipshared/66ea/hdl/axi_lite_ipif_v3_0_vh_rfs.vhd:1775]
INFO: [Synth 8-638] synthesizing module 'pselect_f' [/home/lsriw/SR/KocurPawel/git_ycbcr/video_passthrough_kria_repo_1/video_passthrough_kria/video_passthrough_kria.gen/sources_1/bd/design_1/ipshared/66ea/hdl/axi_lite_ipif_v3_0_vh_rfs.vhd:1534]
INFO: [Synth 8-256] done synthesizing module 'pselect_f' (0#1) [/home/lsriw/SR/KocurPawel/git_ycbcr/video_passthrough_kria_repo_1/video_passthrough_kria/video_passthrough_kria.gen/sources_1/bd/design_1/ipshared/66ea/hdl/axi_lite_ipif_v3_0_vh_rfs.vhd:1534]
INFO: [Synth 8-638] synthesizing module 'pselect_f__parameterized0' [/home/lsriw/SR/KocurPawel/git_ycbcr/video_passthrough_kria_repo_1/video_passthrough_kria/video_passthrough_kria.gen/sources_1/bd/design_1/ipshared/66ea/hdl/axi_lite_ipif_v3_0_vh_rfs.vhd:1534]
INFO: [Synth 8-256] done synthesizing module 'pselect_f__parameterized0' (0#1) [/home/lsriw/SR/KocurPawel/git_ycbcr/video_passthrough_kria_repo_1/video_passthrough_kria/video_passthrough_kria.gen/sources_1/bd/design_1/ipshared/66ea/hdl/axi_lite_ipif_v3_0_vh_rfs.vhd:1534]
INFO: [Synth 8-256] done synthesizing module 'address_decoder' (0#1) [/home/lsriw/SR/KocurPawel/git_ycbcr/video_passthrough_kria_repo_1/video_passthrough_kria/video_passthrough_kria.gen/sources_1/bd/design_1/ipshared/66ea/hdl/axi_lite_ipif_v3_0_vh_rfs.vhd:1775]
INFO: [Synth 8-226] default block is never used [/home/lsriw/SR/KocurPawel/git_ycbcr/video_passthrough_kria_repo_1/video_passthrough_kria/video_passthrough_kria.gen/sources_1/bd/design_1/ipshared/66ea/hdl/axi_lite_ipif_v3_0_vh_rfs.vhd:2550]
INFO: [Synth 8-256] done synthesizing module 'slave_attachment' (0#1) [/home/lsriw/SR/KocurPawel/git_ycbcr/video_passthrough_kria_repo_1/video_passthrough_kria/video_passthrough_kria.gen/sources_1/bd/design_1/ipshared/66ea/hdl/axi_lite_ipif_v3_0_vh_rfs.vhd:2341]
INFO: [Synth 8-256] done synthesizing module 'axi_lite_ipif' (0#1) [/home/lsriw/SR/KocurPawel/git_ycbcr/video_passthrough_kria_repo_1/video_passthrough_kria/video_passthrough_kria.gen/sources_1/bd/design_1/ipshared/66ea/hdl/axi_lite_ipif_v3_0_vh_rfs.vhd:2948]
INFO: [Synth 8-256] done synthesizing module 'design_1_v_tc_0_0' (0#1) [/home/lsriw/SR/KocurPawel/git_ycbcr/video_passthrough_kria_repo_1/video_passthrough_kria/video_passthrough_kria.gen/sources_1/bd/design_1/ip/design_1_v_tc_0_0/synth/design_1_v_tc_0_0.vhd:97]
WARNING: [Synth 8-7129] Port gen_v0chroma_start[11] in module tc_generator is either unconnected or has no load
WARNING: [Synth 8-7129] Port gen_v0chroma_start[10] in module tc_generator is either unconnected or has no load
WARNING: [Synth 8-7129] Port gen_v0chroma_start[9] in module tc_generator is either unconnected or has no load
WARNING: [Synth 8-7129] Port gen_v0chroma_start[8] in module tc_generator is either unconnected or has no load
WARNING: [Synth 8-7129] Port gen_v0chroma_start[7] in module tc_generator is either unconnected or has no load
WARNING: [Synth 8-7129] Port gen_v0chroma_start[6] in module tc_generator is either unconnected or has no load
WARNING: [Synth 8-7129] Port gen_v0chroma_start[5] in module tc_generator is either unconnected or has no load
WARNING: [Synth 8-7129] Port gen_v0chroma_start[4] in module tc_generator is either unconnected or has no load
WARNING: [Synth 8-7129] Port gen_v0chroma_start[3] in module tc_generator is either unconnected or has no load
WARNING: [Synth 8-7129] Port gen_v0chroma_start[2] in module tc_generator is either unconnected or has no load
WARNING: [Synth 8-7129] Port gen_v0chroma_start[1] in module tc_generator is either unconnected or has no load
WARNING: [Synth 8-7129] Port gen_v0chroma_start[0] in module tc_generator is either unconnected or has no load
WARNING: [Synth 8-7129] Port gen_v1total[11] in module tc_generator is either unconnected or has no load
WARNING: [Synth 8-7129] Port gen_v1total[10] in module tc_generator is either unconnected or has no load
WARNING: [Synth 8-7129] Port gen_v1total[9] in module tc_generator is either unconnected or has no load
WARNING: [Synth 8-7129] Port gen_v1total[8] in module tc_generator is either unconnected or has no load
WARNING: [Synth 8-7129] Port gen_v1total[7] in module tc_generator is either unconnected or has no load
WARNING: [Synth 8-7129] Port gen_v1total[6] in module tc_generator is either unconnected or has no load
WARNING: [Synth 8-7129] Port gen_v1total[5] in module tc_generator is either unconnected or has no load
WARNING: [Synth 8-7129] Port gen_v1total[4] in module tc_generator is either unconnected or has no load
WARNING: [Synth 8-7129] Port gen_v1total[3] in module tc_generator is either unconnected or has no load
WARNING: [Synth 8-7129] Port gen_v1total[2] in module tc_generator is either unconnected or has no load
WARNING: [Synth 8-7129] Port gen_v1total[1] in module tc_generator is either unconnected or has no load
WARNING: [Synth 8-7129] Port gen_v1total[0] in module tc_generator is either unconnected or has no load
WARNING: [Synth 8-7129] Port gen_v1fp_start[11] in module tc_generator is either unconnected or has no load
WARNING: [Synth 8-7129] Port gen_v1fp_start[10] in module tc_generator is either unconnected or has no load
WARNING: [Synth 8-7129] Port gen_v1fp_start[9] in module tc_generator is either unconnected or has no load
WARNING: [Synth 8-7129] Port gen_v1fp_start[8] in module tc_generator is either unconnected or has no load
WARNING: [Synth 8-7129] Port gen_v1fp_start[7] in module tc_generator is either unconnected or has no load
WARNING: [Synth 8-7129] Port gen_v1fp_start[6] in module tc_generator is either unconnected or has no load
WARNING: [Synth 8-7129] Port gen_v1fp_start[5] in module tc_generator is either unconnected or has no load
WARNING: [Synth 8-7129] Port gen_v1fp_start[4] in module tc_generator is either unconnected or has no load
WARNING: [Synth 8-7129] Port gen_v1fp_start[3] in module tc_generator is either unconnected or has no load
WARNING: [Synth 8-7129] Port gen_v1fp_start[2] in module tc_generator is either unconnected or has no load
WARNING: [Synth 8-7129] Port gen_v1fp_start[1] in module tc_generator is either unconnected or has no load
WARNING: [Synth 8-7129] Port gen_v1fp_start[0] in module tc_generator is either unconnected or has no load
WARNING: [Synth 8-7129] Port gen_v1sync_start[11] in module tc_generator is either unconnected or has no load
WARNING: [Synth 8-7129] Port gen_v1sync_start[10] in module tc_generator is either unconnected or has no load
WARNING: [Synth 8-7129] Port gen_v1sync_start[9] in module tc_generator is either unconnected or has no load
WARNING: [Synth 8-7129] Port gen_v1sync_start[8] in module tc_generator is either unconnected or has no load
WARNING: [Synth 8-7129] Port gen_v1sync_start[7] in module tc_generator is either unconnected or has no load
WARNING: [Synth 8-7129] Port gen_v1sync_start[6] in module tc_generator is either unconnected or has no load
WARNING: [Synth 8-7129] Port gen_v1sync_start[5] in module tc_generator is either unconnected or has no load
WARNING: [Synth 8-7129] Port gen_v1sync_start[4] in module tc_generator is either unconnected or has no load
WARNING: [Synth 8-7129] Port gen_v1sync_start[3] in module tc_generator is either unconnected or has no load
WARNING: [Synth 8-7129] Port gen_v1sync_start[2] in module tc_generator is either unconnected or has no load
WARNING: [Synth 8-7129] Port gen_v1sync_start[1] in module tc_generator is either unconnected or has no load
WARNING: [Synth 8-7129] Port gen_v1sync_start[0] in module tc_generator is either unconnected or has no load
WARNING: [Synth 8-7129] Port gen_v1bp_start[11] in module tc_generator is either unconnected or has no load
WARNING: [Synth 8-7129] Port gen_v1bp_start[10] in module tc_generator is either unconnected or has no load
WARNING: [Synth 8-7129] Port gen_v1bp_start[9] in module tc_generator is either unconnected or has no load
WARNING: [Synth 8-7129] Port gen_v1bp_start[8] in module tc_generator is either unconnected or has no load
WARNING: [Synth 8-7129] Port gen_v1bp_start[7] in module tc_generator is either unconnected or has no load
WARNING: [Synth 8-7129] Port gen_v1bp_start[6] in module tc_generator is either unconnected or has no load
WARNING: [Synth 8-7129] Port gen_v1bp_start[5] in module tc_generator is either unconnected or has no load
WARNING: [Synth 8-7129] Port gen_v1bp_start[4] in module tc_generator is either unconnected or has no load
WARNING: [Synth 8-7129] Port gen_v1bp_start[3] in module tc_generator is either unconnected or has no load
WARNING: [Synth 8-7129] Port gen_v1bp_start[2] in module tc_generator is either unconnected or has no load
WARNING: [Synth 8-7129] Port gen_v1bp_start[1] in module tc_generator is either unconnected or has no load
WARNING: [Synth 8-7129] Port gen_v1bp_start[0] in module tc_generator is either unconnected or has no load
WARNING: [Synth 8-7129] Port gen_v1active_start[11] in module tc_generator is either unconnected or has no load
WARNING: [Synth 8-7129] Port gen_v1active_start[10] in module tc_generator is either unconnected or has no load
WARNING: [Synth 8-7129] Port gen_v1active_start[9] in module tc_generator is either unconnected or has no load
WARNING: [Synth 8-7129] Port gen_v1active_start[8] in module tc_generator is either unconnected or has no load
WARNING: [Synth 8-7129] Port gen_v1active_start[7] in module tc_generator is either unconnected or has no load
WARNING: [Synth 8-7129] Port gen_v1active_start[6] in module tc_generator is either unconnected or has no load
WARNING: [Synth 8-7129] Port gen_v1active_start[5] in module tc_generator is either unconnected or has no load
WARNING: [Synth 8-7129] Port gen_v1active_start[4] in module tc_generator is either unconnected or has no load
WARNING: [Synth 8-7129] Port gen_v1active_start[3] in module tc_generator is either unconnected or has no load
WARNING: [Synth 8-7129] Port gen_v1active_start[2] in module tc_generator is either unconnected or has no load
WARNING: [Synth 8-7129] Port gen_v1active_start[1] in module tc_generator is either unconnected or has no load
WARNING: [Synth 8-7129] Port gen_v1active_start[0] in module tc_generator is either unconnected or has no load
WARNING: [Synth 8-7129] Port gen_v1chroma_start[11] in module tc_generator is either unconnected or has no load
WARNING: [Synth 8-7129] Port gen_v1chroma_start[10] in module tc_generator is either unconnected or has no load
WARNING: [Synth 8-7129] Port gen_v1chroma_start[9] in module tc_generator is either unconnected or has no load
WARNING: [Synth 8-7129] Port gen_v1chroma_start[8] in module tc_generator is either unconnected or has no load
WARNING: [Synth 8-7129] Port gen_v1chroma_start[7] in module tc_generator is either unconnected or has no load
WARNING: [Synth 8-7129] Port gen_v1chroma_start[6] in module tc_generator is either unconnected or has no load
WARNING: [Synth 8-7129] Port gen_v1chroma_start[5] in module tc_generator is either unconnected or has no load
WARNING: [Synth 8-7129] Port gen_v1chroma_start[4] in module tc_generator is either unconnected or has no load
WARNING: [Synth 8-7129] Port gen_v1chroma_start[3] in module tc_generator is either unconnected or has no load
WARNING: [Synth 8-7129] Port gen_v1chroma_start[2] in module tc_generator is either unconnected or has no load
WARNING: [Synth 8-7129] Port gen_v1chroma_start[1] in module tc_generator is either unconnected or has no load
WARNING: [Synth 8-7129] Port gen_v1chroma_start[0] in module tc_generator is either unconnected or has no load
WARNING: [Synth 8-7129] Port gen_v1fp_start_hori[11] in module tc_generator is either unconnected or has no load
WARNING: [Synth 8-7129] Port gen_v1fp_start_hori[10] in module tc_generator is either unconnected or has no load
WARNING: [Synth 8-7129] Port gen_v1fp_start_hori[9] in module tc_generator is either unconnected or has no load
WARNING: [Synth 8-7129] Port gen_v1fp_start_hori[8] in module tc_generator is either unconnected or has no load
WARNING: [Synth 8-7129] Port gen_v1fp_start_hori[7] in module tc_generator is either unconnected or has no load
WARNING: [Synth 8-7129] Port gen_v1fp_start_hori[6] in module tc_generator is either unconnected or has no load
WARNING: [Synth 8-7129] Port gen_v1fp_start_hori[5] in module tc_generator is either unconnected or has no load
WARNING: [Synth 8-7129] Port gen_v1fp_start_hori[4] in module tc_generator is either unconnected or has no load
WARNING: [Synth 8-7129] Port gen_v1fp_start_hori[3] in module tc_generator is either unconnected or has no load
WARNING: [Synth 8-7129] Port gen_v1fp_start_hori[2] in module tc_generator is either unconnected or has no load
WARNING: [Synth 8-7129] Port gen_v1fp_start_hori[1] in module tc_generator is either unconnected or has no load
WARNING: [Synth 8-7129] Port gen_v1fp_start_hori[0] in module tc_generator is either unconnected or has no load
WARNING: [Synth 8-7129] Port gen_v1sync_start_hori[11] in module tc_generator is either unconnected or has no load
WARNING: [Synth 8-7129] Port gen_v1sync_start_hori[10] in module tc_generator is either unconnected or has no load
WARNING: [Synth 8-7129] Port gen_v1sync_start_hori[9] in module tc_generator is either unconnected or has no load
WARNING: [Synth 8-7129] Port gen_v1sync_start_hori[8] in module tc_generator is either unconnected or has no load
INFO: [Common 17-14] Message 'Synth 8-7129' appears 100 times and further instances of the messages will be disabled. Use the Tcl command set_msg_config to change the current settings.
---------------------------------------------------------------------------------
Finished RTL Elaboration : Time (s): cpu = 00:00:10 ; elapsed = 00:00:11 . Memory (MB): peak = 3332.891 ; gain = 353.648 ; free physical = 3604 ; free virtual = 10879
Synthesis current peak Physical Memory [PSS] (MB): peak = 2523.350; parent = 2403.010; children = 120.341
Synthesis current peak Virtual Memory [VSS] (MB): peak = 4294.762; parent = 3332.895; children = 961.867
---------------------------------------------------------------------------------
---------------------------------------------------------------------------------
Start Handling Custom Attributes
---------------------------------------------------------------------------------
---------------------------------------------------------------------------------
Finished Handling Custom Attributes : Time (s): cpu = 00:00:10 ; elapsed = 00:00:12 . Memory (MB): peak = 3347.734 ; gain = 368.492 ; free physical = 3499 ; free virtual = 10774
Synthesis current peak Physical Memory [PSS] (MB): peak = 2523.350; parent = 2403.010; children = 120.341
Synthesis current peak Virtual Memory [VSS] (MB): peak = 4309.605; parent = 3347.738; children = 961.867
---------------------------------------------------------------------------------
---------------------------------------------------------------------------------
Finished RTL Optimization Phase 1 : Time (s): cpu = 00:00:10 ; elapsed = 00:00:12 . Memory (MB): peak = 3347.734 ; gain = 368.492 ; free physical = 3458 ; free virtual = 10733
Synthesis current peak Physical Memory [PSS] (MB): peak = 2523.350; parent = 2403.010; children = 120.341
Synthesis current peak Virtual Memory [VSS] (MB): peak = 4309.605; parent = 3347.738; children = 961.867
---------------------------------------------------------------------------------
Netlist sorting complete. Time (s): cpu = 00:00:00.09 ; elapsed = 00:00:00.1 . Memory (MB): peak = 3347.734 ; gain = 0.000 ; free physical = 3398 ; free virtual = 10673
INFO: [Project 1-570] Preparing netlist for logic optimization

Processing XDC Constraints
Initializing timing engine
Parsing XDC File [/home/lsriw/SR/KocurPawel/git_ycbcr/video_passthrough_kria_repo_1/video_passthrough_kria/video_passthrough_kria.gen/sources_1/bd/design_1/ip/design_1_v_tc_0_0/design_1_v_tc_0_0_ooc.xdc] for cell 'U0'
create_clock: Time (s): cpu = 00:00:05 ; elapsed = 00:00:05 . Memory (MB): peak = 3512.453 ; gain = 0.000 ; free physical = 4454 ; free virtual = 11777
Finished Parsing XDC File [/home/lsriw/SR/KocurPawel/git_ycbcr/video_passthrough_kria_repo_1/video_passthrough_kria/video_passthrough_kria.gen/sources_1/bd/design_1/ip/design_1_v_tc_0_0/design_1_v_tc_0_0_ooc.xdc] for cell 'U0'
Parsing XDC File [/home/lsriw/SR/KocurPawel/git_ycbcr/video_passthrough_kria_repo_1/video_passthrough_kria/video_passthrough_kria.runs/design_1_v_tc_0_0_synth_1/dont_touch.xdc]
Finished Parsing XDC File [/home/lsriw/SR/KocurPawel/git_ycbcr/video_passthrough_kria_repo_1/video_passthrough_kria/video_passthrough_kria.runs/design_1_v_tc_0_0_synth_1/dont_touch.xdc]
Parsing XDC File [/home/lsriw/SR/KocurPawel/git_ycbcr/video_passthrough_kria_repo_1/video_passthrough_kria/video_passthrough_kria.gen/sources_1/bd/design_1/ip/design_1_v_tc_0_0/design_1_v_tc_0_0_clocks.xdc] for cell 'U0'
Finished Parsing XDC File [/home/lsriw/SR/KocurPawel/git_ycbcr/video_passthrough_kria_repo_1/video_passthrough_kria/video_passthrough_kria.gen/sources_1/bd/design_1/ip/design_1_v_tc_0_0/design_1_v_tc_0_0_clocks.xdc] for cell 'U0'
INFO: [Project 1-236] Implementation specific constraints were found while reading constraint file [/home/lsriw/SR/KocurPawel/git_ycbcr/video_passthrough_kria_repo_1/video_passthrough_kria/video_passthrough_kria.gen/sources_1/bd/design_1/ip/design_1_v_tc_0_0/design_1_v_tc_0_0_clocks.xdc]. These constraints will be ignored for synthesis but will be used in implementation. Impacted constraints are listed in the file [.Xil/design_1_v_tc_0_0_propImpl.xdc].
Resolution: To avoid this warning, move constraints listed in [.Xil/design_1_v_tc_0_0_propImpl.xdc] to another XDC file and exclude this new file from synthesis with the used_in_synthesis property (File Properties dialog in GUI) and re-run elaboration/synthesis.
INFO: [Project 1-236] Implementation specific constraints were found while reading constraint file [/tools/Xilinx/Vivado/2022.2/data/ip/xpm/xpm_cdc/tcl/xpm_cdc_single.tcl]. These constraints will be ignored for synthesis but will be used in implementation. Impacted constraints are listed in the file [.Xil/design_1_v_tc_0_0_propImpl.xdc].
Resolution: To avoid this warning, move constraints listed in [.Xil/design_1_v_tc_0_0_propImpl.xdc] to another XDC file and exclude this new file from synthesis with the used_in_synthesis property (File Properties dialog in GUI) and re-run elaboration/synthesis.
INFO: [Project 1-1714] 1 XPM XDC files have been applied to the design.
Completed Processing XDC Constraints

Netlist sorting complete. Time (s): cpu = 00:00:00 ; elapsed = 00:00:00 . Memory (MB): peak = 3512.453 ; gain = 0.000 ; free physical = 4424 ; free virtual = 11747
INFO: [Project 1-111] Unisim Transformation Summary:
No Unisim elements were transformed.

Constraint Validation Runtime : Time (s): cpu = 00:00:00.1 ; elapsed = 00:00:00.05 . Memory (MB): peak = 3512.453 ; gain = 0.000 ; free physical = 4408 ; free virtual = 11731
INFO: [Designutils 20-5008] Incremental synthesis strategy off
INFO: [Synth 8-11241] undeclared symbol 'REGCCE', assumed default net type 'wire' [/tools/Xilinx/Vivado/2022.2/data/verilog/src/unimacro/BRAM_SINGLE_MACRO.v:2170]
---------------------------------------------------------------------------------
Finished Constraint Validation : Time (s): cpu = 00:00:24 ; elapsed = 00:00:26 . Memory (MB): peak = 3512.453 ; gain = 533.211 ; free physical = 3408 ; free virtual = 10770
Synthesis current peak Physical Memory [PSS] (MB): peak = 2523.350; parent = 2403.010; children = 120.341
Synthesis current peak Virtual Memory [VSS] (MB): peak = 4442.309; parent = 3480.441; children = 961.867
---------------------------------------------------------------------------------
---------------------------------------------------------------------------------
Start Loading Part and Timing Information
---------------------------------------------------------------------------------
Loading part: xck26-sfvc784-2LV-c
INFO: [Synth 8-6742] Reading net delay rules and data
---------------------------------------------------------------------------------
Finished Loading Part and Timing Information : Time (s): cpu = 00:00:24 ; elapsed = 00:00:26 . Memory (MB): peak = 3512.453 ; gain = 533.211 ; free physical = 3361 ; free virtual = 10723
Synthesis current peak Physical Memory [PSS] (MB): peak = 2523.350; parent = 2403.010; children = 120.341
Synthesis current peak Virtual Memory [VSS] (MB): peak = 4442.309; parent = 3480.441; children = 961.867
---------------------------------------------------------------------------------
---------------------------------------------------------------------------------
Start Applying 'set_property' XDC Constraints
---------------------------------------------------------------------------------
Applied set_property KEEP_HIERARCHY = SOFT for U0. (constraint file  /home/lsriw/SR/KocurPawel/git_ycbcr/video_passthrough_kria_repo_1/video_passthrough_kria/video_passthrough_kria.runs/design_1_v_tc_0_0_synth_1/dont_touch.xdc, line 9).
Applied set_property KEEP_HIERARCHY = SOFT for U0/xpm_cdc_single_inst. (constraint file  auto generated constraint).
---------------------------------------------------------------------------------
Finished applying 'set_property' XDC Constraints : Time (s): cpu = 00:00:24 ; elapsed = 00:00:26 . Memory (MB): peak = 3512.453 ; gain = 533.211 ; free physical = 3357 ; free virtual = 10720
Synthesis current peak Physical Memory [PSS] (MB): peak = 2523.350; parent = 2403.010; children = 120.341
Synthesis current peak Virtual Memory [VSS] (MB): peak = 4442.309; parent = 3480.441; children = 961.867
---------------------------------------------------------------------------------
INFO: [Synth 8-802] inferred FSM for state register 'state_reg' in module 'slave_attachment'
---------------------------------------------------------------------------------------------------
                   State |                     New Encoding |                Previous Encoding 
---------------------------------------------------------------------------------------------------
                 iSTATE2 |                             0001 |                               00
                  iSTATE |                             0010 |                               01
                 iSTATE0 |                             0100 |                               10
                 iSTATE1 |                             1000 |                               11
---------------------------------------------------------------------------------------------------
INFO: [Synth 8-3354] encoded FSM with state register 'state_reg' using encoding 'one-hot' in module 'slave_attachment'
---------------------------------------------------------------------------------
Finished RTL Optimization Phase 2 : Time (s): cpu = 00:00:26 ; elapsed = 00:00:29 . Memory (MB): peak = 3512.453 ; gain = 533.211 ; free physical = 2621 ; free virtual = 10001
Synthesis current peak Physical Memory [PSS] (MB): peak = 2523.350; parent = 2403.010; children = 120.341
Synthesis current peak Virtual Memory [VSS] (MB): peak = 4442.309; parent = 3480.441; children = 961.867
---------------------------------------------------------------------------------
---------------------------------------------------------------------------------
Start RTL Component Statistics 
---------------------------------------------------------------------------------
Detailed RTL Component Info : 
+---Adders : 
	   2 Input   12 Bit       Adders := 6     
	   3 Input   12 Bit       Adders := 1     
	   2 Input   10 Bit       Adders := 1     
	   2 Input    1 Bit       Adders := 1     
+---XORs : 
	   2 Input      1 Bit         XORs := 7     
+---Registers : 
	               45 Bit    Registers := 4     
	               34 Bit    Registers := 3     
	               32 Bit    Registers := 103   
	               17 Bit    Registers := 1     
	               12 Bit    Registers := 21    
	               10 Bit    Registers := 1     
	                9 Bit    Registers := 1     
	                7 Bit    Registers := 6     
	                6 Bit    Registers := 4     
	                5 Bit    Registers := 1     
	                4 Bit    Registers := 2     
	                3 Bit    Registers := 1     
	                2 Bit    Registers := 6     
	                1 Bit    Registers := 62    
+---Muxes : 
	   2 Input   32 Bit        Muxes := 82    
	   4 Input   32 Bit        Muxes := 2     
	   4 Input   28 Bit        Muxes := 17    
	   2 Input   17 Bit        Muxes := 1     
	   2 Input   12 Bit        Muxes := 16    
	   3 Input   12 Bit        Muxes := 1     
	   4 Input   10 Bit        Muxes := 1     
	   2 Input    9 Bit        Muxes := 1     
	   2 Input    7 Bit        Muxes := 2     
	   2 Input    6 Bit        Muxes := 1     
	   4 Input    4 Bit        Muxes := 1     
	   2 Input    4 Bit        Muxes := 7     
	   2 Input    2 Bit        Muxes := 4     
	   3 Input    2 Bit        Muxes := 1     
	   4 Input    2 Bit        Muxes := 1     
	   2 Input    1 Bit        Muxes := 62    
	   4 Input    1 Bit        Muxes := 3     
	   5 Input    1 Bit        Muxes := 1     
---------------------------------------------------------------------------------
Finished RTL Component Statistics 
---------------------------------------------------------------------------------
---------------------------------------------------------------------------------
Start Part Resource Summary
---------------------------------------------------------------------------------
Part Resources:
DSPs: 1248 (col length:96)
BRAMs: 288 (col length: RAMB18 96 RAMB36 48)
---------------------------------------------------------------------------------
Finished Part Resource Summary
---------------------------------------------------------------------------------
---------------------------------------------------------------------------------
Start Cross Boundary and Area Optimization
---------------------------------------------------------------------------------
WARNING: [Synth 8-7080] Parallel synthesis criteria is not met
---------------------------------------------------------------------------------
Finished Cross Boundary and Area Optimization : Time (s): cpu = 00:00:34 ; elapsed = 00:00:37 . Memory (MB): peak = 3512.453 ; gain = 533.211 ; free physical = 495 ; free virtual = 7057
Synthesis current peak Physical Memory [PSS] (MB): peak = 2523.350; parent = 2403.010; children = 120.742
Synthesis current peak Virtual Memory [VSS] (MB): peak = 4442.309; parent = 3480.441; children = 961.867
---------------------------------------------------------------------------------
---------------------------------------------------------------------------------
Start Applying XDC Timing Constraints
---------------------------------------------------------------------------------
---------------------------------------------------------------------------------
Finished Applying XDC Timing Constraints : Time (s): cpu = 00:00:44 ; elapsed = 00:00:51 . Memory (MB): peak = 3864.141 ; gain = 884.898 ; free physical = 13657 ; free virtual = 19191
Synthesis current peak Physical Memory [PSS] (MB): peak = 2958.485; parent = 2834.366; children = 124.122
Synthesis current peak Virtual Memory [VSS] (MB): peak = 4826.012; parent = 3864.145; children = 961.867
---------------------------------------------------------------------------------
---------------------------------------------------------------------------------
Start Timing Optimization
---------------------------------------------------------------------------------
---------------------------------------------------------------------------------
Finished Timing Optimization : Time (s): cpu = 00:00:45 ; elapsed = 00:00:52 . Memory (MB): peak = 3874.141 ; gain = 894.898 ; free physical = 20104 ; free virtual = 25635
Synthesis current peak Physical Memory [PSS] (MB): peak = 2974.980; parent = 2848.766; children = 126.215
Synthesis current peak Virtual Memory [VSS] (MB): peak = 4836.012; parent = 3874.145; children = 961.867
---------------------------------------------------------------------------------
---------------------------------------------------------------------------------
Start Technology Mapping
---------------------------------------------------------------------------------
---------------------------------------------------------------------------------
Finished Technology Mapping : Time (s): cpu = 00:00:46 ; elapsed = 00:00:53 . Memory (MB): peak = 3902.188 ; gain = 922.945 ; free physical = 20199 ; free virtual = 25733
Synthesis current peak Physical Memory [PSS] (MB): peak = 2977.712; parent = 2850.828; children = 126.884
Synthesis current peak Virtual Memory [VSS] (MB): peak = 4864.059; parent = 3902.191; children = 961.867
---------------------------------------------------------------------------------
---------------------------------------------------------------------------------
Start IO Insertion
---------------------------------------------------------------------------------
---------------------------------------------------------------------------------
Start Flattening Before IO Insertion
---------------------------------------------------------------------------------
---------------------------------------------------------------------------------
Finished Flattening Before IO Insertion
---------------------------------------------------------------------------------
---------------------------------------------------------------------------------
Start Final Netlist Cleanup
---------------------------------------------------------------------------------
---------------------------------------------------------------------------------
Finished Final Netlist Cleanup
---------------------------------------------------------------------------------
---------------------------------------------------------------------------------
Finished IO Insertion : Time (s): cpu = 00:00:49 ; elapsed = 00:00:56 . Memory (MB): peak = 3902.188 ; gain = 922.945 ; free physical = 28018 ; free virtual = 33705
Synthesis current peak Physical Memory [PSS] (MB): peak = 2990.370; parent = 2861.247; children = 129.123
Synthesis current peak Virtual Memory [VSS] (MB): peak = 4864.059; parent = 3902.191; children = 961.867
---------------------------------------------------------------------------------
---------------------------------------------------------------------------------
Start Renaming Generated Instances
---------------------------------------------------------------------------------
---------------------------------------------------------------------------------
Finished Renaming Generated Instances : Time (s): cpu = 00:00:49 ; elapsed = 00:00:56 . Memory (MB): peak = 3902.188 ; gain = 922.945 ; free physical = 28057 ; free virtual = 33745
Synthesis current peak Physical Memory [PSS] (MB): peak = 2990.370; parent = 2861.247; children = 129.123
Synthesis current peak Virtual Memory [VSS] (MB): peak = 4864.059; parent = 3902.191; children = 961.867
---------------------------------------------------------------------------------
---------------------------------------------------------------------------------
Start Rebuilding User Hierarchy
---------------------------------------------------------------------------------
---------------------------------------------------------------------------------
Finished Rebuilding User Hierarchy : Time (s): cpu = 00:00:49 ; elapsed = 00:00:57 . Memory (MB): peak = 3902.188 ; gain = 922.945 ; free physical = 27985 ; free virtual = 33678
Synthesis current peak Physical Memory [PSS] (MB): peak = 2990.832; parent = 2861.715; children = 129.123
Synthesis current peak Virtual Memory [VSS] (MB): peak = 4864.059; parent = 3902.191; children = 961.867
---------------------------------------------------------------------------------
---------------------------------------------------------------------------------
Start Renaming Generated Ports
---------------------------------------------------------------------------------
---------------------------------------------------------------------------------
Finished Renaming Generated Ports : Time (s): cpu = 00:00:50 ; elapsed = 00:00:57 . Memory (MB): peak = 3902.188 ; gain = 922.945 ; free physical = 27938 ; free virtual = 33647
Synthesis current peak Physical Memory [PSS] (MB): peak = 2990.862; parent = 2861.745; children = 129.123
Synthesis current peak Virtual Memory [VSS] (MB): peak = 4864.059; parent = 3902.191; children = 961.867
---------------------------------------------------------------------------------
---------------------------------------------------------------------------------
Start Handling Custom Attributes
---------------------------------------------------------------------------------
---------------------------------------------------------------------------------
Finished Handling Custom Attributes : Time (s): cpu = 00:00:50 ; elapsed = 00:00:57 . Memory (MB): peak = 3902.188 ; gain = 922.945 ; free physical = 27920 ; free virtual = 33634
Synthesis current peak Physical Memory [PSS] (MB): peak = 2991.106; parent = 2861.990; children = 129.123
Synthesis current peak Virtual Memory [VSS] (MB): peak = 4864.059; parent = 3902.191; children = 961.867
---------------------------------------------------------------------------------
---------------------------------------------------------------------------------
Start Renaming Generated Nets
---------------------------------------------------------------------------------
---------------------------------------------------------------------------------
Finished Renaming Generated Nets : Time (s): cpu = 00:00:50 ; elapsed = 00:00:57 . Memory (MB): peak = 3902.188 ; gain = 922.945 ; free physical = 27908 ; free virtual = 33622
Synthesis current peak Physical Memory [PSS] (MB): peak = 2991.106; parent = 2861.990; children = 129.123
Synthesis current peak Virtual Memory [VSS] (MB): peak = 4864.059; parent = 3902.191; children = 961.867
---------------------------------------------------------------------------------
---------------------------------------------------------------------------------
Start ROM, RAM, DSP, Shift Register and Retiming Reporting
---------------------------------------------------------------------------------

Static Shift Register Report:
+------------+------------------------------------------------------------------+--------+-------+--------------+--------------------+-------------------+--------+---------+
|Module Name | RTL Name                                                         | Length | Width | Reset Signal | Pull out first Reg | Pull out last Reg | SRL16E | SRLC32E | 
+------------+------------------------------------------------------------------+--------+-------+--------------+--------------------+-------------------+--------+---------+
|video_ctrl  | AXI4_LITE_INTERFACE.GENR_MUX0/GEN_SEL_DELAY[5].sel_int_reg[5][0] | 5      | 1     | NO           | NO                 | YES               | 1      | 0       | 
|video_ctrl  | AXI4_LITE_INTERFACE.CORE_MUX0/GEN_SEL_DELAY[3].sel_int_reg[3][0] | 3      | 1     | NO           | NO                 | YES               | 1      | 0       | 
|video_ctrl  | AXI4_LITE_INTERFACE.GENR_MUX0/GEN_SEL_DELAY[4].sel_int_reg[4][0] | 4      | 1     | NO           | NO                 | YES               | 1      | 0       | 
|v_tc        | U_TC_TOP/detect_en_d_reg[3]                                      | 4      | 1     | YES          | NO                 | YES               | 1      | 0       | 
|v_tc        | U_TC_TOP/generate_en_d_reg[3]                                    | 4      | 1     | YES          | NO                 | YES               | 1      | 0       | 
+------------+------------------------------------------------------------------+--------+-------+--------------+--------------------+-------------------+--------+---------+

---------------------------------------------------------------------------------
Finished ROM, RAM, DSP, Shift Register and Retiming Reporting
---------------------------------------------------------------------------------
---------------------------------------------------------------------------------
Start Writing Synthesis Report
---------------------------------------------------------------------------------

Report BlackBoxes: 
+-+--------------+----------+
| |BlackBox name |Instances |
+-+--------------+----------+
+-+--------------+----------+

Report Cell Usage: 
+------+-------+------+
|      |Cell   |Count |
+------+-------+------+
|1     |CARRY8 |    14|
|2     |LUT1   |    33|
|3     |LUT2   |    85|
|4     |LUT3   |   582|
|5     |LUT4   |   167|
|6     |LUT5   |   138|
|7     |LUT6   |   386|
|8     |MUXF7  |   160|
|9     |SRL16E |     5|
|10    |FDRE   |  2984|
|11    |FDSE   |   259|
+------+-------+------+
---------------------------------------------------------------------------------
Finished Writing Synthesis Report : Time (s): cpu = 00:00:50 ; elapsed = 00:00:57 . Memory (MB): peak = 3902.188 ; gain = 922.945 ; free physical = 27757 ; free virtual = 33473
Synthesis current peak Physical Memory [PSS] (MB): peak = 2991.106; parent = 2861.990; children = 129.126
Synthesis current peak Virtual Memory [VSS] (MB): peak = 4864.059; parent = 3902.191; children = 961.867
---------------------------------------------------------------------------------
Synthesis finished with 0 errors, 0 critical warnings and 922 warnings.
Synthesis Optimization Runtime : Time (s): cpu = 00:00:42 ; elapsed = 00:00:49 . Memory (MB): peak = 3902.188 ; gain = 758.227 ; free physical = 27552 ; free virtual = 33269
Synthesis Optimization Complete : Time (s): cpu = 00:00:50 ; elapsed = 00:00:58 . Memory (MB): peak = 3902.195 ; gain = 922.945 ; free physical = 27502 ; free virtual = 33219
INFO: [Project 1-571] Translating synthesized netlist
Netlist sorting complete. Time (s): cpu = 00:00:00.04 ; elapsed = 00:00:00.04 . Memory (MB): peak = 3910.188 ; gain = 0.000 ; free physical = 27485 ; free virtual = 33208
INFO: [Netlist 29-17] Analyzing 174 Unisim elements for replacement
INFO: [Netlist 29-28] Unisim Transformation completed in 0 CPU seconds
INFO: [Project 1-570] Preparing netlist for logic optimization
INFO: [Opt 31-138] Pushed 0 inverter(s) to 0 load pin(s).
Netlist sorting complete. Time (s): cpu = 00:00:00 ; elapsed = 00:00:00 . Memory (MB): peak = 3958.012 ; gain = 0.000 ; free physical = 27898 ; free virtual = 33641
INFO: [Project 1-111] Unisim Transformation Summary:
No Unisim elements were transformed.

Synth Design complete, checksum: 2ffc90e7
INFO: [Common 17-83] Releasing license: Synthesis
44 Infos, 103 Warnings, 0 Critical Warnings and 0 Errors encountered.
synth_design completed successfully
synth_design: Time (s): cpu = 00:00:59 ; elapsed = 00:01:06 . Memory (MB): peak = 3958.012 ; gain = 1886.039 ; free physical = 28170 ; free virtual = 33914
INFO: [Common 17-1381] The checkpoint '/home/lsriw/SR/KocurPawel/git_ycbcr/video_passthrough_kria_repo_1/video_passthrough_kria/video_passthrough_kria.runs/design_1_v_tc_0_0_synth_1/design_1_v_tc_0_0.dcp' has been generated.
INFO: [Coretcl 2-1648] Added synthesis output to IP cache for IP design_1_v_tc_0_0, cache-ID = 05fc726f3a52aad3
INFO: [Coretcl 2-1174] Renamed 13 cell refs.
INFO: [Common 17-1381] The checkpoint '/home/lsriw/SR/KocurPawel/git_ycbcr/video_passthrough_kria_repo_1/video_passthrough_kria/video_passthrough_kria.runs/design_1_v_tc_0_0_synth_1/design_1_v_tc_0_0.dcp' has been generated.
INFO: [runtcl-4] Executing : report_utilization -file design_1_v_tc_0_0_utilization_synth.rpt -pb design_1_v_tc_0_0_utilization_synth.pb
INFO: [Common 17-206] Exiting Vivado at Thu May  8 10:10:27 2025...
