

================================================================
== Vitis HLS Report for 'AXIvideo2MultiBayer_Pipeline_loop_wait_for_eol'
================================================================
* Date:           Thu May  8 10:10:30 2025

* Version:        2022.2 (Build 3670227 on Oct 13 2022)
* Project:        prj
* Solution:       sol (Vivado IP Flow Target)
* Product family: zynquplus
* Target device:  xck26-sfvc784-2LV-c


================================================================
== Performance Estimates
================================================================
+ Timing: 
    * Summary: 
    +--------+---------+----------+------------+
    |  Clock |  Target | Estimated| Uncertainty|
    +--------+---------+----------+------------+
    |ap_clk  |  4.00 ns|  0.854 ns|     1.08 ns|
    +--------+---------+----------+------------+

+ Latency: 
    * Summary: 
    +---------+---------+----------+----------+-----+-----+---------+
    |  Latency (cycles) |  Latency (absolute) |  Interval | Pipeline|
    |   min   |   max   |    min   |    max   | min | max |   Type  |
    +---------+---------+----------+----------+-----+-----+---------+
    |        ?|        ?|         ?|         ?|    ?|    ?|       no|
    +---------+---------+----------+----------+-----+-----+---------+

    + Detail: 
        * Instance: 
        N/A

        * Loop: 
        +---------------------+---------+---------+----------+-----------+-----------+------+----------+
        |                     |  Latency (cycles) | Iteration|  Initiation Interval  | Trip |          |
        |      Loop Name      |   min   |   max   |  Latency |  achieved |   target  | Count| Pipelined|
        +---------------------+---------+---------+----------+-----------+-----------+------+----------+
        |- loop_wait_for_eol  |        ?|        ?|         1|          1|          1|     ?|       yes|
        +---------------------+---------+---------+----------+-----------+-----------+------+----------+

============================================================
+ Verbose Summary: Synthesis Manager
============================================================
InlineROM: 1
ExposeGlobal: 0
============================================================
+ Verbose Summary: CDFG Model
============================================================
IsTopModel: 0
ResetActiveHigh: 1
IsCombinational: 0
IsDatapathOnly: 0
HasWiredReturn: 1
HasMFsm: 2
HasVarLatency: 1
IsPipeline: 0
IsRtlPipelined: 0
IsInstanceOverlapped: 0
IsDontTouch: 0
HasImplIP: 0
IsGatedGlobalClock: 0

+ Individual pipeline summary: 
  * Pipeline-0: initiation interval (II) = 1, depth = 1


============================================================
+ Verbose Summary: Schedule
============================================================
* Number of FSM states : 1
* Pipeline : 1
  Pipeline-0 : II = 1, D = 1, States = { 1 }
* Dataflow Pipeline: 0

* FSM state transitions: 
1 --> 

* FSM state operations: 

State 1 <SV = 0> <Delay = 0.85>
ST_1 : Operation 4 [1/1] (0.00ns)   --->   "%specaxissidechannel_ln0 = specaxissidechannel void @_ssdm_op_SpecAXISSideChannel, i16 %s_axis_video_V_data_V, i2 %s_axis_video_V_keep_V, i2 %s_axis_video_V_strb_V, i1 %s_axis_video_V_user_V, i1 %s_axis_video_V_last_V, i1 %s_axis_video_V_id_V, i1 %s_axis_video_V_dest_V, void @empty_5"   --->   Operation 4 'specaxissidechannel' 'specaxissidechannel_ln0' <Predicate = true> <Delay = 0.00>
ST_1 : Operation 5 [1/1] (0.00ns)   --->   "%specinterface_ln0 = specinterface void @_ssdm_op_SpecInterface, i16 %s_axis_video_V_data_V, void @empty_23, i32 0, i32 0, void @empty_22, i32 0, i32 0, void @empty_1, void @empty_1, void @empty_1, i32 0, i32 0, i32 0, i32 0, void @empty_1, void @empty_1, i32 4294967295, i32 0"   --->   Operation 5 'specinterface' 'specinterface_ln0' <Predicate = true> <Delay = 0.00>
ST_1 : Operation 6 [1/1] (0.00ns)   --->   "%specinterface_ln0 = specinterface void @_ssdm_op_SpecInterface, i2 %s_axis_video_V_keep_V, void @empty_23, i32 0, i32 0, void @empty_22, i32 0, i32 0, void @empty_1, void @empty_1, void @empty_1, i32 0, i32 0, i32 0, i32 0, void @empty_1, void @empty_1, i32 4294967295, i32 0"   --->   Operation 6 'specinterface' 'specinterface_ln0' <Predicate = true> <Delay = 0.00>
ST_1 : Operation 7 [1/1] (0.00ns)   --->   "%specinterface_ln0 = specinterface void @_ssdm_op_SpecInterface, i2 %s_axis_video_V_strb_V, void @empty_23, i32 0, i32 0, void @empty_22, i32 0, i32 0, void @empty_1, void @empty_1, void @empty_1, i32 0, i32 0, i32 0, i32 0, void @empty_1, void @empty_1, i32 4294967295, i32 0"   --->   Operation 7 'specinterface' 'specinterface_ln0' <Predicate = true> <Delay = 0.00>
ST_1 : Operation 8 [1/1] (0.00ns)   --->   "%specinterface_ln0 = specinterface void @_ssdm_op_SpecInterface, i1 %s_axis_video_V_user_V, void @empty_23, i32 0, i32 0, void @empty_22, i32 0, i32 0, void @empty_1, void @empty_1, void @empty_1, i32 0, i32 0, i32 0, i32 0, void @empty_1, void @empty_1, i32 4294967295, i32 0"   --->   Operation 8 'specinterface' 'specinterface_ln0' <Predicate = true> <Delay = 0.00>
ST_1 : Operation 9 [1/1] (0.00ns)   --->   "%specinterface_ln0 = specinterface void @_ssdm_op_SpecInterface, i1 %s_axis_video_V_last_V, void @empty_23, i32 0, i32 0, void @empty_22, i32 0, i32 0, void @empty_1, void @empty_1, void @empty_1, i32 0, i32 0, i32 0, i32 0, void @empty_1, void @empty_1, i32 4294967295, i32 0"   --->   Operation 9 'specinterface' 'specinterface_ln0' <Predicate = true> <Delay = 0.00>
ST_1 : Operation 10 [1/1] (0.00ns)   --->   "%specinterface_ln0 = specinterface void @_ssdm_op_SpecInterface, i1 %s_axis_video_V_id_V, void @empty_23, i32 0, i32 0, void @empty_22, i32 0, i32 0, void @empty_1, void @empty_1, void @empty_1, i32 0, i32 0, i32 0, i32 0, void @empty_1, void @empty_1, i32 4294967295, i32 0"   --->   Operation 10 'specinterface' 'specinterface_ln0' <Predicate = true> <Delay = 0.00>
ST_1 : Operation 11 [1/1] (0.00ns)   --->   "%specinterface_ln0 = specinterface void @_ssdm_op_SpecInterface, i1 %s_axis_video_V_dest_V, void @empty_23, i32 0, i32 0, void @empty_22, i32 0, i32 0, void @empty_1, void @empty_1, void @empty_1, i32 0, i32 0, i32 0, i32 0, void @empty_1, void @empty_1, i32 4294967295, i32 0"   --->   Operation 11 'specinterface' 'specinterface_ln0' <Predicate = true> <Delay = 0.00>
ST_1 : Operation 12 [1/1] (0.00ns)   --->   "%eol_0_lcssa_read = read i1 @_ssdm_op_Read.ap_auto.i1, i1 %eol_0_lcssa"   --->   Operation 12 'read' 'eol_0_lcssa_read' <Predicate = true> <Delay = 0.00>
ST_1 : Operation 13 [1/1] (0.00ns)   --->   "%axi_last_2_lcssa_read = read i1 @_ssdm_op_Read.ap_auto.i1, i1 %axi_last_2_lcssa"   --->   Operation 13 'read' 'axi_last_2_lcssa_read' <Predicate = true> <Delay = 0.00>
ST_1 : Operation 14 [1/1] (0.00ns)   --->   "%axi_data_2_lcssa_read = read i10 @_ssdm_op_Read.ap_auto.i10, i10 %axi_data_2_lcssa"   --->   Operation 14 'read' 'axi_data_2_lcssa_read' <Predicate = true> <Delay = 0.00>
ST_1 : Operation 15 [1/1] (0.42ns)   --->   "%store_ln0 = store i10 %axi_data_2_lcssa_read, i10 %axi_data_V_4_out"   --->   Operation 15 'store' 'store_ln0' <Predicate = true> <Delay = 0.42>
ST_1 : Operation 16 [1/1] (0.42ns)   --->   "%br_ln0 = br void %while.cond27"   --->   Operation 16 'br' 'br_ln0' <Predicate = true> <Delay = 0.42>
ST_1 : Operation 17 [1/1] (0.00ns)   --->   "%axi_last_V_4 = phi i1 %axi_last_2_lcssa_read, void %newFuncRoot, i1 %tmp_last_V, void %while.body29"   --->   Operation 17 'phi' 'axi_last_V_4' <Predicate = true> <Delay = 0.00>
ST_1 : Operation 18 [1/1] (0.00ns)   --->   "%eol_1 = phi i1 %eol_0_lcssa_read, void %newFuncRoot, i1 %tmp_last_V, void %while.body29"   --->   Operation 18 'phi' 'eol_1' <Predicate = true> <Delay = 0.00>
ST_1 : Operation 19 [1/1] (0.00ns)   --->   "%br_ln143 = br i1 %eol_1, void %while.body29, void %for.inc35.exitStub" [/home/lsriw/SR/KocurPawel/git_ycbcr/video_passthrough_kria_repo_1/video_passthrough_kria/video_passthrough_kria.runs/design_1_v_demosaic_0_0_synth_1/prj/sol/.autopilot/db/v_demosaic.cpp:143]   --->   Operation 19 'br' 'br_ln143' <Predicate = true> <Delay = 0.00>
ST_1 : Operation 20 [1/1] (0.00ns)   --->   "%specpipeline_ln144 = specpipeline void @_ssdm_op_SpecPipeline, i32 1, i32 0, i32 0, i32 0, void @empty_1" [/home/lsriw/SR/KocurPawel/git_ycbcr/video_passthrough_kria_repo_1/video_passthrough_kria/video_passthrough_kria.runs/design_1_v_demosaic_0_0_synth_1/prj/sol/.autopilot/db/v_demosaic.cpp:144]   --->   Operation 20 'specpipeline' 'specpipeline_ln144' <Predicate = (!eol_1)> <Delay = 0.00>
ST_1 : Operation 21 [1/1] (0.00ns)   --->   "%specloopname_ln0 = specloopname void @_ssdm_op_SpecLoopName, void @empty_7"   --->   Operation 21 'specloopname' 'specloopname_ln0' <Predicate = (!eol_1)> <Delay = 0.00>
ST_1 : Operation 22 [1/1] (0.00ns)   --->   "%empty = read i24 @_ssdm_op_Read.axis.volatile.i16P0A.i2P0A.i2P0A.i1P0A.i1P0A.i1P0A.i1P0A, i16 %s_axis_video_V_data_V, i2 %s_axis_video_V_keep_V, i2 %s_axis_video_V_strb_V, i1 %s_axis_video_V_user_V, i1 %s_axis_video_V_last_V, i1 %s_axis_video_V_id_V, i1 %s_axis_video_V_dest_V"   --->   Operation 22 'read' 'empty' <Predicate = (!eol_1)> <Delay = 0.00> <CoreInst = "axis">   --->   Core 123 'axis' <Latency = 0> <II = 1> <Delay = 1.00> <Adapter> <Opcode : >
ST_1 : Operation 23 [1/1] (0.00ns)   --->   "%p_cast = extractvalue i24 %empty"   --->   Operation 23 'extractvalue' 'p_cast' <Predicate = (!eol_1)> <Delay = 0.00>
ST_1 : Operation 24 [1/1] (0.00ns)   --->   "%tmp_last_V = extractvalue i24 %empty"   --->   Operation 24 'extractvalue' 'tmp_last_V' <Predicate = (!eol_1)> <Delay = 0.00>
ST_1 : Operation 25 [1/1] (0.00ns)   --->   "%tmp_data_V = trunc i16 %p_cast"   --->   Operation 25 'trunc' 'tmp_data_V' <Predicate = (!eol_1)> <Delay = 0.00>
ST_1 : Operation 26 [1/1] (0.42ns)   --->   "%store_ln143 = store i10 %tmp_data_V, i10 %axi_data_V_4_out" [/home/lsriw/SR/KocurPawel/git_ycbcr/video_passthrough_kria_repo_1/video_passthrough_kria/video_passthrough_kria.runs/design_1_v_demosaic_0_0_synth_1/prj/sol/.autopilot/db/v_demosaic.cpp:143]   --->   Operation 26 'store' 'store_ln143' <Predicate = (!eol_1)> <Delay = 0.42>
ST_1 : Operation 27 [1/1] (0.00ns)   --->   "%br_ln143 = br void %while.cond27" [/home/lsriw/SR/KocurPawel/git_ycbcr/video_passthrough_kria_repo_1/video_passthrough_kria/video_passthrough_kria.runs/design_1_v_demosaic_0_0_synth_1/prj/sol/.autopilot/db/v_demosaic.cpp:143]   --->   Operation 27 'br' 'br_ln143' <Predicate = (!eol_1)> <Delay = 0.00>
ST_1 : Operation 28 [1/1] (0.00ns)   --->   "%write_ln237 = write void @_ssdm_op_Write.ap_auto.i1P0A, i1 %axi_last_V_4_out, i1 %axi_last_V_4"   --->   Operation 28 'write' 'write_ln237' <Predicate = (eol_1)> <Delay = 0.00>
ST_1 : Operation 29 [1/1] (0.00ns)   --->   "%ret_ln0 = ret"   --->   Operation 29 'ret' 'ret_ln0' <Predicate = (eol_1)> <Delay = 0.00>


============================================================
+ Verbose Summary: Timing violations
============================================================
Target clock period: 4ns, clock uncertainty: 1.08ns.

 <State 1>: 0.854ns
The critical path consists of the following:
	multiplexor before 'phi' operation ('tmp.last.V') with incoming values : ('axi_last_2_lcssa_read') ('tmp.last.V') [27]  (0.427 ns)
	'phi' operation ('tmp.last.V') with incoming values : ('axi_last_2_lcssa_read') ('tmp.last.V') [27]  (0 ns)
	blocking operation 0.427 ns on control path)


============================================================
+ Verbose Summary: Binding
============================================================
N/A
* FSMD analyzer results:
  - Output states:
 - Input state : 
  - Chain level:
	State 1


============================================================
+ Verbose Summary: Datapath Resource usage 
============================================================
N/A
