

================================================================
== Vitis HLS Report for 'DebayerRandBatG'
================================================================
* Date:           Thu May  8 10:10:35 2025

* Version:        2022.2 (Build 3670227 on Oct 13 2022)
* Project:        prj
* Solution:       sol (Vivado IP Flow Target)
* Product family: zynquplus
* Target device:  xck26-sfvc784-2LV-c


================================================================
== Performance Estimates
================================================================
+ Timing: 
    * Summary: 
    +--------+---------+----------+------------+
    |  Clock |  Target | Estimated| Uncertainty|
    +--------+---------+----------+------------+
    |ap_clk  |  4.00 ns|  2.881 ns|     1.08 ns|
    +--------+---------+----------+------------+

+ Latency: 
    * Summary: 
    +---------+---------+-----------+----------+-----+---------+---------+
    |  Latency (cycles) |  Latency (absolute)  |    Interval   | Pipeline|
    |   min   |   max   |    min    |    max   | min |   max   |   Type  |
    +---------+---------+-----------+----------+-----+---------+---------+
    |       11|  2086331|  44.000 ns|  8.345 ms|   11|  2086331|       no|
    +---------+---------+-----------+----------+-----+---------+---------+

    + Detail: 
        * Instance: 
        +------------------------------------------------------+-------------------------------------------+---------+---------+-----------+----------+-----+------+---------+
        |                                                      |                                           |  Latency (cycles) |  Latency (absolute)  |  Interval  | Pipeline|
        |                       Instance                       |                   Module                  |   min   |   max   |    min    |    max   | min |  max |   Type  |
        +------------------------------------------------------+-------------------------------------------+---------+---------+-----------+----------+-----+------+---------+
        |grp_DebayerRandBatG_Pipeline_VITIS_LOOP_836_2_fu_144  |DebayerRandBatG_Pipeline_VITIS_LOOP_836_2  |        7|     1927|  28.000 ns|  7.708 us|    7|  1927|       no|
        +------------------------------------------------------+-------------------------------------------+---------+---------+-----------+----------+-----+------+---------+

        * Loop: 
        +--------------------+---------+---------+-----------+-----------+-----------+----------+----------+
        |                    |  Latency (cycles) | Iteration |  Initiation Interval  |   Trip   |          |
        |      Loop Name     |   min   |   max   |  Latency  |  achieved |   target  |   Count  | Pipelined|
        +--------------------+---------+---------+-----------+-----------+-----------+----------+----------+
        |- VITIS_LOOP_833_1  |       10|  2086330|  10 ~ 1930|          -|          -|  1 ~ 1081|        no|
        +--------------------+---------+---------+-----------+-----------+-----------+----------+----------+

============================================================
+ Verbose Summary: Synthesis Manager
============================================================
InlineROM: 1
ExposeGlobal: 0
============================================================
+ Verbose Summary: CDFG Model
============================================================
IsTopModel: 0
ResetActiveHigh: 1
IsCombinational: 2
IsDatapathOnly: 0
HasWiredReturn: 1
HasMFsm: 0
HasVarLatency: 1
IsPipeline: 0
IsRtlPipelined: 0
IsInstanceOverlapped: 0
IsDontTouch: 0
HasImplIP: 0
IsGatedGlobalClock: 0


============================================================
+ Verbose Summary: Schedule
============================================================
* Number of FSM states : 4
* Pipeline : 0
* Dataflow Pipeline: 0

* FSM state transitions: 
1 --> 2 
2 --> 3 
3 --> 4 
4 --> 2 

* FSM state operations: 

State 1 <SV = 0> <Delay = 2.25>
ST_1 : Operation 5 [1/1] (0.00ns)   --->   "%y = alloca i32 1"   --->   Operation 5 'alloca' 'y' <Predicate = true> <Delay = 0.00>
ST_1 : Operation 6 [1/1] (0.00ns)   --->   "%p_0_0_0_0_01231_12329_lcssa2371_i = alloca i32 1"   --->   Operation 6 'alloca' 'p_0_0_0_0_01231_12329_lcssa2371_i' <Predicate = true> <Delay = 0.00>
ST_1 : Operation 7 [1/1] (0.00ns)   --->   "%p_0_1_0_0_01232_12332_lcssa2373_i = alloca i32 1"   --->   Operation 7 'alloca' 'p_0_1_0_0_01232_12332_lcssa2373_i' <Predicate = true> <Delay = 0.00>
ST_1 : Operation 8 [1/1] (0.00ns)   --->   "%p_0_2_0_0_01233_12335_lcssa2375_i = alloca i32 1"   --->   Operation 8 'alloca' 'p_0_2_0_0_01233_12335_lcssa2375_i' <Predicate = true> <Delay = 0.00>
ST_1 : Operation 9 [1/1] (0.00ns)   --->   "%p_lcssa24082442_i = alloca i32 1"   --->   Operation 9 'alloca' 'p_lcssa24082442_i' <Predicate = true> <Delay = 0.00>
ST_1 : Operation 10 [1/1] (0.00ns)   --->   "%p_lcssa24092444_i = alloca i32 1"   --->   Operation 10 'alloca' 'p_lcssa24092444_i' <Predicate = true> <Delay = 0.00>
ST_1 : Operation 11 [1/1] (0.00ns)   --->   "%p_lcssa24102446_i = alloca i32 1"   --->   Operation 11 'alloca' 'p_lcssa24102446_i' <Predicate = true> <Delay = 0.00>
ST_1 : Operation 12 [1/1] (0.00ns)   --->   "%p_0_0_0_0_011942411_lcssa2448_i = alloca i32 1"   --->   Operation 12 'alloca' 'p_0_0_0_0_011942411_lcssa2448_i' <Predicate = true> <Delay = 0.00>
ST_1 : Operation 13 [1/1] (0.00ns)   --->   "%p_0_1_0_0_011952413_lcssa2450_i = alloca i32 1"   --->   Operation 13 'alloca' 'p_0_1_0_0_011952413_lcssa2450_i' <Predicate = true> <Delay = 0.00>
ST_1 : Operation 14 [1/1] (0.00ns)   --->   "%p_0_2_0_0_011962415_lcssa2452_i = alloca i32 1"   --->   Operation 14 'alloca' 'p_0_2_0_0_011962415_lcssa2452_i' <Predicate = true> <Delay = 0.00>
ST_1 : Operation 15 [1/1] (0.00ns)   --->   "%p_0_0_01230_223982418_lcssa2454_i = alloca i32 1"   --->   Operation 15 'alloca' 'p_0_0_01230_223982418_lcssa2454_i' <Predicate = true> <Delay = 0.00>
ST_1 : Operation 16 [1/1] (0.00ns)   --->   "%p_0_0_01229_224002420_lcssa2456_i = alloca i32 1"   --->   Operation 16 'alloca' 'p_0_0_01229_224002420_lcssa2456_i' <Predicate = true> <Delay = 0.00>
ST_1 : Operation 17 [1/1] (0.00ns)   --->   "%p_0_0_01228_224022422_lcssa2458_i = alloca i32 1"   --->   Operation 17 'alloca' 'p_0_0_01228_224022422_lcssa2458_i' <Predicate = true> <Delay = 0.00>
ST_1 : Operation 18 [1/1] (1.46ns)   --->   "%width_read = read i11 @_ssdm_op_Read.ap_auto.i11, i11 %width"   --->   Operation 18 'read' 'width_read' <Predicate = true> <Delay = 1.46> <CoreInst = "FIFO_SRL">   --->   Core 81 'FIFO_SRL' <Latency = 0> <II = 1> <Delay = 1.83> <Storage> <Opcode : 'read' 'write' 'nbread' 'nbwrite'> <Ports = 0> <Width = -1> <Depth = -1> <FIFO>
ST_1 : Operation 19 [1/1] (1.46ns)   --->   "%height_read = read i11 @_ssdm_op_Read.ap_auto.i11, i11 %height"   --->   Operation 19 'read' 'height_read' <Predicate = true> <Delay = 1.46> <CoreInst = "FIFO_SRL">   --->   Core 81 'FIFO_SRL' <Latency = 0> <II = 1> <Delay = 1.83> <Storage> <Opcode : 'read' 'write' 'nbread' 'nbwrite'> <Ports = 0> <Width = -1> <Depth = -1> <FIFO>
ST_1 : Operation 20 [1/1] (1.23ns)   --->   "%lineBuffer_val_V = alloca i64 1" [/home/lsriw/SR/KocurPawel/git_ycbcr/video_passthrough_kria_repo_1/video_passthrough_kria/video_passthrough_kria.runs/design_1_v_demosaic_0_0_synth_1/prj/sol/.autopilot/db/v_demosaic.cpp:817->/home/lsriw/SR/KocurPawel/git_ycbcr/video_passthrough_kria_repo_1/video_passthrough_kria/video_passthrough_kria.runs/design_1_v_demosaic_0_0_synth_1/prj/sol/.autopilot/db/v_demosaic.cpp:1028]   --->   Operation 20 'alloca' 'lineBuffer_val_V' <Predicate = true> <Delay = 1.23>
ST_1 : Operation 21 [1/1] (1.23ns)   --->   "%lineBuffer_val_V_2 = alloca i64 1" [/home/lsriw/SR/KocurPawel/git_ycbcr/video_passthrough_kria_repo_1/video_passthrough_kria/video_passthrough_kria.runs/design_1_v_demosaic_0_0_synth_1/prj/sol/.autopilot/db/v_demosaic.cpp:817->/home/lsriw/SR/KocurPawel/git_ycbcr/video_passthrough_kria_repo_1/video_passthrough_kria/video_passthrough_kria.runs/design_1_v_demosaic_0_0_synth_1/prj/sol/.autopilot/db/v_demosaic.cpp:1028]   --->   Operation 21 'alloca' 'lineBuffer_val_V_2' <Predicate = true> <Delay = 1.23>
ST_1 : Operation 22 [1/1] (0.00ns)   --->   "%specinterface_ln0 = specinterface void @_ssdm_op_SpecInterface, i16 %bayerPhase_c, void @ap_fifo_str, i32 0, i32 0, void @p_str, i32 0, i32 0, void @p_str, void @p_str, void @p_str, i32 2, i32 2, i32 16, i32 16, void @p_str, void @ScalarProp_str, i32 4294967295, i32 0"   --->   Operation 22 'specinterface' 'specinterface_ln0' <Predicate = true> <Delay = 0.00>
ST_1 : Operation 23 [1/1] (1.46ns)   --->   "%bayerPhase_c_read = read i16 @_ssdm_op_Read.ap_fifo.i16P0A, i16 %bayerPhase_c"   --->   Operation 23 'read' 'bayerPhase_c_read' <Predicate = true> <Delay = 1.46> <CoreInst = "FIFO_SRL">   --->   Core 81 'FIFO_SRL' <Latency = 0> <II = 1> <Delay = 1.83> <Storage> <Opcode : 'read' 'write' 'nbread' 'nbwrite'> <Ports = 0> <Width = 16> <Depth = 2> <FIFO>
ST_1 : Operation 24 [1/1] (0.00ns)   --->   "%specinterface_ln0 = specinterface void @_ssdm_op_SpecInterface, i11 %width_read, void @ap_stable_str, i32 0, i32 0, void @p_str, i32 0, i32 0, void @p_str, void @p_str, void @p_str, i32 2, i32 2, i32 16, i32 16, void @p_str, void @p_str, i32 4294967295, i32 0"   --->   Operation 24 'specinterface' 'specinterface_ln0' <Predicate = true> <Delay = 0.00>
ST_1 : Operation 25 [1/1] (0.00ns)   --->   "%specinterface_ln0 = specinterface void @_ssdm_op_SpecInterface, i11 %height_read, void @ap_stable_str, i32 0, i32 0, void @p_str, i32 0, i32 0, void @p_str, void @p_str, void @p_str, i32 2, i32 2, i32 16, i32 16, void @p_str, void @p_str, i32 4294967295, i32 0"   --->   Operation 25 'specinterface' 'specinterface_ln0' <Predicate = true> <Delay = 0.00>
ST_1 : Operation 26 [1/1] (0.00ns)   --->   "%specinterface_ln0 = specinterface void @_ssdm_op_SpecInterface, i30 %imgRB, void @empty_21, i32 0, i32 0, void @empty_1, i32 0, i32 0, void @empty_1, void @empty_1, void @empty_1, i32 0, i32 0, i32 0, i32 0, void @empty_1, void @empty_1, i32 4294967295, i32 0"   --->   Operation 26 'specinterface' 'specinterface_ln0' <Predicate = true> <Delay = 0.00>
ST_1 : Operation 27 [1/1] (0.00ns)   --->   "%specinterface_ln0 = specinterface void @_ssdm_op_SpecInterface, i30 %imgRgb, void @empty_21, i32 0, i32 0, void @empty_1, i32 0, i32 0, void @empty_1, void @empty_1, void @empty_1, i32 0, i32 0, i32 0, i32 0, void @empty_1, void @empty_1, i32 4294967295, i32 0"   --->   Operation 27 'specinterface' 'specinterface_ln0' <Predicate = true> <Delay = 0.00>
ST_1 : Operation 28 [1/1] (0.79ns)   --->   "%loopHeight = add i11 %height_read, i11 1" [/home/lsriw/SR/KocurPawel/git_ycbcr/video_passthrough_kria_repo_1/video_passthrough_kria/video_passthrough_kria.runs/design_1_v_demosaic_0_0_synth_1/prj/sol/.autopilot/db/v_demosaic.cpp:809->/home/lsriw/SR/KocurPawel/git_ycbcr/video_passthrough_kria_repo_1/video_passthrough_kria/video_passthrough_kria.runs/design_1_v_demosaic_0_0_synth_1/prj/sol/.autopilot/db/v_demosaic.cpp:1028]   --->   Operation 28 'add' 'loopHeight' <Predicate = true> <Delay = 0.79> <CoreInst = "Adder">   --->   Core 1 'Adder' <Latency = 0> <II = 1> <Delay = 0.79> <FuncUnit> <Opcode : 'add' 'sub'> <InPorts = 2> <OutPorts = 1>
ST_1 : Operation 29 [1/1] (0.00ns)   --->   "%x_phase = trunc i16 %bayerPhase_c_read" [/home/lsriw/SR/KocurPawel/git_ycbcr/video_passthrough_kria_repo_1/video_passthrough_kria/video_passthrough_kria.runs/design_1_v_demosaic_0_0_synth_1/prj/sol/.autopilot/db/v_demosaic.cpp:825->/home/lsriw/SR/KocurPawel/git_ycbcr/video_passthrough_kria_repo_1/video_passthrough_kria/video_passthrough_kria.runs/design_1_v_demosaic_0_0_synth_1/prj/sol/.autopilot/db/v_demosaic.cpp:1028]   --->   Operation 29 'trunc' 'x_phase' <Predicate = true> <Delay = 0.00>
ST_1 : Operation 30 [1/1] (0.00ns)   --->   "%trunc_ln825_1_i = partselect i15 @_ssdm_op_PartSelect.i15.i16.i32.i32, i16 %bayerPhase_c_read, i32 1, i32 15" [/home/lsriw/SR/KocurPawel/git_ycbcr/video_passthrough_kria_repo_1/video_passthrough_kria/video_passthrough_kria.runs/design_1_v_demosaic_0_0_synth_1/prj/sol/.autopilot/db/v_demosaic.cpp:825->/home/lsriw/SR/KocurPawel/git_ycbcr/video_passthrough_kria_repo_1/video_passthrough_kria/video_passthrough_kria.runs/design_1_v_demosaic_0_0_synth_1/prj/sol/.autopilot/db/v_demosaic.cpp:1028]   --->   Operation 30 'partselect' 'trunc_ln825_1_i' <Predicate = true> <Delay = 0.00>
ST_1 : Operation 31 [1/1] (0.79ns)   --->   "%add_ln833 = add i11 %width_read, i11 1" [/home/lsriw/SR/KocurPawel/git_ycbcr/video_passthrough_kria_repo_1/video_passthrough_kria/video_passthrough_kria.runs/design_1_v_demosaic_0_0_synth_1/prj/sol/.autopilot/db/v_demosaic.cpp:833->/home/lsriw/SR/KocurPawel/git_ycbcr/video_passthrough_kria_repo_1/video_passthrough_kria/video_passthrough_kria.runs/design_1_v_demosaic_0_0_synth_1/prj/sol/.autopilot/db/v_demosaic.cpp:1028]   --->   Operation 31 'add' 'add_ln833' <Predicate = true> <Delay = 0.79> <CoreInst = "Adder">   --->   Core 1 'Adder' <Latency = 0> <II = 1> <Delay = 0.79> <FuncUnit> <Opcode : 'add' 'sub'> <InPorts = 2> <OutPorts = 1>
ST_1 : Operation 32 [1/1] (0.42ns)   --->   "%store_ln833 = store i11 0, i11 %y" [/home/lsriw/SR/KocurPawel/git_ycbcr/video_passthrough_kria_repo_1/video_passthrough_kria/video_passthrough_kria.runs/design_1_v_demosaic_0_0_synth_1/prj/sol/.autopilot/db/v_demosaic.cpp:833->/home/lsriw/SR/KocurPawel/git_ycbcr/video_passthrough_kria_repo_1/video_passthrough_kria/video_passthrough_kria.runs/design_1_v_demosaic_0_0_synth_1/prj/sol/.autopilot/db/v_demosaic.cpp:1028]   --->   Operation 32 'store' 'store_ln833' <Predicate = true> <Delay = 0.42>
ST_1 : Operation 33 [1/1] (0.00ns)   --->   "%br_ln833 = br void %VITIS_LOOP_836_2.i" [/home/lsriw/SR/KocurPawel/git_ycbcr/video_passthrough_kria_repo_1/video_passthrough_kria/video_passthrough_kria.runs/design_1_v_demosaic_0_0_synth_1/prj/sol/.autopilot/db/v_demosaic.cpp:833->/home/lsriw/SR/KocurPawel/git_ycbcr/video_passthrough_kria_repo_1/video_passthrough_kria/video_passthrough_kria.runs/design_1_v_demosaic_0_0_synth_1/prj/sol/.autopilot/db/v_demosaic.cpp:1028]   --->   Operation 33 'br' 'br_ln833' <Predicate = true> <Delay = 0.00>

State 2 <SV = 1> <Delay = 1.37>
ST_2 : Operation 34 [1/1] (0.00ns)   --->   "%y_5 = load i11 %y"   --->   Operation 34 'load' 'y_5' <Predicate = true> <Delay = 0.00>
ST_2 : Operation 35 [1/1] (0.00ns)   --->   "%zext_ln833 = zext i11 %y_5" [/home/lsriw/SR/KocurPawel/git_ycbcr/video_passthrough_kria_repo_1/video_passthrough_kria/video_passthrough_kria.runs/design_1_v_demosaic_0_0_synth_1/prj/sol/.autopilot/db/v_demosaic.cpp:833->/home/lsriw/SR/KocurPawel/git_ycbcr/video_passthrough_kria_repo_1/video_passthrough_kria/video_passthrough_kria.runs/design_1_v_demosaic_0_0_synth_1/prj/sol/.autopilot/db/v_demosaic.cpp:1028]   --->   Operation 35 'zext' 'zext_ln833' <Predicate = true> <Delay = 0.00>
ST_2 : Operation 36 [1/1] (0.94ns)   --->   "%icmp_ln833 = icmp_eq  i11 %y_5, i11 %loopHeight" [/home/lsriw/SR/KocurPawel/git_ycbcr/video_passthrough_kria_repo_1/video_passthrough_kria/video_passthrough_kria.runs/design_1_v_demosaic_0_0_synth_1/prj/sol/.autopilot/db/v_demosaic.cpp:833->/home/lsriw/SR/KocurPawel/git_ycbcr/video_passthrough_kria_repo_1/video_passthrough_kria/video_passthrough_kria.runs/design_1_v_demosaic_0_0_synth_1/prj/sol/.autopilot/db/v_demosaic.cpp:1028]   --->   Operation 36 'icmp' 'icmp_ln833' <Predicate = true> <Delay = 0.94> <CoreInst = "Cmp">   --->   Core 9 'Cmp' <Latency = 0> <II = 1> <Delay = 0.94> <FuncUnit> <Opcode : 'icmp'> <InPorts = 2> <OutPorts = 1>
ST_2 : Operation 37 [1/1] (0.00ns)   --->   "%empty = speclooptripcount i32 @_ssdm_op_SpecLoopTripCount, i64 1, i64 1081, i64 0"   --->   Operation 37 'speclooptripcount' 'empty' <Predicate = true> <Delay = 0.00>
ST_2 : Operation 38 [1/1] (0.79ns)   --->   "%y_6 = add i11 %y_5, i11 1" [/home/lsriw/SR/KocurPawel/git_ycbcr/video_passthrough_kria_repo_1/video_passthrough_kria/video_passthrough_kria.runs/design_1_v_demosaic_0_0_synth_1/prj/sol/.autopilot/db/v_demosaic.cpp:833->/home/lsriw/SR/KocurPawel/git_ycbcr/video_passthrough_kria_repo_1/video_passthrough_kria/video_passthrough_kria.runs/design_1_v_demosaic_0_0_synth_1/prj/sol/.autopilot/db/v_demosaic.cpp:1028]   --->   Operation 38 'add' 'y_6' <Predicate = true> <Delay = 0.79> <CoreInst = "Adder">   --->   Core 1 'Adder' <Latency = 0> <II = 1> <Delay = 0.79> <FuncUnit> <Opcode : 'add' 'sub'> <InPorts = 2> <OutPorts = 1>
ST_2 : Operation 39 [1/1] (0.00ns)   --->   "%br_ln833 = br i1 %icmp_ln833, void %VITIS_LOOP_836_2.split.i, void %DebayerRandBatG.exit" [/home/lsriw/SR/KocurPawel/git_ycbcr/video_passthrough_kria_repo_1/video_passthrough_kria/video_passthrough_kria.runs/design_1_v_demosaic_0_0_synth_1/prj/sol/.autopilot/db/v_demosaic.cpp:833->/home/lsriw/SR/KocurPawel/git_ycbcr/video_passthrough_kria_repo_1/video_passthrough_kria/video_passthrough_kria.runs/design_1_v_demosaic_0_0_synth_1/prj/sol/.autopilot/db/v_demosaic.cpp:1028]   --->   Operation 39 'br' 'br_ln833' <Predicate = true> <Delay = 0.00>
ST_2 : Operation 40 [1/1] (0.00ns)   --->   "%p_0_0_0_0_01231_12329_lcssa2371_i_load = load i10 %p_0_0_0_0_01231_12329_lcssa2371_i"   --->   Operation 40 'load' 'p_0_0_0_0_01231_12329_lcssa2371_i_load' <Predicate = (!icmp_ln833)> <Delay = 0.00>
ST_2 : Operation 41 [1/1] (0.00ns)   --->   "%p_0_1_0_0_01232_12332_lcssa2373_i_load = load i10 %p_0_1_0_0_01232_12332_lcssa2373_i"   --->   Operation 41 'load' 'p_0_1_0_0_01232_12332_lcssa2373_i_load' <Predicate = (!icmp_ln833)> <Delay = 0.00>
ST_2 : Operation 42 [1/1] (0.00ns)   --->   "%p_0_2_0_0_01233_12335_lcssa2375_i_load = load i10 %p_0_2_0_0_01233_12335_lcssa2375_i"   --->   Operation 42 'load' 'p_0_2_0_0_01233_12335_lcssa2375_i_load' <Predicate = (!icmp_ln833)> <Delay = 0.00>
ST_2 : Operation 43 [1/1] (0.00ns)   --->   "%p_lcssa24082442_i_load = load i10 %p_lcssa24082442_i"   --->   Operation 43 'load' 'p_lcssa24082442_i_load' <Predicate = (!icmp_ln833)> <Delay = 0.00>
ST_2 : Operation 44 [1/1] (0.00ns)   --->   "%p_lcssa24092444_i_load = load i10 %p_lcssa24092444_i"   --->   Operation 44 'load' 'p_lcssa24092444_i_load' <Predicate = (!icmp_ln833)> <Delay = 0.00>
ST_2 : Operation 45 [1/1] (0.00ns)   --->   "%p_lcssa24102446_i_load = load i10 %p_lcssa24102446_i"   --->   Operation 45 'load' 'p_lcssa24102446_i_load' <Predicate = (!icmp_ln833)> <Delay = 0.00>
ST_2 : Operation 46 [1/1] (0.00ns)   --->   "%p_0_0_0_0_011942411_lcssa2448_i_load = load i10 %p_0_0_0_0_011942411_lcssa2448_i"   --->   Operation 46 'load' 'p_0_0_0_0_011942411_lcssa2448_i_load' <Predicate = (!icmp_ln833)> <Delay = 0.00>
ST_2 : Operation 47 [1/1] (0.00ns)   --->   "%p_0_1_0_0_011952413_lcssa2450_i_load = load i10 %p_0_1_0_0_011952413_lcssa2450_i"   --->   Operation 47 'load' 'p_0_1_0_0_011952413_lcssa2450_i_load' <Predicate = (!icmp_ln833)> <Delay = 0.00>
ST_2 : Operation 48 [1/1] (0.00ns)   --->   "%p_0_2_0_0_011962415_lcssa2452_i_load = load i10 %p_0_2_0_0_011962415_lcssa2452_i"   --->   Operation 48 'load' 'p_0_2_0_0_011962415_lcssa2452_i_load' <Predicate = (!icmp_ln833)> <Delay = 0.00>
ST_2 : Operation 49 [1/1] (0.00ns)   --->   "%p_0_0_01230_223982418_lcssa2454_i_load = load i10 %p_0_0_01230_223982418_lcssa2454_i"   --->   Operation 49 'load' 'p_0_0_01230_223982418_lcssa2454_i_load' <Predicate = (!icmp_ln833)> <Delay = 0.00>
ST_2 : Operation 50 [1/1] (0.00ns)   --->   "%p_0_0_01229_224002420_lcssa2456_i_load = load i10 %p_0_0_01229_224002420_lcssa2456_i"   --->   Operation 50 'load' 'p_0_0_01229_224002420_lcssa2456_i_load' <Predicate = (!icmp_ln833)> <Delay = 0.00>
ST_2 : Operation 51 [1/1] (0.00ns)   --->   "%p_0_0_01228_224022422_lcssa2458_i_load = load i10 %p_0_0_01228_224022422_lcssa2458_i"   --->   Operation 51 'load' 'p_0_0_01228_224022422_lcssa2458_i_load' <Predicate = (!icmp_ln833)> <Delay = 0.00>
ST_2 : Operation 52 [1/1] (0.00ns) (grouped into LUT with out node xor_i)   --->   "%empty_130 = trunc i11 %y_5"   --->   Operation 52 'trunc' 'empty_130' <Predicate = (!icmp_ln833)> <Delay = 0.00>
ST_2 : Operation 53 [1/1] (0.00ns) (grouped into LUT with out node xor_i)   --->   "%out_y_cast_i = xor i1 %empty_130, i1 1"   --->   Operation 53 'xor' 'out_y_cast_i' <Predicate = (!icmp_ln833)> <Delay = 0.00> <CoreInst = "LogicGate">   --->   Core 74 'LogicGate' <Latency = 0> <II = 1> <Delay = 0.28> <FuncUnit> <Opcode : 'and' 'or' 'xor'> <InPorts = 2> <OutPorts = 1>
ST_2 : Operation 54 [1/1] (0.00ns) (grouped into LUT with out node xor_i)   --->   "%and305_cast_i = zext i1 %out_y_cast_i"   --->   Operation 54 'zext' 'and305_cast_i' <Predicate = (!icmp_ln833)> <Delay = 0.00>
ST_2 : Operation 55 [1/1] (0.28ns) (out node of the LUT)   --->   "%xor_i = xor i15 %trunc_ln825_1_i, i15 %and305_cast_i" [/home/lsriw/SR/KocurPawel/git_ycbcr/video_passthrough_kria_repo_1/video_passthrough_kria/video_passthrough_kria.runs/design_1_v_demosaic_0_0_synth_1/prj/sol/.autopilot/db/v_demosaic.cpp:825->/home/lsriw/SR/KocurPawel/git_ycbcr/video_passthrough_kria_repo_1/video_passthrough_kria/video_passthrough_kria.runs/design_1_v_demosaic_0_0_synth_1/prj/sol/.autopilot/db/v_demosaic.cpp:1028]   --->   Operation 55 'xor' 'xor_i' <Predicate = (!icmp_ln833)> <Delay = 0.28> <CoreInst = "LogicGate">   --->   Core 74 'LogicGate' <Latency = 0> <II = 1> <Delay = 0.26> <FuncUnit> <Opcode : 'and' 'or' 'xor'> <InPorts = 2> <OutPorts = 1>
ST_2 : Operation 56 [1/1] (0.94ns)   --->   "%cmp58_i = icmp_ult  i11 %y_5, i11 %height_read"   --->   Operation 56 'icmp' 'cmp58_i' <Predicate = (!icmp_ln833)> <Delay = 0.94> <CoreInst = "Cmp">   --->   Core 9 'Cmp' <Latency = 0> <II = 1> <Delay = 0.94> <FuncUnit> <Opcode : 'icmp'> <InPorts = 2> <OutPorts = 1>
ST_2 : Operation 57 [1/1] (0.94ns)   --->   "%cmp202_i = icmp_ne  i11 %y_5, i11 0"   --->   Operation 57 'icmp' 'cmp202_i' <Predicate = (!icmp_ln833)> <Delay = 0.94> <CoreInst = "Cmp">   --->   Core 9 'Cmp' <Latency = 0> <II = 1> <Delay = 0.94> <FuncUnit> <Opcode : 'icmp'> <InPorts = 2> <OutPorts = 1>
ST_2 : Operation 58 [1/1] (0.00ns)   --->   "%empty_131 = wait i32 @_ssdm_op_Wait"   --->   Operation 58 'wait' 'empty_131' <Predicate = (!icmp_ln833)> <Delay = 0.00>
ST_2 : Operation 59 [1/1] (0.42ns)   --->   "%store_ln833 = store i11 %y_6, i11 %y" [/home/lsriw/SR/KocurPawel/git_ycbcr/video_passthrough_kria_repo_1/video_passthrough_kria/video_passthrough_kria.runs/design_1_v_demosaic_0_0_synth_1/prj/sol/.autopilot/db/v_demosaic.cpp:833->/home/lsriw/SR/KocurPawel/git_ycbcr/video_passthrough_kria_repo_1/video_passthrough_kria/video_passthrough_kria.runs/design_1_v_demosaic_0_0_synth_1/prj/sol/.autopilot/db/v_demosaic.cpp:1028]   --->   Operation 59 'store' 'store_ln833' <Predicate = (!icmp_ln833)> <Delay = 0.42>
ST_2 : Operation 60 [1/1] (0.00ns)   --->   "%ret_ln1028 = ret" [/home/lsriw/SR/KocurPawel/git_ycbcr/video_passthrough_kria_repo_1/video_passthrough_kria/video_passthrough_kria.runs/design_1_v_demosaic_0_0_synth_1/prj/sol/.autopilot/db/v_demosaic.cpp:1028]   --->   Operation 60 'ret' 'ret_ln1028' <Predicate = (icmp_ln833)> <Delay = 0.00>

State 3 <SV = 2> <Delay = 2.16>
ST_3 : Operation 61 [1/1] (0.79ns)   --->   "%out_y_i = add i12 %zext_ln833, i12 4095" [/home/lsriw/SR/KocurPawel/git_ycbcr/video_passthrough_kria_repo_1/video_passthrough_kria/video_passthrough_kria.runs/design_1_v_demosaic_0_0_synth_1/prj/sol/.autopilot/db/v_demosaic.cpp:833->/home/lsriw/SR/KocurPawel/git_ycbcr/video_passthrough_kria_repo_1/video_passthrough_kria/video_passthrough_kria.runs/design_1_v_demosaic_0_0_synth_1/prj/sol/.autopilot/db/v_demosaic.cpp:1028]   --->   Operation 61 'add' 'out_y_i' <Predicate = true> <Delay = 0.79> <CoreInst = "Adder">   --->   Core 1 'Adder' <Latency = 0> <II = 1> <Delay = 0.79> <FuncUnit> <Opcode : 'add' 'sub'> <InPorts = 2> <OutPorts = 1>
ST_3 : Operation 62 [2/2] (1.37ns)   --->   "%call_ln833 = call void @DebayerRandBatG_Pipeline_VITIS_LOOP_836_2, i10 %p_0_0_01228_224022422_lcssa2458_i_load, i10 %p_0_0_01229_224002420_lcssa2456_i_load, i10 %p_0_0_01230_223982418_lcssa2454_i_load, i10 %p_0_2_0_0_011962415_lcssa2452_i_load, i10 %p_0_1_0_0_011952413_lcssa2450_i_load, i10 %p_0_0_0_0_011942411_lcssa2448_i_load, i10 %p_lcssa24102446_i_load, i10 %p_lcssa24092444_i_load, i10 %p_lcssa24082442_i_load, i10 %p_0_2_0_0_01233_12335_lcssa2375_i_load, i10 %p_0_1_0_0_01232_12332_lcssa2373_i_load, i10 %p_0_0_0_0_01231_12329_lcssa2371_i_load, i11 %add_ln833, i1 %x_phase, i15 %xor_i, i12 %out_y_i, i30 %lineBuffer_val_V_2, i30 %lineBuffer_val_V, i11 %width_read, i1 %cmp202_i, i1 %cmp58_i, i30 %imgRB, i30 %imgRgb, i10 %p_0_0_01228_224022422_lcssa2458_i, i10 %p_0_0_01229_224002420_lcssa2456_i, i10 %p_0_0_01230_223982418_lcssa2454_i, i10 %p_0_2_0_0_011962415_lcssa2452_i, i10 %p_0_1_0_0_011952413_lcssa2450_i, i10 %p_0_0_0_0_011942411_lcssa2448_i, i10 %p_lcssa24102446_i, i10 %p_lcssa24092444_i, i10 %p_lcssa24082442_i, i10 %p_0_2_0_0_01233_12335_lcssa2375_i, i10 %p_0_1_0_0_01232_12332_lcssa2373_i, i10 %p_0_0_0_0_01231_12329_lcssa2371_i" [/home/lsriw/SR/KocurPawel/git_ycbcr/video_passthrough_kria_repo_1/video_passthrough_kria/video_passthrough_kria.runs/design_1_v_demosaic_0_0_synth_1/prj/sol/.autopilot/db/v_demosaic.cpp:833->/home/lsriw/SR/KocurPawel/git_ycbcr/video_passthrough_kria_repo_1/video_passthrough_kria/video_passthrough_kria.runs/design_1_v_demosaic_0_0_synth_1/prj/sol/.autopilot/db/v_demosaic.cpp:1028]   --->   Operation 62 'call' 'call_ln833' <Predicate = true> <Delay = 1.37> <CoreType = "Generic">   --->   Core 0 '' <Latency = 0> <II = 1> <Delay = 1.00> <Generic> <Opcode : >

State 4 <SV = 3> <Delay = 0.00>
ST_4 : Operation 63 [1/1] (0.00ns)   --->   "%specloopname_ln806 = specloopname void @_ssdm_op_SpecLoopName, void @empty_10" [/home/lsriw/SR/KocurPawel/git_ycbcr/video_passthrough_kria_repo_1/video_passthrough_kria/video_passthrough_kria.runs/design_1_v_demosaic_0_0_synth_1/prj/sol/.autopilot/db/v_demosaic.cpp:806->/home/lsriw/SR/KocurPawel/git_ycbcr/video_passthrough_kria_repo_1/video_passthrough_kria/video_passthrough_kria.runs/design_1_v_demosaic_0_0_synth_1/prj/sol/.autopilot/db/v_demosaic.cpp:1028]   --->   Operation 63 'specloopname' 'specloopname_ln806' <Predicate = true> <Delay = 0.00>
ST_4 : Operation 64 [1/2] (0.00ns)   --->   "%call_ln833 = call void @DebayerRandBatG_Pipeline_VITIS_LOOP_836_2, i10 %p_0_0_01228_224022422_lcssa2458_i_load, i10 %p_0_0_01229_224002420_lcssa2456_i_load, i10 %p_0_0_01230_223982418_lcssa2454_i_load, i10 %p_0_2_0_0_011962415_lcssa2452_i_load, i10 %p_0_1_0_0_011952413_lcssa2450_i_load, i10 %p_0_0_0_0_011942411_lcssa2448_i_load, i10 %p_lcssa24102446_i_load, i10 %p_lcssa24092444_i_load, i10 %p_lcssa24082442_i_load, i10 %p_0_2_0_0_01233_12335_lcssa2375_i_load, i10 %p_0_1_0_0_01232_12332_lcssa2373_i_load, i10 %p_0_0_0_0_01231_12329_lcssa2371_i_load, i11 %add_ln833, i1 %x_phase, i15 %xor_i, i12 %out_y_i, i30 %lineBuffer_val_V_2, i30 %lineBuffer_val_V, i11 %width_read, i1 %cmp202_i, i1 %cmp58_i, i30 %imgRB, i30 %imgRgb, i10 %p_0_0_01228_224022422_lcssa2458_i, i10 %p_0_0_01229_224002420_lcssa2456_i, i10 %p_0_0_01230_223982418_lcssa2454_i, i10 %p_0_2_0_0_011962415_lcssa2452_i, i10 %p_0_1_0_0_011952413_lcssa2450_i, i10 %p_0_0_0_0_011942411_lcssa2448_i, i10 %p_lcssa24102446_i, i10 %p_lcssa24092444_i, i10 %p_lcssa24082442_i, i10 %p_0_2_0_0_01233_12335_lcssa2375_i, i10 %p_0_1_0_0_01232_12332_lcssa2373_i, i10 %p_0_0_0_0_01231_12329_lcssa2371_i" [/home/lsriw/SR/KocurPawel/git_ycbcr/video_passthrough_kria_repo_1/video_passthrough_kria/video_passthrough_kria.runs/design_1_v_demosaic_0_0_synth_1/prj/sol/.autopilot/db/v_demosaic.cpp:833->/home/lsriw/SR/KocurPawel/git_ycbcr/video_passthrough_kria_repo_1/video_passthrough_kria/video_passthrough_kria.runs/design_1_v_demosaic_0_0_synth_1/prj/sol/.autopilot/db/v_demosaic.cpp:1028]   --->   Operation 64 'call' 'call_ln833' <Predicate = true> <Delay = 0.00> <CoreType = "Generic">   --->   Core 0 '' <Latency = 0> <II = 1> <Delay = 1.00> <Generic> <Opcode : >
ST_4 : Operation 65 [1/1] (0.00ns)   --->   "%br_ln833 = br void %VITIS_LOOP_836_2.i" [/home/lsriw/SR/KocurPawel/git_ycbcr/video_passthrough_kria_repo_1/video_passthrough_kria/video_passthrough_kria.runs/design_1_v_demosaic_0_0_synth_1/prj/sol/.autopilot/db/v_demosaic.cpp:833->/home/lsriw/SR/KocurPawel/git_ycbcr/video_passthrough_kria_repo_1/video_passthrough_kria/video_passthrough_kria.runs/design_1_v_demosaic_0_0_synth_1/prj/sol/.autopilot/db/v_demosaic.cpp:1028]   --->   Operation 65 'br' 'br_ln833' <Predicate = true> <Delay = 0.00>


============================================================
+ Verbose Summary: Binding
============================================================
STG Binding: 
---------------- STG Properties BEGIN ----------------
- Is combinational: 0
- Is one-state seq: 0
- Is datapath-only: 0
- Is pipelined: 0
- Is top level: 0
Port [ Return ] is wired: 1; IO mode=ap_ctrl_hs:ce=0
Port [ imgRB]:  wired=1; compound=1; hidden=0; nouse=0; global=0; static=0; extern=0; dir=0; type=3; pingpong=0; private_global=0; IO mode=ap_fifo:ce=0
Port [ imgRgb]:  wired=1; compound=1; hidden=0; nouse=0; global=0; static=0; extern=0; dir=1; type=3; pingpong=0; private_global=0; IO mode=ap_fifo:ce=0
Port [ height]:  wired=1; compound=0; hidden=0; nouse=0; global=0; static=0; extern=0; dir=0; type=0; pingpong=0; private_global=0; IO mode=ap_stable:ce=0
Port [ width]:  wired=1; compound=0; hidden=0; nouse=0; global=0; static=0; extern=0; dir=0; type=0; pingpong=0; private_global=0; IO mode=ap_stable:ce=0
Port [ bayerPhase_c]:  wired=1; compound=1; hidden=0; nouse=0; global=0; static=0; extern=0; dir=0; type=3; pingpong=0; private_global=0; IO mode=ap_fifo:ce=0
---------------- STG Properties END ------------------

---------------- Datapath Model BEGIN ----------------

<LifeTime>
<method=bitvector/>
y                                      (alloca           ) [ 01111]
p_0_0_0_0_01231_12329_lcssa2371_i      (alloca           ) [ 00111]
p_0_1_0_0_01232_12332_lcssa2373_i      (alloca           ) [ 00111]
p_0_2_0_0_01233_12335_lcssa2375_i      (alloca           ) [ 00111]
p_lcssa24082442_i                      (alloca           ) [ 00111]
p_lcssa24092444_i                      (alloca           ) [ 00111]
p_lcssa24102446_i                      (alloca           ) [ 00111]
p_0_0_0_0_011942411_lcssa2448_i        (alloca           ) [ 00111]
p_0_1_0_0_011952413_lcssa2450_i        (alloca           ) [ 00111]
p_0_2_0_0_011962415_lcssa2452_i        (alloca           ) [ 00111]
p_0_0_01230_223982418_lcssa2454_i      (alloca           ) [ 00111]
p_0_0_01229_224002420_lcssa2456_i      (alloca           ) [ 00111]
p_0_0_01228_224022422_lcssa2458_i      (alloca           ) [ 00111]
width_read                             (read             ) [ 00111]
height_read                            (read             ) [ 00111]
lineBuffer_val_V                       (alloca           ) [ 00111]
lineBuffer_val_V_2                     (alloca           ) [ 00111]
specinterface_ln0                      (specinterface    ) [ 00000]
bayerPhase_c_read                      (read             ) [ 00000]
specinterface_ln0                      (specinterface    ) [ 00000]
specinterface_ln0                      (specinterface    ) [ 00000]
specinterface_ln0                      (specinterface    ) [ 00000]
specinterface_ln0                      (specinterface    ) [ 00000]
loopHeight                             (add              ) [ 00111]
x_phase                                (trunc            ) [ 00111]
trunc_ln825_1_i                        (partselect       ) [ 00111]
add_ln833                              (add              ) [ 00111]
store_ln833                            (store            ) [ 00000]
br_ln833                               (br               ) [ 00000]
y_5                                    (load             ) [ 00000]
zext_ln833                             (zext             ) [ 00010]
icmp_ln833                             (icmp             ) [ 00111]
empty                                  (speclooptripcount) [ 00000]
y_6                                    (add              ) [ 00000]
br_ln833                               (br               ) [ 00000]
p_0_0_0_0_01231_12329_lcssa2371_i_load (load             ) [ 00011]
p_0_1_0_0_01232_12332_lcssa2373_i_load (load             ) [ 00011]
p_0_2_0_0_01233_12335_lcssa2375_i_load (load             ) [ 00011]
p_lcssa24082442_i_load                 (load             ) [ 00011]
p_lcssa24092444_i_load                 (load             ) [ 00011]
p_lcssa24102446_i_load                 (load             ) [ 00011]
p_0_0_0_0_011942411_lcssa2448_i_load   (load             ) [ 00011]
p_0_1_0_0_011952413_lcssa2450_i_load   (load             ) [ 00011]
p_0_2_0_0_011962415_lcssa2452_i_load   (load             ) [ 00011]
p_0_0_01230_223982418_lcssa2454_i_load (load             ) [ 00011]
p_0_0_01229_224002420_lcssa2456_i_load (load             ) [ 00011]
p_0_0_01228_224022422_lcssa2458_i_load (load             ) [ 00011]
empty_130                              (trunc            ) [ 00000]
out_y_cast_i                           (xor              ) [ 00000]
and305_cast_i                          (zext             ) [ 00000]
xor_i                                  (xor              ) [ 00011]
cmp58_i                                (icmp             ) [ 00011]
cmp202_i                               (icmp             ) [ 00011]
empty_131                              (wait             ) [ 00000]
store_ln833                            (store            ) [ 00000]
ret_ln1028                             (ret              ) [ 00000]
out_y_i                                (add              ) [ 00001]
specloopname_ln806                     (specloopname     ) [ 00000]
call_ln833                             (call             ) [ 00000]
br_ln833                               (br               ) [ 00000]
</LifeTime>

<model>

<comp_list>
<comp id="0" class="1000" name="imgRB">
<pin_list>
<pin id="1" dir="1" index="0" bw="1" slack="0"/>
</pin_list>
<bind>
<StgValue><ssdm name="imgRB"/></StgValue>
</bind>
</comp>

<comp id="2" class="1000" name="imgRgb">
<pin_list>
<pin id="3" dir="1" index="0" bw="1" slack="0"/>
</pin_list>
<bind>
<StgValue><ssdm name="imgRgb"/></StgValue>
</bind>
</comp>

<comp id="4" class="1000" name="height">
<pin_list>
<pin id="5" dir="1" index="0" bw="1" slack="0"/>
</pin_list>
<bind>
<StgValue><ssdm name="height"/></StgValue>
</bind>
</comp>

<comp id="6" class="1000" name="width">
<pin_list>
<pin id="7" dir="1" index="0" bw="1" slack="0"/>
</pin_list>
<bind>
<StgValue><ssdm name="width"/></StgValue>
</bind>
</comp>

<comp id="8" class="1000" name="bayerPhase_c">
<pin_list>
<pin id="9" dir="1" index="0" bw="1" slack="0"/>
</pin_list>
<bind>
<StgValue><ssdm name="bayerPhase_c"/></StgValue>
</bind>
</comp>

<comp id="10" class="1001" name="const_10">
<pin_list>
<pin id="11" dir="1" index="0" bw="1" slack="0"/>
</pin_list>
<bind>
<StgValue><ssdm name=""/></StgValue>
</bind>
</comp>

<comp id="12" class="1001" name="const_12">
<pin_list>
<pin id="13" dir="1" index="0" bw="1" slack="0"/>
</pin_list>
<bind>
<StgValue><ssdm name="_ssdm_op_Read.ap_auto.i11"/></StgValue>
</bind>
</comp>

<comp id="14" class="1001" name="const_14">
<pin_list>
<pin id="15" dir="1" index="0" bw="1" slack="0"/>
</pin_list>
<bind>
<StgValue><ssdm name=""/></StgValue>
</bind>
</comp>

<comp id="16" class="1001" name="const_16">
<pin_list>
<pin id="17" dir="1" index="0" bw="1" slack="2147483647"/>
</pin_list>
<bind>
<StgValue><ssdm name="_ssdm_op_SpecInterface"/></StgValue>
</bind>
</comp>

<comp id="18" class="1001" name="const_18">
<pin_list>
<pin id="19" dir="1" index="0" bw="1" slack="2147483647"/>
</pin_list>
<bind>
<StgValue><ssdm name="ap_fifo_str"/></StgValue>
</bind>
</comp>

<comp id="20" class="1001" name="const_20">
<pin_list>
<pin id="21" dir="1" index="0" bw="1" slack="2147483647"/>
</pin_list>
<bind>
<StgValue><ssdm name=""/></StgValue>
</bind>
</comp>

<comp id="22" class="1001" name="const_22">
<pin_list>
<pin id="23" dir="1" index="0" bw="1" slack="2147483647"/>
</pin_list>
<bind>
<StgValue><ssdm name="p_str"/></StgValue>
</bind>
</comp>

<comp id="24" class="1001" name="const_24">
<pin_list>
<pin id="25" dir="1" index="0" bw="1" slack="2147483647"/>
</pin_list>
<bind>
<StgValue><ssdm name=""/></StgValue>
</bind>
</comp>

<comp id="26" class="1001" name="const_26">
<pin_list>
<pin id="27" dir="1" index="0" bw="1" slack="2147483647"/>
</pin_list>
<bind>
<StgValue><ssdm name=""/></StgValue>
</bind>
</comp>

<comp id="28" class="1001" name="const_28">
<pin_list>
<pin id="29" dir="1" index="0" bw="1" slack="2147483647"/>
</pin_list>
<bind>
<StgValue><ssdm name="ScalarProp_str"/></StgValue>
</bind>
</comp>

<comp id="30" class="1001" name="const_30">
<pin_list>
<pin id="31" dir="1" index="0" bw="1" slack="2147483647"/>
</pin_list>
<bind>
<StgValue><ssdm name=""/></StgValue>
</bind>
</comp>

<comp id="32" class="1001" name="const_32">
<pin_list>
<pin id="33" dir="1" index="0" bw="1" slack="0"/>
</pin_list>
<bind>
<StgValue><ssdm name="_ssdm_op_Read.ap_fifo.i16P0A"/></StgValue>
</bind>
</comp>

<comp id="34" class="1001" name="const_34">
<pin_list>
<pin id="35" dir="1" index="0" bw="1" slack="2147483647"/>
</pin_list>
<bind>
<StgValue><ssdm name="ap_stable_str"/></StgValue>
</bind>
</comp>

<comp id="36" class="1001" name="const_36">
<pin_list>
<pin id="37" dir="1" index="0" bw="1" slack="2147483647"/>
</pin_list>
<bind>
<StgValue><ssdm name="empty_21"/></StgValue>
</bind>
</comp>

<comp id="38" class="1001" name="const_38">
<pin_list>
<pin id="39" dir="1" index="0" bw="1" slack="2147483647"/>
</pin_list>
<bind>
<StgValue><ssdm name="empty_1"/></StgValue>
</bind>
</comp>

<comp id="40" class="1001" name="const_40">
<pin_list>
<pin id="41" dir="1" index="0" bw="1" slack="0"/>
</pin_list>
<bind>
<StgValue><ssdm name=""/></StgValue>
</bind>
</comp>

<comp id="42" class="1001" name="const_42">
<pin_list>
<pin id="43" dir="1" index="0" bw="1" slack="0"/>
</pin_list>
<bind>
<StgValue><ssdm name="_ssdm_op_PartSelect.i15.i16.i32.i32"/></StgValue>
</bind>
</comp>

<comp id="44" class="1001" name="const_44">
<pin_list>
<pin id="45" dir="1" index="0" bw="1" slack="0"/>
</pin_list>
<bind>
<StgValue><ssdm name=""/></StgValue>
</bind>
</comp>

<comp id="46" class="1001" name="const_46">
<pin_list>
<pin id="47" dir="1" index="0" bw="1" slack="0"/>
</pin_list>
<bind>
<StgValue><ssdm name=""/></StgValue>
</bind>
</comp>

<comp id="48" class="1001" name="const_48">
<pin_list>
<pin id="49" dir="1" index="0" bw="1" slack="2147483647"/>
</pin_list>
<bind>
<StgValue><ssdm name="_ssdm_op_SpecLoopTripCount"/></StgValue>
</bind>
</comp>

<comp id="50" class="1001" name="const_50">
<pin_list>
<pin id="51" dir="1" index="0" bw="1" slack="2147483647"/>
</pin_list>
<bind>
<StgValue><ssdm name=""/></StgValue>
</bind>
</comp>

<comp id="52" class="1001" name="const_52">
<pin_list>
<pin id="53" dir="1" index="0" bw="1" slack="2147483647"/>
</pin_list>
<bind>
<StgValue><ssdm name=""/></StgValue>
</bind>
</comp>

<comp id="54" class="1001" name="const_54">
<pin_list>
<pin id="55" dir="1" index="0" bw="1" slack="0"/>
</pin_list>
<bind>
<StgValue><ssdm name=""/></StgValue>
</bind>
</comp>

<comp id="56" class="1001" name="const_56">
<pin_list>
<pin id="57" dir="1" index="0" bw="1" slack="2147483647"/>
</pin_list>
<bind>
<StgValue><ssdm name="_ssdm_op_Wait"/></StgValue>
</bind>
</comp>

<comp id="58" class="1001" name="const_58">
<pin_list>
<pin id="59" dir="1" index="0" bw="1" slack="0"/>
</pin_list>
<bind>
<StgValue><ssdm name=""/></StgValue>
</bind>
</comp>

<comp id="60" class="1001" name="const_60">
<pin_list>
<pin id="61" dir="1" index="0" bw="1" slack="0"/>
</pin_list>
<bind>
<StgValue><ssdm name="DebayerRandBatG_Pipeline_VITIS_LOOP_836_2"/></StgValue>
</bind>
</comp>

<comp id="62" class="1001" name="const_62">
<pin_list>
<pin id="63" dir="1" index="0" bw="1" slack="2147483647"/>
</pin_list>
<bind>
<StgValue><ssdm name="_ssdm_op_SpecLoopName"/></StgValue>
</bind>
</comp>

<comp id="64" class="1001" name="const_64">
<pin_list>
<pin id="65" dir="1" index="0" bw="1" slack="2147483647"/>
</pin_list>
<bind>
<StgValue><ssdm name="empty_10"/></StgValue>
</bind>
</comp>

<comp id="66" class="1004" name="y_fu_66">
<pin_list>
<pin id="67" dir="0" index="0" bw="1" slack="0"/>
<pin id="68" dir="1" index="1" bw="11" slack="0"/>
</pin_list>
<bind>
<opcode="alloca(26) " fcode="alloca"/>
<opset="y/1 "/>
</bind>
</comp>

<comp id="70" class="1004" name="p_0_0_0_0_01231_12329_lcssa2371_i_fu_70">
<pin_list>
<pin id="71" dir="0" index="0" bw="1" slack="0"/>
<pin id="72" dir="1" index="1" bw="10" slack="1"/>
</pin_list>
<bind>
<opcode="alloca(26) " fcode="alloca"/>
<opset="p_0_0_0_0_01231_12329_lcssa2371_i/1 "/>
</bind>
</comp>

<comp id="74" class="1004" name="p_0_1_0_0_01232_12332_lcssa2373_i_fu_74">
<pin_list>
<pin id="75" dir="0" index="0" bw="1" slack="0"/>
<pin id="76" dir="1" index="1" bw="10" slack="1"/>
</pin_list>
<bind>
<opcode="alloca(26) " fcode="alloca"/>
<opset="p_0_1_0_0_01232_12332_lcssa2373_i/1 "/>
</bind>
</comp>

<comp id="78" class="1004" name="p_0_2_0_0_01233_12335_lcssa2375_i_fu_78">
<pin_list>
<pin id="79" dir="0" index="0" bw="1" slack="0"/>
<pin id="80" dir="1" index="1" bw="10" slack="1"/>
</pin_list>
<bind>
<opcode="alloca(26) " fcode="alloca"/>
<opset="p_0_2_0_0_01233_12335_lcssa2375_i/1 "/>
</bind>
</comp>

<comp id="82" class="1004" name="p_lcssa24082442_i_fu_82">
<pin_list>
<pin id="83" dir="0" index="0" bw="1" slack="0"/>
<pin id="84" dir="1" index="1" bw="10" slack="1"/>
</pin_list>
<bind>
<opcode="alloca(26) " fcode="alloca"/>
<opset="p_lcssa24082442_i/1 "/>
</bind>
</comp>

<comp id="86" class="1004" name="p_lcssa24092444_i_fu_86">
<pin_list>
<pin id="87" dir="0" index="0" bw="1" slack="0"/>
<pin id="88" dir="1" index="1" bw="10" slack="1"/>
</pin_list>
<bind>
<opcode="alloca(26) " fcode="alloca"/>
<opset="p_lcssa24092444_i/1 "/>
</bind>
</comp>

<comp id="90" class="1004" name="p_lcssa24102446_i_fu_90">
<pin_list>
<pin id="91" dir="0" index="0" bw="1" slack="0"/>
<pin id="92" dir="1" index="1" bw="10" slack="1"/>
</pin_list>
<bind>
<opcode="alloca(26) " fcode="alloca"/>
<opset="p_lcssa24102446_i/1 "/>
</bind>
</comp>

<comp id="94" class="1004" name="p_0_0_0_0_011942411_lcssa2448_i_fu_94">
<pin_list>
<pin id="95" dir="0" index="0" bw="1" slack="0"/>
<pin id="96" dir="1" index="1" bw="10" slack="1"/>
</pin_list>
<bind>
<opcode="alloca(26) " fcode="alloca"/>
<opset="p_0_0_0_0_011942411_lcssa2448_i/1 "/>
</bind>
</comp>

<comp id="98" class="1004" name="p_0_1_0_0_011952413_lcssa2450_i_fu_98">
<pin_list>
<pin id="99" dir="0" index="0" bw="1" slack="0"/>
<pin id="100" dir="1" index="1" bw="10" slack="1"/>
</pin_list>
<bind>
<opcode="alloca(26) " fcode="alloca"/>
<opset="p_0_1_0_0_011952413_lcssa2450_i/1 "/>
</bind>
</comp>

<comp id="102" class="1004" name="p_0_2_0_0_011962415_lcssa2452_i_fu_102">
<pin_list>
<pin id="103" dir="0" index="0" bw="1" slack="0"/>
<pin id="104" dir="1" index="1" bw="10" slack="1"/>
</pin_list>
<bind>
<opcode="alloca(26) " fcode="alloca"/>
<opset="p_0_2_0_0_011962415_lcssa2452_i/1 "/>
</bind>
</comp>

<comp id="106" class="1004" name="p_0_0_01230_223982418_lcssa2454_i_fu_106">
<pin_list>
<pin id="107" dir="0" index="0" bw="1" slack="0"/>
<pin id="108" dir="1" index="1" bw="10" slack="1"/>
</pin_list>
<bind>
<opcode="alloca(26) " fcode="alloca"/>
<opset="p_0_0_01230_223982418_lcssa2454_i/1 "/>
</bind>
</comp>

<comp id="110" class="1004" name="p_0_0_01229_224002420_lcssa2456_i_fu_110">
<pin_list>
<pin id="111" dir="0" index="0" bw="1" slack="0"/>
<pin id="112" dir="1" index="1" bw="10" slack="1"/>
</pin_list>
<bind>
<opcode="alloca(26) " fcode="alloca"/>
<opset="p_0_0_01229_224002420_lcssa2456_i/1 "/>
</bind>
</comp>

<comp id="114" class="1004" name="p_0_0_01228_224022422_lcssa2458_i_fu_114">
<pin_list>
<pin id="115" dir="0" index="0" bw="1" slack="0"/>
<pin id="116" dir="1" index="1" bw="10" slack="1"/>
</pin_list>
<bind>
<opcode="alloca(26) " fcode="alloca"/>
<opset="p_0_0_01228_224022422_lcssa2458_i/1 "/>
</bind>
</comp>

<comp id="118" class="1004" name="lineBuffer_val_V_alloca_fu_118">
<pin_list>
<pin id="119" dir="0" index="0" bw="1" slack="0"/>
<pin id="120" dir="1" index="1" bw="30" slack="2147483647"/>
</pin_list>
<bind>
<opcode="alloca(26) " fcode="alloca"/>
<opset="lineBuffer_val_V/1 "/>
</bind>
</comp>

<comp id="122" class="1004" name="lineBuffer_val_V_2_alloca_fu_122">
<pin_list>
<pin id="123" dir="0" index="0" bw="1" slack="0"/>
<pin id="124" dir="1" index="1" bw="30" slack="2147483647"/>
</pin_list>
<bind>
<opcode="alloca(26) " fcode="alloca"/>
<opset="lineBuffer_val_V_2/1 "/>
</bind>
</comp>

<comp id="126" class="1004" name="width_read_read_fu_126">
<pin_list>
<pin id="127" dir="0" index="0" bw="11" slack="0"/>
<pin id="128" dir="0" index="1" bw="11" slack="0"/>
<pin id="129" dir="1" index="2" bw="11" slack="0"/>
</pin_list>
<bind>
<opcode="read(1150) " fcode="read"/>
<opset="width_read/1 "/>
</bind>
</comp>

<comp id="132" class="1004" name="height_read_read_fu_132">
<pin_list>
<pin id="133" dir="0" index="0" bw="11" slack="0"/>
<pin id="134" dir="0" index="1" bw="11" slack="0"/>
<pin id="135" dir="1" index="2" bw="11" slack="0"/>
</pin_list>
<bind>
<opcode="read(1150) " fcode="read"/>
<opset="height_read/1 "/>
</bind>
</comp>

<comp id="138" class="1004" name="bayerPhase_c_read_read_fu_138">
<pin_list>
<pin id="139" dir="0" index="0" bw="16" slack="0"/>
<pin id="140" dir="0" index="1" bw="16" slack="0"/>
<pin id="141" dir="1" index="2" bw="16" slack="0"/>
</pin_list>
<bind>
<opcode="read(1150) " fcode="read"/>
<opset="bayerPhase_c_read/1 "/>
</bind>
</comp>

<comp id="144" class="1004" name="grp_DebayerRandBatG_Pipeline_VITIS_LOOP_836_2_fu_144">
<pin_list>
<pin id="145" dir="0" index="0" bw="0" slack="0"/>
<pin id="146" dir="0" index="1" bw="10" slack="2"/>
<pin id="147" dir="0" index="2" bw="10" slack="2"/>
<pin id="148" dir="0" index="3" bw="10" slack="2"/>
<pin id="149" dir="0" index="4" bw="10" slack="2"/>
<pin id="150" dir="0" index="5" bw="10" slack="2"/>
<pin id="151" dir="0" index="6" bw="10" slack="2"/>
<pin id="152" dir="0" index="7" bw="10" slack="2"/>
<pin id="153" dir="0" index="8" bw="10" slack="2"/>
<pin id="154" dir="0" index="9" bw="10" slack="2"/>
<pin id="155" dir="0" index="10" bw="10" slack="2"/>
<pin id="156" dir="0" index="11" bw="10" slack="2"/>
<pin id="157" dir="0" index="12" bw="10" slack="2"/>
<pin id="158" dir="0" index="13" bw="11" slack="2"/>
<pin id="159" dir="0" index="14" bw="1" slack="2"/>
<pin id="160" dir="0" index="15" bw="15" slack="1"/>
<pin id="161" dir="0" index="16" bw="12" slack="0"/>
<pin id="162" dir="0" index="17" bw="30" slack="2147483647"/>
<pin id="163" dir="0" index="18" bw="30" slack="2147483647"/>
<pin id="164" dir="0" index="19" bw="11" slack="2"/>
<pin id="165" dir="0" index="20" bw="1" slack="1"/>
<pin id="166" dir="0" index="21" bw="1" slack="1"/>
<pin id="167" dir="0" index="22" bw="30" slack="0"/>
<pin id="168" dir="0" index="23" bw="30" slack="0"/>
<pin id="169" dir="0" index="24" bw="10" slack="2"/>
<pin id="170" dir="0" index="25" bw="10" slack="2"/>
<pin id="171" dir="0" index="26" bw="10" slack="2"/>
<pin id="172" dir="0" index="27" bw="10" slack="2"/>
<pin id="173" dir="0" index="28" bw="10" slack="2"/>
<pin id="174" dir="0" index="29" bw="10" slack="2"/>
<pin id="175" dir="0" index="30" bw="10" slack="2"/>
<pin id="176" dir="0" index="31" bw="10" slack="2"/>
<pin id="177" dir="0" index="32" bw="10" slack="2"/>
<pin id="178" dir="0" index="33" bw="10" slack="2"/>
<pin id="179" dir="0" index="34" bw="10" slack="2"/>
<pin id="180" dir="0" index="35" bw="10" slack="2"/>
<pin id="181" dir="1" index="36" bw="0" slack="2147483647"/>
</pin_list>
<bind>
<opcode="call(48) " fcode="call"/>
<opset="call_ln833/3 "/>
</bind>
</comp>

<comp id="185" class="1004" name="loopHeight_fu_185">
<pin_list>
<pin id="186" dir="0" index="0" bw="11" slack="0"/>
<pin id="187" dir="0" index="1" bw="1" slack="0"/>
<pin id="188" dir="1" index="2" bw="11" slack="1"/>
</pin_list>
<bind>
<opcode="add(8) " fcode="add"/>
<opset="loopHeight/1 "/>
</bind>
</comp>

<comp id="191" class="1004" name="x_phase_fu_191">
<pin_list>
<pin id="192" dir="0" index="0" bw="16" slack="0"/>
<pin id="193" dir="1" index="1" bw="1" slack="2"/>
</pin_list>
<bind>
<opcode="trunc(33) " fcode="trunc"/>
<opset="x_phase/1 "/>
</bind>
</comp>

<comp id="195" class="1004" name="trunc_ln825_1_i_fu_195">
<pin_list>
<pin id="196" dir="0" index="0" bw="15" slack="0"/>
<pin id="197" dir="0" index="1" bw="16" slack="0"/>
<pin id="198" dir="0" index="2" bw="1" slack="0"/>
<pin id="199" dir="0" index="3" bw="5" slack="0"/>
<pin id="200" dir="1" index="4" bw="15" slack="1"/>
</pin_list>
<bind>
<opcode="partselect(1002) " fcode="partselect"/>
<opset="trunc_ln825_1_i/1 "/>
</bind>
</comp>

<comp id="205" class="1004" name="add_ln833_fu_205">
<pin_list>
<pin id="206" dir="0" index="0" bw="11" slack="0"/>
<pin id="207" dir="0" index="1" bw="1" slack="0"/>
<pin id="208" dir="1" index="2" bw="11" slack="2"/>
</pin_list>
<bind>
<opcode="add(8) " fcode="add"/>
<opset="add_ln833/1 "/>
</bind>
</comp>

<comp id="211" class="1004" name="store_ln833_store_fu_211">
<pin_list>
<pin id="212" dir="0" index="0" bw="1" slack="0"/>
<pin id="213" dir="0" index="1" bw="11" slack="0"/>
<pin id="214" dir="1" index="2" bw="0" slack="2147483647"/>
</pin_list>
<bind>
<opcode="store(28) " fcode="store"/>
<opset="store_ln833/1 "/>
</bind>
</comp>

<comp id="216" class="1004" name="y_5_load_fu_216">
<pin_list>
<pin id="217" dir="0" index="0" bw="11" slack="1"/>
<pin id="218" dir="1" index="1" bw="11" slack="0"/>
</pin_list>
<bind>
<opcode="load(27) " fcode="load"/>
<opset="y_5/2 "/>
</bind>
</comp>

<comp id="219" class="1004" name="zext_ln833_fu_219">
<pin_list>
<pin id="220" dir="0" index="0" bw="11" slack="0"/>
<pin id="221" dir="1" index="1" bw="12" slack="1"/>
</pin_list>
<bind>
<opcode="zext(34) " fcode="zext"/>
<opset="zext_ln833/2 "/>
</bind>
</comp>

<comp id="223" class="1004" name="icmp_ln833_fu_223">
<pin_list>
<pin id="224" dir="0" index="0" bw="11" slack="0"/>
<pin id="225" dir="0" index="1" bw="11" slack="1"/>
<pin id="226" dir="1" index="2" bw="1" slack="2147483647"/>
</pin_list>
<bind>
<opcode="icmp(45) " fcode="icmp"/>
<opset="icmp_ln833/2 "/>
</bind>
</comp>

<comp id="228" class="1004" name="y_6_fu_228">
<pin_list>
<pin id="229" dir="0" index="0" bw="11" slack="0"/>
<pin id="230" dir="0" index="1" bw="1" slack="0"/>
<pin id="231" dir="1" index="2" bw="11" slack="0"/>
</pin_list>
<bind>
<opcode="add(8) " fcode="add"/>
<opset="y_6/2 "/>
</bind>
</comp>

<comp id="234" class="1004" name="p_0_0_0_0_01231_12329_lcssa2371_i_load_load_fu_234">
<pin_list>
<pin id="235" dir="0" index="0" bw="10" slack="1"/>
<pin id="236" dir="1" index="1" bw="10" slack="2"/>
</pin_list>
<bind>
<opcode="load(27) " fcode="load"/>
<opset="p_0_0_0_0_01231_12329_lcssa2371_i_load/2 "/>
</bind>
</comp>

<comp id="237" class="1004" name="p_0_1_0_0_01232_12332_lcssa2373_i_load_load_fu_237">
<pin_list>
<pin id="238" dir="0" index="0" bw="10" slack="1"/>
<pin id="239" dir="1" index="1" bw="10" slack="2"/>
</pin_list>
<bind>
<opcode="load(27) " fcode="load"/>
<opset="p_0_1_0_0_01232_12332_lcssa2373_i_load/2 "/>
</bind>
</comp>

<comp id="240" class="1004" name="p_0_2_0_0_01233_12335_lcssa2375_i_load_load_fu_240">
<pin_list>
<pin id="241" dir="0" index="0" bw="10" slack="1"/>
<pin id="242" dir="1" index="1" bw="10" slack="2"/>
</pin_list>
<bind>
<opcode="load(27) " fcode="load"/>
<opset="p_0_2_0_0_01233_12335_lcssa2375_i_load/2 "/>
</bind>
</comp>

<comp id="243" class="1004" name="p_lcssa24082442_i_load_load_fu_243">
<pin_list>
<pin id="244" dir="0" index="0" bw="10" slack="1"/>
<pin id="245" dir="1" index="1" bw="10" slack="2"/>
</pin_list>
<bind>
<opcode="load(27) " fcode="load"/>
<opset="p_lcssa24082442_i_load/2 "/>
</bind>
</comp>

<comp id="246" class="1004" name="p_lcssa24092444_i_load_load_fu_246">
<pin_list>
<pin id="247" dir="0" index="0" bw="10" slack="1"/>
<pin id="248" dir="1" index="1" bw="10" slack="2"/>
</pin_list>
<bind>
<opcode="load(27) " fcode="load"/>
<opset="p_lcssa24092444_i_load/2 "/>
</bind>
</comp>

<comp id="249" class="1004" name="p_lcssa24102446_i_load_load_fu_249">
<pin_list>
<pin id="250" dir="0" index="0" bw="10" slack="1"/>
<pin id="251" dir="1" index="1" bw="10" slack="2"/>
</pin_list>
<bind>
<opcode="load(27) " fcode="load"/>
<opset="p_lcssa24102446_i_load/2 "/>
</bind>
</comp>

<comp id="252" class="1004" name="p_0_0_0_0_011942411_lcssa2448_i_load_load_fu_252">
<pin_list>
<pin id="253" dir="0" index="0" bw="10" slack="1"/>
<pin id="254" dir="1" index="1" bw="10" slack="2"/>
</pin_list>
<bind>
<opcode="load(27) " fcode="load"/>
<opset="p_0_0_0_0_011942411_lcssa2448_i_load/2 "/>
</bind>
</comp>

<comp id="255" class="1004" name="p_0_1_0_0_011952413_lcssa2450_i_load_load_fu_255">
<pin_list>
<pin id="256" dir="0" index="0" bw="10" slack="1"/>
<pin id="257" dir="1" index="1" bw="10" slack="2"/>
</pin_list>
<bind>
<opcode="load(27) " fcode="load"/>
<opset="p_0_1_0_0_011952413_lcssa2450_i_load/2 "/>
</bind>
</comp>

<comp id="258" class="1004" name="p_0_2_0_0_011962415_lcssa2452_i_load_load_fu_258">
<pin_list>
<pin id="259" dir="0" index="0" bw="10" slack="1"/>
<pin id="260" dir="1" index="1" bw="10" slack="2"/>
</pin_list>
<bind>
<opcode="load(27) " fcode="load"/>
<opset="p_0_2_0_0_011962415_lcssa2452_i_load/2 "/>
</bind>
</comp>

<comp id="261" class="1004" name="p_0_0_01230_223982418_lcssa2454_i_load_load_fu_261">
<pin_list>
<pin id="262" dir="0" index="0" bw="10" slack="1"/>
<pin id="263" dir="1" index="1" bw="10" slack="2"/>
</pin_list>
<bind>
<opcode="load(27) " fcode="load"/>
<opset="p_0_0_01230_223982418_lcssa2454_i_load/2 "/>
</bind>
</comp>

<comp id="264" class="1004" name="p_0_0_01229_224002420_lcssa2456_i_load_load_fu_264">
<pin_list>
<pin id="265" dir="0" index="0" bw="10" slack="1"/>
<pin id="266" dir="1" index="1" bw="10" slack="2"/>
</pin_list>
<bind>
<opcode="load(27) " fcode="load"/>
<opset="p_0_0_01229_224002420_lcssa2456_i_load/2 "/>
</bind>
</comp>

<comp id="267" class="1004" name="p_0_0_01228_224022422_lcssa2458_i_load_load_fu_267">
<pin_list>
<pin id="268" dir="0" index="0" bw="10" slack="1"/>
<pin id="269" dir="1" index="1" bw="10" slack="2"/>
</pin_list>
<bind>
<opcode="load(27) " fcode="load"/>
<opset="p_0_0_01228_224022422_lcssa2458_i_load/2 "/>
</bind>
</comp>

<comp id="270" class="1004" name="empty_130_fu_270">
<pin_list>
<pin id="271" dir="0" index="0" bw="11" slack="0"/>
<pin id="272" dir="1" index="1" bw="1" slack="0"/>
</pin_list>
<bind>
<opcode="trunc(33) " fcode="trunc"/>
<opset="empty_130/2 "/>
</bind>
</comp>

<comp id="274" class="1004" name="out_y_cast_i_fu_274">
<pin_list>
<pin id="275" dir="0" index="0" bw="1" slack="0"/>
<pin id="276" dir="0" index="1" bw="1" slack="0"/>
<pin id="277" dir="1" index="2" bw="1" slack="0"/>
</pin_list>
<bind>
<opcode="xor(25) " fcode="xor"/>
<opset="out_y_cast_i/2 "/>
</bind>
</comp>

<comp id="280" class="1004" name="and305_cast_i_fu_280">
<pin_list>
<pin id="281" dir="0" index="0" bw="1" slack="0"/>
<pin id="282" dir="1" index="1" bw="15" slack="0"/>
</pin_list>
<bind>
<opcode="zext(34) " fcode="zext"/>
<opset="and305_cast_i/2 "/>
</bind>
</comp>

<comp id="284" class="1004" name="xor_i_fu_284">
<pin_list>
<pin id="285" dir="0" index="0" bw="15" slack="1"/>
<pin id="286" dir="0" index="1" bw="1" slack="0"/>
<pin id="287" dir="1" index="2" bw="15" slack="1"/>
</pin_list>
<bind>
<opcode="xor(25) " fcode="xor"/>
<opset="xor_i/2 "/>
</bind>
</comp>

<comp id="289" class="1004" name="cmp58_i_fu_289">
<pin_list>
<pin id="290" dir="0" index="0" bw="11" slack="0"/>
<pin id="291" dir="0" index="1" bw="11" slack="1"/>
<pin id="292" dir="1" index="2" bw="1" slack="1"/>
</pin_list>
<bind>
<opcode="icmp(45) " fcode="icmp"/>
<opset="cmp58_i/2 "/>
</bind>
</comp>

<comp id="294" class="1004" name="cmp202_i_fu_294">
<pin_list>
<pin id="295" dir="0" index="0" bw="11" slack="0"/>
<pin id="296" dir="0" index="1" bw="1" slack="0"/>
<pin id="297" dir="1" index="2" bw="1" slack="1"/>
</pin_list>
<bind>
<opcode="icmp(45) " fcode="icmp"/>
<opset="cmp202_i/2 "/>
</bind>
</comp>

<comp id="300" class="1004" name="store_ln833_store_fu_300">
<pin_list>
<pin id="301" dir="0" index="0" bw="11" slack="0"/>
<pin id="302" dir="0" index="1" bw="11" slack="1"/>
<pin id="303" dir="1" index="2" bw="0" slack="2147483647"/>
</pin_list>
<bind>
<opcode="store(28) " fcode="store"/>
<opset="store_ln833/2 "/>
</bind>
</comp>

<comp id="305" class="1004" name="out_y_i_fu_305">
<pin_list>
<pin id="306" dir="0" index="0" bw="11" slack="1"/>
<pin id="307" dir="0" index="1" bw="1" slack="0"/>
<pin id="308" dir="1" index="2" bw="12" slack="0"/>
</pin_list>
<bind>
<opcode="add(8) " fcode="add"/>
<opset="out_y_i/3 "/>
</bind>
</comp>

<comp id="311" class="1005" name="y_reg_311">
<pin_list>
<pin id="312" dir="0" index="0" bw="11" slack="0"/>
<pin id="313" dir="1" index="1" bw="11" slack="0"/>
</pin_list>
<bind>
<opset="y "/>
</bind>
</comp>

<comp id="318" class="1005" name="p_0_0_0_0_01231_12329_lcssa2371_i_reg_318">
<pin_list>
<pin id="319" dir="0" index="0" bw="10" slack="1"/>
<pin id="320" dir="1" index="1" bw="10" slack="1"/>
</pin_list>
<bind>
<opset="p_0_0_0_0_01231_12329_lcssa2371_i "/>
</bind>
</comp>

<comp id="324" class="1005" name="p_0_1_0_0_01232_12332_lcssa2373_i_reg_324">
<pin_list>
<pin id="325" dir="0" index="0" bw="10" slack="1"/>
<pin id="326" dir="1" index="1" bw="10" slack="1"/>
</pin_list>
<bind>
<opset="p_0_1_0_0_01232_12332_lcssa2373_i "/>
</bind>
</comp>

<comp id="330" class="1005" name="p_0_2_0_0_01233_12335_lcssa2375_i_reg_330">
<pin_list>
<pin id="331" dir="0" index="0" bw="10" slack="1"/>
<pin id="332" dir="1" index="1" bw="10" slack="1"/>
</pin_list>
<bind>
<opset="p_0_2_0_0_01233_12335_lcssa2375_i "/>
</bind>
</comp>

<comp id="336" class="1005" name="p_lcssa24082442_i_reg_336">
<pin_list>
<pin id="337" dir="0" index="0" bw="10" slack="1"/>
<pin id="338" dir="1" index="1" bw="10" slack="1"/>
</pin_list>
<bind>
<opset="p_lcssa24082442_i "/>
</bind>
</comp>

<comp id="342" class="1005" name="p_lcssa24092444_i_reg_342">
<pin_list>
<pin id="343" dir="0" index="0" bw="10" slack="1"/>
<pin id="344" dir="1" index="1" bw="10" slack="1"/>
</pin_list>
<bind>
<opset="p_lcssa24092444_i "/>
</bind>
</comp>

<comp id="348" class="1005" name="p_lcssa24102446_i_reg_348">
<pin_list>
<pin id="349" dir="0" index="0" bw="10" slack="1"/>
<pin id="350" dir="1" index="1" bw="10" slack="1"/>
</pin_list>
<bind>
<opset="p_lcssa24102446_i "/>
</bind>
</comp>

<comp id="354" class="1005" name="p_0_0_0_0_011942411_lcssa2448_i_reg_354">
<pin_list>
<pin id="355" dir="0" index="0" bw="10" slack="1"/>
<pin id="356" dir="1" index="1" bw="10" slack="1"/>
</pin_list>
<bind>
<opset="p_0_0_0_0_011942411_lcssa2448_i "/>
</bind>
</comp>

<comp id="360" class="1005" name="p_0_1_0_0_011952413_lcssa2450_i_reg_360">
<pin_list>
<pin id="361" dir="0" index="0" bw="10" slack="1"/>
<pin id="362" dir="1" index="1" bw="10" slack="1"/>
</pin_list>
<bind>
<opset="p_0_1_0_0_011952413_lcssa2450_i "/>
</bind>
</comp>

<comp id="366" class="1005" name="p_0_2_0_0_011962415_lcssa2452_i_reg_366">
<pin_list>
<pin id="367" dir="0" index="0" bw="10" slack="1"/>
<pin id="368" dir="1" index="1" bw="10" slack="1"/>
</pin_list>
<bind>
<opset="p_0_2_0_0_011962415_lcssa2452_i "/>
</bind>
</comp>

<comp id="372" class="1005" name="p_0_0_01230_223982418_lcssa2454_i_reg_372">
<pin_list>
<pin id="373" dir="0" index="0" bw="10" slack="1"/>
<pin id="374" dir="1" index="1" bw="10" slack="1"/>
</pin_list>
<bind>
<opset="p_0_0_01230_223982418_lcssa2454_i "/>
</bind>
</comp>

<comp id="378" class="1005" name="p_0_0_01229_224002420_lcssa2456_i_reg_378">
<pin_list>
<pin id="379" dir="0" index="0" bw="10" slack="1"/>
<pin id="380" dir="1" index="1" bw="10" slack="1"/>
</pin_list>
<bind>
<opset="p_0_0_01229_224002420_lcssa2456_i "/>
</bind>
</comp>

<comp id="384" class="1005" name="p_0_0_01228_224022422_lcssa2458_i_reg_384">
<pin_list>
<pin id="385" dir="0" index="0" bw="10" slack="1"/>
<pin id="386" dir="1" index="1" bw="10" slack="1"/>
</pin_list>
<bind>
<opset="p_0_0_01228_224022422_lcssa2458_i "/>
</bind>
</comp>

<comp id="390" class="1005" name="width_read_reg_390">
<pin_list>
<pin id="391" dir="0" index="0" bw="11" slack="2"/>
<pin id="392" dir="1" index="1" bw="11" slack="2"/>
</pin_list>
<bind>
<opset="width_read "/>
</bind>
</comp>

<comp id="395" class="1005" name="height_read_reg_395">
<pin_list>
<pin id="396" dir="0" index="0" bw="11" slack="1"/>
<pin id="397" dir="1" index="1" bw="11" slack="1"/>
</pin_list>
<bind>
<opset="height_read "/>
</bind>
</comp>

<comp id="400" class="1005" name="loopHeight_reg_400">
<pin_list>
<pin id="401" dir="0" index="0" bw="11" slack="1"/>
<pin id="402" dir="1" index="1" bw="11" slack="1"/>
</pin_list>
<bind>
<opset="loopHeight "/>
</bind>
</comp>

<comp id="405" class="1005" name="x_phase_reg_405">
<pin_list>
<pin id="406" dir="0" index="0" bw="1" slack="2"/>
<pin id="407" dir="1" index="1" bw="1" slack="2"/>
</pin_list>
<bind>
<opset="x_phase "/>
</bind>
</comp>

<comp id="410" class="1005" name="trunc_ln825_1_i_reg_410">
<pin_list>
<pin id="411" dir="0" index="0" bw="15" slack="1"/>
<pin id="412" dir="1" index="1" bw="15" slack="1"/>
</pin_list>
<bind>
<opset="trunc_ln825_1_i "/>
</bind>
</comp>

<comp id="415" class="1005" name="add_ln833_reg_415">
<pin_list>
<pin id="416" dir="0" index="0" bw="11" slack="2"/>
<pin id="417" dir="1" index="1" bw="11" slack="2"/>
</pin_list>
<bind>
<opset="add_ln833 "/>
</bind>
</comp>

<comp id="420" class="1005" name="zext_ln833_reg_420">
<pin_list>
<pin id="421" dir="0" index="0" bw="12" slack="1"/>
<pin id="422" dir="1" index="1" bw="12" slack="1"/>
</pin_list>
<bind>
<opset="zext_ln833 "/>
</bind>
</comp>

<comp id="428" class="1005" name="p_0_0_0_0_01231_12329_lcssa2371_i_load_reg_428">
<pin_list>
<pin id="429" dir="0" index="0" bw="10" slack="2"/>
<pin id="430" dir="1" index="1" bw="10" slack="2"/>
</pin_list>
<bind>
<opset="p_0_0_0_0_01231_12329_lcssa2371_i_load "/>
</bind>
</comp>

<comp id="433" class="1005" name="p_0_1_0_0_01232_12332_lcssa2373_i_load_reg_433">
<pin_list>
<pin id="434" dir="0" index="0" bw="10" slack="2"/>
<pin id="435" dir="1" index="1" bw="10" slack="2"/>
</pin_list>
<bind>
<opset="p_0_1_0_0_01232_12332_lcssa2373_i_load "/>
</bind>
</comp>

<comp id="438" class="1005" name="p_0_2_0_0_01233_12335_lcssa2375_i_load_reg_438">
<pin_list>
<pin id="439" dir="0" index="0" bw="10" slack="2"/>
<pin id="440" dir="1" index="1" bw="10" slack="2"/>
</pin_list>
<bind>
<opset="p_0_2_0_0_01233_12335_lcssa2375_i_load "/>
</bind>
</comp>

<comp id="443" class="1005" name="p_lcssa24082442_i_load_reg_443">
<pin_list>
<pin id="444" dir="0" index="0" bw="10" slack="2"/>
<pin id="445" dir="1" index="1" bw="10" slack="2"/>
</pin_list>
<bind>
<opset="p_lcssa24082442_i_load "/>
</bind>
</comp>

<comp id="448" class="1005" name="p_lcssa24092444_i_load_reg_448">
<pin_list>
<pin id="449" dir="0" index="0" bw="10" slack="2"/>
<pin id="450" dir="1" index="1" bw="10" slack="2"/>
</pin_list>
<bind>
<opset="p_lcssa24092444_i_load "/>
</bind>
</comp>

<comp id="453" class="1005" name="p_lcssa24102446_i_load_reg_453">
<pin_list>
<pin id="454" dir="0" index="0" bw="10" slack="2"/>
<pin id="455" dir="1" index="1" bw="10" slack="2"/>
</pin_list>
<bind>
<opset="p_lcssa24102446_i_load "/>
</bind>
</comp>

<comp id="458" class="1005" name="p_0_0_0_0_011942411_lcssa2448_i_load_reg_458">
<pin_list>
<pin id="459" dir="0" index="0" bw="10" slack="2"/>
<pin id="460" dir="1" index="1" bw="10" slack="2"/>
</pin_list>
<bind>
<opset="p_0_0_0_0_011942411_lcssa2448_i_load "/>
</bind>
</comp>

<comp id="463" class="1005" name="p_0_1_0_0_011952413_lcssa2450_i_load_reg_463">
<pin_list>
<pin id="464" dir="0" index="0" bw="10" slack="2"/>
<pin id="465" dir="1" index="1" bw="10" slack="2"/>
</pin_list>
<bind>
<opset="p_0_1_0_0_011952413_lcssa2450_i_load "/>
</bind>
</comp>

<comp id="468" class="1005" name="p_0_2_0_0_011962415_lcssa2452_i_load_reg_468">
<pin_list>
<pin id="469" dir="0" index="0" bw="10" slack="2"/>
<pin id="470" dir="1" index="1" bw="10" slack="2"/>
</pin_list>
<bind>
<opset="p_0_2_0_0_011962415_lcssa2452_i_load "/>
</bind>
</comp>

<comp id="473" class="1005" name="p_0_0_01230_223982418_lcssa2454_i_load_reg_473">
<pin_list>
<pin id="474" dir="0" index="0" bw="10" slack="2"/>
<pin id="475" dir="1" index="1" bw="10" slack="2"/>
</pin_list>
<bind>
<opset="p_0_0_01230_223982418_lcssa2454_i_load "/>
</bind>
</comp>

<comp id="478" class="1005" name="p_0_0_01229_224002420_lcssa2456_i_load_reg_478">
<pin_list>
<pin id="479" dir="0" index="0" bw="10" slack="2"/>
<pin id="480" dir="1" index="1" bw="10" slack="2"/>
</pin_list>
<bind>
<opset="p_0_0_01229_224002420_lcssa2456_i_load "/>
</bind>
</comp>

<comp id="483" class="1005" name="p_0_0_01228_224022422_lcssa2458_i_load_reg_483">
<pin_list>
<pin id="484" dir="0" index="0" bw="10" slack="2"/>
<pin id="485" dir="1" index="1" bw="10" slack="2"/>
</pin_list>
<bind>
<opset="p_0_0_01228_224022422_lcssa2458_i_load "/>
</bind>
</comp>

<comp id="488" class="1005" name="xor_i_reg_488">
<pin_list>
<pin id="489" dir="0" index="0" bw="15" slack="1"/>
<pin id="490" dir="1" index="1" bw="15" slack="1"/>
</pin_list>
<bind>
<opset="xor_i "/>
</bind>
</comp>

<comp id="493" class="1005" name="cmp58_i_reg_493">
<pin_list>
<pin id="494" dir="0" index="0" bw="1" slack="1"/>
<pin id="495" dir="1" index="1" bw="1" slack="1"/>
</pin_list>
<bind>
<opset="cmp58_i "/>
</bind>
</comp>

<comp id="498" class="1005" name="cmp202_i_reg_498">
<pin_list>
<pin id="499" dir="0" index="0" bw="1" slack="1"/>
<pin id="500" dir="1" index="1" bw="1" slack="1"/>
</pin_list>
<bind>
<opset="cmp202_i "/>
</bind>
</comp>

<comp id="503" class="1005" name="out_y_i_reg_503">
<pin_list>
<pin id="504" dir="0" index="0" bw="12" slack="1"/>
<pin id="505" dir="1" index="1" bw="12" slack="1"/>
</pin_list>
<bind>
<opset="out_y_i "/>
</bind>
</comp>

</comp_list>

<net_list>
<net id="69"><net_src comp="10" pin="0"/><net_sink comp="66" pin=0"/></net>

<net id="73"><net_src comp="10" pin="0"/><net_sink comp="70" pin=0"/></net>

<net id="77"><net_src comp="10" pin="0"/><net_sink comp="74" pin=0"/></net>

<net id="81"><net_src comp="10" pin="0"/><net_sink comp="78" pin=0"/></net>

<net id="85"><net_src comp="10" pin="0"/><net_sink comp="82" pin=0"/></net>

<net id="89"><net_src comp="10" pin="0"/><net_sink comp="86" pin=0"/></net>

<net id="93"><net_src comp="10" pin="0"/><net_sink comp="90" pin=0"/></net>

<net id="97"><net_src comp="10" pin="0"/><net_sink comp="94" pin=0"/></net>

<net id="101"><net_src comp="10" pin="0"/><net_sink comp="98" pin=0"/></net>

<net id="105"><net_src comp="10" pin="0"/><net_sink comp="102" pin=0"/></net>

<net id="109"><net_src comp="10" pin="0"/><net_sink comp="106" pin=0"/></net>

<net id="113"><net_src comp="10" pin="0"/><net_sink comp="110" pin=0"/></net>

<net id="117"><net_src comp="10" pin="0"/><net_sink comp="114" pin=0"/></net>

<net id="121"><net_src comp="14" pin="0"/><net_sink comp="118" pin=0"/></net>

<net id="125"><net_src comp="14" pin="0"/><net_sink comp="122" pin=0"/></net>

<net id="130"><net_src comp="12" pin="0"/><net_sink comp="126" pin=0"/></net>

<net id="131"><net_src comp="6" pin="0"/><net_sink comp="126" pin=1"/></net>

<net id="136"><net_src comp="12" pin="0"/><net_sink comp="132" pin=0"/></net>

<net id="137"><net_src comp="4" pin="0"/><net_sink comp="132" pin=1"/></net>

<net id="142"><net_src comp="32" pin="0"/><net_sink comp="138" pin=0"/></net>

<net id="143"><net_src comp="8" pin="0"/><net_sink comp="138" pin=1"/></net>

<net id="182"><net_src comp="60" pin="0"/><net_sink comp="144" pin=0"/></net>

<net id="183"><net_src comp="0" pin="0"/><net_sink comp="144" pin=22"/></net>

<net id="184"><net_src comp="2" pin="0"/><net_sink comp="144" pin=23"/></net>

<net id="189"><net_src comp="132" pin="2"/><net_sink comp="185" pin=0"/></net>

<net id="190"><net_src comp="40" pin="0"/><net_sink comp="185" pin=1"/></net>

<net id="194"><net_src comp="138" pin="2"/><net_sink comp="191" pin=0"/></net>

<net id="201"><net_src comp="42" pin="0"/><net_sink comp="195" pin=0"/></net>

<net id="202"><net_src comp="138" pin="2"/><net_sink comp="195" pin=1"/></net>

<net id="203"><net_src comp="10" pin="0"/><net_sink comp="195" pin=2"/></net>

<net id="204"><net_src comp="44" pin="0"/><net_sink comp="195" pin=3"/></net>

<net id="209"><net_src comp="126" pin="2"/><net_sink comp="205" pin=0"/></net>

<net id="210"><net_src comp="40" pin="0"/><net_sink comp="205" pin=1"/></net>

<net id="215"><net_src comp="46" pin="0"/><net_sink comp="211" pin=0"/></net>

<net id="222"><net_src comp="216" pin="1"/><net_sink comp="219" pin=0"/></net>

<net id="227"><net_src comp="216" pin="1"/><net_sink comp="223" pin=0"/></net>

<net id="232"><net_src comp="216" pin="1"/><net_sink comp="228" pin=0"/></net>

<net id="233"><net_src comp="40" pin="0"/><net_sink comp="228" pin=1"/></net>

<net id="273"><net_src comp="216" pin="1"/><net_sink comp="270" pin=0"/></net>

<net id="278"><net_src comp="270" pin="1"/><net_sink comp="274" pin=0"/></net>

<net id="279"><net_src comp="54" pin="0"/><net_sink comp="274" pin=1"/></net>

<net id="283"><net_src comp="274" pin="2"/><net_sink comp="280" pin=0"/></net>

<net id="288"><net_src comp="280" pin="1"/><net_sink comp="284" pin=1"/></net>

<net id="293"><net_src comp="216" pin="1"/><net_sink comp="289" pin=0"/></net>

<net id="298"><net_src comp="216" pin="1"/><net_sink comp="294" pin=0"/></net>

<net id="299"><net_src comp="46" pin="0"/><net_sink comp="294" pin=1"/></net>

<net id="304"><net_src comp="228" pin="2"/><net_sink comp="300" pin=0"/></net>

<net id="309"><net_src comp="58" pin="0"/><net_sink comp="305" pin=1"/></net>

<net id="310"><net_src comp="305" pin="2"/><net_sink comp="144" pin=16"/></net>

<net id="314"><net_src comp="66" pin="1"/><net_sink comp="311" pin=0"/></net>

<net id="315"><net_src comp="311" pin="1"/><net_sink comp="211" pin=1"/></net>

<net id="316"><net_src comp="311" pin="1"/><net_sink comp="216" pin=0"/></net>

<net id="317"><net_src comp="311" pin="1"/><net_sink comp="300" pin=1"/></net>

<net id="321"><net_src comp="70" pin="1"/><net_sink comp="318" pin=0"/></net>

<net id="322"><net_src comp="318" pin="1"/><net_sink comp="234" pin=0"/></net>

<net id="323"><net_src comp="318" pin="1"/><net_sink comp="144" pin=35"/></net>

<net id="327"><net_src comp="74" pin="1"/><net_sink comp="324" pin=0"/></net>

<net id="328"><net_src comp="324" pin="1"/><net_sink comp="237" pin=0"/></net>

<net id="329"><net_src comp="324" pin="1"/><net_sink comp="144" pin=34"/></net>

<net id="333"><net_src comp="78" pin="1"/><net_sink comp="330" pin=0"/></net>

<net id="334"><net_src comp="330" pin="1"/><net_sink comp="240" pin=0"/></net>

<net id="335"><net_src comp="330" pin="1"/><net_sink comp="144" pin=33"/></net>

<net id="339"><net_src comp="82" pin="1"/><net_sink comp="336" pin=0"/></net>

<net id="340"><net_src comp="336" pin="1"/><net_sink comp="243" pin=0"/></net>

<net id="341"><net_src comp="336" pin="1"/><net_sink comp="144" pin=32"/></net>

<net id="345"><net_src comp="86" pin="1"/><net_sink comp="342" pin=0"/></net>

<net id="346"><net_src comp="342" pin="1"/><net_sink comp="246" pin=0"/></net>

<net id="347"><net_src comp="342" pin="1"/><net_sink comp="144" pin=31"/></net>

<net id="351"><net_src comp="90" pin="1"/><net_sink comp="348" pin=0"/></net>

<net id="352"><net_src comp="348" pin="1"/><net_sink comp="249" pin=0"/></net>

<net id="353"><net_src comp="348" pin="1"/><net_sink comp="144" pin=30"/></net>

<net id="357"><net_src comp="94" pin="1"/><net_sink comp="354" pin=0"/></net>

<net id="358"><net_src comp="354" pin="1"/><net_sink comp="252" pin=0"/></net>

<net id="359"><net_src comp="354" pin="1"/><net_sink comp="144" pin=29"/></net>

<net id="363"><net_src comp="98" pin="1"/><net_sink comp="360" pin=0"/></net>

<net id="364"><net_src comp="360" pin="1"/><net_sink comp="255" pin=0"/></net>

<net id="365"><net_src comp="360" pin="1"/><net_sink comp="144" pin=28"/></net>

<net id="369"><net_src comp="102" pin="1"/><net_sink comp="366" pin=0"/></net>

<net id="370"><net_src comp="366" pin="1"/><net_sink comp="258" pin=0"/></net>

<net id="371"><net_src comp="366" pin="1"/><net_sink comp="144" pin=27"/></net>

<net id="375"><net_src comp="106" pin="1"/><net_sink comp="372" pin=0"/></net>

<net id="376"><net_src comp="372" pin="1"/><net_sink comp="261" pin=0"/></net>

<net id="377"><net_src comp="372" pin="1"/><net_sink comp="144" pin=26"/></net>

<net id="381"><net_src comp="110" pin="1"/><net_sink comp="378" pin=0"/></net>

<net id="382"><net_src comp="378" pin="1"/><net_sink comp="264" pin=0"/></net>

<net id="383"><net_src comp="378" pin="1"/><net_sink comp="144" pin=25"/></net>

<net id="387"><net_src comp="114" pin="1"/><net_sink comp="384" pin=0"/></net>

<net id="388"><net_src comp="384" pin="1"/><net_sink comp="267" pin=0"/></net>

<net id="389"><net_src comp="384" pin="1"/><net_sink comp="144" pin=24"/></net>

<net id="393"><net_src comp="126" pin="2"/><net_sink comp="390" pin=0"/></net>

<net id="394"><net_src comp="390" pin="1"/><net_sink comp="144" pin=19"/></net>

<net id="398"><net_src comp="132" pin="2"/><net_sink comp="395" pin=0"/></net>

<net id="399"><net_src comp="395" pin="1"/><net_sink comp="289" pin=1"/></net>

<net id="403"><net_src comp="185" pin="2"/><net_sink comp="400" pin=0"/></net>

<net id="404"><net_src comp="400" pin="1"/><net_sink comp="223" pin=1"/></net>

<net id="408"><net_src comp="191" pin="1"/><net_sink comp="405" pin=0"/></net>

<net id="409"><net_src comp="405" pin="1"/><net_sink comp="144" pin=14"/></net>

<net id="413"><net_src comp="195" pin="4"/><net_sink comp="410" pin=0"/></net>

<net id="414"><net_src comp="410" pin="1"/><net_sink comp="284" pin=0"/></net>

<net id="418"><net_src comp="205" pin="2"/><net_sink comp="415" pin=0"/></net>

<net id="419"><net_src comp="415" pin="1"/><net_sink comp="144" pin=13"/></net>

<net id="423"><net_src comp="219" pin="1"/><net_sink comp="420" pin=0"/></net>

<net id="424"><net_src comp="420" pin="1"/><net_sink comp="305" pin=0"/></net>

<net id="431"><net_src comp="234" pin="1"/><net_sink comp="428" pin=0"/></net>

<net id="432"><net_src comp="428" pin="1"/><net_sink comp="144" pin=12"/></net>

<net id="436"><net_src comp="237" pin="1"/><net_sink comp="433" pin=0"/></net>

<net id="437"><net_src comp="433" pin="1"/><net_sink comp="144" pin=11"/></net>

<net id="441"><net_src comp="240" pin="1"/><net_sink comp="438" pin=0"/></net>

<net id="442"><net_src comp="438" pin="1"/><net_sink comp="144" pin=10"/></net>

<net id="446"><net_src comp="243" pin="1"/><net_sink comp="443" pin=0"/></net>

<net id="447"><net_src comp="443" pin="1"/><net_sink comp="144" pin=9"/></net>

<net id="451"><net_src comp="246" pin="1"/><net_sink comp="448" pin=0"/></net>

<net id="452"><net_src comp="448" pin="1"/><net_sink comp="144" pin=8"/></net>

<net id="456"><net_src comp="249" pin="1"/><net_sink comp="453" pin=0"/></net>

<net id="457"><net_src comp="453" pin="1"/><net_sink comp="144" pin=7"/></net>

<net id="461"><net_src comp="252" pin="1"/><net_sink comp="458" pin=0"/></net>

<net id="462"><net_src comp="458" pin="1"/><net_sink comp="144" pin=6"/></net>

<net id="466"><net_src comp="255" pin="1"/><net_sink comp="463" pin=0"/></net>

<net id="467"><net_src comp="463" pin="1"/><net_sink comp="144" pin=5"/></net>

<net id="471"><net_src comp="258" pin="1"/><net_sink comp="468" pin=0"/></net>

<net id="472"><net_src comp="468" pin="1"/><net_sink comp="144" pin=4"/></net>

<net id="476"><net_src comp="261" pin="1"/><net_sink comp="473" pin=0"/></net>

<net id="477"><net_src comp="473" pin="1"/><net_sink comp="144" pin=3"/></net>

<net id="481"><net_src comp="264" pin="1"/><net_sink comp="478" pin=0"/></net>

<net id="482"><net_src comp="478" pin="1"/><net_sink comp="144" pin=2"/></net>

<net id="486"><net_src comp="267" pin="1"/><net_sink comp="483" pin=0"/></net>

<net id="487"><net_src comp="483" pin="1"/><net_sink comp="144" pin=1"/></net>

<net id="491"><net_src comp="284" pin="2"/><net_sink comp="488" pin=0"/></net>

<net id="492"><net_src comp="488" pin="1"/><net_sink comp="144" pin=15"/></net>

<net id="496"><net_src comp="289" pin="2"/><net_sink comp="493" pin=0"/></net>

<net id="497"><net_src comp="493" pin="1"/><net_sink comp="144" pin=21"/></net>

<net id="501"><net_src comp="294" pin="2"/><net_sink comp="498" pin=0"/></net>

<net id="502"><net_src comp="498" pin="1"/><net_sink comp="144" pin=20"/></net>

<net id="506"><net_src comp="305" pin="2"/><net_sink comp="503" pin=0"/></net>

<net id="507"><net_src comp="503" pin="1"/><net_sink comp="144" pin=16"/></net>

</net_list>

</model> 
---------------- Datapath Model END ------------------

* FSMD analyzer results:
  - Output states:
	Port: imgRgb | {3 4 }
 - Input state : 
	Port: DebayerRandBatG : imgRB | {3 4 }
	Port: DebayerRandBatG : height | {1 }
	Port: DebayerRandBatG : width | {1 }
	Port: DebayerRandBatG : bayerPhase_c | {1 }
  - Chain level:
	State 1
		store_ln833 : 1
	State 2
		zext_ln833 : 1
		icmp_ln833 : 1
		y_6 : 1
		br_ln833 : 2
		empty_130 : 1
		out_y_cast_i : 2
		and305_cast_i : 2
		xor_i : 3
		cmp58_i : 1
		cmp202_i : 1
		store_ln833 : 2
	State 3
		call_ln833 : 1
	State 4


============================================================
+ Verbose Summary: Datapath Resource usage 
============================================================

* Functional unit list:
|----------|------------------------------------------------------|---------|---------|---------|
| Operation|                    Functional Unit                   |  Delay  |    FF   |   LUT   |
|----------|------------------------------------------------------|---------|---------|---------|
|   call   | grp_DebayerRandBatG_Pipeline_VITIS_LOOP_836_2_fu_144 |  0.427  |   780   |   1154  |
|----------|------------------------------------------------------|---------|---------|---------|
|          |                   loopHeight_fu_185                  |    0    |    0    |    18   |
|    add   |                   add_ln833_fu_205                   |    0    |    0    |    18   |
|          |                      y_6_fu_228                      |    0    |    0    |    18   |
|          |                    out_y_i_fu_305                    |    0    |    0    |    18   |
|----------|------------------------------------------------------|---------|---------|---------|
|          |                   icmp_ln833_fu_223                  |    0    |    0    |    11   |
|   icmp   |                    cmp58_i_fu_289                    |    0    |    0    |    11   |
|          |                    cmp202_i_fu_294                   |    0    |    0    |    11   |
|----------|------------------------------------------------------|---------|---------|---------|
|    xor   |                  out_y_cast_i_fu_274                 |    0    |    0    |    2    |
|          |                     xor_i_fu_284                     |    0    |    0    |    15   |
|----------|------------------------------------------------------|---------|---------|---------|
|          |                width_read_read_fu_126                |    0    |    0    |    0    |
|   read   |                height_read_read_fu_132               |    0    |    0    |    0    |
|          |             bayerPhase_c_read_read_fu_138            |    0    |    0    |    0    |
|----------|------------------------------------------------------|---------|---------|---------|
|   trunc  |                    x_phase_fu_191                    |    0    |    0    |    0    |
|          |                   empty_130_fu_270                   |    0    |    0    |    0    |
|----------|------------------------------------------------------|---------|---------|---------|
|partselect|                trunc_ln825_1_i_fu_195                |    0    |    0    |    0    |
|----------|------------------------------------------------------|---------|---------|---------|
|   zext   |                   zext_ln833_fu_219                  |    0    |    0    |    0    |
|          |                 and305_cast_i_fu_280                 |    0    |    0    |    0    |
|----------|------------------------------------------------------|---------|---------|---------|
|   Total  |                                                      |  0.427  |   780   |   1276  |
|----------|------------------------------------------------------|---------|---------|---------|

Memories:
+------------------+--------+--------+--------+--------+
|                  |  BRAM  |   FF   |   LUT  |  URAM  |
+------------------+--------+--------+--------+--------+
| lineBuffer_val_V |    4   |    0   |    0   |    0   |
|lineBuffer_val_V_2|    4   |    0   |    0   |    0   |
+------------------+--------+--------+--------+--------+
|       Total      |    8   |    0   |    0   |    0   |
+------------------+--------+--------+--------+--------+

* Register list:
+----------------------------------------------+--------+
|                                              |   FF   |
+----------------------------------------------+--------+
|               add_ln833_reg_415              |   11   |
|               cmp202_i_reg_498               |    1   |
|                cmp58_i_reg_493               |    1   |
|              height_read_reg_395             |   11   |
|              loopHeight_reg_400              |   11   |
|                out_y_i_reg_503               |   12   |
|p_0_0_01228_224022422_lcssa2458_i_load_reg_483|   10   |
|   p_0_0_01228_224022422_lcssa2458_i_reg_384  |   10   |
|p_0_0_01229_224002420_lcssa2456_i_load_reg_478|   10   |
|   p_0_0_01229_224002420_lcssa2456_i_reg_378  |   10   |
|p_0_0_01230_223982418_lcssa2454_i_load_reg_473|   10   |
|   p_0_0_01230_223982418_lcssa2454_i_reg_372  |   10   |
| p_0_0_0_0_011942411_lcssa2448_i_load_reg_458 |   10   |
|    p_0_0_0_0_011942411_lcssa2448_i_reg_354   |   10   |
|p_0_0_0_0_01231_12329_lcssa2371_i_load_reg_428|   10   |
|   p_0_0_0_0_01231_12329_lcssa2371_i_reg_318  |   10   |
| p_0_1_0_0_011952413_lcssa2450_i_load_reg_463 |   10   |
|    p_0_1_0_0_011952413_lcssa2450_i_reg_360   |   10   |
|p_0_1_0_0_01232_12332_lcssa2373_i_load_reg_433|   10   |
|   p_0_1_0_0_01232_12332_lcssa2373_i_reg_324  |   10   |
| p_0_2_0_0_011962415_lcssa2452_i_load_reg_468 |   10   |
|    p_0_2_0_0_011962415_lcssa2452_i_reg_366   |   10   |
|p_0_2_0_0_01233_12335_lcssa2375_i_load_reg_438|   10   |
|   p_0_2_0_0_01233_12335_lcssa2375_i_reg_330  |   10   |
|        p_lcssa24082442_i_load_reg_443        |   10   |
|           p_lcssa24082442_i_reg_336          |   10   |
|        p_lcssa24092444_i_load_reg_448        |   10   |
|           p_lcssa24092444_i_reg_342          |   10   |
|        p_lcssa24102446_i_load_reg_453        |   10   |
|           p_lcssa24102446_i_reg_348          |   10   |
|            trunc_ln825_1_i_reg_410           |   15   |
|              width_read_reg_390              |   11   |
|                x_phase_reg_405               |    1   |
|                 xor_i_reg_488                |   15   |
|                   y_reg_311                  |   11   |
|              zext_ln833_reg_420              |   12   |
+----------------------------------------------+--------+
|                     Total                    |   352  |
+----------------------------------------------+--------+

* Multiplexer (MUX) list: 
|------------------------------------------------------|------|------|------|--------||---------||---------|
|                         Comp                         |  Pin | Size |  BW  | S x BW ||  Delay  ||   LUT   |
|------------------------------------------------------|------|------|------|--------||---------||---------|
| grp_DebayerRandBatG_Pipeline_VITIS_LOOP_836_2_fu_144 |  p16 |   2  |  12  |   24   ||    9    |
|------------------------------------------------------|------|------|------|--------||---------||---------|
|                         Total                        |      |      |      |   24   ||  0.427  ||    9    |
|------------------------------------------------------|------|------|------|--------||---------||---------|



* Summary:
+-----------+--------+--------+--------+--------+--------+
|           |  BRAM  |  Delay |   FF   |   LUT  |  URAM  |
+-----------+--------+--------+--------+--------+--------+
|  Function |    -   |    0   |   780  |  1276  |    -   |
|   Memory  |    8   |    -   |    0   |    0   |    0   |
|Multiplexer|    -   |    0   |    -   |    9   |    -   |
|  Register |    -   |    -   |   352  |    -   |    -   |
+-----------+--------+--------+--------+--------+--------+
|   Total   |    8   |    0   |  1132  |  1285  |    0   |
+-----------+--------+--------+--------+--------+--------+
