

================================================================
== Vitis HLS Report for 'DebayerRatBorBatR'
================================================================
* Date:           Thu May  8 10:10:33 2025

* Version:        2022.2 (Build 3670227 on Oct 13 2022)
* Project:        prj
* Solution:       sol (Vivado IP Flow Target)
* Product family: zynquplus
* Target device:  xck26-sfvc784-2LV-c


================================================================
== Performance Estimates
================================================================
+ Timing: 
    * Summary: 
    +--------+---------+----------+------------+
    |  Clock |  Target | Estimated| Uncertainty|
    +--------+---------+----------+------------+
    |ap_clk  |  4.00 ns|  2.920 ns|     1.08 ns|
    +--------+---------+----------+------------+

+ Latency: 
    * Summary: 
    +---------+---------+-----------+----------+-----+---------+---------+
    |  Latency (cycles) |  Latency (absolute)  |    Interval   | Pipeline|
    |   min   |   max   |    min    |    max   | min |   max   |   Type  |
    +---------+---------+-----------+----------+-----+---------+---------+
    |       12|  2087412|  48.000 ns|  8.350 ms|   12|  2087412|       no|
    +---------+---------+-----------+----------+-----+---------+---------+

    + Detail: 
        * Instance: 
        N/A

        * Loop: 
        +--------------------+---------+---------+-----------+-----------+-----------+----------+----------+
        |                    |  Latency (cycles) | Iteration |  Initiation Interval  |   Trip   |          |
        |      Loop Name     |   min   |   max   |  Latency  |  achieved |   target  |   Count  | Pipelined|
        +--------------------+---------+---------+-----------+-----------+-----------+----------+----------+
        |- VITIS_LOOP_585_1  |       11|  2087411|  11 ~ 1931|          -|          -|  1 ~ 1081|        no|
        +--------------------+---------+---------+-----------+-----------+-----------+----------+----------+

============================================================
+ Verbose Summary: Synthesis Manager
============================================================
InlineROM: 1
ExposeGlobal: 0
============================================================
+ Verbose Summary: CDFG Model
============================================================
IsTopModel: 0
ResetActiveHigh: 1
IsCombinational: 2
IsDatapathOnly: 0
HasWiredReturn: 1
HasMFsm: 0
HasVarLatency: 1
IsPipeline: 0
IsRtlPipelined: 0
IsInstanceOverlapped: 0
IsDontTouch: 0
HasImplIP: 0
IsGatedGlobalClock: 0


============================================================
+ Verbose Summary: Schedule
============================================================
* Number of FSM states : 4
* Pipeline : 0
* Dataflow Pipeline: 0

* FSM state transitions: 
1 --> 2 
2 --> 3 
3 --> 4 
4 --> 2 

* FSM state operations: 

State 1 <SV = 0> <Delay = 2.92>
ST_1 : Operation 5 [1/1] (0.00ns)   --->   "%y = alloca i32 1"   --->   Operation 5 'alloca' 'y' <Predicate = true> <Delay = 0.00>
ST_1 : Operation 6 [1/1] (0.00ns)   --->   "%p_0_0_0_0_010752214_lcssa2266_i = alloca i32 1"   --->   Operation 6 'alloca' 'p_0_0_0_0_010752214_lcssa2266_i' <Predicate = true> <Delay = 0.00>
ST_1 : Operation 7 [1/1] (0.00ns)   --->   "%p_0_1_0_0_010762217_lcssa2268_i = alloca i32 1"   --->   Operation 7 'alloca' 'p_0_1_0_0_010762217_lcssa2268_i' <Predicate = true> <Delay = 0.00>
ST_1 : Operation 8 [1/1] (0.00ns)   --->   "%p_0_2_0_0_010772220_lcssa2270_i = alloca i32 1"   --->   Operation 8 'alloca' 'p_0_2_0_0_010772220_lcssa2270_i' <Predicate = true> <Delay = 0.00>
ST_1 : Operation 9 [1/1] (0.00ns)   --->   "%p_0_0_0_0_01075_22244_lcssa2278_i = alloca i32 1"   --->   Operation 9 'alloca' 'p_0_0_0_0_01075_22244_lcssa2278_i' <Predicate = true> <Delay = 0.00>
ST_1 : Operation 10 [1/1] (0.00ns)   --->   "%p_0_1_0_0_01076_22247_lcssa2280_i = alloca i32 1"   --->   Operation 10 'alloca' 'p_0_1_0_0_01076_22247_lcssa2280_i' <Predicate = true> <Delay = 0.00>
ST_1 : Operation 11 [1/1] (0.00ns)   --->   "%p_0_2_0_0_01077_22250_lcssa2282_i = alloca i32 1"   --->   Operation 11 'alloca' 'p_0_2_0_0_01077_22250_lcssa2282_i' <Predicate = true> <Delay = 0.00>
ST_1 : Operation 12 [1/1] (0.00ns)   --->   "%p_0_0_0_0_010382303_lcssa2337_i = alloca i32 1"   --->   Operation 12 'alloca' 'p_0_0_0_0_010382303_lcssa2337_i' <Predicate = true> <Delay = 0.00>
ST_1 : Operation 13 [1/1] (0.00ns)   --->   "%p_0_1_0_0_010392305_lcssa2339_i = alloca i32 1"   --->   Operation 13 'alloca' 'p_0_1_0_0_010392305_lcssa2339_i' <Predicate = true> <Delay = 0.00>
ST_1 : Operation 14 [1/1] (0.00ns)   --->   "%p_0_2_0_0_010402307_lcssa2341_i = alloca i32 1"   --->   Operation 14 'alloca' 'p_0_2_0_0_010402307_lcssa2341_i' <Predicate = true> <Delay = 0.00>
ST_1 : Operation 15 [1/1] (0.00ns)   --->   "%p_lcssa23092343_i = alloca i32 1"   --->   Operation 15 'alloca' 'p_lcssa23092343_i' <Predicate = true> <Delay = 0.00>
ST_1 : Operation 16 [1/1] (0.00ns)   --->   "%p_lcssa23102345_i = alloca i32 1"   --->   Operation 16 'alloca' 'p_lcssa23102345_i' <Predicate = true> <Delay = 0.00>
ST_1 : Operation 17 [1/1] (0.00ns)   --->   "%p_lcssa23112347_i = alloca i32 1"   --->   Operation 17 'alloca' 'p_lcssa23112347_i' <Predicate = true> <Delay = 0.00>
ST_1 : Operation 18 [1/1] (0.00ns)   --->   "%p_0_0_01074_222932312_lcssa2349_i = alloca i32 1"   --->   Operation 18 'alloca' 'p_0_0_01074_222932312_lcssa2349_i' <Predicate = true> <Delay = 0.00>
ST_1 : Operation 19 [1/1] (0.00ns)   --->   "%p_0_0_01073_222952314_lcssa2351_i = alloca i32 1"   --->   Operation 19 'alloca' 'p_0_0_01073_222952314_lcssa2351_i' <Predicate = true> <Delay = 0.00>
ST_1 : Operation 20 [1/1] (0.00ns)   --->   "%p_0_0_01072_222972316_lcssa2353_i = alloca i32 1"   --->   Operation 20 'alloca' 'p_0_0_01072_222972316_lcssa2353_i' <Predicate = true> <Delay = 0.00>
ST_1 : Operation 21 [1/1] (1.46ns)   --->   "%width_read = read i11 @_ssdm_op_Read.ap_auto.i11, i11 %width"   --->   Operation 21 'read' 'width_read' <Predicate = true> <Delay = 1.46> <CoreInst = "FIFO_SRL">   --->   Core 81 'FIFO_SRL' <Latency = 0> <II = 1> <Delay = 1.83> <Storage> <Opcode : 'read' 'write' 'nbread' 'nbwrite'> <Ports = 0> <Width = -1> <Depth = -1> <FIFO>
ST_1 : Operation 22 [1/1] (1.46ns)   --->   "%height_read = read i11 @_ssdm_op_Read.ap_auto.i11, i11 %height"   --->   Operation 22 'read' 'height_read' <Predicate = true> <Delay = 1.46> <CoreInst = "FIFO_SRL">   --->   Core 81 'FIFO_SRL' <Latency = 0> <II = 1> <Delay = 1.83> <Storage> <Opcode : 'read' 'write' 'nbread' 'nbwrite'> <Ports = 0> <Width = -1> <Depth = -1> <FIFO>
ST_1 : Operation 23 [1/1] (0.00ns)   --->   "%lineBuffer_val_V = alloca i64 1" [/home/lsriw/SR/KocurPawel/git_ycbcr/video_passthrough_kria_repo_1/video_passthrough_kria/video_passthrough_kria.runs/design_1_v_demosaic_0_0_synth_1/prj/sol/.autopilot/db/v_demosaic.cpp:569->/home/lsriw/SR/KocurPawel/git_ycbcr/video_passthrough_kria_repo_1/video_passthrough_kria/video_passthrough_kria.runs/design_1_v_demosaic_0_0_synth_1/prj/sol/.autopilot/db/v_demosaic.cpp:1027]   --->   Operation 23 'alloca' 'lineBuffer_val_V' <Predicate = true> <Delay = 0.00>
ST_1 : Operation 24 [1/1] (0.00ns)   --->   "%lineBuffer_val_V_1 = alloca i64 1" [/home/lsriw/SR/KocurPawel/git_ycbcr/video_passthrough_kria_repo_1/video_passthrough_kria/video_passthrough_kria.runs/design_1_v_demosaic_0_0_synth_1/prj/sol/.autopilot/db/v_demosaic.cpp:569->/home/lsriw/SR/KocurPawel/git_ycbcr/video_passthrough_kria_repo_1/video_passthrough_kria/video_passthrough_kria.runs/design_1_v_demosaic_0_0_synth_1/prj/sol/.autopilot/db/v_demosaic.cpp:1027]   --->   Operation 24 'alloca' 'lineBuffer_val_V_1' <Predicate = true> <Delay = 0.00>
ST_1 : Operation 25 [1/1] (0.00ns)   --->   "%specinterface_ln0 = specinterface void @_ssdm_op_SpecInterface, i16 %bayerPhase_c9, void @ap_fifo_str, i32 0, i32 0, void @p_str, i32 0, i32 0, void @p_str, void @p_str, void @p_str, i32 2, i32 2, i32 16, i32 16, void @p_str, void @ScalarProp_str, i32 4294967295, i32 0"   --->   Operation 25 'specinterface' 'specinterface_ln0' <Predicate = true> <Delay = 0.00>
ST_1 : Operation 26 [1/1] (1.46ns)   --->   "%bayerPhase_c9_read = read i16 @_ssdm_op_Read.ap_fifo.i16P0A, i16 %bayerPhase_c9"   --->   Operation 26 'read' 'bayerPhase_c9_read' <Predicate = true> <Delay = 1.46> <CoreInst = "FIFO_SRL">   --->   Core 81 'FIFO_SRL' <Latency = 0> <II = 1> <Delay = 1.83> <Storage> <Opcode : 'read' 'write' 'nbread' 'nbwrite'> <Ports = 0> <Width = 16> <Depth = 2> <FIFO>
ST_1 : Operation 27 [1/1] (0.00ns)   --->   "%specinterface_ln0 = specinterface void @_ssdm_op_SpecInterface, i16 %bayerPhase_c, void @ap_fifo_str, i32 0, i32 0, void @p_str, i32 0, i32 0, void @p_str, void @p_str, void @p_str, i32 2, i32 2, i32 16, i32 16, void @p_str, void @ScalarProp_str, i32 4294967295, i32 0"   --->   Operation 27 'specinterface' 'specinterface_ln0' <Predicate = true> <Delay = 0.00>
ST_1 : Operation 28 [1/1] (1.46ns)   --->   "%write_ln0 = write void @_ssdm_op_Write.ap_fifo.i16P0A, i16 %bayerPhase_c, i16 %bayerPhase_c9_read"   --->   Operation 28 'write' 'write_ln0' <Predicate = true> <Delay = 1.46> <CoreInst = "FIFO_SRL">   --->   Core 81 'FIFO_SRL' <Latency = 0> <II = 1> <Delay = 1.83> <Storage> <Opcode : 'read' 'write' 'nbread' 'nbwrite'> <Ports = 0> <Width = 16> <Depth = 2> <FIFO>
ST_1 : Operation 29 [1/1] (0.00ns)   --->   "%specinterface_ln0 = specinterface void @_ssdm_op_SpecInterface, i11 %width_read, void @ap_stable_str, i32 0, i32 0, void @p_str, i32 0, i32 0, void @p_str, void @p_str, void @p_str, i32 2, i32 2, i32 16, i32 16, void @p_str, void @p_str, i32 4294967295, i32 0"   --->   Operation 29 'specinterface' 'specinterface_ln0' <Predicate = true> <Delay = 0.00>
ST_1 : Operation 30 [1/1] (0.00ns)   --->   "%specinterface_ln0 = specinterface void @_ssdm_op_SpecInterface, i11 %height_read, void @ap_stable_str, i32 0, i32 0, void @p_str, i32 0, i32 0, void @p_str, void @p_str, void @p_str, i32 2, i32 2, i32 16, i32 16, void @p_str, void @p_str, i32 4294967295, i32 0"   --->   Operation 30 'specinterface' 'specinterface_ln0' <Predicate = true> <Delay = 0.00>
ST_1 : Operation 31 [1/1] (0.00ns)   --->   "%specinterface_ln0 = specinterface void @_ssdm_op_SpecInterface, i30 %imgRB, void @empty_21, i32 0, i32 0, void @empty_1, i32 0, i32 0, void @empty_1, void @empty_1, void @empty_1, i32 0, i32 0, i32 0, i32 0, void @empty_1, void @empty_1, i32 4294967295, i32 0"   --->   Operation 31 'specinterface' 'specinterface_ln0' <Predicate = true> <Delay = 0.00>
ST_1 : Operation 32 [1/1] (0.00ns)   --->   "%specinterface_ln0 = specinterface void @_ssdm_op_SpecInterface, i30 %imgG, void @empty_21, i32 0, i32 0, void @empty_1, i32 0, i32 0, void @empty_1, void @empty_1, void @empty_1, i32 0, i32 0, i32 0, i32 0, void @empty_1, void @empty_1, i32 4294967295, i32 0"   --->   Operation 32 'specinterface' 'specinterface_ln0' <Predicate = true> <Delay = 0.00>
ST_1 : Operation 33 [1/1] (0.79ns)   --->   "%loopHeight = add i11 %height_read, i11 1" [/home/lsriw/SR/KocurPawel/git_ycbcr/video_passthrough_kria_repo_1/video_passthrough_kria/video_passthrough_kria.runs/design_1_v_demosaic_0_0_synth_1/prj/sol/.autopilot/db/v_demosaic.cpp:561->/home/lsriw/SR/KocurPawel/git_ycbcr/video_passthrough_kria_repo_1/video_passthrough_kria/video_passthrough_kria.runs/design_1_v_demosaic_0_0_synth_1/prj/sol/.autopilot/db/v_demosaic.cpp:1027]   --->   Operation 33 'add' 'loopHeight' <Predicate = true> <Delay = 0.79> <CoreInst = "Adder">   --->   Core 1 'Adder' <Latency = 0> <II = 1> <Delay = 0.79> <FuncUnit> <Opcode : 'add' 'sub'> <InPorts = 2> <OutPorts = 1>
ST_1 : Operation 34 [1/1] (0.00ns)   --->   "%x_phase = trunc i16 %bayerPhase_c9_read" [/home/lsriw/SR/KocurPawel/git_ycbcr/video_passthrough_kria_repo_1/video_passthrough_kria/video_passthrough_kria.runs/design_1_v_demosaic_0_0_synth_1/prj/sol/.autopilot/db/v_demosaic.cpp:577->/home/lsriw/SR/KocurPawel/git_ycbcr/video_passthrough_kria_repo_1/video_passthrough_kria/video_passthrough_kria.runs/design_1_v_demosaic_0_0_synth_1/prj/sol/.autopilot/db/v_demosaic.cpp:1027]   --->   Operation 34 'trunc' 'x_phase' <Predicate = true> <Delay = 0.00>
ST_1 : Operation 35 [1/1] (0.00ns)   --->   "%trunc_ln577_1_i = partselect i15 @_ssdm_op_PartSelect.i15.i16.i32.i32, i16 %bayerPhase_c9_read, i32 1, i32 15" [/home/lsriw/SR/KocurPawel/git_ycbcr/video_passthrough_kria_repo_1/video_passthrough_kria/video_passthrough_kria.runs/design_1_v_demosaic_0_0_synth_1/prj/sol/.autopilot/db/v_demosaic.cpp:577->/home/lsriw/SR/KocurPawel/git_ycbcr/video_passthrough_kria_repo_1/video_passthrough_kria/video_passthrough_kria.runs/design_1_v_demosaic_0_0_synth_1/prj/sol/.autopilot/db/v_demosaic.cpp:1027]   --->   Operation 35 'partselect' 'trunc_ln577_1_i' <Predicate = true> <Delay = 0.00>
ST_1 : Operation 36 [1/1] (0.79ns)   --->   "%add_ln585 = add i11 %width_read, i11 1" [/home/lsriw/SR/KocurPawel/git_ycbcr/video_passthrough_kria_repo_1/video_passthrough_kria/video_passthrough_kria.runs/design_1_v_demosaic_0_0_synth_1/prj/sol/.autopilot/db/v_demosaic.cpp:585->/home/lsriw/SR/KocurPawel/git_ycbcr/video_passthrough_kria_repo_1/video_passthrough_kria/video_passthrough_kria.runs/design_1_v_demosaic_0_0_synth_1/prj/sol/.autopilot/db/v_demosaic.cpp:1027]   --->   Operation 36 'add' 'add_ln585' <Predicate = true> <Delay = 0.79> <CoreInst = "Adder">   --->   Core 1 'Adder' <Latency = 0> <II = 1> <Delay = 0.79> <FuncUnit> <Opcode : 'add' 'sub'> <InPorts = 2> <OutPorts = 1>
ST_1 : Operation 37 [1/1] (0.42ns)   --->   "%store_ln585 = store i11 0, i11 %y" [/home/lsriw/SR/KocurPawel/git_ycbcr/video_passthrough_kria_repo_1/video_passthrough_kria/video_passthrough_kria.runs/design_1_v_demosaic_0_0_synth_1/prj/sol/.autopilot/db/v_demosaic.cpp:585->/home/lsriw/SR/KocurPawel/git_ycbcr/video_passthrough_kria_repo_1/video_passthrough_kria/video_passthrough_kria.runs/design_1_v_demosaic_0_0_synth_1/prj/sol/.autopilot/db/v_demosaic.cpp:1027]   --->   Operation 37 'store' 'store_ln585' <Predicate = true> <Delay = 0.42>
ST_1 : Operation 38 [1/1] (0.00ns)   --->   "%br_ln585 = br void %VITIS_LOOP_588_2.i" [/home/lsriw/SR/KocurPawel/git_ycbcr/video_passthrough_kria_repo_1/video_passthrough_kria/video_passthrough_kria.runs/design_1_v_demosaic_0_0_synth_1/prj/sol/.autopilot/db/v_demosaic.cpp:585->/home/lsriw/SR/KocurPawel/git_ycbcr/video_passthrough_kria_repo_1/video_passthrough_kria/video_passthrough_kria.runs/design_1_v_demosaic_0_0_synth_1/prj/sol/.autopilot/db/v_demosaic.cpp:1027]   --->   Operation 38 'br' 'br_ln585' <Predicate = true> <Delay = 0.00>

State 2 <SV = 1> <Delay = 1.37>
ST_2 : Operation 39 [1/1] (0.00ns)   --->   "%y_3 = load i11 %y"   --->   Operation 39 'load' 'y_3' <Predicate = true> <Delay = 0.00>
ST_2 : Operation 40 [1/1] (0.00ns)   --->   "%zext_ln585 = zext i11 %y_3" [/home/lsriw/SR/KocurPawel/git_ycbcr/video_passthrough_kria_repo_1/video_passthrough_kria/video_passthrough_kria.runs/design_1_v_demosaic_0_0_synth_1/prj/sol/.autopilot/db/v_demosaic.cpp:585->/home/lsriw/SR/KocurPawel/git_ycbcr/video_passthrough_kria_repo_1/video_passthrough_kria/video_passthrough_kria.runs/design_1_v_demosaic_0_0_synth_1/prj/sol/.autopilot/db/v_demosaic.cpp:1027]   --->   Operation 40 'zext' 'zext_ln585' <Predicate = true> <Delay = 0.00>
ST_2 : Operation 41 [1/1] (0.94ns)   --->   "%icmp_ln585 = icmp_eq  i11 %y_3, i11 %loopHeight" [/home/lsriw/SR/KocurPawel/git_ycbcr/video_passthrough_kria_repo_1/video_passthrough_kria/video_passthrough_kria.runs/design_1_v_demosaic_0_0_synth_1/prj/sol/.autopilot/db/v_demosaic.cpp:585->/home/lsriw/SR/KocurPawel/git_ycbcr/video_passthrough_kria_repo_1/video_passthrough_kria/video_passthrough_kria.runs/design_1_v_demosaic_0_0_synth_1/prj/sol/.autopilot/db/v_demosaic.cpp:1027]   --->   Operation 41 'icmp' 'icmp_ln585' <Predicate = true> <Delay = 0.94> <CoreInst = "Cmp">   --->   Core 9 'Cmp' <Latency = 0> <II = 1> <Delay = 0.94> <FuncUnit> <Opcode : 'icmp'> <InPorts = 2> <OutPorts = 1>
ST_2 : Operation 42 [1/1] (0.00ns)   --->   "%empty = speclooptripcount i32 @_ssdm_op_SpecLoopTripCount, i64 1, i64 1081, i64 0"   --->   Operation 42 'speclooptripcount' 'empty' <Predicate = true> <Delay = 0.00>
ST_2 : Operation 43 [1/1] (0.79ns)   --->   "%y_4 = add i11 %y_3, i11 1" [/home/lsriw/SR/KocurPawel/git_ycbcr/video_passthrough_kria_repo_1/video_passthrough_kria/video_passthrough_kria.runs/design_1_v_demosaic_0_0_synth_1/prj/sol/.autopilot/db/v_demosaic.cpp:585->/home/lsriw/SR/KocurPawel/git_ycbcr/video_passthrough_kria_repo_1/video_passthrough_kria/video_passthrough_kria.runs/design_1_v_demosaic_0_0_synth_1/prj/sol/.autopilot/db/v_demosaic.cpp:1027]   --->   Operation 43 'add' 'y_4' <Predicate = true> <Delay = 0.79> <CoreInst = "Adder">   --->   Core 1 'Adder' <Latency = 0> <II = 1> <Delay = 0.79> <FuncUnit> <Opcode : 'add' 'sub'> <InPorts = 2> <OutPorts = 1>
ST_2 : Operation 44 [1/1] (0.00ns)   --->   "%br_ln585 = br i1 %icmp_ln585, void %VITIS_LOOP_588_2.split.i, void %DebayerRatBorBatR.exit" [/home/lsriw/SR/KocurPawel/git_ycbcr/video_passthrough_kria_repo_1/video_passthrough_kria/video_passthrough_kria.runs/design_1_v_demosaic_0_0_synth_1/prj/sol/.autopilot/db/v_demosaic.cpp:585->/home/lsriw/SR/KocurPawel/git_ycbcr/video_passthrough_kria_repo_1/video_passthrough_kria/video_passthrough_kria.runs/design_1_v_demosaic_0_0_synth_1/prj/sol/.autopilot/db/v_demosaic.cpp:1027]   --->   Operation 44 'br' 'br_ln585' <Predicate = true> <Delay = 0.00>
ST_2 : Operation 45 [1/1] (0.00ns)   --->   "%p_0_0_0_0_010752214_lcssa2266_i_load = load i10 %p_0_0_0_0_010752214_lcssa2266_i"   --->   Operation 45 'load' 'p_0_0_0_0_010752214_lcssa2266_i_load' <Predicate = (!icmp_ln585)> <Delay = 0.00>
ST_2 : Operation 46 [1/1] (0.00ns)   --->   "%p_0_1_0_0_010762217_lcssa2268_i_load = load i10 %p_0_1_0_0_010762217_lcssa2268_i"   --->   Operation 46 'load' 'p_0_1_0_0_010762217_lcssa2268_i_load' <Predicate = (!icmp_ln585)> <Delay = 0.00>
ST_2 : Operation 47 [1/1] (0.00ns)   --->   "%p_0_2_0_0_010772220_lcssa2270_i_load = load i10 %p_0_2_0_0_010772220_lcssa2270_i"   --->   Operation 47 'load' 'p_0_2_0_0_010772220_lcssa2270_i_load' <Predicate = (!icmp_ln585)> <Delay = 0.00>
ST_2 : Operation 48 [1/1] (0.00ns)   --->   "%p_0_0_0_0_01075_22244_lcssa2278_i_load = load i10 %p_0_0_0_0_01075_22244_lcssa2278_i"   --->   Operation 48 'load' 'p_0_0_0_0_01075_22244_lcssa2278_i_load' <Predicate = (!icmp_ln585)> <Delay = 0.00>
ST_2 : Operation 49 [1/1] (0.00ns)   --->   "%p_0_1_0_0_01076_22247_lcssa2280_i_load = load i10 %p_0_1_0_0_01076_22247_lcssa2280_i"   --->   Operation 49 'load' 'p_0_1_0_0_01076_22247_lcssa2280_i_load' <Predicate = (!icmp_ln585)> <Delay = 0.00>
ST_2 : Operation 50 [1/1] (0.00ns)   --->   "%p_0_2_0_0_01077_22250_lcssa2282_i_load = load i10 %p_0_2_0_0_01077_22250_lcssa2282_i"   --->   Operation 50 'load' 'p_0_2_0_0_01077_22250_lcssa2282_i_load' <Predicate = (!icmp_ln585)> <Delay = 0.00>
ST_2 : Operation 51 [1/1] (0.00ns)   --->   "%p_0_0_0_0_010382303_lcssa2337_i_load = load i10 %p_0_0_0_0_010382303_lcssa2337_i"   --->   Operation 51 'load' 'p_0_0_0_0_010382303_lcssa2337_i_load' <Predicate = (!icmp_ln585)> <Delay = 0.00>
ST_2 : Operation 52 [1/1] (0.00ns)   --->   "%p_0_1_0_0_010392305_lcssa2339_i_load = load i10 %p_0_1_0_0_010392305_lcssa2339_i"   --->   Operation 52 'load' 'p_0_1_0_0_010392305_lcssa2339_i_load' <Predicate = (!icmp_ln585)> <Delay = 0.00>
ST_2 : Operation 53 [1/1] (0.00ns)   --->   "%p_0_2_0_0_010402307_lcssa2341_i_load = load i10 %p_0_2_0_0_010402307_lcssa2341_i"   --->   Operation 53 'load' 'p_0_2_0_0_010402307_lcssa2341_i_load' <Predicate = (!icmp_ln585)> <Delay = 0.00>
ST_2 : Operation 54 [1/1] (0.00ns)   --->   "%p_lcssa23092343_i_load = load i10 %p_lcssa23092343_i"   --->   Operation 54 'load' 'p_lcssa23092343_i_load' <Predicate = (!icmp_ln585)> <Delay = 0.00>
ST_2 : Operation 55 [1/1] (0.00ns)   --->   "%p_lcssa23102345_i_load = load i10 %p_lcssa23102345_i"   --->   Operation 55 'load' 'p_lcssa23102345_i_load' <Predicate = (!icmp_ln585)> <Delay = 0.00>
ST_2 : Operation 56 [1/1] (0.00ns)   --->   "%p_lcssa23112347_i_load = load i10 %p_lcssa23112347_i"   --->   Operation 56 'load' 'p_lcssa23112347_i_load' <Predicate = (!icmp_ln585)> <Delay = 0.00>
ST_2 : Operation 57 [1/1] (0.00ns)   --->   "%p_0_0_01074_222932312_lcssa2349_i_load = load i10 %p_0_0_01074_222932312_lcssa2349_i"   --->   Operation 57 'load' 'p_0_0_01074_222932312_lcssa2349_i_load' <Predicate = (!icmp_ln585)> <Delay = 0.00>
ST_2 : Operation 58 [1/1] (0.00ns)   --->   "%p_0_0_01073_222952314_lcssa2351_i_load = load i10 %p_0_0_01073_222952314_lcssa2351_i"   --->   Operation 58 'load' 'p_0_0_01073_222952314_lcssa2351_i_load' <Predicate = (!icmp_ln585)> <Delay = 0.00>
ST_2 : Operation 59 [1/1] (0.00ns)   --->   "%p_0_0_01072_222972316_lcssa2353_i_load = load i10 %p_0_0_01072_222972316_lcssa2353_i"   --->   Operation 59 'load' 'p_0_0_01072_222972316_lcssa2353_i_load' <Predicate = (!icmp_ln585)> <Delay = 0.00>
ST_2 : Operation 60 [1/1] (0.00ns)   --->   "%empty_126 = trunc i11 %y_3"   --->   Operation 60 'trunc' 'empty_126' <Predicate = (!icmp_ln585)> <Delay = 0.00>
ST_2 : Operation 61 [1/1] (0.94ns)   --->   "%cmp58_i = icmp_ult  i11 %y_3, i11 %height_read"   --->   Operation 61 'icmp' 'cmp58_i' <Predicate = (!icmp_ln585)> <Delay = 0.94> <CoreInst = "Cmp">   --->   Core 9 'Cmp' <Latency = 0> <II = 1> <Delay = 0.94> <FuncUnit> <Opcode : 'icmp'> <InPorts = 2> <OutPorts = 1>
ST_2 : Operation 62 [1/1] (0.94ns)   --->   "%cmp202_i = icmp_ne  i11 %y_3, i11 0"   --->   Operation 62 'icmp' 'cmp202_i' <Predicate = (!icmp_ln585)> <Delay = 0.94> <CoreInst = "Cmp">   --->   Core 9 'Cmp' <Latency = 0> <II = 1> <Delay = 0.94> <FuncUnit> <Opcode : 'icmp'> <InPorts = 2> <OutPorts = 1>
ST_2 : Operation 63 [1/1] (0.00ns)   --->   "%empty_129 = wait i32 @_ssdm_op_Wait"   --->   Operation 63 'wait' 'empty_129' <Predicate = (!icmp_ln585)> <Delay = 0.00>
ST_2 : Operation 64 [1/1] (0.42ns)   --->   "%store_ln585 = store i11 %y_4, i11 %y" [/home/lsriw/SR/KocurPawel/git_ycbcr/video_passthrough_kria_repo_1/video_passthrough_kria/video_passthrough_kria.runs/design_1_v_demosaic_0_0_synth_1/prj/sol/.autopilot/db/v_demosaic.cpp:585->/home/lsriw/SR/KocurPawel/git_ycbcr/video_passthrough_kria_repo_1/video_passthrough_kria/video_passthrough_kria.runs/design_1_v_demosaic_0_0_synth_1/prj/sol/.autopilot/db/v_demosaic.cpp:1027]   --->   Operation 64 'store' 'store_ln585' <Predicate = (!icmp_ln585)> <Delay = 0.42>
ST_2 : Operation 65 [1/1] (0.00ns)   --->   "%ret_ln1027 = ret" [/home/lsriw/SR/KocurPawel/git_ycbcr/video_passthrough_kria_repo_1/video_passthrough_kria/video_passthrough_kria.runs/design_1_v_demosaic_0_0_synth_1/prj/sol/.autopilot/db/v_demosaic.cpp:1027]   --->   Operation 65 'ret' 'ret_ln1027' <Predicate = (icmp_ln585)> <Delay = 0.00>

State 3 <SV = 2> <Delay = 2.90>
ST_3 : Operation 66 [1/1] (0.79ns)   --->   "%out_y_i = add i12 %zext_ln585, i12 4095" [/home/lsriw/SR/KocurPawel/git_ycbcr/video_passthrough_kria_repo_1/video_passthrough_kria/video_passthrough_kria.runs/design_1_v_demosaic_0_0_synth_1/prj/sol/.autopilot/db/v_demosaic.cpp:585->/home/lsriw/SR/KocurPawel/git_ycbcr/video_passthrough_kria_repo_1/video_passthrough_kria/video_passthrough_kria.runs/design_1_v_demosaic_0_0_synth_1/prj/sol/.autopilot/db/v_demosaic.cpp:1027]   --->   Operation 66 'add' 'out_y_i' <Predicate = true> <Delay = 0.79> <CoreInst = "Adder">   --->   Core 1 'Adder' <Latency = 0> <II = 1> <Delay = 0.79> <FuncUnit> <Opcode : 'add' 'sub'> <InPorts = 2> <OutPorts = 1>
ST_3 : Operation 67 [1/1] (0.28ns)   --->   "%out_y_cast_i = xor i1 %empty_126, i1 1"   --->   Operation 67 'xor' 'out_y_cast_i' <Predicate = true> <Delay = 0.28> <CoreInst = "LogicGate">   --->   Core 74 'LogicGate' <Latency = 0> <II = 1> <Delay = 0.28> <FuncUnit> <Opcode : 'and' 'or' 'xor'> <InPorts = 2> <OutPorts = 1>
ST_3 : Operation 68 [1/1] (0.00ns)   --->   "%and309_cast_i = zext i1 %out_y_cast_i"   --->   Operation 68 'zext' 'and309_cast_i' <Predicate = true> <Delay = 0.00>
ST_3 : Operation 69 [1/1] (0.26ns)   --->   "%xor_i = xor i15 %trunc_ln577_1_i, i15 %and309_cast_i" [/home/lsriw/SR/KocurPawel/git_ycbcr/video_passthrough_kria_repo_1/video_passthrough_kria/video_passthrough_kria.runs/design_1_v_demosaic_0_0_synth_1/prj/sol/.autopilot/db/v_demosaic.cpp:577->/home/lsriw/SR/KocurPawel/git_ycbcr/video_passthrough_kria_repo_1/video_passthrough_kria/video_passthrough_kria.runs/design_1_v_demosaic_0_0_synth_1/prj/sol/.autopilot/db/v_demosaic.cpp:1027]   --->   Operation 69 'xor' 'xor_i' <Predicate = true> <Delay = 0.26> <CoreInst = "LogicGate">   --->   Core 74 'LogicGate' <Latency = 0> <II = 1> <Delay = 0.26> <FuncUnit> <Opcode : 'and' 'or' 'xor'> <InPorts = 2> <OutPorts = 1>
ST_3 : Operation 70 [1/1] (1.07ns)   --->   "%red_i = icmp_eq  i15 %and309_cast_i, i15 %trunc_ln577_1_i" [/home/lsriw/SR/KocurPawel/git_ycbcr/video_passthrough_kria_repo_1/video_passthrough_kria/video_passthrough_kria.runs/design_1_v_demosaic_0_0_synth_1/prj/sol/.autopilot/db/v_demosaic.cpp:577->/home/lsriw/SR/KocurPawel/git_ycbcr/video_passthrough_kria_repo_1/video_passthrough_kria/video_passthrough_kria.runs/design_1_v_demosaic_0_0_synth_1/prj/sol/.autopilot/db/v_demosaic.cpp:1027]   --->   Operation 70 'icmp' 'red_i' <Predicate = true> <Delay = 1.07> <CoreInst = "Cmp">   --->   Core 9 'Cmp' <Latency = 0> <II = 1> <Delay = 1.07> <FuncUnit> <Opcode : 'icmp'> <InPorts = 2> <OutPorts = 1>
ST_3 : Operation 71 [1/1] (0.17ns)   --->   "%empty_127 = select i1 %red_i, i2 0, i2 2" [/home/lsriw/SR/KocurPawel/git_ycbcr/video_passthrough_kria_repo_1/video_passthrough_kria/video_passthrough_kria.runs/design_1_v_demosaic_0_0_synth_1/prj/sol/.autopilot/db/v_demosaic.cpp:577->/home/lsriw/SR/KocurPawel/git_ycbcr/video_passthrough_kria_repo_1/video_passthrough_kria/video_passthrough_kria.runs/design_1_v_demosaic_0_0_synth_1/prj/sol/.autopilot/db/v_demosaic.cpp:1027]   --->   Operation 71 'select' 'empty_127' <Predicate = true> <Delay = 0.17> <CoreInst = "Sel">   --->   Core 73 'Sel' <Latency = 0> <II = 1> <Delay = 0.17> <FuncUnit> <Opcode : 'select'> <InPorts = 3> <OutPorts = 1>
ST_3 : Operation 72 [1/1] (0.17ns)   --->   "%empty_128 = select i1 %red_i, i2 2, i2 0" [/home/lsriw/SR/KocurPawel/git_ycbcr/video_passthrough_kria_repo_1/video_passthrough_kria/video_passthrough_kria.runs/design_1_v_demosaic_0_0_synth_1/prj/sol/.autopilot/db/v_demosaic.cpp:577->/home/lsriw/SR/KocurPawel/git_ycbcr/video_passthrough_kria_repo_1/video_passthrough_kria/video_passthrough_kria.runs/design_1_v_demosaic_0_0_synth_1/prj/sol/.autopilot/db/v_demosaic.cpp:1027]   --->   Operation 72 'select' 'empty_128' <Predicate = true> <Delay = 0.17> <CoreInst = "Sel">   --->   Core 73 'Sel' <Latency = 0> <II = 1> <Delay = 0.17> <FuncUnit> <Opcode : 'select'> <InPorts = 3> <OutPorts = 1>
ST_3 : Operation 73 [2/2] (1.37ns)   --->   "%call_ln585 = call void @DebayerRatBorBatR_Pipeline_VITIS_LOOP_588_2, i10 %p_0_0_01072_222972316_lcssa2353_i_load, i10 %p_0_0_01073_222952314_lcssa2351_i_load, i10 %p_0_0_01074_222932312_lcssa2349_i_load, i10 %p_lcssa23112347_i_load, i10 %p_lcssa23102345_i_load, i10 %p_lcssa23092343_i_load, i10 %p_0_2_0_0_010402307_lcssa2341_i_load, i10 %p_0_1_0_0_010392305_lcssa2339_i_load, i10 %p_0_0_0_0_010382303_lcssa2337_i_load, i10 %p_0_2_0_0_01077_22250_lcssa2282_i_load, i10 %p_0_1_0_0_01076_22247_lcssa2280_i_load, i10 %p_0_0_0_0_01075_22244_lcssa2278_i_load, i10 %p_0_2_0_0_010772220_lcssa2270_i_load, i10 %p_0_1_0_0_010762217_lcssa2268_i_load, i10 %p_0_0_0_0_010752214_lcssa2266_i_load, i11 %add_ln585, i12 %out_y_i, i1 %x_phase, i15 %xor_i, i30 %lineBuffer_val_V_1, i30 %lineBuffer_val_V, i11 %width_read, i1 %cmp202_i, i1 %cmp58_i, i30 %imgG, i2 %empty_128, i1 %red_i, i2 %empty_127, i30 %imgRB, i10 %p_0_0_01072_222972316_lcssa2353_i, i10 %p_0_0_01073_222952314_lcssa2351_i, i10 %p_0_0_01074_222932312_lcssa2349_i, i10 %p_lcssa23112347_i, i10 %p_lcssa23102345_i, i10 %p_lcssa23092343_i, i10 %p_0_2_0_0_010402307_lcssa2341_i, i10 %p_0_1_0_0_010392305_lcssa2339_i, i10 %p_0_0_0_0_010382303_lcssa2337_i, i10 %p_0_2_0_0_01077_22250_lcssa2282_i, i10 %p_0_1_0_0_01076_22247_lcssa2280_i, i10 %p_0_0_0_0_01075_22244_lcssa2278_i, i10 %p_0_2_0_0_010772220_lcssa2270_i, i10 %p_0_1_0_0_010762217_lcssa2268_i, i10 %p_0_0_0_0_010752214_lcssa2266_i" [/home/lsriw/SR/KocurPawel/git_ycbcr/video_passthrough_kria_repo_1/video_passthrough_kria/video_passthrough_kria.runs/design_1_v_demosaic_0_0_synth_1/prj/sol/.autopilot/db/v_demosaic.cpp:585->/home/lsriw/SR/KocurPawel/git_ycbcr/video_passthrough_kria_repo_1/video_passthrough_kria/video_passthrough_kria.runs/design_1_v_demosaic_0_0_synth_1/prj/sol/.autopilot/db/v_demosaic.cpp:1027]   --->   Operation 73 'call' 'call_ln585' <Predicate = true> <Delay = 1.37> <CoreType = "Generic">   --->   Core 0 '' <Latency = 0> <II = 1> <Delay = 1.00> <Generic> <Opcode : >

State 4 <SV = 3> <Delay = 0.00>
ST_4 : Operation 74 [1/1] (0.00ns)   --->   "%specloopname_ln558 = specloopname void @_ssdm_op_SpecLoopName, void @empty_12" [/home/lsriw/SR/KocurPawel/git_ycbcr/video_passthrough_kria_repo_1/video_passthrough_kria/video_passthrough_kria.runs/design_1_v_demosaic_0_0_synth_1/prj/sol/.autopilot/db/v_demosaic.cpp:558->/home/lsriw/SR/KocurPawel/git_ycbcr/video_passthrough_kria_repo_1/video_passthrough_kria/video_passthrough_kria.runs/design_1_v_demosaic_0_0_synth_1/prj/sol/.autopilot/db/v_demosaic.cpp:1027]   --->   Operation 74 'specloopname' 'specloopname_ln558' <Predicate = true> <Delay = 0.00>
ST_4 : Operation 75 [1/2] (0.00ns)   --->   "%call_ln585 = call void @DebayerRatBorBatR_Pipeline_VITIS_LOOP_588_2, i10 %p_0_0_01072_222972316_lcssa2353_i_load, i10 %p_0_0_01073_222952314_lcssa2351_i_load, i10 %p_0_0_01074_222932312_lcssa2349_i_load, i10 %p_lcssa23112347_i_load, i10 %p_lcssa23102345_i_load, i10 %p_lcssa23092343_i_load, i10 %p_0_2_0_0_010402307_lcssa2341_i_load, i10 %p_0_1_0_0_010392305_lcssa2339_i_load, i10 %p_0_0_0_0_010382303_lcssa2337_i_load, i10 %p_0_2_0_0_01077_22250_lcssa2282_i_load, i10 %p_0_1_0_0_01076_22247_lcssa2280_i_load, i10 %p_0_0_0_0_01075_22244_lcssa2278_i_load, i10 %p_0_2_0_0_010772220_lcssa2270_i_load, i10 %p_0_1_0_0_010762217_lcssa2268_i_load, i10 %p_0_0_0_0_010752214_lcssa2266_i_load, i11 %add_ln585, i12 %out_y_i, i1 %x_phase, i15 %xor_i, i30 %lineBuffer_val_V_1, i30 %lineBuffer_val_V, i11 %width_read, i1 %cmp202_i, i1 %cmp58_i, i30 %imgG, i2 %empty_128, i1 %red_i, i2 %empty_127, i30 %imgRB, i10 %p_0_0_01072_222972316_lcssa2353_i, i10 %p_0_0_01073_222952314_lcssa2351_i, i10 %p_0_0_01074_222932312_lcssa2349_i, i10 %p_lcssa23112347_i, i10 %p_lcssa23102345_i, i10 %p_lcssa23092343_i, i10 %p_0_2_0_0_010402307_lcssa2341_i, i10 %p_0_1_0_0_010392305_lcssa2339_i, i10 %p_0_0_0_0_010382303_lcssa2337_i, i10 %p_0_2_0_0_01077_22250_lcssa2282_i, i10 %p_0_1_0_0_01076_22247_lcssa2280_i, i10 %p_0_0_0_0_01075_22244_lcssa2278_i, i10 %p_0_2_0_0_010772220_lcssa2270_i, i10 %p_0_1_0_0_010762217_lcssa2268_i, i10 %p_0_0_0_0_010752214_lcssa2266_i" [/home/lsriw/SR/KocurPawel/git_ycbcr/video_passthrough_kria_repo_1/video_passthrough_kria/video_passthrough_kria.runs/design_1_v_demosaic_0_0_synth_1/prj/sol/.autopilot/db/v_demosaic.cpp:585->/home/lsriw/SR/KocurPawel/git_ycbcr/video_passthrough_kria_repo_1/video_passthrough_kria/video_passthrough_kria.runs/design_1_v_demosaic_0_0_synth_1/prj/sol/.autopilot/db/v_demosaic.cpp:1027]   --->   Operation 75 'call' 'call_ln585' <Predicate = true> <Delay = 0.00> <CoreType = "Generic">   --->   Core 0 '' <Latency = 0> <II = 1> <Delay = 1.00> <Generic> <Opcode : >
ST_4 : Operation 76 [1/1] (0.00ns)   --->   "%br_ln585 = br void %VITIS_LOOP_588_2.i" [/home/lsriw/SR/KocurPawel/git_ycbcr/video_passthrough_kria_repo_1/video_passthrough_kria/video_passthrough_kria.runs/design_1_v_demosaic_0_0_synth_1/prj/sol/.autopilot/db/v_demosaic.cpp:585->/home/lsriw/SR/KocurPawel/git_ycbcr/video_passthrough_kria_repo_1/video_passthrough_kria/video_passthrough_kria.runs/design_1_v_demosaic_0_0_synth_1/prj/sol/.autopilot/db/v_demosaic.cpp:1027]   --->   Operation 76 'br' 'br_ln585' <Predicate = true> <Delay = 0.00>


============================================================
+ Verbose Summary: Timing violations
============================================================
Target clock period: 4ns, clock uncertainty: 1.08ns.

 <State 1>: 2.92ns
The critical path consists of the following:
	fifo read operation ('bayerPhase_c9_read') on port 'bayerPhase_c9' [28]  (1.46 ns)
	fifo write operation ('write_ln0') on port 'bayerPhase_c' [30]  (1.46 ns)

 <State 2>: 1.37ns
The critical path consists of the following:
	'load' operation ('y') on local variable 'y' [42]  (0 ns)
	'add' operation ('y', /home/lsriw/SR/KocurPawel/git_ycbcr/video_passthrough_kria_repo_1/video_passthrough_kria/video_passthrough_kria.runs/design_1_v_demosaic_0_0_synth_1/prj/sol/.autopilot/db/v_demosaic.cpp:585->/home/lsriw/SR/KocurPawel/git_ycbcr/video_passthrough_kria_repo_1/video_passthrough_kria/video_passthrough_kria.runs/design_1_v_demosaic_0_0_synth_1/prj/sol/.autopilot/db/v_demosaic.cpp:1027) [46]  (0.798 ns)
	'store' operation ('store_ln585', /home/lsriw/SR/KocurPawel/git_ycbcr/video_passthrough_kria_repo_1/video_passthrough_kria/video_passthrough_kria.runs/design_1_v_demosaic_0_0_synth_1/prj/sol/.autopilot/db/v_demosaic.cpp:585->/home/lsriw/SR/KocurPawel/git_ycbcr/video_passthrough_kria_repo_1/video_passthrough_kria/video_passthrough_kria.runs/design_1_v_demosaic_0_0_synth_1/prj/sol/.autopilot/db/v_demosaic.cpp:1027) of variable 'y', /home/lsriw/SR/KocurPawel/git_ycbcr/video_passthrough_kria_repo_1/video_passthrough_kria/video_passthrough_kria.runs/design_1_v_demosaic_0_0_synth_1/prj/sol/.autopilot/db/v_demosaic.cpp:585->/home/lsriw/SR/KocurPawel/git_ycbcr/video_passthrough_kria_repo_1/video_passthrough_kria/video_passthrough_kria.runs/design_1_v_demosaic_0_0_synth_1/prj/sol/.autopilot/db/v_demosaic.cpp:1027 on local variable 'y' [77]  (0.427 ns)
	blocking operation 0.146 ns on control path)

 <State 3>: 2.91ns
The critical path consists of the following:
	'xor' operation ('out_y_cast_i') [67]  (0.287 ns)
	'icmp' operation ('red_i', /home/lsriw/SR/KocurPawel/git_ycbcr/video_passthrough_kria_repo_1/video_passthrough_kria/video_passthrough_kria.runs/design_1_v_demosaic_0_0_synth_1/prj/sol/.autopilot/db/v_demosaic.cpp:577->/home/lsriw/SR/KocurPawel/git_ycbcr/video_passthrough_kria_repo_1/video_passthrough_kria/video_passthrough_kria.runs/design_1_v_demosaic_0_0_synth_1/prj/sol/.autopilot/db/v_demosaic.cpp:1027) [70]  (1.07 ns)
	'select' operation ('empty_127', /home/lsriw/SR/KocurPawel/git_ycbcr/video_passthrough_kria_repo_1/video_passthrough_kria/video_passthrough_kria.runs/design_1_v_demosaic_0_0_synth_1/prj/sol/.autopilot/db/v_demosaic.cpp:577->/home/lsriw/SR/KocurPawel/git_ycbcr/video_passthrough_kria_repo_1/video_passthrough_kria/video_passthrough_kria.runs/design_1_v_demosaic_0_0_synth_1/prj/sol/.autopilot/db/v_demosaic.cpp:1027) [73]  (0.179 ns)
	'call' operation ('call_ln585', /home/lsriw/SR/KocurPawel/git_ycbcr/video_passthrough_kria_repo_1/video_passthrough_kria/video_passthrough_kria.runs/design_1_v_demosaic_0_0_synth_1/prj/sol/.autopilot/db/v_demosaic.cpp:585->/home/lsriw/SR/KocurPawel/git_ycbcr/video_passthrough_kria_repo_1/video_passthrough_kria/video_passthrough_kria.runs/design_1_v_demosaic_0_0_synth_1/prj/sol/.autopilot/db/v_demosaic.cpp:1027) to 'DebayerRatBorBatR_Pipeline_VITIS_LOOP_588_2' [76]  (1.37 ns)

 <State 4>: 0ns
The critical path consists of the following:


============================================================
+ Verbose Summary: Binding
============================================================
N/A
* FSMD analyzer results:
  - Output states:
 - Input state : 
  - Chain level:
	State 1
	State 2
	State 3
	State 4


============================================================
+ Verbose Summary: Datapath Resource usage 
============================================================
N/A
