

================================================================
== Vitis HLS Report for 'DebayerRandBatG'
================================================================
* Date:           Thu May  8 10:10:34 2025

* Version:        2022.2 (Build 3670227 on Oct 13 2022)
* Project:        prj
* Solution:       sol (Vivado IP Flow Target)
* Product family: zynquplus
* Target device:  xck26-sfvc784-2LV-c


================================================================
== Performance Estimates
================================================================
+ Timing: 
    * Summary: 
    +--------+---------+----------+------------+
    |  Clock |  Target | Estimated| Uncertainty|
    +--------+---------+----------+------------+
    |ap_clk  |  4.00 ns|  2.881 ns|     1.08 ns|
    +--------+---------+----------+------------+

+ Latency: 
    * Summary: 
    +---------+---------+-----------+----------+-----+---------+---------+
    |  Latency (cycles) |  Latency (absolute)  |    Interval   | Pipeline|
    |   min   |   max   |    min    |    max   | min |   max   |   Type  |
    +---------+---------+-----------+----------+-----+---------+---------+
    |       11|  2086331|  44.000 ns|  8.345 ms|   11|  2086331|       no|
    +---------+---------+-----------+----------+-----+---------+---------+

    + Detail: 
        * Instance: 
        N/A

        * Loop: 
        +--------------------+---------+---------+-----------+-----------+-----------+----------+----------+
        |                    |  Latency (cycles) | Iteration |  Initiation Interval  |   Trip   |          |
        |      Loop Name     |   min   |   max   |  Latency  |  achieved |   target  |   Count  | Pipelined|
        +--------------------+---------+---------+-----------+-----------+-----------+----------+----------+
        |- VITIS_LOOP_833_1  |       10|  2086330|  10 ~ 1930|          -|          -|  1 ~ 1081|        no|
        +--------------------+---------+---------+-----------+-----------+-----------+----------+----------+

============================================================
+ Verbose Summary: Synthesis Manager
============================================================
InlineROM: 1
ExposeGlobal: 0
============================================================
+ Verbose Summary: CDFG Model
============================================================
IsTopModel: 0
ResetActiveHigh: 1
IsCombinational: 2
IsDatapathOnly: 0
HasWiredReturn: 1
HasMFsm: 0
HasVarLatency: 1
IsPipeline: 0
IsRtlPipelined: 0
IsInstanceOverlapped: 0
IsDontTouch: 0
HasImplIP: 0
IsGatedGlobalClock: 0


============================================================
+ Verbose Summary: Schedule
============================================================
* Number of FSM states : 4
* Pipeline : 0
* Dataflow Pipeline: 0

* FSM state transitions: 
1 --> 2 
2 --> 3 
3 --> 4 
4 --> 2 

* FSM state operations: 

State 1 <SV = 0> <Delay = 2.25>
ST_1 : Operation 5 [1/1] (0.00ns)   --->   "%y = alloca i32 1"   --->   Operation 5 'alloca' 'y' <Predicate = true> <Delay = 0.00>
ST_1 : Operation 6 [1/1] (0.00ns)   --->   "%p_0_0_0_0_01231_12329_lcssa2371_i = alloca i32 1"   --->   Operation 6 'alloca' 'p_0_0_0_0_01231_12329_lcssa2371_i' <Predicate = true> <Delay = 0.00>
ST_1 : Operation 7 [1/1] (0.00ns)   --->   "%p_0_1_0_0_01232_12332_lcssa2373_i = alloca i32 1"   --->   Operation 7 'alloca' 'p_0_1_0_0_01232_12332_lcssa2373_i' <Predicate = true> <Delay = 0.00>
ST_1 : Operation 8 [1/1] (0.00ns)   --->   "%p_0_2_0_0_01233_12335_lcssa2375_i = alloca i32 1"   --->   Operation 8 'alloca' 'p_0_2_0_0_01233_12335_lcssa2375_i' <Predicate = true> <Delay = 0.00>
ST_1 : Operation 9 [1/1] (0.00ns)   --->   "%p_lcssa24082442_i = alloca i32 1"   --->   Operation 9 'alloca' 'p_lcssa24082442_i' <Predicate = true> <Delay = 0.00>
ST_1 : Operation 10 [1/1] (0.00ns)   --->   "%p_lcssa24092444_i = alloca i32 1"   --->   Operation 10 'alloca' 'p_lcssa24092444_i' <Predicate = true> <Delay = 0.00>
ST_1 : Operation 11 [1/1] (0.00ns)   --->   "%p_lcssa24102446_i = alloca i32 1"   --->   Operation 11 'alloca' 'p_lcssa24102446_i' <Predicate = true> <Delay = 0.00>
ST_1 : Operation 12 [1/1] (0.00ns)   --->   "%p_0_0_0_0_011942411_lcssa2448_i = alloca i32 1"   --->   Operation 12 'alloca' 'p_0_0_0_0_011942411_lcssa2448_i' <Predicate = true> <Delay = 0.00>
ST_1 : Operation 13 [1/1] (0.00ns)   --->   "%p_0_1_0_0_011952413_lcssa2450_i = alloca i32 1"   --->   Operation 13 'alloca' 'p_0_1_0_0_011952413_lcssa2450_i' <Predicate = true> <Delay = 0.00>
ST_1 : Operation 14 [1/1] (0.00ns)   --->   "%p_0_2_0_0_011962415_lcssa2452_i = alloca i32 1"   --->   Operation 14 'alloca' 'p_0_2_0_0_011962415_lcssa2452_i' <Predicate = true> <Delay = 0.00>
ST_1 : Operation 15 [1/1] (0.00ns)   --->   "%p_0_0_01230_223982418_lcssa2454_i = alloca i32 1"   --->   Operation 15 'alloca' 'p_0_0_01230_223982418_lcssa2454_i' <Predicate = true> <Delay = 0.00>
ST_1 : Operation 16 [1/1] (0.00ns)   --->   "%p_0_0_01229_224002420_lcssa2456_i = alloca i32 1"   --->   Operation 16 'alloca' 'p_0_0_01229_224002420_lcssa2456_i' <Predicate = true> <Delay = 0.00>
ST_1 : Operation 17 [1/1] (0.00ns)   --->   "%p_0_0_01228_224022422_lcssa2458_i = alloca i32 1"   --->   Operation 17 'alloca' 'p_0_0_01228_224022422_lcssa2458_i' <Predicate = true> <Delay = 0.00>
ST_1 : Operation 18 [1/1] (1.46ns)   --->   "%width_read = read i11 @_ssdm_op_Read.ap_auto.i11, i11 %width"   --->   Operation 18 'read' 'width_read' <Predicate = true> <Delay = 1.46> <CoreInst = "FIFO_SRL">   --->   Core 81 'FIFO_SRL' <Latency = 0> <II = 1> <Delay = 1.83> <Storage> <Opcode : 'read' 'write' 'nbread' 'nbwrite'> <Ports = 0> <Width = -1> <Depth = -1> <FIFO>
ST_1 : Operation 19 [1/1] (1.46ns)   --->   "%height_read = read i11 @_ssdm_op_Read.ap_auto.i11, i11 %height"   --->   Operation 19 'read' 'height_read' <Predicate = true> <Delay = 1.46> <CoreInst = "FIFO_SRL">   --->   Core 81 'FIFO_SRL' <Latency = 0> <II = 1> <Delay = 1.83> <Storage> <Opcode : 'read' 'write' 'nbread' 'nbwrite'> <Ports = 0> <Width = -1> <Depth = -1> <FIFO>
ST_1 : Operation 20 [1/1] (0.00ns)   --->   "%lineBuffer_val_V = alloca i64 1" [/home/lsriw/SR/KocurPawel/git_ycbcr/video_passthrough_kria_repo_1/video_passthrough_kria/video_passthrough_kria.runs/design_1_v_demosaic_0_0_synth_1/prj/sol/.autopilot/db/v_demosaic.cpp:817->/home/lsriw/SR/KocurPawel/git_ycbcr/video_passthrough_kria_repo_1/video_passthrough_kria/video_passthrough_kria.runs/design_1_v_demosaic_0_0_synth_1/prj/sol/.autopilot/db/v_demosaic.cpp:1028]   --->   Operation 20 'alloca' 'lineBuffer_val_V' <Predicate = true> <Delay = 0.00>
ST_1 : Operation 21 [1/1] (0.00ns)   --->   "%lineBuffer_val_V_2 = alloca i64 1" [/home/lsriw/SR/KocurPawel/git_ycbcr/video_passthrough_kria_repo_1/video_passthrough_kria/video_passthrough_kria.runs/design_1_v_demosaic_0_0_synth_1/prj/sol/.autopilot/db/v_demosaic.cpp:817->/home/lsriw/SR/KocurPawel/git_ycbcr/video_passthrough_kria_repo_1/video_passthrough_kria/video_passthrough_kria.runs/design_1_v_demosaic_0_0_synth_1/prj/sol/.autopilot/db/v_demosaic.cpp:1028]   --->   Operation 21 'alloca' 'lineBuffer_val_V_2' <Predicate = true> <Delay = 0.00>
ST_1 : Operation 22 [1/1] (0.00ns)   --->   "%specinterface_ln0 = specinterface void @_ssdm_op_SpecInterface, i16 %bayerPhase_c, void @ap_fifo_str, i32 0, i32 0, void @p_str, i32 0, i32 0, void @p_str, void @p_str, void @p_str, i32 2, i32 2, i32 16, i32 16, void @p_str, void @ScalarProp_str, i32 4294967295, i32 0"   --->   Operation 22 'specinterface' 'specinterface_ln0' <Predicate = true> <Delay = 0.00>
ST_1 : Operation 23 [1/1] (1.46ns)   --->   "%bayerPhase_c_read = read i16 @_ssdm_op_Read.ap_fifo.i16P0A, i16 %bayerPhase_c"   --->   Operation 23 'read' 'bayerPhase_c_read' <Predicate = true> <Delay = 1.46> <CoreInst = "FIFO_SRL">   --->   Core 81 'FIFO_SRL' <Latency = 0> <II = 1> <Delay = 1.83> <Storage> <Opcode : 'read' 'write' 'nbread' 'nbwrite'> <Ports = 0> <Width = 16> <Depth = 2> <FIFO>
ST_1 : Operation 24 [1/1] (0.00ns)   --->   "%specinterface_ln0 = specinterface void @_ssdm_op_SpecInterface, i11 %width_read, void @ap_stable_str, i32 0, i32 0, void @p_str, i32 0, i32 0, void @p_str, void @p_str, void @p_str, i32 2, i32 2, i32 16, i32 16, void @p_str, void @p_str, i32 4294967295, i32 0"   --->   Operation 24 'specinterface' 'specinterface_ln0' <Predicate = true> <Delay = 0.00>
ST_1 : Operation 25 [1/1] (0.00ns)   --->   "%specinterface_ln0 = specinterface void @_ssdm_op_SpecInterface, i11 %height_read, void @ap_stable_str, i32 0, i32 0, void @p_str, i32 0, i32 0, void @p_str, void @p_str, void @p_str, i32 2, i32 2, i32 16, i32 16, void @p_str, void @p_str, i32 4294967295, i32 0"   --->   Operation 25 'specinterface' 'specinterface_ln0' <Predicate = true> <Delay = 0.00>
ST_1 : Operation 26 [1/1] (0.00ns)   --->   "%specinterface_ln0 = specinterface void @_ssdm_op_SpecInterface, i30 %imgRB, void @empty_21, i32 0, i32 0, void @empty_1, i32 0, i32 0, void @empty_1, void @empty_1, void @empty_1, i32 0, i32 0, i32 0, i32 0, void @empty_1, void @empty_1, i32 4294967295, i32 0"   --->   Operation 26 'specinterface' 'specinterface_ln0' <Predicate = true> <Delay = 0.00>
ST_1 : Operation 27 [1/1] (0.00ns)   --->   "%specinterface_ln0 = specinterface void @_ssdm_op_SpecInterface, i30 %imgRgb, void @empty_21, i32 0, i32 0, void @empty_1, i32 0, i32 0, void @empty_1, void @empty_1, void @empty_1, i32 0, i32 0, i32 0, i32 0, void @empty_1, void @empty_1, i32 4294967295, i32 0"   --->   Operation 27 'specinterface' 'specinterface_ln0' <Predicate = true> <Delay = 0.00>
ST_1 : Operation 28 [1/1] (0.79ns)   --->   "%loopHeight = add i11 %height_read, i11 1" [/home/lsriw/SR/KocurPawel/git_ycbcr/video_passthrough_kria_repo_1/video_passthrough_kria/video_passthrough_kria.runs/design_1_v_demosaic_0_0_synth_1/prj/sol/.autopilot/db/v_demosaic.cpp:809->/home/lsriw/SR/KocurPawel/git_ycbcr/video_passthrough_kria_repo_1/video_passthrough_kria/video_passthrough_kria.runs/design_1_v_demosaic_0_0_synth_1/prj/sol/.autopilot/db/v_demosaic.cpp:1028]   --->   Operation 28 'add' 'loopHeight' <Predicate = true> <Delay = 0.79> <CoreInst = "Adder">   --->   Core 1 'Adder' <Latency = 0> <II = 1> <Delay = 0.79> <FuncUnit> <Opcode : 'add' 'sub'> <InPorts = 2> <OutPorts = 1>
ST_1 : Operation 29 [1/1] (0.00ns)   --->   "%x_phase = trunc i16 %bayerPhase_c_read" [/home/lsriw/SR/KocurPawel/git_ycbcr/video_passthrough_kria_repo_1/video_passthrough_kria/video_passthrough_kria.runs/design_1_v_demosaic_0_0_synth_1/prj/sol/.autopilot/db/v_demosaic.cpp:825->/home/lsriw/SR/KocurPawel/git_ycbcr/video_passthrough_kria_repo_1/video_passthrough_kria/video_passthrough_kria.runs/design_1_v_demosaic_0_0_synth_1/prj/sol/.autopilot/db/v_demosaic.cpp:1028]   --->   Operation 29 'trunc' 'x_phase' <Predicate = true> <Delay = 0.00>
ST_1 : Operation 30 [1/1] (0.00ns)   --->   "%trunc_ln825_1_i = partselect i15 @_ssdm_op_PartSelect.i15.i16.i32.i32, i16 %bayerPhase_c_read, i32 1, i32 15" [/home/lsriw/SR/KocurPawel/git_ycbcr/video_passthrough_kria_repo_1/video_passthrough_kria/video_passthrough_kria.runs/design_1_v_demosaic_0_0_synth_1/prj/sol/.autopilot/db/v_demosaic.cpp:825->/home/lsriw/SR/KocurPawel/git_ycbcr/video_passthrough_kria_repo_1/video_passthrough_kria/video_passthrough_kria.runs/design_1_v_demosaic_0_0_synth_1/prj/sol/.autopilot/db/v_demosaic.cpp:1028]   --->   Operation 30 'partselect' 'trunc_ln825_1_i' <Predicate = true> <Delay = 0.00>
ST_1 : Operation 31 [1/1] (0.79ns)   --->   "%add_ln833 = add i11 %width_read, i11 1" [/home/lsriw/SR/KocurPawel/git_ycbcr/video_passthrough_kria_repo_1/video_passthrough_kria/video_passthrough_kria.runs/design_1_v_demosaic_0_0_synth_1/prj/sol/.autopilot/db/v_demosaic.cpp:833->/home/lsriw/SR/KocurPawel/git_ycbcr/video_passthrough_kria_repo_1/video_passthrough_kria/video_passthrough_kria.runs/design_1_v_demosaic_0_0_synth_1/prj/sol/.autopilot/db/v_demosaic.cpp:1028]   --->   Operation 31 'add' 'add_ln833' <Predicate = true> <Delay = 0.79> <CoreInst = "Adder">   --->   Core 1 'Adder' <Latency = 0> <II = 1> <Delay = 0.79> <FuncUnit> <Opcode : 'add' 'sub'> <InPorts = 2> <OutPorts = 1>
ST_1 : Operation 32 [1/1] (0.42ns)   --->   "%store_ln833 = store i11 0, i11 %y" [/home/lsriw/SR/KocurPawel/git_ycbcr/video_passthrough_kria_repo_1/video_passthrough_kria/video_passthrough_kria.runs/design_1_v_demosaic_0_0_synth_1/prj/sol/.autopilot/db/v_demosaic.cpp:833->/home/lsriw/SR/KocurPawel/git_ycbcr/video_passthrough_kria_repo_1/video_passthrough_kria/video_passthrough_kria.runs/design_1_v_demosaic_0_0_synth_1/prj/sol/.autopilot/db/v_demosaic.cpp:1028]   --->   Operation 32 'store' 'store_ln833' <Predicate = true> <Delay = 0.42>
ST_1 : Operation 33 [1/1] (0.00ns)   --->   "%br_ln833 = br void %VITIS_LOOP_836_2.i" [/home/lsriw/SR/KocurPawel/git_ycbcr/video_passthrough_kria_repo_1/video_passthrough_kria/video_passthrough_kria.runs/design_1_v_demosaic_0_0_synth_1/prj/sol/.autopilot/db/v_demosaic.cpp:833->/home/lsriw/SR/KocurPawel/git_ycbcr/video_passthrough_kria_repo_1/video_passthrough_kria/video_passthrough_kria.runs/design_1_v_demosaic_0_0_synth_1/prj/sol/.autopilot/db/v_demosaic.cpp:1028]   --->   Operation 33 'br' 'br_ln833' <Predicate = true> <Delay = 0.00>

State 2 <SV = 1> <Delay = 1.37>
ST_2 : Operation 34 [1/1] (0.00ns)   --->   "%y_5 = load i11 %y"   --->   Operation 34 'load' 'y_5' <Predicate = true> <Delay = 0.00>
ST_2 : Operation 35 [1/1] (0.00ns)   --->   "%zext_ln833 = zext i11 %y_5" [/home/lsriw/SR/KocurPawel/git_ycbcr/video_passthrough_kria_repo_1/video_passthrough_kria/video_passthrough_kria.runs/design_1_v_demosaic_0_0_synth_1/prj/sol/.autopilot/db/v_demosaic.cpp:833->/home/lsriw/SR/KocurPawel/git_ycbcr/video_passthrough_kria_repo_1/video_passthrough_kria/video_passthrough_kria.runs/design_1_v_demosaic_0_0_synth_1/prj/sol/.autopilot/db/v_demosaic.cpp:1028]   --->   Operation 35 'zext' 'zext_ln833' <Predicate = true> <Delay = 0.00>
ST_2 : Operation 36 [1/1] (0.94ns)   --->   "%icmp_ln833 = icmp_eq  i11 %y_5, i11 %loopHeight" [/home/lsriw/SR/KocurPawel/git_ycbcr/video_passthrough_kria_repo_1/video_passthrough_kria/video_passthrough_kria.runs/design_1_v_demosaic_0_0_synth_1/prj/sol/.autopilot/db/v_demosaic.cpp:833->/home/lsriw/SR/KocurPawel/git_ycbcr/video_passthrough_kria_repo_1/video_passthrough_kria/video_passthrough_kria.runs/design_1_v_demosaic_0_0_synth_1/prj/sol/.autopilot/db/v_demosaic.cpp:1028]   --->   Operation 36 'icmp' 'icmp_ln833' <Predicate = true> <Delay = 0.94> <CoreInst = "Cmp">   --->   Core 9 'Cmp' <Latency = 0> <II = 1> <Delay = 0.94> <FuncUnit> <Opcode : 'icmp'> <InPorts = 2> <OutPorts = 1>
ST_2 : Operation 37 [1/1] (0.00ns)   --->   "%empty = speclooptripcount i32 @_ssdm_op_SpecLoopTripCount, i64 1, i64 1081, i64 0"   --->   Operation 37 'speclooptripcount' 'empty' <Predicate = true> <Delay = 0.00>
ST_2 : Operation 38 [1/1] (0.79ns)   --->   "%y_6 = add i11 %y_5, i11 1" [/home/lsriw/SR/KocurPawel/git_ycbcr/video_passthrough_kria_repo_1/video_passthrough_kria/video_passthrough_kria.runs/design_1_v_demosaic_0_0_synth_1/prj/sol/.autopilot/db/v_demosaic.cpp:833->/home/lsriw/SR/KocurPawel/git_ycbcr/video_passthrough_kria_repo_1/video_passthrough_kria/video_passthrough_kria.runs/design_1_v_demosaic_0_0_synth_1/prj/sol/.autopilot/db/v_demosaic.cpp:1028]   --->   Operation 38 'add' 'y_6' <Predicate = true> <Delay = 0.79> <CoreInst = "Adder">   --->   Core 1 'Adder' <Latency = 0> <II = 1> <Delay = 0.79> <FuncUnit> <Opcode : 'add' 'sub'> <InPorts = 2> <OutPorts = 1>
ST_2 : Operation 39 [1/1] (0.00ns)   --->   "%br_ln833 = br i1 %icmp_ln833, void %VITIS_LOOP_836_2.split.i, void %DebayerRandBatG.exit" [/home/lsriw/SR/KocurPawel/git_ycbcr/video_passthrough_kria_repo_1/video_passthrough_kria/video_passthrough_kria.runs/design_1_v_demosaic_0_0_synth_1/prj/sol/.autopilot/db/v_demosaic.cpp:833->/home/lsriw/SR/KocurPawel/git_ycbcr/video_passthrough_kria_repo_1/video_passthrough_kria/video_passthrough_kria.runs/design_1_v_demosaic_0_0_synth_1/prj/sol/.autopilot/db/v_demosaic.cpp:1028]   --->   Operation 39 'br' 'br_ln833' <Predicate = true> <Delay = 0.00>
ST_2 : Operation 40 [1/1] (0.00ns)   --->   "%p_0_0_0_0_01231_12329_lcssa2371_i_load = load i10 %p_0_0_0_0_01231_12329_lcssa2371_i"   --->   Operation 40 'load' 'p_0_0_0_0_01231_12329_lcssa2371_i_load' <Predicate = (!icmp_ln833)> <Delay = 0.00>
ST_2 : Operation 41 [1/1] (0.00ns)   --->   "%p_0_1_0_0_01232_12332_lcssa2373_i_load = load i10 %p_0_1_0_0_01232_12332_lcssa2373_i"   --->   Operation 41 'load' 'p_0_1_0_0_01232_12332_lcssa2373_i_load' <Predicate = (!icmp_ln833)> <Delay = 0.00>
ST_2 : Operation 42 [1/1] (0.00ns)   --->   "%p_0_2_0_0_01233_12335_lcssa2375_i_load = load i10 %p_0_2_0_0_01233_12335_lcssa2375_i"   --->   Operation 42 'load' 'p_0_2_0_0_01233_12335_lcssa2375_i_load' <Predicate = (!icmp_ln833)> <Delay = 0.00>
ST_2 : Operation 43 [1/1] (0.00ns)   --->   "%p_lcssa24082442_i_load = load i10 %p_lcssa24082442_i"   --->   Operation 43 'load' 'p_lcssa24082442_i_load' <Predicate = (!icmp_ln833)> <Delay = 0.00>
ST_2 : Operation 44 [1/1] (0.00ns)   --->   "%p_lcssa24092444_i_load = load i10 %p_lcssa24092444_i"   --->   Operation 44 'load' 'p_lcssa24092444_i_load' <Predicate = (!icmp_ln833)> <Delay = 0.00>
ST_2 : Operation 45 [1/1] (0.00ns)   --->   "%p_lcssa24102446_i_load = load i10 %p_lcssa24102446_i"   --->   Operation 45 'load' 'p_lcssa24102446_i_load' <Predicate = (!icmp_ln833)> <Delay = 0.00>
ST_2 : Operation 46 [1/1] (0.00ns)   --->   "%p_0_0_0_0_011942411_lcssa2448_i_load = load i10 %p_0_0_0_0_011942411_lcssa2448_i"   --->   Operation 46 'load' 'p_0_0_0_0_011942411_lcssa2448_i_load' <Predicate = (!icmp_ln833)> <Delay = 0.00>
ST_2 : Operation 47 [1/1] (0.00ns)   --->   "%p_0_1_0_0_011952413_lcssa2450_i_load = load i10 %p_0_1_0_0_011952413_lcssa2450_i"   --->   Operation 47 'load' 'p_0_1_0_0_011952413_lcssa2450_i_load' <Predicate = (!icmp_ln833)> <Delay = 0.00>
ST_2 : Operation 48 [1/1] (0.00ns)   --->   "%p_0_2_0_0_011962415_lcssa2452_i_load = load i10 %p_0_2_0_0_011962415_lcssa2452_i"   --->   Operation 48 'load' 'p_0_2_0_0_011962415_lcssa2452_i_load' <Predicate = (!icmp_ln833)> <Delay = 0.00>
ST_2 : Operation 49 [1/1] (0.00ns)   --->   "%p_0_0_01230_223982418_lcssa2454_i_load = load i10 %p_0_0_01230_223982418_lcssa2454_i"   --->   Operation 49 'load' 'p_0_0_01230_223982418_lcssa2454_i_load' <Predicate = (!icmp_ln833)> <Delay = 0.00>
ST_2 : Operation 50 [1/1] (0.00ns)   --->   "%p_0_0_01229_224002420_lcssa2456_i_load = load i10 %p_0_0_01229_224002420_lcssa2456_i"   --->   Operation 50 'load' 'p_0_0_01229_224002420_lcssa2456_i_load' <Predicate = (!icmp_ln833)> <Delay = 0.00>
ST_2 : Operation 51 [1/1] (0.00ns)   --->   "%p_0_0_01228_224022422_lcssa2458_i_load = load i10 %p_0_0_01228_224022422_lcssa2458_i"   --->   Operation 51 'load' 'p_0_0_01228_224022422_lcssa2458_i_load' <Predicate = (!icmp_ln833)> <Delay = 0.00>
ST_2 : Operation 52 [1/1] (0.00ns) (grouped into LUT with out node xor_i)   --->   "%empty_130 = trunc i11 %y_5"   --->   Operation 52 'trunc' 'empty_130' <Predicate = (!icmp_ln833)> <Delay = 0.00>
ST_2 : Operation 53 [1/1] (0.00ns) (grouped into LUT with out node xor_i)   --->   "%out_y_cast_i = xor i1 %empty_130, i1 1"   --->   Operation 53 'xor' 'out_y_cast_i' <Predicate = (!icmp_ln833)> <Delay = 0.00> <CoreInst = "LogicGate">   --->   Core 74 'LogicGate' <Latency = 0> <II = 1> <Delay = 0.28> <FuncUnit> <Opcode : 'and' 'or' 'xor'> <InPorts = 2> <OutPorts = 1>
ST_2 : Operation 54 [1/1] (0.00ns) (grouped into LUT with out node xor_i)   --->   "%and305_cast_i = zext i1 %out_y_cast_i"   --->   Operation 54 'zext' 'and305_cast_i' <Predicate = (!icmp_ln833)> <Delay = 0.00>
ST_2 : Operation 55 [1/1] (0.28ns) (out node of the LUT)   --->   "%xor_i = xor i15 %trunc_ln825_1_i, i15 %and305_cast_i" [/home/lsriw/SR/KocurPawel/git_ycbcr/video_passthrough_kria_repo_1/video_passthrough_kria/video_passthrough_kria.runs/design_1_v_demosaic_0_0_synth_1/prj/sol/.autopilot/db/v_demosaic.cpp:825->/home/lsriw/SR/KocurPawel/git_ycbcr/video_passthrough_kria_repo_1/video_passthrough_kria/video_passthrough_kria.runs/design_1_v_demosaic_0_0_synth_1/prj/sol/.autopilot/db/v_demosaic.cpp:1028]   --->   Operation 55 'xor' 'xor_i' <Predicate = (!icmp_ln833)> <Delay = 0.28> <CoreInst = "LogicGate">   --->   Core 74 'LogicGate' <Latency = 0> <II = 1> <Delay = 0.26> <FuncUnit> <Opcode : 'and' 'or' 'xor'> <InPorts = 2> <OutPorts = 1>
ST_2 : Operation 56 [1/1] (0.94ns)   --->   "%cmp58_i = icmp_ult  i11 %y_5, i11 %height_read"   --->   Operation 56 'icmp' 'cmp58_i' <Predicate = (!icmp_ln833)> <Delay = 0.94> <CoreInst = "Cmp">   --->   Core 9 'Cmp' <Latency = 0> <II = 1> <Delay = 0.94> <FuncUnit> <Opcode : 'icmp'> <InPorts = 2> <OutPorts = 1>
ST_2 : Operation 57 [1/1] (0.94ns)   --->   "%cmp202_i = icmp_ne  i11 %y_5, i11 0"   --->   Operation 57 'icmp' 'cmp202_i' <Predicate = (!icmp_ln833)> <Delay = 0.94> <CoreInst = "Cmp">   --->   Core 9 'Cmp' <Latency = 0> <II = 1> <Delay = 0.94> <FuncUnit> <Opcode : 'icmp'> <InPorts = 2> <OutPorts = 1>
ST_2 : Operation 58 [1/1] (0.00ns)   --->   "%empty_131 = wait i32 @_ssdm_op_Wait"   --->   Operation 58 'wait' 'empty_131' <Predicate = (!icmp_ln833)> <Delay = 0.00>
ST_2 : Operation 59 [1/1] (0.42ns)   --->   "%store_ln833 = store i11 %y_6, i11 %y" [/home/lsriw/SR/KocurPawel/git_ycbcr/video_passthrough_kria_repo_1/video_passthrough_kria/video_passthrough_kria.runs/design_1_v_demosaic_0_0_synth_1/prj/sol/.autopilot/db/v_demosaic.cpp:833->/home/lsriw/SR/KocurPawel/git_ycbcr/video_passthrough_kria_repo_1/video_passthrough_kria/video_passthrough_kria.runs/design_1_v_demosaic_0_0_synth_1/prj/sol/.autopilot/db/v_demosaic.cpp:1028]   --->   Operation 59 'store' 'store_ln833' <Predicate = (!icmp_ln833)> <Delay = 0.42>
ST_2 : Operation 60 [1/1] (0.00ns)   --->   "%ret_ln1028 = ret" [/home/lsriw/SR/KocurPawel/git_ycbcr/video_passthrough_kria_repo_1/video_passthrough_kria/video_passthrough_kria.runs/design_1_v_demosaic_0_0_synth_1/prj/sol/.autopilot/db/v_demosaic.cpp:1028]   --->   Operation 60 'ret' 'ret_ln1028' <Predicate = (icmp_ln833)> <Delay = 0.00>

State 3 <SV = 2> <Delay = 2.16>
ST_3 : Operation 61 [1/1] (0.79ns)   --->   "%out_y_i = add i12 %zext_ln833, i12 4095" [/home/lsriw/SR/KocurPawel/git_ycbcr/video_passthrough_kria_repo_1/video_passthrough_kria/video_passthrough_kria.runs/design_1_v_demosaic_0_0_synth_1/prj/sol/.autopilot/db/v_demosaic.cpp:833->/home/lsriw/SR/KocurPawel/git_ycbcr/video_passthrough_kria_repo_1/video_passthrough_kria/video_passthrough_kria.runs/design_1_v_demosaic_0_0_synth_1/prj/sol/.autopilot/db/v_demosaic.cpp:1028]   --->   Operation 61 'add' 'out_y_i' <Predicate = true> <Delay = 0.79> <CoreInst = "Adder">   --->   Core 1 'Adder' <Latency = 0> <II = 1> <Delay = 0.79> <FuncUnit> <Opcode : 'add' 'sub'> <InPorts = 2> <OutPorts = 1>
ST_3 : Operation 62 [2/2] (1.37ns)   --->   "%call_ln833 = call void @DebayerRandBatG_Pipeline_VITIS_LOOP_836_2, i10 %p_0_0_01228_224022422_lcssa2458_i_load, i10 %p_0_0_01229_224002420_lcssa2456_i_load, i10 %p_0_0_01230_223982418_lcssa2454_i_load, i10 %p_0_2_0_0_011962415_lcssa2452_i_load, i10 %p_0_1_0_0_011952413_lcssa2450_i_load, i10 %p_0_0_0_0_011942411_lcssa2448_i_load, i10 %p_lcssa24102446_i_load, i10 %p_lcssa24092444_i_load, i10 %p_lcssa24082442_i_load, i10 %p_0_2_0_0_01233_12335_lcssa2375_i_load, i10 %p_0_1_0_0_01232_12332_lcssa2373_i_load, i10 %p_0_0_0_0_01231_12329_lcssa2371_i_load, i11 %add_ln833, i1 %x_phase, i15 %xor_i, i12 %out_y_i, i30 %lineBuffer_val_V_2, i30 %lineBuffer_val_V, i11 %width_read, i1 %cmp202_i, i1 %cmp58_i, i30 %imgRB, i30 %imgRgb, i10 %p_0_0_01228_224022422_lcssa2458_i, i10 %p_0_0_01229_224002420_lcssa2456_i, i10 %p_0_0_01230_223982418_lcssa2454_i, i10 %p_0_2_0_0_011962415_lcssa2452_i, i10 %p_0_1_0_0_011952413_lcssa2450_i, i10 %p_0_0_0_0_011942411_lcssa2448_i, i10 %p_lcssa24102446_i, i10 %p_lcssa24092444_i, i10 %p_lcssa24082442_i, i10 %p_0_2_0_0_01233_12335_lcssa2375_i, i10 %p_0_1_0_0_01232_12332_lcssa2373_i, i10 %p_0_0_0_0_01231_12329_lcssa2371_i" [/home/lsriw/SR/KocurPawel/git_ycbcr/video_passthrough_kria_repo_1/video_passthrough_kria/video_passthrough_kria.runs/design_1_v_demosaic_0_0_synth_1/prj/sol/.autopilot/db/v_demosaic.cpp:833->/home/lsriw/SR/KocurPawel/git_ycbcr/video_passthrough_kria_repo_1/video_passthrough_kria/video_passthrough_kria.runs/design_1_v_demosaic_0_0_synth_1/prj/sol/.autopilot/db/v_demosaic.cpp:1028]   --->   Operation 62 'call' 'call_ln833' <Predicate = true> <Delay = 1.37> <CoreType = "Generic">   --->   Core 0 '' <Latency = 0> <II = 1> <Delay = 1.00> <Generic> <Opcode : >

State 4 <SV = 3> <Delay = 0.00>
ST_4 : Operation 63 [1/1] (0.00ns)   --->   "%specloopname_ln806 = specloopname void @_ssdm_op_SpecLoopName, void @empty_10" [/home/lsriw/SR/KocurPawel/git_ycbcr/video_passthrough_kria_repo_1/video_passthrough_kria/video_passthrough_kria.runs/design_1_v_demosaic_0_0_synth_1/prj/sol/.autopilot/db/v_demosaic.cpp:806->/home/lsriw/SR/KocurPawel/git_ycbcr/video_passthrough_kria_repo_1/video_passthrough_kria/video_passthrough_kria.runs/design_1_v_demosaic_0_0_synth_1/prj/sol/.autopilot/db/v_demosaic.cpp:1028]   --->   Operation 63 'specloopname' 'specloopname_ln806' <Predicate = true> <Delay = 0.00>
ST_4 : Operation 64 [1/2] (0.00ns)   --->   "%call_ln833 = call void @DebayerRandBatG_Pipeline_VITIS_LOOP_836_2, i10 %p_0_0_01228_224022422_lcssa2458_i_load, i10 %p_0_0_01229_224002420_lcssa2456_i_load, i10 %p_0_0_01230_223982418_lcssa2454_i_load, i10 %p_0_2_0_0_011962415_lcssa2452_i_load, i10 %p_0_1_0_0_011952413_lcssa2450_i_load, i10 %p_0_0_0_0_011942411_lcssa2448_i_load, i10 %p_lcssa24102446_i_load, i10 %p_lcssa24092444_i_load, i10 %p_lcssa24082442_i_load, i10 %p_0_2_0_0_01233_12335_lcssa2375_i_load, i10 %p_0_1_0_0_01232_12332_lcssa2373_i_load, i10 %p_0_0_0_0_01231_12329_lcssa2371_i_load, i11 %add_ln833, i1 %x_phase, i15 %xor_i, i12 %out_y_i, i30 %lineBuffer_val_V_2, i30 %lineBuffer_val_V, i11 %width_read, i1 %cmp202_i, i1 %cmp58_i, i30 %imgRB, i30 %imgRgb, i10 %p_0_0_01228_224022422_lcssa2458_i, i10 %p_0_0_01229_224002420_lcssa2456_i, i10 %p_0_0_01230_223982418_lcssa2454_i, i10 %p_0_2_0_0_011962415_lcssa2452_i, i10 %p_0_1_0_0_011952413_lcssa2450_i, i10 %p_0_0_0_0_011942411_lcssa2448_i, i10 %p_lcssa24102446_i, i10 %p_lcssa24092444_i, i10 %p_lcssa24082442_i, i10 %p_0_2_0_0_01233_12335_lcssa2375_i, i10 %p_0_1_0_0_01232_12332_lcssa2373_i, i10 %p_0_0_0_0_01231_12329_lcssa2371_i" [/home/lsriw/SR/KocurPawel/git_ycbcr/video_passthrough_kria_repo_1/video_passthrough_kria/video_passthrough_kria.runs/design_1_v_demosaic_0_0_synth_1/prj/sol/.autopilot/db/v_demosaic.cpp:833->/home/lsriw/SR/KocurPawel/git_ycbcr/video_passthrough_kria_repo_1/video_passthrough_kria/video_passthrough_kria.runs/design_1_v_demosaic_0_0_synth_1/prj/sol/.autopilot/db/v_demosaic.cpp:1028]   --->   Operation 64 'call' 'call_ln833' <Predicate = true> <Delay = 0.00> <CoreType = "Generic">   --->   Core 0 '' <Latency = 0> <II = 1> <Delay = 1.00> <Generic> <Opcode : >
ST_4 : Operation 65 [1/1] (0.00ns)   --->   "%br_ln833 = br void %VITIS_LOOP_836_2.i" [/home/lsriw/SR/KocurPawel/git_ycbcr/video_passthrough_kria_repo_1/video_passthrough_kria/video_passthrough_kria.runs/design_1_v_demosaic_0_0_synth_1/prj/sol/.autopilot/db/v_demosaic.cpp:833->/home/lsriw/SR/KocurPawel/git_ycbcr/video_passthrough_kria_repo_1/video_passthrough_kria/video_passthrough_kria.runs/design_1_v_demosaic_0_0_synth_1/prj/sol/.autopilot/db/v_demosaic.cpp:1028]   --->   Operation 65 'br' 'br_ln833' <Predicate = true> <Delay = 0.00>


============================================================
+ Verbose Summary: Timing violations
============================================================
Target clock period: 4ns, clock uncertainty: 1.08ns.

 <State 1>: 2.26ns
The critical path consists of the following:
	wire read operation ('height_read') on port 'height' [20]  (1.46 ns)
	'add' operation ('loopHeight', /home/lsriw/SR/KocurPawel/git_ycbcr/video_passthrough_kria_repo_1/video_passthrough_kria/video_passthrough_kria.runs/design_1_v_demosaic_0_0_synth_1/prj/sol/.autopilot/db/v_demosaic.cpp:809->/home/lsriw/SR/KocurPawel/git_ycbcr/video_passthrough_kria_repo_1/video_passthrough_kria/video_passthrough_kria.runs/design_1_v_demosaic_0_0_synth_1/prj/sol/.autopilot/db/v_demosaic.cpp:1028) [29]  (0.798 ns)

 <State 2>: 1.37ns
The critical path consists of the following:
	'load' operation ('y') on local variable 'y' [36]  (0 ns)
	'add' operation ('y', /home/lsriw/SR/KocurPawel/git_ycbcr/video_passthrough_kria_repo_1/video_passthrough_kria/video_passthrough_kria.runs/design_1_v_demosaic_0_0_synth_1/prj/sol/.autopilot/db/v_demosaic.cpp:833->/home/lsriw/SR/KocurPawel/git_ycbcr/video_passthrough_kria_repo_1/video_passthrough_kria/video_passthrough_kria.runs/design_1_v_demosaic_0_0_synth_1/prj/sol/.autopilot/db/v_demosaic.cpp:1028) [40]  (0.798 ns)
	'store' operation ('store_ln833', /home/lsriw/SR/KocurPawel/git_ycbcr/video_passthrough_kria_repo_1/video_passthrough_kria/video_passthrough_kria.runs/design_1_v_demosaic_0_0_synth_1/prj/sol/.autopilot/db/v_demosaic.cpp:833->/home/lsriw/SR/KocurPawel/git_ycbcr/video_passthrough_kria_repo_1/video_passthrough_kria/video_passthrough_kria.runs/design_1_v_demosaic_0_0_synth_1/prj/sol/.autopilot/db/v_demosaic.cpp:1028) of variable 'y', /home/lsriw/SR/KocurPawel/git_ycbcr/video_passthrough_kria_repo_1/video_passthrough_kria/video_passthrough_kria.runs/design_1_v_demosaic_0_0_synth_1/prj/sol/.autopilot/db/v_demosaic.cpp:833->/home/lsriw/SR/KocurPawel/git_ycbcr/video_passthrough_kria_repo_1/video_passthrough_kria/video_passthrough_kria.runs/design_1_v_demosaic_0_0_synth_1/prj/sol/.autopilot/db/v_demosaic.cpp:1028 on local variable 'y' [65]  (0.427 ns)
	blocking operation 0.146 ns on control path)

 <State 3>: 2.17ns
The critical path consists of the following:
	'add' operation ('out_y_i', /home/lsriw/SR/KocurPawel/git_ycbcr/video_passthrough_kria_repo_1/video_passthrough_kria/video_passthrough_kria.runs/design_1_v_demosaic_0_0_synth_1/prj/sol/.autopilot/db/v_demosaic.cpp:833->/home/lsriw/SR/KocurPawel/git_ycbcr/video_passthrough_kria_repo_1/video_passthrough_kria/video_passthrough_kria.runs/design_1_v_demosaic_0_0_synth_1/prj/sol/.autopilot/db/v_demosaic.cpp:1028) [57]  (0.798 ns)
	'call' operation ('call_ln833', /home/lsriw/SR/KocurPawel/git_ycbcr/video_passthrough_kria_repo_1/video_passthrough_kria/video_passthrough_kria.runs/design_1_v_demosaic_0_0_synth_1/prj/sol/.autopilot/db/v_demosaic.cpp:833->/home/lsriw/SR/KocurPawel/git_ycbcr/video_passthrough_kria_repo_1/video_passthrough_kria/video_passthrough_kria.runs/design_1_v_demosaic_0_0_synth_1/prj/sol/.autopilot/db/v_demosaic.cpp:1028) to 'DebayerRandBatG_Pipeline_VITIS_LOOP_836_2' [64]  (1.37 ns)

 <State 4>: 0ns
The critical path consists of the following:


============================================================
+ Verbose Summary: Binding
============================================================
N/A
* FSMD analyzer results:
  - Output states:
 - Input state : 
  - Chain level:
	State 1
	State 2
	State 3
	State 4


============================================================
+ Verbose Summary: Datapath Resource usage 
============================================================
N/A
